
Running the London Hartree-Fock program at /home/rahul/Documents/london-master/./london.x.
Founded by Erik Tellgren, Alessandro Soncini and Trygve Helgaker.
Programming by:
  Erik Tellgren (main programmer)
  Kai Kaarvann Lange
  Andrew M. Teale
  Ulf Ekstrom
  Stella Stopkowicz
  Jon H. Austad


Basis file /home/rahul/Documents/london-master/./baslib/aug-cc-pVDZ opened for reading.
Basis file /home/rahul/Documents/london-master/./baslib/aug-cc-pVDZ opened for reading.
User input successfully read from file_x5.inp.

london-input{
  analysis{
    analysis-only = no
    xml-print-potential-basis-overlap = no
    xml-print-potential-basis-kinetic = no
    export-operators = no
    # decypher-density-matrix-file = binary-file, plain-text-file
    # density-matrix-binary-to-text = binary-input-file, text-output-file
    # density-matrix-text-to-binary = text-input-file, binary-output-file
    # density-matrix-for-plotting = filename
    # density-plot-data = {filename,(x0,y0,z0),(x1,y1,z1),(x2,y2,z2),(x3,y3,z3),(N1xN2xN3),precision=N,scolon={y/n},fields{rho,grad(rho),jp,j,A,B,rho2nu,rho2omega,tau_p,tau_pi,laplacian(rho),grad(rho)^2,jp^2,tau_tensor}}
    # streamline-data = {filename,(x0,y0,z0),(x1,y1,z1),(x2,y2,z2),(x3,y3,z3),(N1xN2xN3),precision=N,scolon={y/n},fields{rho,grad(rho),jp,j,A,B,rho2nu,rho2omega,tau_p,tau_pi,laplacian(rho),grad(rho)^2,jp^2,tau_tensor}}
    # vortexline-data = {filename,(x0,y0,z0),(x1,y1,z1),(x2,y2,z2),(x3,y3,z3),(N1xN2xN3),precision=N,scolon={y/n},fields{rho,grad(rho),jp,j,A,B,rho2nu,rho2omega,tau_p,tau_pi,laplacian(rho),grad(rho)^2,jp^2,tau_tensor}}
    # current-through-plane = {density_matrix_file,(x0,y0,z0),(x1,y1,z1),(x2,y2,z2),(x3,y3,z3),(N1xN2xN3),precision=N,scolon={y/n},fields{rho,grad(rho),jp,j,A,B,rho2nu,rho2omega,tau_p,tau_pi,laplacian(rho),grad(rho)^2,jp^2,tau_tensor}}
    # linearly-combine-density-matrices = file : 0.6 * infile1, 0.4 * infile2, ...
    # spin-rotate-2c-density-matrix = file : infile, angle_degrees, (ux, uy, uz)
    linear-dependence-tol = 1e-06
    # overlap-for-ci-state-files = file1, file2
  }

  scf{
    spin-symmetry-constraint = Restricted Hartree-Fock
    linear-dependence-tol = 1e-10
    uhf-spin-projection = 0
    disable-spin-zeeman-in-fock-matrix = no
    noisy-init-guess = no
    # density-matrix-input-file = 
    # density-matrix-output-file = 
    # density-plot-data = {filename,(x0,y0,z0),(x1,y1,z1),(x2,y2,z2),(x3,y3,z3),(N1xN2xN3),precision=N,scolon={y/n},fields{rho,grad(rho),jp,j,A,B,rho2nu,rho2omega,tau_p,tau_pi,laplacian(rho),grad(rho)^2,jp^2,tau_tensor}}
    # molecular-orbitals-to-plot = (1,2,3,...)
    min-scf-iterations = 0
    max-scf-iterations = 160
    use-density-fitting = no
    use-admm = no
    analyze-using-dft-grid = no

    diis{
      convergence-tolerance = 1e-10
      subspace-dimension = 7
      diagonalization-temperature = 0
    }
  }

  casscf{
    max-active-orbitals = 2000
    number-of-frozen-orbitals = 0
    number-of-states-in-casscf-optimization = 1
    number-of-ci-states = 1
    spin-projection = default
    num-1exc-init-vec = 0
    num-2exc-init-vec = 0
    use-noisy-init-vec = no
    ci-max-subspace-dim = default
    ci-convergence-tol = 1e-06
    # density-matrix-input-file = 
    # density-matrix-output-file = 
    # ci-states-output-file = 
    # density-plot-data = {filename,(x0,y0,z0),(x1,y1,z1),(x2,y2,z2),(x3,y3,z3),(N1xN2xN3),precision=N,scolon={y/n},fields{rho,grad(rho),jp,j,A,B,rho2nu,rho2omega,tau_p,tau_pi,laplacian(rho),grad(rho)^2,jp^2,tau_tensor}}
    # analysis-weights = (w0, w1, ...)
  }

  mp2{
    spin-projection = default
    number-of-weights = 8
    basis-functions-per-block = 20
    cs-tolerance = 0
    print-mp2-components = 0
    # density-matrix-input-file = 
    # density-matrix-output-file = 
    #property-request = relaxed-density-matrix
  }

  rsp{
    number-of-roots-requested = 5
    root-selection-method = energy
    excitation-basis = MObasis
    starting-guess = UnitGuess
    solver_choice = GenEig
    method_choice = RPA
    precondition = false
    initial-subspace-dimension = 100
    maximum-subspace-dimension = 800
    convergence-tolerance = 1e-10
    max-rsp-iterations = 200
    # density-matrix-input-file = 
    # density-matrix-output-file = 
  }

  coupled-cluster{
    truncation-level = CCSD
    property-request = off
    spin-projection = default
    max-it = 150
    write-t-amplitudes = yes
    read-t-amplitudes = no
    # density-matrix-output-file = 
    # memory-in-gb = 
    # interface = 
    # molecular-orbitals-to-freeze = (1,3,5,...)
    diis{
      convergence-tolerance = 1e-06
      subspace-dimension = 7
      diagonalization-temperature = 0
    }
  }

  finite-difference{
    run-finite-difference = false
    run-type = gradient
    use-ref-density = false
    step-size = 0.0005
  }

  system{
    molecular-charge = 0
    correlation-model = RSP

    hamiltonian{
      electron-mass = 1
      speed-of-light = 137.036
      adiabatic-connection-lambda = 1
      nuclear-charge-distribution = point charge

      magnetic-field = (0.5, 0, 0)
      gauge-origin = (0, 0, 0.1173)

      linear-magnetic-field = {(0, 0, 0), (0, 0, 0), (0, 0, 0)}
      linear-magnetic-origin = (0, 0, 0)

      electric-field = (0, 0, 0)
      electric-origin = (0, 0, 0)
      linear-electric-field = {(0, 0, 0), (0, 0, 0), (0, 0, 0)}

      include-basis-expanded-scalar-potential = no
      scalar-potential-coefficients = (empty)
      include-basis-expanded-vector-potential = no
      vector-potential-coefficients-x = (empty)
      vector-potential-coefficients-y = (empty)
      vector-potential-coefficients-z = (empty)
      include-repulsion-from-external-density = no
      external-charge-density-scale-factor = 1
      include-coulomb-distance-to-external-density = no
      external-charge-density-distance-factor = 1
      # external-charge-density-file = filename
      # lieb-ref-density-file = filename
      # potential-plot-data = {filename,(x0,y0,z0),(x1,y1,z1),(x2,y2,z2),(x3,y3,z3),(N1xN2xN3),precision=N,scolon={y/n},fields{rho,grad(rho),jp,j,A,B,rho2nu,rho2omega,tau_p,tau_pi,laplacian(rho),grad(rho)^2,jp^2,tau_tensor}}

      integral{
        use-coulomb-integral-permutation-symmetry = yes
        use-cauchy-schwarz-screening = yes
        cauchy-schwarz-tol = 1e-15
        boys-function-tol = 1e-17
      }

      dft{
        # xc-functional = 0.7 * lda + 0.54 * lyp
        # xc-fun-parameter = {param1 = 0.1, param2 = 0.2, param3 = 0.3}
        jp-functional = none
        vrg-functional = none
        tau-correction = none
        vrg-hard-rs-cutoff = 62035.049
        vrg-soft-density-cutoff = 1e-14
        exact-exchange-fraction = default
        # gridfile = 
        radial-grid-type = LMG
        allow-grid-pruning = yes
        gc2-radial-grid-threshold = 1e-13
        lebedev-angular-target-degree = 35
        lebedev-angular-minimal-degree = 15
        weight-screen-threshold = 1e-20
        becke-hardness = 3
        allow-becke-atom-size-correction = yes
      }
    }

    # data on state flags lost, output incomplete here
    use-london-orbitals = yes
    gto-contraction-type = all, normalizedprimitive
    basis = aug-cc-pVDZ
    # density-fitting-basis = 
    # admm-basis = 
    # scalar-potential-basis = 
    # vector-potential-basis = 
    # if you really want to: # orbital-wave-vector-offset = (0, 0, 0)
    charge = 1
    H       0.1643            0            0
    H      -0.1643            0            0
  }
}

Basis set information:
The orbital basis consists of 22 basis functions formed from linear combinations of 22 primitive basis functions.
The density-fitting basis consists of 0 basis functions formed from linear combinations of 0 primitive basis functions.
The scalar potential basis consists of 0 basis functions formed from linear combinations of 0 primitive basis functions.
The vector potential basis consists of 0 basis functions formed from linear combinations of 0 primitive basis functions.
RHF Spin type 3

RSP: Running Hartree-Fock to determine orbital space.
RSP: run scf2


SCF: Running SCF optimization.

SCF: The SCF basis contains 22 basis functions.
 Fock build F = F(D) performed in 0 seconds (with 0 seconds used for Coulomb and exchange).
SCF-SD: Initial density by diagonalizing the one-electron part of the Fock matrix.
Initial trace: Tr(D) = (2,9.59203e-35)

SCF iteration 1:       [wall time: Tue May 17 11:18:49 2022]
SCF: using a fraction 1 of Hartree-Fock exchange.
DevINFO: screened away 0 out of 9751 symmetry unique quadruples ABCD.
 Fock build F = F(D) performed in 0 seconds (with 0 seconds used for Coulomb and exchange).
 Total energy: 0.5494700437 Hartree
 Fock matrix inversion D = D(Fmix) performed in 0 seconds.
  Nuclear repulsion:  3.043213634
  Kinetic:            3.320658473
  Nuclear attraction: -6.968053954
  Spin Zeeman effect: 0
  Coulomb:            2.307303783
  Exchange:           -1.153651891
  Total:              0.5494700437

 Ehomo = -0.7108269943, Elumo = 0.3026916775
 DIIS error norm: 0.9411908815

SCF iteration 2:       [wall time: Tue May 17 11:18:49 2022]
SCF: using a fraction 1 of Hartree-Fock exchange.
DevINFO: screened away 0 out of 9751 symmetry unique quadruples ABCD.
 Fock build F = F(D) performed in 0 seconds (with 0 seconds used for Coulomb and exchange).
 Total energy: 0.4584897993 Hartree
 Fock matrix inversion D = D(Fmix) performed in 0 seconds.
  Nuclear repulsion:  3.043213634
  Kinetic:            2.54212933
  Nuclear attraction: -6.117481566
  Spin Zeeman effect: 0
  Coulomb:            1.981256804
  Exchange:           -0.9906284019
  Total:              0.4584897993

 Ehomo = -0.8043378239, Elumo = 0.2879347257
 DIIS error norm: 0.08888045541

SCF iteration 3:       [wall time: Tue May 17 11:18:49 2022]
SCF: using a fraction 1 of Hartree-Fock exchange.
DevINFO: screened away 0 out of 9751 symmetry unique quadruples ABCD.
 Fock build F = F(D) performed in 0 seconds (with 0 seconds used for Coulomb and exchange).
 Total energy: 0.4572807409 Hartree
 Fock matrix inversion D = D(Fmix) performed in 0 seconds.
  Nuclear repulsion:  3.043213634
  Kinetic:            2.465799959
  Nuclear attraction: -6.023141913
  Spin Zeeman effect: 0
  Coulomb:            1.942818121
  Exchange:           -0.9714090607
  Total:              0.4572807409

 Ehomo = -0.8076095127, Elumo = 0.2864431898
 DIIS error norm: 0.008595269803

SCF iteration 4:       [wall time: Tue May 17 11:18:49 2022]
SCF: using a fraction 1 of Hartree-Fock exchange.
DevINFO: screened away 0 out of 9751 symmetry unique quadruples ABCD.
 Fock build F = F(D) performed in 0 seconds (with 0 seconds used for Coulomb and exchange).
 Total energy: 0.4572685709 Hartree
 Fock matrix inversion D = D(Fmix) performed in 0 seconds.
  Nuclear repulsion:  3.043213634
  Kinetic:            2.462524214
  Nuclear attraction: -6.018608644
  Spin Zeeman effect: 0
  Coulomb:            1.940278733
  Exchange:           -0.9701393666
  Total:              0.4572685709

 Ehomo = -0.8079668351, Elumo = 0.2863570691
 DIIS error norm: 0.000685642785

SCF iteration 5:       [wall time: Tue May 17 11:18:49 2022]
SCF: using a fraction 1 of Hartree-Fock exchange.
DevINFO: screened away 0 out of 9751 symmetry unique quadruples ABCD.
 Fock build F = F(D) performed in 1 seconds (with 1 seconds used for Coulomb and exchange).
 Total energy: 0.4572684749 Hartree
 Fock matrix inversion D = D(Fmix) performed in 0 seconds.
  Nuclear repulsion:  3.043213634
  Kinetic:            2.462247766
  Nuclear attraction: -6.018225832
  Spin Zeeman effect: 0
  Coulomb:            1.940065814
  Exchange:           -0.970032907
  Total:              0.4572684749

 Ehomo = -0.8079544282, Elumo = 0.2863547487
 DIIS error norm: 2.52124601e-05

SCF iteration 6:       [wall time: Tue May 17 11:18:50 2022]
SCF: using a fraction 1 of Hartree-Fock exchange.
DevINFO: screened away 0 out of 9751 symmetry unique quadruples ABCD.
 Fock build F = F(D) performed in 0 seconds (with 0 seconds used for Coulomb and exchange).
 Total energy: 0.4572684748 Hartree
 Fock matrix inversion D = D(Fmix) performed in 0 seconds.
  Nuclear repulsion:  3.043213634
  Kinetic:            2.462252931
  Nuclear attraction: -6.018231814
  Spin Zeeman effect: 0
  Coulomb:            1.940067448
  Exchange:           -0.9700337239
  Total:              0.4572684748

 Ehomo = -0.8079558665, Elumo = 0.2863548347
 DIIS error norm: 2.441307256e-06

SCF iteration 7:       [wall time: Tue May 17 11:18:50 2022]
SCF: using a fraction 1 of Hartree-Fock exchange.
DevINFO: screened away 0 out of 9751 symmetry unique quadruples ABCD.
 Fock build F = F(D) performed in 0 seconds (with 0 seconds used for Coulomb and exchange).
 Total energy: 0.4572684748 Hartree
 Fock matrix inversion D = D(Fmix) performed in 0 seconds.
  Nuclear repulsion:  3.043213634
  Kinetic:            2.462252133
  Nuclear attraction: -6.018230794
  Spin Zeeman effect: 0
  Coulomb:            1.940067004
  Exchange:           -0.9700335022
  Total:              0.4572684748

 Ehomo = -0.8079558236, Elumo = 0.2863548363
 DIIS error norm: 1.992866656e-07

SCF iteration 8:       [wall time: Tue May 17 11:18:50 2022]
SCF: using a fraction 1 of Hartree-Fock exchange.
DevINFO: screened away 0 out of 9751 symmetry unique quadruples ABCD.
 Fock build F = F(D) performed in 0 seconds (with 0 seconds used for Coulomb and exchange).
 Total energy: 0.4572684748 Hartree
 Fock matrix inversion D = D(Fmix) performed in 0 seconds.
  Nuclear repulsion:  3.043213634
  Kinetic:            2.462252166
  Nuclear attraction: -6.018230836
  Spin Zeeman effect: 0
  Coulomb:            1.940067023
  Exchange:           -0.9700335114
  Total:              0.4572684748

 Ehomo = -0.8079558239, Elumo = 0.2863548364
 DIIS error norm: 2.047799483e-09

SCF iteration 9:       [wall time: Tue May 17 11:18:50 2022]
SCF: using a fraction 1 of Hartree-Fock exchange.
DevINFO: screened away 0 out of 9751 symmetry unique quadruples ABCD.
 Fock build F = F(D) performed in 0 seconds (with 0 seconds used for Coulomb and exchange).
 Total energy: 0.4572684748 Hartree
 Fock matrix inversion D = D(Fmix) performed in 0 seconds.
  Nuclear repulsion:  3.043213634
  Kinetic:            2.462252165
  Nuclear attraction: -6.018230835
  Spin Zeeman effect: 0
  Coulomb:            1.940067022
  Exchange:           -0.9700335111
  Total:              0.4572684748

 Ehomo = -0.8079558238, Elumo = 0.2863548364
 DIIS error norm: 1.21632705e-10

SCF iteration 10:       [wall time: Tue May 17 11:18:50 2022]
SCF: using a fraction 1 of Hartree-Fock exchange.
DevINFO: screened away 0 out of 9751 symmetry unique quadruples ABCD.
 Fock build F = F(D) performed in 0 seconds (with 0 seconds used for Coulomb and exchange).
 Total energy: 0.4572684748 Hartree
 Fock matrix inversion D = D(Fmix) performed in 0 seconds.
  Nuclear repulsion:  3.043213634
  Kinetic:            2.462252165
  Nuclear attraction: -6.018230835
  Spin Zeeman effect: 0
  Coulomb:            1.940067022
  Exchange:           -0.9700335111
  Total:              0.4572684748

 Ehomo = -0.8079558238, Elumo = 0.2863548364
 DIIS error norm: 6.644579232e-13

Converged SCF results:
-----------------------
(pre-RSP) Nuclear repulsion:  3.043213633597079
(pre-RSP) Kinetic:            2.462252165001038
(pre-RSP) Nuclear attraction: -6.01823083497601
(pre-RSP) Spin Zeeman effect: 0
(pre-RSP) Coulomb:            1.940067022297496
(pre-RSP) Exchange:           -0.9700335111487476
(pre-RSP) Total electronic:   -2.585945158826224
(pre-RSP) Total:              0.4572684747708547

(pre-RSP) E(LUMO): 0.2863548364290978
(pre-RSP) E(HOMO): -0.8079558238387348
(pre-RSP) E(GAP):  1.094310660267833

Orbital energies (Eorb), orbital contributions to the total energy (Econtrib), and reflection symmetry properties for the molecular orbitals:

Orbital analysis (pre-RSP)
    Eorb      Econtrib  Occ  Reflection(xy)  Reflection(xz)  Reflection(yz)
---------------------------------------------------------------------------
 -0.807956    -1.29297   2  (1.0000,0.0000)  (0.9993,0.0000)  (1.0000,-0.0000)
  0.286355   -0.102845   0  (-0.0000,0.0000)  (0.0030,-0.0000)  (1.0000,0.0000)
  0.380503   0.0634402   0  (1.0000,0.0000)  (0.9952,-0.0000)  (-1.0000,0.0000)
  0.423535   0.0971092   0  (1.0000,0.0000)  (0.9956,0.0000)  (1.0000,-0.0000)
  0.457276    0.144297   0  (-0.0000,-0.0000)  (0.0031,-0.0000)  (-1.0000,0.0000)
  0.715123    0.420179   0  (1.0000,0.0000)  (0.9909,-0.0000)  (-1.0000,-0.0000)
  0.761612    0.383547   0  (1.0000,-0.0000)  (0.9944,0.0000)  (1.0000,0.0000)
  0.786355    0.397155   0  (0.0000,-0.0000)  (0.0030,-0.0000)  (1.0000,-0.0000)
  0.957276    0.644297   0  (0.0000,0.0000)  (0.0031,-0.0000)  (-1.0000,-0.0000)
   1.02628    0.789964   0  (1.0000,0.0000)  (0.9839,0.0000)  (-1.0000,-0.0000)
   1.05024    0.834805   0  (1.0000,0.0000)  (0.9775,0.0000)  (1.0000,-0.0000)
   1.54866    0.867851   0  (0.0000,0.0000)  (0.0011,0.0000)  (1.0000,-0.0000)
   1.63298     1.18348   0  (1.0000,0.0000)  (0.9947,0.0000)  (-1.0000,0.0000)
   2.04866     1.36785   0  (-0.0000,-0.0000)  (0.0011,-0.0000)  (1.0000,0.0000)
   2.32176     1.66835   0  (1.0000,0.0000)  (0.9977,-0.0000)  (1.0000,0.0000)
   2.37862     1.73475   0  (0.0000,-0.0000)  (0.0008,0.0000)  (-1.0000,-0.0000)


Properties:
-----------
Spin-projection on field: <sigma_B> = <2 S_B> = 0
Spin-projection squared: <sigma_B> = <4 S_B^2> = 0
Total spin: <sigma^2> = <4 S^2> = 0 = 4 * 0 * (0 + 1)
Total spin quantum number: s = 0


SimpleEnergies (SCF)

(SCF) Traces of the SCF 1-electron density matrix with simple operators
(SCF)     <pi^2/2m> = 2.462252165001051
(SCF)     <nucl.attr.> = -6.018230834976025
(SCF)     <hom.el.field> = 0
(SCF)     <lin.el.field> = 0
(SCF)     <bas.exp.scal.pot.> = 0
(SCF)     <ext.charge repulsion> = 0
(SCF)     <ext.charge repulsion> * fac = 0

SimpleProp (SCF)

(SCF) Traces of the SCF 1-electron density matrix with simple operators
(SCF) Mechanical/kinetic momentum:
(SCF)     <PIx> = -2.441067674288743e-18
(SCF)     <PIy> = -5.399937188256476e-17
(SCF)     <PIz> = 1.132994263459136e-17
(SCF)     B x pi = (0, -5.664971317295682e-18, -2.699968594128238e-17)
(SCF) Angular momentum w.r.t. gauge origin (0, 0, 0.1173):
(SCF)     <Lx> = 0.4103088993915327
(SCF)     <Ly> = -3.825791015471867e-16
(SCF)     <Lz> = 3.420829102915586e-16
(SCF) Coordinate derivative contribution to angular momentum w.r.t. C = (0, 0, 0.1173):
(SCF)     <Lcoord_x> = -0.006879644999999973
(SCF)     <Lcoord_y> = 1.893150048077539e-17
(SCF)     <Lcoord_z> = -1.052895834754985e-16
(SCF) Dipole moment:
(SCF)     <x> = 3.034031359483436e-15
(SCF)     <y> = -9.864407246843391e-17
(SCF)     <z> = 6.371182218114901e-16
(SCF) Nuclear dipole moment:
(SCF)     <X> = 0
(SCF)     <Y> = 0
(SCF)     <Z> = 0
(SCF) Total dipole moment: (-3.034031359483436e-15, 9.864407246843391e-17, -6.371182218114901e-16)
(SCF) Coordinate derivative contribution to angular momentum w.r.t. center of charge (1.517015679741717e-15, -4.932203623421692e-17, 3.185591109057449e-16):
(SCF)     <Lambda_x> = -1.472505850167718e-30
(SCF)     <Lambda_y> = 1.864516324258135e-17
(SCF)     <Lambda_z> = -1.616138863361205e-17
(SCF) Electronic quadrupole moments w.r.t. center of electronic charge at (1.517015679741717e-15, -4.932203623421692e-17, 3.185591109057449e-16):
(SCF)         x         y          z
(SCF) x: 0.8818737429397571  1.606042408111847e-15  -1.43306027149617e-15
(SCF) y: 1.606042408111847e-15  0.8206177987830654  -6.183361736518034e-30
(SCF) z: -1.43306027149617e-15  -6.183361736518034e-30  0.8206177987830654
(SCF) Magnetic quadrupole moments w.r.t. C = (0, 0, 0):
(SCF)         x         y          z
(SCF) Jx: -2.872702076217593e-15  4.017099146482832e-17  -1.684697448424779e-16
(SCF) Jy: -5.081639941442556e-18  1.436495598398461e-15  3.854092620927665e-19
(SCF) Jz: 2.828905768308657e-17  -3.854092620923272e-19  1.436206477819132e-15
(SCF) Anapole moment w.r.t. C = (0, 0, 0):
(SCF)     a_x = -7.708185241850937e-19
(SCF)     a_y = -1.967588025255645e-16
(SCF)     a_z = -4.525263140627088e-17
(SCF) Hellmann-Feynman forces:
(SCF) H-F force on H at pos = (0.1643, 0, 0):   F = (0.9222864385069131, 2.521387554638041e-17, -4.121292256829122e-16)
(SCF) H-F force on H at pos = (-0.1643, 0, 0):   F = (-0.9222864385069163, -3.805420768404986e-17, -4.371124569643002e-16)
(SCF) Total H-F force on center of mass:   Ftot = (-3.219646771412954e-15, -1.284033213766945e-17, -8.492416826472125e-16)
(SCF) Scaling pressure w.r.t. center of charge:   0.3030633236933722
(SCF) Total H-F torque w.r.t. center of charge: (-4.59767338326436e-32, -4.104744899532343e-18, 1.039494607475987e-17)
(SCF) Nuclear shielding integrals:
(SCF) H at C = (0.1643, 0, 0):
(SCF)    <Lx/|r - C|^3> = 0.4825560052971765
(SCF)    <Ly/|r - C|^3> = -7.905164798951181e-18
(SCF)    <Lz/|r - C|^3> = 6.911521910151292e-18
(SCF) H at C = (-0.1643, 0, 0):
(SCF)    <Lx/|r - C|^3> = 0.4825560052971761
(SCF)    <Ly/|r - C|^3> = -1.928879069534116e-17
(SCF)    <Lz/|r - C|^3> = 4.111423342204399e-17
 

Mulliken (SCF)

(SCF) Mulliken decomposition of traces of SCF 1-electron density matrix with simple operators

(SCF) Mulliken populations:
(SCF) Nucleus #1 (H):  0.5296641044969032   [narrow def.],   1.000000000004924   [wide def.]
(SCF) Nucleus #2 (H):  0.5296641044870576   [narrow def.],   0.9999999999950783   [wide def.]

(SCF) Total mechanical momentum: <pi> = (-2.441067674288743e-18, -5.399937188256459e-17, 1.132994263459199e-17)

(SCF) Mulliken momenta:
(SCF) Nucleus #1 (H):  (2.235518119973822e-18, 4.97056781171449e-16, 6.054893168453745e-16)   [narrow def.],   (9.268313564632625e-19, 4.843878106439489e-16, 6.083700702608805e-16)   [wide def.]
(SCF) Nucleus #2 (H):  (-2.059212267241448e-18, -5.257182119990141e-16, -5.999208810417949e-16)   [narrow def.],   (-3.367899030752007e-18, -5.383871825265138e-16, -5.970401276262887e-16)   [wide def.]

(SCF) Mulliken bond momenta:
(SCF) Nucleus #1 (H):  Nuc. #2  (-1.30868676351056e-18, -1.266897052750014e-17, 2.880753415506056e-18) 
(SCF) Nucleus #2 (H):  Nuc. #1  (-1.308686763510559e-18, -1.266897052749971e-17, 2.880753415506197e-18) 
 

Orbital symmetry properties for SCF:
                          Inversion           Rot180X           Rot180Y           Rot180Z            ReflXY            ReflXZ            ReflYZ
  can.orb. 0   (0.9993,0.0000)   (0.9993,-0.0000)   (1.0000,-0.0000)   (0.9993,0.0000)   (1.0000,0.0000)   (0.9993,-0.0000)   (1.0000,0.0000) 
  can.orb. 1   (-0.9941,0.0000)   (-0.9941,0.0000)   (-0.0000,0.0000)   (0.0030,0.0000)   (-0.0000,0.0000)   (0.0030,0.0000)   (1.0000,-0.0000) 
  can.orb. 2   (-0.9952,-0.0000)   (0.9952,0.0000)   (-1.0000,0.0000)   (-0.9952,-0.0000)   (1.0000,-0.0000)   (0.9952,0.0000)   (-1.0000,0.0000) 
  can.orb. 3   (0.9956,-0.0000)   (0.9956,0.0000)   (1.0000,-0.0000)   (0.9956,0.0000)   (1.0000,0.0000)   (0.9956,0.0000)   (1.0000,-0.0000) 
  can.orb. 4   (0.9938,-0.0000)   (-0.9938,0.0000)   (0.0000,-0.0000)   (-0.0031,0.0000)   (-0.0000,0.0000)   (0.0031,-0.0000)   (-1.0000,0.0000) 
  can.orb. 5   (-0.9909,0.0000)   (0.9909,-0.0000)   (-1.0000,-0.0000)   (-0.9909,0.0000)   (1.0000,0.0000)   (0.9909,-0.0000)   (-1.0000,-0.0000) 
  can.orb. 6   (0.9944,0.0000)   (0.9944,0.0000)   (1.0000,0.0000)   (0.9944,0.0000)   (1.0000,-0.0000)   (0.9944,0.0000)   (1.0000,0.0000) 
  can.orb. 7   (-0.9941,-0.0000)   (-0.9941,-0.0000)   (0.0000,-0.0000)   (0.0030,0.0000)   (0.0000,-0.0000)   (0.0030,0.0000)   (1.0000,0.0000) 
  can.orb. 8   (0.9938,0.0000)   (-0.9938,-0.0000)   (-0.0000,-0.0000)   (-0.0031,0.0000)   (0.0000,0.0000)   (0.0031,-0.0000)   (-1.0000,0.0000) 
  can.orb. 9   (-0.9839,-0.0000)   (0.9839,0.0000)   (-1.0000,-0.0000)   (-0.9839,-0.0000)   (1.0000,0.0000)   (0.9839,0.0000)   (-1.0000,-0.0000) 
  can.orb. 10   (0.9775,-0.0000)   (0.9775,-0.0000)   (1.0000,0.0000)   (0.9775,-0.0000)   (1.0000,-0.0000)   (0.9775,-0.0000)   (1.0000,0.0000) 
  can.orb. 11   (-0.9977,-0.0000)   (-0.9977,-0.0000)   (0.0000,-0.0000)   (0.0011,-0.0000)   (0.0000,0.0000)   (0.0011,-0.0000)   (1.0000,0.0000) 
  can.orb. 12   (-0.9947,-0.0000)   (0.9947,0.0000)   (-1.0000,-0.0000)   (-0.9947,-0.0000)   (1.0000,0.0000)   (0.9947,0.0000)   (-1.0000,-0.0000) 
  can.orb. 13   (-0.9977,-0.0000)   (-0.9977,-0.0000)   (-0.0000,0.0000)   (0.0011,-0.0000)   (-0.0000,0.0000)   (0.0011,-0.0000)   (1.0000,0.0000) 
  can.orb. 14   (0.9977,0.0000)   (0.9977,0.0000)   (1.0000,-0.0000)   (0.9977,0.0000)   (1.0000,-0.0000)   (0.9977,0.0000)   (1.0000,-0.0000) 
  can.orb. 15   (0.9984,-0.0000)   (-0.9984,0.0000)   (-0.0000,0.0000)   (-0.0008,-0.0000)   (0.0000,-0.0000)   (0.0008,0.0000)   (-1.0000,0.0000) 
  can.orb. 16   (0.9984,0.0000)   (-0.9984,-0.0000)   (0.0000,-0.0000)   (-0.0008,0.0000)   (-0.0000,0.0000)   (0.0008,-0.0000)   (-1.0000,-0.0000) 
  can.orb. 17   (0.9984,-0.0000)   (0.9984,0.0000)   (1.0000,0.0000)   (0.9984,-0.0000)   (1.0000,-0.0000)   (0.9984,0.0000)   (1.0000,0.0000) 
  can.orb. 18   (-0.9979,0.0000)   (0.9979,-0.0000)   (-1.0000,0.0000)   (-0.9979,0.0000)   (1.0000,-0.0000)   (0.9979,-0.0000)   (-1.0000,0.0000) 
  can.orb. 19   (-0.9992,0.0000)   (0.9992,-0.0000)   (-1.0000,0.0000)   (-0.9992,0.0000)   (1.0000,-0.0000)   (0.9992,-0.0000)   (-1.0000,0.0000) 



Orbital properties for SCF:
                           Lcoord_x          Lcoord_y          Lcoord_z               x^2               y^2               z^2
  can.orb. 0   (-0.0034,-0.0000)   (0.0000,0.0000)   (-0.0000,0.0000)   (0.4409,-0.0000)   (0.4103,-0.0000)   (0.4103,0.0000) 
  can.orb. 1   (-1.0034,0.0000)   (0.0000,0.0000)   (0.0000,-0.0000)   (1.7396,0.0000)   (3.4516,0.0000)   (3.4516,0.0000) 
  can.orb. 2   (-0.0034,0.0000)   (-0.0000,-0.0000)   (-0.0000,0.0000)   (8.3181,-0.0000)   (2.7956,0.0000)   (2.7956,0.0000) 
  can.orb. 3   (-0.0034,-0.0000)   (-0.0000,-0.0000)   (0.0000,-0.0000)   (8.0244,0.0000)   (2.5502,0.0000)   (2.5502,0.0000) 
  can.orb. 4   (-1.0034,0.0000)   (0.0000,0.0000)   (0.0000,-0.0000)   (5.3927,-0.0000)   (3.5862,0.0000)   (3.5862,-0.0000) 
  can.orb. 5   (-0.0034,0.0000)   (0.0000,-0.0000)   (-0.0000,-0.0000)   (15.7580,-0.0000)   (5.2979,0.0000)   (5.2979,-0.0000) 
  can.orb. 6   (-0.0034,-0.0000)   (-0.0000,0.0000)   (0.0000,0.0000)   (3.4733,-0.0000)   (3.2346,0.0000)   (3.2346,-0.0000) 
  can.orb. 7   (0.9966,-0.0000)   (-0.0000,0.0000)   (-0.0000,0.0000)   (1.7396,0.0000)   (3.4516,0.0000)   (3.4516,0.0000) 
  can.orb. 8   (0.9966,-0.0000)   (0.0000,-0.0000)   (-0.0000,0.0000)   (5.3927,-0.0000)   (3.5862,0.0000)   (3.5862,-0.0000) 
  can.orb. 9   (-0.0034,0.0000)   (-0.0000,-0.0000)   (-0.0000,0.0000)   (28.3123,0.0000)   (9.4684,-0.0000)   (9.4684,-0.0000) 
  can.orb. 10   (-0.0034,-0.0000)   (0.0000,-0.0000)   (0.0000,-0.0000)   (12.1485,0.0000)   (13.1846,-0.0000)   (13.1846,-0.0000) 
  can.orb. 11   (-1.0034,-0.0000)   (0.0000,-0.0000)   (0.0000,-0.0000)   (0.6746,-0.0000)   (1.3291,-0.0000)   (1.3291,0.0000) 
  can.orb. 12   (-0.0034,0.0000)   (-0.0000,-0.0000)   (-0.0000,0.0000)   (9.2592,0.0000)   (3.1179,0.0000)   (3.1179,0.0000) 
  can.orb. 13   (0.9966,0.0000)   (0.0000,0.0000)   (0.0000,0.0000)   (0.6746,-0.0000)   (1.3291,0.0000)   (1.3291,0.0000) 
  can.orb. 14   (-0.0034,0.0000)   (-0.0000,0.0000)   (-0.0000,0.0000)   (2.5503,0.0000)   (1.3754,0.0000)   (1.3754,0.0000) 
  can.orb. 15   (-1.0034,-0.0000)   (0.0000,0.0000)   (0.0000,-0.0000)   (1.3789,-0.0000)   (0.9113,-0.0000)   (0.9113,0.0000) 
  can.orb. 16   (0.9966,-0.0000)   (0.0000,-0.0000)   (0.0000,-0.0000)   (1.3789,-0.0000)   (0.9113,0.0000)   (0.9113,0.0000) 
  can.orb. 17   (-0.0034,-0.0000)   (-0.0000,0.0000)   (0.0000,-0.0000)   (0.8061,0.0000)   (0.9152,0.0000)   (0.9152,-0.0000) 
  can.orb. 18   (-0.0034,-0.0000)   (-0.0000,-0.0000)   (-0.0000,-0.0000)   (3.5109,-0.0000)   (1.2072,0.0000)   (1.2072,0.0000) 
  can.orb. 19   (-0.0034,0.0000)   (-0.0000,-0.0000)   (-0.0000,0.0000)   (1.4344,0.0000)   (0.4836,0.0000)   (0.4836,-0.0000) 


RSP: done run scf2
Number of MOs = 22


RSP: Hartree-Fock orbitals have been obtained. 
RSP: Hartree-Fock final energy = 0.4572684747708547
Entering response module
No. of electrons: (2.000000000010005,-1.260255105794175e-16)
DevINFO: screened away 0 out of 9751 symmetry unique quadruples ABCD.
Recomputed final SCF electronic energy (-2.585945158804047,-1.826258190778404e-16) (-1.615911647650203,-1.82625819077404e-16) (0.9700335111538438,4.364232942652133e-28)
unit_vectors():   MO Single-transition excitations in total.
Constructing start guesses for RPA-solver using the 100 lowest ones.
1 <- 0 : 1.094310660267833
2 <- 0 : 1.188458944773209
3 <- 0 : 1.231490681042107
4 <- 0 : 1.265232250931206
5 <- 0 : 1.523078864273315
6 <- 0 : 1.569567977578634
7 <- 0 : 1.594310660267828
8 <- 0 : 1.765232250931186
9 <- 0 : 1.834236272398249
10 <- 0 : 1.858194408929759
11 <- 0 : 2.356616791923681
12 <- 0 : 2.440938608784899
13 <- 0 : 2.856616791923698
14 <- 0 : 3.129720810105894
15 <- 0 : 3.186577913712985
16 <- 0 : 3.686577913712984
17 <- 0 : 4.121414387899405
18 <- 0 : 4.147480284943965
19 <- 0 : 8.312233361962939
20 <- 0 : 19.43252822310371
21 <- 0 : 30.11072983862229
Made 21 starting vectors 
DevINFO: screened away 496 out of 9751 symmetry unique quadruples ABCD.
DevINFO: screened away 0 out of 9751 symmetry unique quadruples ABCD.
DevINFO: screened away 0 out of 9751 symmetry unique quadruples ABCD.
DevINFO: screened away 23 out of 9751 symmetry unique quadruples ABCD.
DevINFO: screened away 0 out of 9751 symmetry unique quadruples ABCD.
DevINFO: screened away 0 out of 9751 symmetry unique quadruples ABCD.
DevINFO: screened away 283 out of 9751 symmetry unique quadruples ABCD.
DevINFO: screened away 15 out of 9751 symmetry unique quadruples ABCD.
DevINFO: screened away 0 out of 9751 symmetry unique quadruples ABCD.
DevINFO: screened away 0 out of 9751 symmetry unique quadruples ABCD.
DevINFO: screened away 39 out of 9751 symmetry unique quadruples ABCD.
DevINFO: screened away 0 out of 9751 symmetry unique quadruples ABCD.
DevINFO: screened away 145 out of 9751 symmetry unique quadruples ABCD.
DevINFO: screened away 0 out of 9751 symmetry unique quadruples ABCD.
DevINFO: screened away 42 out of 9751 symmetry unique quadruples ABCD.
DevINFO: screened away 23 out of 9751 symmetry unique quadruples ABCD.
DevINFO: screened away 0 out of 9751 symmetry unique quadruples ABCD.
DevINFO: screened away 0 out of 9751 symmetry unique quadruples ABCD.
DevINFO: screened away 0 out of 9751 symmetry unique quadruples ABCD.
DevINFO: screened away 0 out of 9751 symmetry unique quadruples ABCD.
DevINFO: screened away 0 out of 9751 symmetry unique quadruples ABCD.
The Davidson solver is about to start.
-------
Davidson step #0, 42 RPA trial vectors already in subspace.
The Davidson solver converged to a solution. 1 iterations and 0 restarts were needed.
==============================================================================================================
The Final eigenvalues from the Davidson method
==============================================================================================================
(RSP) 	 Excitation Energy 	0.7397722993691458	0.8735419095421235	0.9461528585161475	0.9548536188654082	1.237778264207411	
==============================================================================================================
Root: 0	 with energy 0.7397722993691458
==============================================================================================================
1 <-- 0 C^2 :  0.9971174391764273 C : (-0.06070121177257709,-0.996710992246884)
==============================================================================================================
Root: 1	 with energy 0.8735419095421235
==============================================================================================================
2 <-- 0 C^2 :  0.9504599562462398 C : (0.8130619098618294,0.537950078518513)
==============================================================================================================
Root: 2	 with energy 0.9461528585161475
==============================================================================================================
3 <-- 0 C^2 :  0.9943847372417041 C : (0.9238758337883891,0.3752841336687621)
==============================================================================================================
Root: 3	 with energy 0.9548536188654082
==============================================================================================================
4 <-- 0 C^2 :  0.9987722752348726 C : (-0.9421466918483515,-0.3333644946212483)
==============================================================================================================
Root: 4	 with energy 1.237778264207411
==============================================================================================================
6 <-- 0 C^2 :  0.9976059690068291 C : (-0.287559391229285,-0.9565121878589274)
==============================================================================================================
==============================================================================================================
(RSP) Transition Dipole Moment, <1| coordinate |2>  |  Roots  |              Dipole Moment
==============================================================================================================
(RSP) Transition Dipole Moment, <1|x|2>             |    0    |     (-1.087112255829952e-15,-8.714978609370106e-16)
(RSP) Transition Dipole Moment, <1|x|2>             |    1    |     (0.5860338420494385,0.3880541316333314)
(RSP) Transition Dipole Moment, <1|x|2>             |    2    |     (3.125277814319816e-14,1.295838436554675e-14)
(RSP) Transition Dipole Moment, <1|x|2>             |    3    |     (-7.960023965240879e-14,-5.100236182190799e-15)
(RSP) Transition Dipole Moment, <1|x|2>             |    4    |     (1.955074990789285e-12,6.508335537169785e-12)

(RSP) Transition Dipole Moment, <1|y|2>             |    0    |     (-0.4983509885775645,0.08448442818724539)
(RSP) Transition Dipole Moment, <1|y|2>             |    1    |     (1.899422686104996e-15,9.246971057881191e-16)
(RSP) Transition Dipole Moment, <1|y|2>             |    2    |     (6.485907412104033e-17,-1.796581145147998e-16)
(RSP) Transition Dipole Moment, <1|y|2>             |    3    |     (-2.35039106775449e-15,6.490305255041351e-15)
(RSP) Transition Dipole Moment, <1|y|2>             |    4    |     (8.007423408051848e-14,-8.756961680903384e-14)

(RSP) Transition Dipole Moment, <1|z|2>             |    0    |     (0.08448442818724528,0.4983509885775643)
(RSP) Transition Dipole Moment, <1|z|2>             |    1    |     (-8.239936510889834e-17,-2.688821387764051e-16)
(RSP) Transition Dipole Moment, <1|z|2>             |    2    |     (3.608224830031759e-16,3.05311331771918e-16)
(RSP) Transition Dipole Moment, <1|z|2>             |    3    |     (6.258130007833807e-15,1.2712621099603e-15)
(RSP) Transition Dipole Moment, <1|z|2>             |    4    |     (8.766598558196392e-14,8.075484725367232e-14)


==============================================================================================================
(RSP) Transition Moment, <1| pi_coordinate |2>      |  Roots  |              Dipole Moment
==============================================================================================================
(RSP) Transition Moment, <1|pi_x|2>                 |    0    |     (5.779720316065839e-16,-1.047388782817722e-15)
(RSP) Transition Moment, <1|pi_x|2>                 |    1    |     (0.335582360354197,-0.5067917177807907)
(RSP) Transition Moment, <1|pi_x|2>                 |    2    |     (6.480059544511363e-15,-1.730993820503457e-14)
(RSP) Transition Moment, <1|pi_x|2>                 |    3    |     (-4.439785310345306e-15,8.277583140434012e-14)
(RSP) Transition Moment, <1|pi_x|2>                 |    4    |     (8.552384061361051e-12,-2.570421740039075e-12)

(RSP) Transition Moment, <1|pi_y|2>                 |    0    |     (0.0605803951900237,0.3573475074537554)
(RSP) Transition Moment, <1|pi_y|2>                 |    1    |     (-4.43525952329241e-16,5.453298946624149e-17)
(RSP) Transition Moment, <1|pi_y|2>                 |    2    |     (-1.55277252948849e-16,-1.171096530084375e-16)
(RSP) Transition Moment, <1|pi_y|2>                 |    3    |     (-3.117440387865461e-15,-5.358288072683341e-16)
(RSP) Transition Moment, <1|pi_y|2>                 |    4    |     (-1.064965311127482e-13,-9.753667969307973e-14)

(RSP) Transition Moment, <1|pi_z|2>                 |    0    |     (0.3573475074537553,-0.06058039519002365)
(RSP) Transition Moment, <1|pi_z|2>                 |    1    |     (2.994749477872726e-16,-2.107875560103939e-16)
(RSP) Transition Moment, <1|pi_z|2>                 |    2    |     (1.829460184610971e-16,-1.822001899139094e-16)
(RSP) Transition Moment, <1|pi_z|2>                 |    3    |     (-2.323832349693331e-15,2.789079595532859e-15)
(RSP) Transition Moment, <1|pi_z|2>                 |    4    |     (9.801143676847027e-14,-1.066739670831847e-13)


==============================================================================================================
(RSP) Electric Dipole Oscillator Strength
(length gauge):            	0.2520072080217912	0.2876990904528473	7.221768785343674e-28	4.106277494816525e-27	3.813102747096058e-23	
(magnetic-velocity gauge): 	0.236770558502604	0.2819581306528283	2.407853524143725e-28	4.813816157033273e-27	4.297602344137507e-23	
(mixed gauge):             	(0.244270111536392,-1.110223024625159e-16)	(0.2848141459524154,-1.295260195396011e-16)	(4.167412336956313e-28,1.451174499385025e-29)	(4.37981253412843e-27,5.061066524110468e-29)	(4.048103665747993e-23,5.749010285927347e-27)	

