
Running the London Hartree-Fock program at /home/sangita.sen/packages/london/london.x.
Founded by Erik Tellgren, Alessandro Soncini and Trygve Helgaker.
Programming by:
  Erik Tellgren (main programmer)
  Kai Kaarvann Lange
  Andrew M. Teale
  Ulf Ekstrom
  Stella Stopkowicz
  Jon H. Austad


Basis file /home/sangita.sen/packages/london/baslib/aug-cc-pVDZ opened for reading.
Basis file /home/sangita.sen/packages/london/baslib/aug-cc-pVDZ opened for reading.
Basis file /home/sangita.sen/packages/london/baslib/aug-cc-pVDZ opened for reading.
User input successfully read from file_x9.inp.

london-input{
  analysis{
    analysis-only = no
    xml-print-potential-basis-overlap = no
    xml-print-potential-basis-kinetic = no
    export-operators = no
    # decypher-density-matrix-file = binary-file, plain-text-file
    # density-matrix-binary-to-text = binary-input-file, text-output-file
    # density-matrix-text-to-binary = text-input-file, binary-output-file
    # density-matrix-for-plotting = filename
    # density-plot-data = {filename,(x0,y0,z0),(x1,y1,z1),(x2,y2,z2),(x3,y3,z3),(N1xN2xN3),precision=N,scolon={y/n},fields{rho,grad(rho),jp,j,A,B,rho2nu,rho2omega,tau_p,tau_pi,laplacian(rho),grad(rho)^2,jp^2,tau_tensor}}
    # streamline-data = {filename,(x0,y0,z0),(x1,y1,z1),(x2,y2,z2),(x3,y3,z3),(N1xN2xN3),precision=N,scolon={y/n},fields{rho,grad(rho),jp,j,A,B,rho2nu,rho2omega,tau_p,tau_pi,laplacian(rho),grad(rho)^2,jp^2,tau_tensor}}
    # vortexline-data = {filename,(x0,y0,z0),(x1,y1,z1),(x2,y2,z2),(x3,y3,z3),(N1xN2xN3),precision=N,scolon={y/n},fields{rho,grad(rho),jp,j,A,B,rho2nu,rho2omega,tau_p,tau_pi,laplacian(rho),grad(rho)^2,jp^2,tau_tensor}}
    # current-through-plane = {density_matrix_file,(x0,y0,z0),(x1,y1,z1),(x2,y2,z2),(x3,y3,z3),(N1xN2xN3),precision=N,scolon={y/n},fields{rho,grad(rho),jp,j,A,B,rho2nu,rho2omega,tau_p,tau_pi,laplacian(rho),grad(rho)^2,jp^2,tau_tensor}}
    # linearly-combine-density-matrices = file : 0.6 * infile1, 0.4 * infile2, ...
    # spin-rotate-2c-density-matrix = file : infile, angle_degrees, (ux, uy, uz)
    linear-dependence-tol = 1e-06
    # overlap-for-ci-state-files = file1, file2
  }

  scf{
    spin-symmetry-constraint = Unrestricted Hartree-Fock
    linear-dependence-tol = 1e-10
    uhf-spin-projection = 0
    disable-spin-zeeman-in-fock-matrix = no
    noisy-init-guess = no
    # density-matrix-input-file = 
    # density-matrix-output-file = 
    # density-plot-data = {filename,(x0,y0,z0),(x1,y1,z1),(x2,y2,z2),(x3,y3,z3),(N1xN2xN3),precision=N,scolon={y/n},fields{rho,grad(rho),jp,j,A,B,rho2nu,rho2omega,tau_p,tau_pi,laplacian(rho),grad(rho)^2,jp^2,tau_tensor}}
    # molecular-orbitals-to-plot = (1,2,3,...)
    min-scf-iterations = 0
    max-scf-iterations = 160
    use-density-fitting = no
    use-admm = no
    analyze-using-dft-grid = no

    diis{
      convergence-tolerance = 1e-10
      subspace-dimension = 7
      diagonalization-temperature = 0
    }
  }

  casscf{
    max-active-orbitals = 2000
    number-of-frozen-orbitals = 0
    number-of-states-in-casscf-optimization = 1
    number-of-ci-states = 1
    spin-projection = default
    num-1exc-init-vec = 0
    num-2exc-init-vec = 0
    use-noisy-init-vec = no
    ci-max-subspace-dim = default
    ci-convergence-tol = 1e-06
    # density-matrix-input-file = 
    # density-matrix-output-file = 
    # ci-states-output-file = 
    # density-plot-data = {filename,(x0,y0,z0),(x1,y1,z1),(x2,y2,z2),(x3,y3,z3),(N1xN2xN3),precision=N,scolon={y/n},fields{rho,grad(rho),jp,j,A,B,rho2nu,rho2omega,tau_p,tau_pi,laplacian(rho),grad(rho)^2,jp^2,tau_tensor}}
    # analysis-weights = (w0, w1, ...)
  }

  mp2{
    spin-projection = default
    number-of-weights = 8
    basis-functions-per-block = 20
    cs-tolerance = 0
    print-mp2-components = 0
    # density-matrix-input-file = 
    # density-matrix-output-file = 
    #property-request = relaxed-density-matrix
  }

  rsp{
    number-of-roots-requested = 6
    root-selection-method = energy
    excitation-basis = MObasis
    starting-guess = UnitGuess
    solver_choice = GenEig
    method_choice = RPA
    precondition = false
    initial-subspace-dimension = 100
    maximum-subspace-dimension = 800
    convergence-tolerance = 1e-10
    max-rsp-iterations = 200
    # density-matrix-input-file = 
    # density-matrix-output-file = 
  }

  coupled-cluster{
    truncation-level = CCSD
    property-request = off
    spin-projection = default
    max-it = 150
    write-t-amplitudes = yes
    read-t-amplitudes = no
    # density-matrix-output-file = 
    # memory-in-gb = 
    # interface = 
    # molecular-orbitals-to-freeze = (1,3,5,...)
    diis{
      convergence-tolerance = 1e-06
      subspace-dimension = 7
      diagonalization-temperature = 0
    }
  }

  finite-difference{
    run-finite-difference = false
    run-type = gradient
    use-ref-density = false
    step-size = 0.0005
  }

  system{
    molecular-charge = 0
    correlation-model = RSP

    hamiltonian{
      electron-mass = 1
      speed-of-light = 137.036
      adiabatic-connection-lambda = 1
      nuclear-charge-distribution = point charge

      magnetic-field = (0.1, 0, 0)
      gauge-origin = (0, 0, 0.1173)

      linear-magnetic-field = {(0, 0, 0), (0, 0, 0), (0, 0, 0)}
      linear-magnetic-origin = (0, 0, 0)

      electric-field = (0, 0, 0)
      electric-origin = (0, 0, 0)
      linear-electric-field = {(0, 0, 0), (0, 0, 0), (0, 0, 0)}

      include-basis-expanded-scalar-potential = no
      scalar-potential-coefficients = (empty)
      include-basis-expanded-vector-potential = no
      vector-potential-coefficients-x = (empty)
      vector-potential-coefficients-y = (empty)
      vector-potential-coefficients-z = (empty)
      include-repulsion-from-external-density = no
      external-charge-density-scale-factor = 1
      include-coulomb-distance-to-external-density = no
      external-charge-density-distance-factor = 1
      # external-charge-density-file = filename
      # lieb-ref-density-file = filename
      # potential-plot-data = {filename,(x0,y0,z0),(x1,y1,z1),(x2,y2,z2),(x3,y3,z3),(N1xN2xN3),precision=N,scolon={y/n},fields{rho,grad(rho),jp,j,A,B,rho2nu,rho2omega,tau_p,tau_pi,laplacian(rho),grad(rho)^2,jp^2,tau_tensor}}

      integral{
        use-coulomb-integral-permutation-symmetry = yes
        use-cauchy-schwarz-screening = yes
        cauchy-schwarz-tol = 1e-15
        boys-function-tol = 1e-17
      }

      dft{
        # xc-functional = 0.7 * lda + 0.54 * lyp
        # xc-fun-parameter = {param1 = 0.1, param2 = 0.2, param3 = 0.3}
        jp-functional = none
        vrg-functional = none
        tau-correction = none
        vrg-hard-rs-cutoff = 62035.049
        vrg-soft-density-cutoff = 1e-14
        exact-exchange-fraction = default
        # gridfile = 
        radial-grid-type = LMG
        allow-grid-pruning = yes
        gc2-radial-grid-threshold = 1e-13
        lebedev-angular-target-degree = 35
        lebedev-angular-minimal-degree = 15
        weight-screen-threshold = 1e-20
        becke-hardness = 3
        allow-becke-atom-size-correction = yes
      }
    }

    # data on state flags lost, output incomplete here
    use-london-orbitals = yes
    gto-contraction-type = all, normalizedprimitive
    basis = aug-cc-pVDZ
    # density-fitting-basis = 
    # admm-basis = 
    # scalar-potential-basis = 
    # vector-potential-basis = 
    # if you really want to: # orbital-wave-vector-offset = (0, 0, 0)
    charge = 1
    H            0       0.7572      -0.4692
    H            0      -0.7572      -0.4692
    charge = 8
    O            0            0       0.1173
  }
}

Basis set information:
The orbital basis consists of 59 basis functions formed from linear combinations of 59 primitive basis functions.
The density-fitting basis consists of 0 basis functions formed from linear combinations of 0 primitive basis functions.
The scalar potential basis consists of 0 basis functions formed from linear combinations of 0 primitive basis functions.
The vector potential basis consists of 0 basis functions formed from linear combinations of 0 primitive basis functions.
UHF Spin type 2

RSP: Running Hartree-Fock to determine orbital space.
RSP: run scf2


SCF: Running SCF optimization.

SCF: The SCF basis contains 59 basis functions.
 Fock build F = F(D) performed in 0 seconds (with 0 seconds used for Coulomb and exchange).
SCF-SD: Initial density by diagonalizing the one-electron part of the Fock matrix.
Initial trace: Tr(D) = (10,1.24539e-16)

SCF iteration 1:       [wall time: Thu Sep 16 23:14:04 2021]
SCF: using a fraction 1 of Hartree-Fock exchange.
DevINFO: screened away 289 out of 231601 symmetry unique quadruples ABCD.
 Fock build F = F(D) performed in 1 seconds (with 1 seconds used for Coulomb and exchange).
 Total energy: -60.75606959 Hartree
 Fock matrix inversion D = D(Fmix) performed in 0 seconds.
  Nuclear repulsion:  17.36570202
  Kinetic:            128.7293103
  Nuclear attraction: -277.2974201
  Spin Zeeman effect: 0
  Coulomb:            84.48842318
  Exchange:           -14.04208506
  Total:              -60.75606959

 Ehomo(Down) = 3804.453869, Elumo(Down) = 22783.13057
 Ehomo( Up ) = 3804.553869, Elumo( Up ) = 22783.23057
 DIIS error norm: 20.7208574

SCF iteration 2:       [wall time: Thu Sep 16 23:14:05 2021]
SCF: using a fraction 1 of Hartree-Fock exchange.
DevINFO: screened away 376 out of 231601 symmetry unique quadruples ABCD.
 Fock build F = F(D) performed in 2 seconds (with 2 seconds used for Coulomb and exchange).
 Total energy: -61.75812611 Hartree
 Fock matrix inversion D = D(Fmix) performed in 0 seconds.
  Nuclear repulsion:  17.36570202
  Kinetic:            59.67957206
  Nuclear attraction: -154.6217868
  Spin Zeeman effect: 1.021405183e-15
  Coulomb:            21.87574065
  Exchange:           -6.057354068
  Total:              -61.75812611

 Ehomo(Down) = -0.005617944166, Elumo(Down) = 0.0101309015
 Ehomo( Up ) = -0.02979938434, Elumo( Up ) = 0.05339783728
 DIIS error norm: 6.313318384

SCF iteration 3:       [wall time: Thu Sep 16 23:14:07 2021]
SCF: using a fraction 1 of Hartree-Fock exchange.
DevINFO: screened away 321 out of 231601 symmetry unique quadruples ABCD.
 Fock build F = F(D) performed in 1 seconds (with 1 seconds used for Coulomb and exchange).
 Total energy: -72.43056507 Hartree
 Fock matrix inversion D = D(Fmix) performed in 0 seconds.
  Nuclear repulsion:  17.36570202
  Kinetic:            93.98150812
  Nuclear attraction: -237.5615149
  Spin Zeeman effect: 7.993605777e-16
  Coulomb:            65.11747836
  Exchange:           -11.33373867
  Total:              -72.43056507

 Ehomo(Down) = -0.02337991716, Elumo(Down) = 0.02336727056
 Ehomo( Up ) = -0.0165035346, Elumo( Up ) = 0.07161200769
 DIIS error norm: 6.014702987

SCF iteration 4:       [wall time: Thu Sep 16 23:14:08 2021]
SCF: using a fraction 1 of Hartree-Fock exchange.
DevINFO: screened away 342 out of 231601 symmetry unique quadruples ABCD.
 Fock build F = F(D) performed in 1 seconds (with 1 seconds used for Coulomb and exchange).
 Total energy: -74.21741941 Hartree
 Fock matrix inversion D = D(Fmix) performed in 0 seconds.
  Nuclear repulsion:  17.36570202
  Kinetic:            85.24458468
  Nuclear attraction: -224.2932194
  Spin Zeeman effect: 1.776356839e-16
  Coulomb:            57.85360917
  Exchange:           -10.38809591
  Total:              -74.21741941

 Ehomo(Down) = -0.009037731285, Elumo(Down) = 0.008747213673
 Ehomo( Up ) = -0.5612274599, Elumo( Up ) = 0.09096226872
 DIIS error norm: 2.126032447

SCF iteration 5:       [wall time: Thu Sep 16 23:14:09 2021]
SCF: using a fraction 1 of Hartree-Fock exchange.
DevINFO: screened away 357 out of 231601 symmetry unique quadruples ABCD.
 Fock build F = F(D) performed in 1 seconds (with 1 seconds used for Coulomb and exchange).
 Total energy: -74.5840017 Hartree
 Fock matrix inversion D = D(Fmix) performed in 0 seconds.
  Nuclear repulsion:  17.36570202
  Kinetic:            80.72430242
  Nuclear attraction: -216.0798007
  Spin Zeeman effect: -5.329070518e-16
  Coulomb:            53.18246836
  Exchange:           -9.776673769
  Total:              -74.5840017

 Ehomo(Down) = -0.6046583392, Elumo(Down) = 0.009047471317
 Ehomo( Up ) = -0.5046583392, Elumo( Up ) = 0.1090474713
 DIIS error norm: 0.1854213749

SCF iteration 6:       [wall time: Thu Sep 16 23:14:10 2021]
SCF: using a fraction 1 of Hartree-Fock exchange.
DevINFO: screened away 362 out of 231601 symmetry unique quadruples ABCD.
 Fock build F = F(D) performed in 2 seconds (with 2 seconds used for Coulomb and exchange).
 Total energy: -74.58997822 Hartree
 Fock matrix inversion D = D(Fmix) performed in 0 seconds.
  Nuclear repulsion:  17.36570202
  Kinetic:            80.31287527
  Nuclear attraction: -215.1455602
  Spin Zeeman effect: 1.776356839e-16
  Coulomb:            52.5708882
  Exchange:           -9.693883564
  Total:              -74.58997822

 Ehomo(Down) = -0.6166441178, Elumo(Down) = 0.008459689043
 Ehomo( Up ) = -0.5166441178, Elumo( Up ) = 0.108459689
 DIIS error norm: 0.0511850231

SCF iteration 7:       [wall time: Thu Sep 16 23:14:12 2021]
SCF: using a fraction 1 of Hartree-Fock exchange.
DevINFO: screened away 361 out of 231601 symmetry unique quadruples ABCD.
 Fock build F = F(D) performed in 1 seconds (with 1 seconds used for Coulomb and exchange).
 Total energy: -74.59017388 Hartree
 Fock matrix inversion D = D(Fmix) performed in 0 seconds.
  Nuclear repulsion:  17.36570202
  Kinetic:            80.38037108
  Nuclear attraction: -215.2528736
  Spin Zeeman effect: -5.773159728e-16
  Coulomb:            52.61607452
  Exchange:           -9.69944793
  Total:              -74.59017388

 Ehomo(Down) = -0.619557447, Elumo(Down) = 0.007985448436
 Ehomo( Up ) = -0.519557447, Elumo( Up ) = 0.1079854484
 DIIS error norm: 0.0102359973

SCF iteration 8:       [wall time: Thu Sep 16 23:14:13 2021]
SCF: using a fraction 1 of Hartree-Fock exchange.
DevINFO: screened away 360 out of 231601 symmetry unique quadruples ABCD.
 Fock build F = F(D) performed in 1 seconds (with 1 seconds used for Coulomb and exchange).
 Total energy: -74.5901844 Hartree
 Fock matrix inversion D = D(Fmix) performed in 0 seconds.
  Nuclear repulsion:  17.36570202
  Kinetic:            80.39643452
  Nuclear attraction: -215.2800399
  Spin Zeeman effect: -3.108624469e-16
  Coulomb:            52.62887745
  Exchange:           -9.701158523
  Total:              -74.5901844

 Ehomo(Down) = -0.6196309374, Elumo(Down) = 0.007942271175
 Ehomo( Up ) = -0.5196309374, Elumo( Up ) = 0.1079422712
 DIIS error norm: 0.001182432108

SCF iteration 9:       [wall time: Thu Sep 16 23:14:14 2021]
SCF: using a fraction 1 of Hartree-Fock exchange.
DevINFO: screened away 360 out of 231601 symmetry unique quadruples ABCD.
 Fock build F = F(D) performed in 1 seconds (with 1 seconds used for Coulomb and exchange).
 Total energy: -74.59018462 Hartree
 Fock matrix inversion D = D(Fmix) performed in 0 seconds.
  Nuclear repulsion:  17.36570202
  Kinetic:            80.39811448
  Nuclear attraction: -215.2832279
  Spin Zeeman effect: 4.440892099e-17
  Coulomb:            52.63062955
  Exchange:           -9.70140274
  Total:              -74.59018462

 Ehomo(Down) = -0.6195524372, Elumo(Down) = 0.0079490737
 Ehomo( Up ) = -0.5195524372, Elumo( Up ) = 0.1079490737
 DIIS error norm: 0.0001865986016

SCF iteration 10:       [wall time: Thu Sep 16 23:14:15 2021]
SCF: using a fraction 1 of Hartree-Fock exchange.
DevINFO: screened away 360 out of 231601 symmetry unique quadruples ABCD.
 Fock build F = F(D) performed in 2 seconds (with 2 seconds used for Coulomb and exchange).
 Total energy: -74.59018462 Hartree
 Fock matrix inversion D = D(Fmix) performed in 0 seconds.
  Nuclear repulsion:  17.36570202
  Kinetic:            80.39784146
  Nuclear attraction: -215.2827568
  Spin Zeeman effect: 5.329070518e-16
  Coulomb:            52.63040317
  Exchange:           -9.701374517
  Total:              -74.59018462

 Ehomo(Down) = -0.6195502777, Elumo(Down) = 0.007949354651
 Ehomo( Up ) = -0.5195502777, Elumo( Up ) = 0.1079493547
 DIIS error norm: 2.637228261e-05

SCF iteration 11:       [wall time: Thu Sep 16 23:14:17 2021]
SCF: using a fraction 1 of Hartree-Fock exchange.
DevINFO: screened away 360 out of 231601 symmetry unique quadruples ABCD.
 Fock build F = F(D) performed in 1 seconds (with 1 seconds used for Coulomb and exchange).
 Total energy: -74.59018462 Hartree
 Fock matrix inversion D = D(Fmix) performed in 0 seconds.
  Nuclear repulsion:  17.36570202
  Kinetic:            80.39782034
  Nuclear attraction: -215.2827121
  Spin Zeeman effect: -2.220446049e-16
  Coulomb:            52.63037591
  Exchange:           -9.701370783
  Total:              -74.59018462

 Ehomo(Down) = -0.6195499585, Elumo(Down) = 0.007949345913
 Ehomo( Up ) = -0.5195499585, Elumo( Up ) = 0.1079493459
 DIIS error norm: 3.386863675e-06

SCF iteration 12:       [wall time: Thu Sep 16 23:14:18 2021]
SCF: using a fraction 1 of Hartree-Fock exchange.
DevINFO: screened away 360 out of 231601 symmetry unique quadruples ABCD.
 Fock build F = F(D) performed in 1 seconds (with 1 seconds used for Coulomb and exchange).
 Total energy: -74.59018462 Hartree
 Fock matrix inversion D = D(Fmix) performed in 0 seconds.
  Nuclear repulsion:  17.36570202
  Kinetic:            80.39782192
  Nuclear attraction: -215.282714
  Spin Zeeman effect: 2.664535259e-16
  Coulomb:            52.63037625
  Exchange:           -9.701370857
  Total:              -74.59018462

 Ehomo(Down) = -0.6195499155, Elumo(Down) = 0.007949348892
 Ehomo( Up ) = -0.5195499155, Elumo( Up ) = 0.1079493489
 DIIS error norm: 3.813587173e-07

SCF iteration 13:       [wall time: Thu Sep 16 23:14:19 2021]
SCF: using a fraction 1 of Hartree-Fock exchange.
DevINFO: screened away 360 out of 231601 symmetry unique quadruples ABCD.
 Fock build F = F(D) performed in 1 seconds (with 1 seconds used for Coulomb and exchange).
 Total energy: -74.59018462 Hartree
 Fock matrix inversion D = D(Fmix) performed in 1 seconds.
  Nuclear repulsion:  17.36570202
  Kinetic:            80.39782203
  Nuclear attraction: -215.2827141
  Spin Zeeman effect: -4.440892099e-16
  Coulomb:            52.6303763
  Exchange:           -9.70137087
  Total:              -74.59018462

 Ehomo(Down) = -0.6195499007, Elumo(Down) = 0.007949349886
 Ehomo( Up ) = -0.5195499007, Elumo( Up ) = 0.1079493499
 DIIS error norm: 6.873078602e-08

SCF iteration 14:       [wall time: Thu Sep 16 23:14:21 2021]
SCF: using a fraction 1 of Hartree-Fock exchange.
DevINFO: screened away 360 out of 231601 symmetry unique quadruples ABCD.
 Fock build F = F(D) performed in 1 seconds (with 1 seconds used for Coulomb and exchange).
 Total energy: -74.59018462 Hartree
 Fock matrix inversion D = D(Fmix) performed in 0 seconds.
  Nuclear repulsion:  17.36570202
  Kinetic:            80.39782199
  Nuclear attraction: -215.282714
  Spin Zeeman effect: 0
  Coulomb:            52.63037627
  Exchange:           -9.701370867
  Total:              -74.59018462

 Ehomo(Down) = -0.6195498984, Elumo(Down) = 0.00794935009
 Ehomo( Up ) = -0.5195498984, Elumo( Up ) = 0.1079493501
 DIIS error norm: 1.153849143e-08

SCF iteration 15:       [wall time: Thu Sep 16 23:14:22 2021]
SCF: using a fraction 1 of Hartree-Fock exchange.
DevINFO: screened away 360 out of 231601 symmetry unique quadruples ABCD.
 Fock build F = F(D) performed in 1 seconds (with 1 seconds used for Coulomb and exchange).
 Total energy: -74.59018462 Hartree
 Fock matrix inversion D = D(Fmix) performed in 0 seconds.
  Nuclear repulsion:  17.36570202
  Kinetic:            80.39782198
  Nuclear attraction: -215.282714
  Spin Zeeman effect: 2.664535259e-16
  Coulomb:            52.63037626
  Exchange:           -9.701370867
  Total:              -74.59018462

 Ehomo(Down) = -0.6195498987, Elumo(Down) = 0.007949350086
 Ehomo( Up ) = -0.5195498987, Elumo( Up ) = 0.1079493501
 DIIS error norm: 1.426204271e-09

SCF iteration 16:       [wall time: Thu Sep 16 23:14:23 2021]
SCF: using a fraction 1 of Hartree-Fock exchange.
DevINFO: screened away 360 out of 231601 symmetry unique quadruples ABCD.
 Fock build F = F(D) performed in 1 seconds (with 1 seconds used for Coulomb and exchange).
 Total energy: -74.59018462 Hartree
 Fock matrix inversion D = D(Fmix) performed in 0 seconds.
  Nuclear repulsion:  17.36570202
  Kinetic:            80.39782199
  Nuclear attraction: -215.282714
  Spin Zeeman effect: 0
  Coulomb:            52.63037626
  Exchange:           -9.701370867
  Total:              -74.59018462

 Ehomo(Down) = -0.6195498987, Elumo(Down) = 0.007949350089
 Ehomo( Up ) = -0.5195498987, Elumo( Up ) = 0.1079493501
 DIIS error norm: 1.798992386e-10

SCF iteration 17:       [wall time: Thu Sep 16 23:14:24 2021]
SCF: using a fraction 1 of Hartree-Fock exchange.
DevINFO: screened away 360 out of 231601 symmetry unique quadruples ABCD.
 Fock build F = F(D) performed in 2 seconds (with 2 seconds used for Coulomb and exchange).
 Total energy: -74.59018462 Hartree
 Fock matrix inversion D = D(Fmix) performed in 0 seconds.
  Nuclear repulsion:  17.36570202
  Kinetic:            80.39782199
  Nuclear attraction: -215.282714
  Spin Zeeman effect: -6.661338148e-16
  Coulomb:            52.63037626
  Exchange:           -9.701370867
  Total:              -74.59018462

 Ehomo(Down) = -0.6195498987, Elumo(Down) = 0.007949350088
 Ehomo( Up ) = -0.5195498987, Elumo( Up ) = 0.1079493501
 DIIS error norm: 4.303176172e-11

Converged SCF results:
-----------------------
(pre-RSP) Nuclear repulsion:  17.36570202439076
(pre-RSP) Kinetic:            80.39782198507984
(pre-RSP) Nuclear attraction: -215.2827140274523
(pre-RSP) Spin Zeeman effect: -6.661338147750939e-16
(pre-RSP) Coulomb:            52.63037626343223
(pre-RSP) Exchange:           -9.701370866936248
(pre-RSP) Total electronic:   -91.95588664587646
(pre-RSP) Total:              -74.5901846214857

(pre-RSP) E(LUMO, Down): 0.007949350088291104
(pre-RSP) E(HOMO, Down): -0.6195498986611859
(pre-RSP) E(GAP, Down):  0.627499248749477

(pre-RSP) E(LUMO,  Up ): 0.1079493500885267
(pre-RSP) E(HOMO,  Up ): -0.5195498986610338
(pre-RSP) E(GAP,  Up ):  0.6274992487495605

Orbital energies (Eorb), orbital contributions to the total energy (Econtrib), and reflection symmetry properties for the molecular orbitals:

Orbital analysis (pre-RSP)
    Eorb      Econtrib  Occ  Reflection(xy)  Reflection(xz)  Reflection(yz)
---------------------------------------------------------------------------
Spin Down
  -20.5615    -27.2823   1  (0.6528,-0.0000)  (1.0000,-0.0000)  (1.0000,-0.0000)
  -1.77439    -5.54392   1  (0.7345,0.0000)  (0.9985,-0.0000)  (1.0000,0.0000)
  -1.09666    -4.87824   1  (0.9567,-0.0000)  (-0.9699,0.0000)  (1.0000,0.0000)
 -0.711316    -4.24948   1  (-0.6724,0.0000)  (0.9716,-0.0000)  (1.0000,-0.0000)
  -0.61955    -4.14897   1  (0.9911,0.0000)  (1.0000,0.0000)  (-1.0000,0.0000)
0.00794935   -0.827951   0  (0.2251,-0.0000)  (0.1819,-0.0000)  (1.0000,-0.0000)
 0.0299115   -0.844138   0  (0.8321,-0.0000)  (0.7138,-0.0000)  (1.0000,0.0000)
  0.132517   -0.996635   0  (0.9465,-0.0000)  (0.9995,0.0000)  (-1.0000,0.0000)
   0.14459   -0.857595   0  (0.2692,-0.0000)  (-0.0647,0.0000)  (1.0000,-0.0000)
  0.158085   -0.899702   0  (0.4096,0.0000)  (0.2618,-0.0000)  (1.0000,0.0000)
  0.204465   -0.963488   0  (0.2422,-0.0000)  (0.7398,0.0000)  (1.0000,0.0000)
  0.258897    -1.09495   0  (0.1255,0.0000)  (-0.0855,0.0000)  (1.0000,-0.0000)
  0.347686    -1.07988   0  (0.7293,0.0000)  (-0.7376,0.0000)  (-1.0000,-0.0000)
  0.407169    -1.01011   0  (0.3557,0.0000)  (0.7189,0.0000)  (1.0000,0.0000)
  0.454562   -0.968997   0  (0.1650,0.0000)  (0.3570,0.0000)  (1.0000,-0.0000)
   0.48028    -1.12318   0  (0.4948,-0.0000)  (0.8001,0.0000)  (-1.0000,-0.0000)
   0.48791   -0.946598   0  (0.5418,0.0000)  (-0.7902,-0.0000)  (1.0000,-0.0000)
  0.515649   -0.891729   0  (0.3707,0.0000)  (-0.2705,-0.0000)  (1.0000,0.0000)
  0.560012   -0.946281   0  (0.7165,0.0000)  (0.5495,0.0000)  (1.0000,0.0000)
  0.957594    -1.22657   0  (0.2781,0.0000)  (0.9427,0.0000)  (1.0000,0.0000)
Spin Up
  -20.4615    -27.2323   1  (0.6528,-0.0000)  (1.0000,-0.0000)  (1.0000,0.0000)
  -1.67439    -5.49392   1  (0.7345,-0.0000)  (0.9985,-0.0000)  (1.0000,0.0000)
 -0.996656    -4.82824   1  (0.9567,0.0000)  (-0.9699,-0.0000)  (1.0000,0.0000)
 -0.611316    -4.19948   1  (-0.6724,0.0000)  (0.9716,0.0000)  (1.0000,0.0000)
  -0.51955    -4.09897   1  (0.9911,0.0000)  (1.0000,0.0000)  (-1.0000,0.0000)
  0.107949   -0.777951   0  (0.2251,-0.0000)  (0.1819,0.0000)  (1.0000,0.0000)
  0.129911   -0.794138   0  (0.8321,0.0000)  (0.7138,-0.0000)  (1.0000,0.0000)
  0.232517   -0.946635   0  (0.9465,-0.0000)  (0.9995,-0.0000)  (-1.0000,0.0000)
   0.24459   -0.807595   0  (0.2692,-0.0000)  (-0.0647,-0.0000)  (1.0000,-0.0000)
  0.258085   -0.849702   0  (0.4096,-0.0000)  (0.2618,-0.0000)  (1.0000,-0.0000)
  0.304465   -0.913488   0  (0.2422,-0.0000)  (0.7398,-0.0000)  (1.0000,-0.0000)
  0.358897    -1.04495   0  (0.1255,-0.0000)  (-0.0855,-0.0000)  (1.0000,0.0000)
  0.447686    -1.02988   0  (0.7293,0.0000)  (-0.7376,0.0000)  (-1.0000,0.0000)
  0.507169   -0.960108   0  (0.3557,0.0000)  (0.7189,-0.0000)  (1.0000,0.0000)
  0.554562   -0.918997   0  (0.1650,-0.0000)  (0.3570,-0.0000)  (1.0000,-0.0000)
   0.58028    -1.07318   0  (0.4948,0.0000)  (0.8001,-0.0000)  (-1.0000,-0.0000)
   0.58791   -0.896598   0  (0.5418,-0.0000)  (-0.7902,0.0000)  (1.0000,-0.0000)
  0.615649   -0.841729   0  (0.3707,-0.0000)  (-0.2705,-0.0000)  (1.0000,-0.0000)
  0.660012   -0.896281   0  (0.7165,-0.0000)  (0.5495,-0.0000)  (1.0000,-0.0000)
   1.05759    -1.17657   0  (0.2781,0.0000)  (0.9427,0.0000)  (1.0000,0.0000)


Properties:
-----------
Spin-projection on field: <sigma_B> = <2 S_B> = -1.598721155460225e-14
Spin-projection squared: <sigma_B> = <4 S_B^2> = 8.881784197001252e-15
Total spin: <sigma^2> = <4 S^2> = -8.881784197001252e-15 = 4 * -2.220446049250313e-15 * (-2.220446049250313e-15 + 1)
Total spin quantum number: s = -2.220446049250313e-15


(SCF) Traces of the SCF 1-electron density matrix with simple operators
(SCF) Mechanical/kinetic momentum:
(SCF)     <PIx> = -7.524072823607104e-14
(SCF)     <PIy> = -0.0008207819222145423
(SCF)     <PIz> = -3.432396977428486e-15
(SCF)     B x pi = (0, 3.432396977428486e-16, -8.207819222145423e-05)
(SCF) Angular momentum w.r.t. gauge origin (0, 0, 0.1173):
(SCF)     <Lx> = 0.438675516554342
(SCF)     <Ly> = -1.961480556604017e-14
(SCF)     <Lz> = 3.91001929890891e-15
(SCF) Coordinate derivative contribution to angular momentum w.r.t. C = (0, 0, 0.1173):
(SCF)     <Lcoord_x> = -0.02651541053465745
(SCF)     <Lcoord_y> = -2.453773308259457e-14
(SCF)     <Lcoord_z> = 8.858870196000472e-15
(SCF) Dipole moment:
(SCF)     <x> = -1.35010419696847e-13
(SCF)     <y> = -8.353947393525825e-15
(SCF)     <z> = 0.6399234690368912
(SCF) Nuclear dipole moment:
(SCF)     <X> = 0
(SCF)     <Y> = 0
(SCF)     <Z> = 0
(SCF) Total dipole moment: (1.35010419696847e-13, 8.353947393525825e-15, -0.6399234690368912)
(SCF) Coordinate derivative contribution to angular momentum w.r.t. center of charge (-1.35010419696847e-14, -8.353947393525824e-16, 0.06399234690368913):
(SCF)     <Lambda_x> = -0.025050803637362
(SCF)     <Lambda_y> = -2.854863972211691e-14
(SCF)     <Lambda_z> = 8.487934353941554e-15
(SCF) Electronic quadrupole moments w.r.t. center of electronic charge at (-1.35010419696847e-14, -8.353947393525824e-16, 0.06399234690368913):
(SCF)         x         y          z
(SCF) x: 4.697107310418215  -9.845855033108535e-14  9.177992932424703e-14
(SCF) y: -9.845855033108535e-14  4.65316807077827  -6.444610882464961e-14
(SCF) z: 9.177992932424703e-14  -6.444610882464961e-14  4.62223341221535
(SCF) Magnetic quadrupole moments w.r.t. C = (0, 0, 0):
(SCF)         x         y          z
(SCF) Jx: 2.334735652518665e-15  -8.782400412762699e-16  -0.03293439027143741
(SCF) Jy: -8.075846997906824e-15  -2.071310924689933e-16  -3.72455479783638e-14
(SCF) Jz: 0.009471305898945931  -3.804655408212622e-15  -2.127604560049673e-15
(SCF) Anapole moment w.r.t. C = (0, 0, 0):
(SCF)     a_x = 3.344089257015117e-14
(SCF)     a_y = -0.04240569617038334
(SCF)     a_z = -7.197606956630555e-15
(SCF) Hellmann-Feynman forces:
(SCF) H-F force on H at pos = (0, 0.7572, -0.4692):   F = (-8.934842626196506e-15, 4.746887122809538, -3.434289641880597)
(SCF) H-F force on H at pos = (0, -0.7572, -0.4692):   F = (5.56511036403257e-15, -4.74688712280951, -3.434289641880583)
(SCF) H-F force on O at pos = (0, 0, 0.1173):   F = (2.800037246615962e-13, -8.179954012510808e-16, 6.401576205196028)
(SCF) Total H-F force on center of mass:   Ftot = (2.766339923994323e-13, 2.67155356094528e-14, -0.4670030785651527)
(SCF) Scaling pressure w.r.t. center of charge:   11.19221277060161
(SCF) Total H-F torque w.r.t. center of charge: (4.059180870919512e-15, 2.302808503691568e-14, 1.097936440420158e-14)
(SCF) Nuclear shielding integrals:
(SCF) H at C = (0, 0.7572, -0.4692):
(SCF)    <Lx/|r - C|^3> = 0.1166498403983918
(SCF)    <Ly/|r - C|^3> = 1.54569644254545e-14
(SCF)    <Lz/|r - C|^3> = -8.174312367545155e-14
(SCF) H at C = (0, -0.7572, -0.4692):
(SCF)    <Lx/|r - C|^3> = 0.1166498403983871
(SCF)    <Ly/|r - C|^3> = -4.395494473219166e-14
(SCF)    <Lz/|r - C|^3> = 8.944028325024744e-14
(SCF) O at C = (0, 0, 0.1173):
(SCF)    <Lx/|r - C|^3> = 0.806021651206552
(SCF)    <Ly/|r - C|^3> = 1.134189014652422e-12
(SCF)    <Lz/|r - C|^3> = -3.543887918915858e-13
 
MULLIKEN POPULATION ANALYSIS FOR SUM OF SPIN UP AND SPIN DOWN DENSITY MATRIX

(SCF) Mulliken decomposition of traces of SCF 1-electron density matrix with simple operators

(SCF) Mulliken populations:
(SCF) Nucleus #1 (H):  0.2802649816480913   [narrow def.],   0.8489506769197434   [wide def.]
(SCF) Nucleus #2 (H):  0.2802649816517476   [narrow def.],   0.848950676939896   [wide def.]
(SCF) Nucleus #3 (O):  7.357520795693815   [narrow def.],   8.302098646140358   [wide def.]

(SCF) Total mechanical momentum: <pi> = (-7.524072823607109e-14, -0.0008207819222145211, -3.434917747479516e-15)

(SCF) Mulliken momenta:
(SCF) Nucleus #1 (H):  (-4.46551686988493e-14, -0.001286593105507362, 0.00236592292526281)   [narrow def.],   (-3.731203437194863e-13, 0.009916876745413998, 0.004608924032500737)   [wide def.]
(SCF) Nucleus #2 (H):  (-2.180614411921472e-15, -0.001286593105971745, -0.002365922925209691)   [narrow def.],   (-6.22124694739072e-14, 0.009916876743810438, -0.004608924032014205)   [wide def.]
(SCF) Nucleus #3 (O):  (7.159684853778795e-13, -0.02328749959406454, -9.207427953149534e-13)   [narrow def.],   (3.600920849573222e-13, -0.02065453541143901, -4.899730794705182e-13)   [wide def.]

(SCF) Mulliken bond momenta:
(SCF) Nucleus #1 (H):  Nuc. #2  (-1.631031483103271e-14, 0.009886987759039021, 1.322121328071199e-15); Nuc. #3  (-3.121548601896043e-13, 0.001316482091882339, 0.002243001107236605) 
(SCF) Nucleus #2 (H):  Nuc. #1  (-1.631031483103273e-14, 0.009886987759039017, 1.326513428543319e-15); Nuc. #3  (-4.3721540230953e-14, 0.001316482090743166, -0.002243001106805841) 
(SCF) Nucleus #3 (O):  Nuc. #1  (-3.121548601896044e-13, 0.001316482091882332, 0.002243001107236601); Nuc. #2  (-4.372154023095291e-14, 0.001316482090743193, -0.002243001106805831) 
 
MULLIKEN POPULATION ANALYSIS FOR SPIN DOWN DENSITY MATRIX:

(SCF) Mulliken decomposition of traces of SCF 1-electron density matrix with simple operators

(SCF) Mulliken populations:
(SCF) Nucleus #1 (H):  0.140132490824297   [narrow def.],   0.4244753384599643   [wide def.]
(SCF) Nucleus #2 (H):  0.1401324908257967   [narrow def.],   0.4244753384698196   [wide def.]
(SCF) Nucleus #3 (O):  3.678760397847133   [narrow def.],   4.151049323070212   [wide def.]

(SCF) Total mechanical momentum: <pi> = (-2.362851500157179e-14, -0.0004103909614980849, -2.10516391670205e-15)

(SCF) Mulliken momenta:
(SCF) Nucleus #1 (H):  (-3.562018644246011e-14, -0.0006432965527629206, 0.001182961462627937)   [narrow def.],   (-2.795525820872029e-13, 0.004958438372915061, 0.002304462016346371)   [wide def.]
(SCF) Nucleus #2 (H):  (1.747208618489085e-16, -0.0006432965530110908, -0.001182961462600202)   [narrow def.],   (5.021202563414591e-15, 0.004958438372054134, -0.002304462016120221)   [wide def.]
(SCF) Nucleus #3 (O):  (4.649098109804508e-13, -0.01164374979798194, -4.357211611202391e-13)   [narrow def.],   (2.509028645222162e-13, -0.0103272677064673, -2.282510118412073e-13)   [wide def.]

(SCF) Mulliken bond momenta:
(SCF) Nucleus #1 (H):  Nuc. #2  (-1.253948374247137e-14, 0.004943493879614285, -4.526697653508822e-15); Nuc. #3  (-2.313929119022714e-13, 0.0006582410460636959, 0.00112150055372296) 
(SCF) Nucleus #2 (H):  Nuc. #1  (-1.253948374247139e-14, 0.00494349387961428, -4.52587210258142e-15); Nuc. #3  (1.738596544403707e-14, 0.0006582410454509448, -0.001121500553515494) 
(SCF) Nucleus #3 (O):  Nuc. #1  (-2.313929119022717e-13, 0.0006582410460636944, 0.001121500553722967); Nuc. #2  (1.738596544403711e-14, 0.0006582410454509511, -0.001121500553515497) 
 
MULLIKEN POPULATION ANALYSIS FOR SPIN UP DENSITY MATRIX:

(SCF) Mulliken decomposition of traces of SCF 1-electron density matrix with simple operators

(SCF) Mulliken populations:
(SCF) Nucleus #1 (H):  0.1401324908237941   [narrow def.],   0.4244753384597785   [wide def.]
(SCF) Nucleus #2 (H):  0.140132490825951   [narrow def.],   0.4244753384700763   [wide def.]
(SCF) Nucleus #3 (O):  3.678760397846677   [narrow def.],   4.151049323070142   [wide def.]

(SCF) Total mechanical momentum: <pi> = (-5.161221323449889e-14, -0.0004103909607164239, -1.33869849870047e-15)

(SCF) Mulliken momenta:
(SCF) Nucleus #1 (H):  (-9.034982256389192e-15, -0.000643296552744442, 0.001182961462634872)   [narrow def.],   (-9.356776163228322e-14, 0.004958438372498935, 0.002304462016154367)   [wide def.]
(SCF) Nucleus #2 (H):  (-2.35533527377038e-15, -0.0006432965529606536, -0.001182961462609489)   [narrow def.],   (-6.723367203732183e-14, 0.004958438371756317, -0.002304462015893981)   [wide def.]
(SCF) Nucleus #3 (O):  (2.510586743974286e-13, -0.01164374979608256, -4.850216341947158e-13)   [narrow def.],   (1.091892204351059e-13, -0.01032726770497169, -2.617242360336558e-13)   [wide def.]

(SCF) Mulliken bond momenta:
(SCF) Nucleus #1 (H):  Nuc. #2  (-3.77083108856133e-15, 0.004943493879424736, 5.848761383339608e-15); Nuc. #3  (-8.076194828733269e-14, 0.0006582410458186414, 0.001121500553513645) 
(SCF) Nucleus #2 (H):  Nuc. #1  (-3.770831088561344e-15, 0.004943493879424735, 5.852482092880726e-15); Nuc. #3  (-6.11075056749901e-14, 0.0006582410452922368, -0.001121500553290344) 
(SCF) Nucleus #3 (O):  Nuc. #1  (-8.076194828733272e-14, 0.0006582410458186363, 0.001121500553513631); Nuc. #2  (-6.110750567499004e-14, 0.000658241045292243, -0.001121500553290334) 
 

Orbital symmetry properties for SCF:
                          Inversion           Rot180X           Rot180Y           Rot180Z            ReflXY            ReflXZ            ReflYZ
  can.orb. [Down] 0   (0.6528,-0.0000)   (0.6528,-0.0000)   (0.6528,0.0000)   (1.0000,0.0000)   (0.6528,0.0000)   (1.0000,0.0000)   (1.0000,0.0000) 
  can.orb. [Down] 1   (0.7330,-0.0000)   (0.7330,-0.0000)   (0.7345,0.0000)   (0.9985,-0.0000)   (0.7345,0.0000)   (0.9985,-0.0000)   (1.0000,-0.0000) 
  can.orb. [Down] 2   (-0.9685,-0.0000)   (-0.9685,-0.0000)   (0.9567,-0.0000)   (-0.9699,-0.0000)   (0.9567,-0.0000)   (-0.9699,-0.0000)   (1.0000,-0.0000) 
  can.orb. [Down] 3   (-0.6999,-0.0000)   (-0.6999,-0.0000)   (-0.6724,0.0000)   (0.9716,-0.0000)   (-0.6724,0.0000)   (0.9716,-0.0000)   (1.0000,0.0000) 
  can.orb. [Down] 4   (-0.9911,0.0000)   (0.9911,-0.0000)   (-0.9911,0.0000)   (-1.0000,-0.0000)   (0.9911,-0.0000)   (1.0000,0.0000)   (-1.0000,-0.0000) 
  can.orb. [Down] 5   (-0.5153,-0.0000)   (-0.5153,-0.0000)   (0.2251,0.0000)   (0.1819,-0.0000)   (0.2251,0.0000)   (0.1819,-0.0000)   (1.0000,-0.0000) 
  can.orb. [Down] 6   (0.6112,0.0000)   (0.6112,0.0000)   (0.8321,-0.0000)   (0.7138,-0.0000)   (0.8321,-0.0000)   (0.7138,-0.0000)   (1.0000,0.0000) 
  can.orb. [Down] 7   (-0.9468,0.0000)   (0.9468,-0.0000)   (-0.9465,0.0000)   (-0.9995,-0.0000)   (0.9465,-0.0000)   (0.9995,0.0000)   (-1.0000,0.0000) 
  can.orb. [Down] 8   (-0.4449,0.0000)   (-0.4449,0.0000)   (0.2692,0.0000)   (-0.0647,0.0000)   (0.2692,0.0000)   (-0.0647,0.0000)   (1.0000,0.0000) 
  can.orb. [Down] 9   (-0.2375,0.0000)   (-0.2375,0.0000)   (0.4096,-0.0000)   (0.2618,0.0000)   (0.4096,-0.0000)   (0.2618,0.0000)   (1.0000,0.0000) 
  can.orb. [Down] 10   (0.1849,0.0000)   (0.1849,0.0000)   (0.2422,0.0000)   (0.7398,0.0000)   (0.2422,0.0000)   (0.7398,0.0000)   (1.0000,0.0000) 
  can.orb. [Down] 11   (0.3629,-0.0000)   (0.3629,-0.0000)   (0.1255,-0.0000)   (-0.0855,-0.0000)   (0.1255,-0.0000)   (-0.0855,-0.0000)   (1.0000,0.0000) 
  can.orb. [Down] 12   (0.8396,-0.0000)   (-0.8396,0.0000)   (-0.7293,-0.0000)   (0.7376,-0.0000)   (0.7293,0.0000)   (-0.7376,0.0000)   (-1.0000,-0.0000) 
  can.orb. [Down] 13   (0.3982,-0.0000)   (0.3982,-0.0000)   (0.3557,-0.0000)   (0.7189,-0.0000)   (0.3557,-0.0000)   (0.7189,-0.0000)   (1.0000,-0.0000) 
  can.orb. [Down] 14   (0.0077,0.0000)   (0.0077,0.0000)   (0.1650,0.0000)   (0.3570,-0.0000)   (0.1650,0.0000)   (0.3570,-0.0000)   (1.0000,0.0000) 
  can.orb. [Down] 15   (-0.3434,0.0000)   (0.3434,-0.0000)   (-0.4948,0.0000)   (-0.8001,0.0000)   (0.4948,-0.0000)   (0.8001,-0.0000)   (-1.0000,-0.0000) 
  can.orb. [Down] 16   (-0.5136,0.0000)   (-0.5136,0.0000)   (0.5418,-0.0000)   (-0.7902,0.0000)   (0.5418,-0.0000)   (-0.7902,0.0000)   (1.0000,0.0000) 
  can.orb. [Down] 17   (-0.1535,0.0000)   (-0.1535,0.0000)   (0.3707,0.0000)   (-0.2705,-0.0000)   (0.3707,0.0000)   (-0.2705,-0.0000)   (1.0000,-0.0000) 
  can.orb. [Down] 18   (0.6480,0.0000)   (0.6480,0.0000)   (0.7165,0.0000)   (0.5495,-0.0000)   (0.7165,0.0000)   (0.5495,-0.0000)   (1.0000,-0.0000) 
  can.orb. [Down] 19   (0.2715,-0.0000)   (0.2715,-0.0000)   (0.2781,0.0000)   (0.9427,-0.0000)   (0.2781,0.0000)   (0.9427,-0.0000)   (1.0000,-0.0000) 



Orbital properties for SCF:
                           Lcoord_x          Lcoord_y          Lcoord_z               x^2               y^2               z^2
  can.orb. [Down] 0   (-0.0000,0.0000)   (-0.0000,0.0000)   (0.0000,-0.0000)   (0.0179,0.0000)   (0.0179,0.0000)   (0.0314,-0.0000) 
  can.orb. [Down] 1   (-0.0216,0.0000)   (0.0000,-0.0000)   (-0.0000,-0.0000)   (0.3498,0.0000)   (0.4925,-0.0000)   (0.4217,0.0000) 
  can.orb. [Down] 2   (-0.2027,0.0000)   (-0.0000,0.0000)   (0.0000,-0.0000)   (0.2641,0.0000)   (0.8970,0.0000)   (0.3132,-0.0000) 
  can.orb. [Down] 3   (0.2114,-0.0000)   (-0.0000,-0.0000)   (-0.0000,0.0000)   (0.4590,0.0000)   (0.4756,0.0000)   (1.1329,-0.0000) 
  can.orb. [Down] 4   (-0.0004,-0.0000)   (0.0000,0.0000)   (0.0000,-0.0000)   (1.2578,-0.0000)   (0.4435,-0.0000)   (0.4324,0.0000) 
  can.orb. [Down] 5   (-0.8429,0.0000)   (-0.0000,-0.0000)   (0.0000,0.0000)   (10.3077,-0.0000)   (17.6039,-0.0000)   (19.0996,-0.0000) 
  can.orb. [Down] 6   (-0.2300,0.0000)   (-0.0000,-0.0000)   (0.0000,-0.0000)   (12.7747,-0.0000)   (18.6059,0.0000)   (12.5029,-0.0000) 
  can.orb. [Down] 7   (-0.0027,-0.0000)   (-0.0000,0.0000)   (-0.0000,0.0000)   (15.6943,-0.0000)   (4.7962,-0.0000)   (5.2218,0.0000) 
  can.orb. [Down] 8   (-0.9902,0.0000)   (0.0000,-0.0000)   (0.0000,0.0000)   (8.7438,0.0000)   (16.4800,-0.0000)   (17.1241,0.0000) 
  can.orb. [Down] 9   (0.5537,0.0000)   (0.0000,0.0000)   (0.0000,-0.0000)   (8.5128,0.0000)   (13.3154,-0.0000)   (11.1765,0.0000) 
  can.orb. [Down] 10   (0.0196,-0.0000)   (0.0000,0.0000)   (-0.0000,-0.0000)   (7.5745,0.0000)   (9.2563,0.0000)   (12.5872,-0.0000) 
  can.orb. [Down] 11   (-1.6345,0.0000)   (-0.0000,0.0000)   (0.0000,-0.0000)   (3.8052,0.0000)   (9.5179,0.0000)   (7.0920,-0.0000) 
  can.orb. [Down] 12   (-0.6136,0.0000)   (0.0000,0.0000)   (0.0000,0.0000)   (5.9745,-0.0000)   (5.7764,0.0000)   (2.6516,-0.0000) 
  can.orb. [Down] 13   (0.1321,-0.0000)   (0.0000,0.0000)   (-0.0000,0.0000)   (6.1160,-0.0000)   (6.4939,-0.0000)   (5.4317,0.0000) 
  can.orb. [Down] 14   (0.7638,0.0000)   (-0.0000,-0.0000)   (-0.0000,0.0000)   (3.4879,0.0000)   (7.2215,0.0000)   (7.5688,-0.0000) 
  can.orb. [Down] 15   (0.2498,-0.0000)   (-0.0000,-0.0000)   (-0.0000,-0.0000)   (8.4257,0.0000)   (3.6498,-0.0000)   (3.8291,-0.0000) 
  can.orb. [Down] 16   (-0.1208,0.0000)   (-0.0000,0.0000)   (0.0000,-0.0000)   (3.9804,-0.0000)   (10.8848,0.0000)   (6.5714,-0.0000) 
  can.orb. [Down] 17   (-1.1345,-0.0000)   (-0.0000,-0.0000)   (-0.0000,0.0000)   (4.6326,0.0000)   (8.0156,0.0000)   (5.5326,0.0000) 
  can.orb. [Down] 18   (0.1545,-0.0000)   (0.0000,0.0000)   (0.0000,0.0000)   (6.4697,-0.0000)   (6.4827,-0.0000)   (7.3171,-0.0000) 
  can.orb. [Down] 19   (0.0868,-0.0000)   (0.0000,-0.0000)   (0.0000,-0.0000)   (2.0501,0.0000)   (1.8436,-0.0000)   (4.8815,0.0000) 



Orbital symmetry properties for SCF:
                          Inversion           Rot180X           Rot180Y           Rot180Z            ReflXY            ReflXZ            ReflYZ
  can.orb. [ Up ] 0   (0.6528,-0.0000)   (0.6528,-0.0000)   (0.6528,-0.0000)   (1.0000,0.0000)   (0.6528,-0.0000)   (1.0000,0.0000)   (1.0000,0.0000) 
  can.orb. [ Up ] 1   (0.7330,0.0000)   (0.7330,0.0000)   (0.7345,-0.0000)   (0.9985,-0.0000)   (0.7345,-0.0000)   (0.9985,-0.0000)   (1.0000,0.0000) 
  can.orb. [ Up ] 2   (-0.9685,0.0000)   (-0.9685,0.0000)   (0.9567,0.0000)   (-0.9699,-0.0000)   (0.9567,0.0000)   (-0.9699,-0.0000)   (1.0000,-0.0000) 
  can.orb. [ Up ] 3   (-0.6999,0.0000)   (-0.6999,0.0000)   (-0.6724,0.0000)   (0.9716,-0.0000)   (-0.6724,0.0000)   (0.9716,-0.0000)   (1.0000,-0.0000) 
  can.orb. [ Up ] 4   (-0.9911,0.0000)   (0.9911,-0.0000)   (-0.9911,0.0000)   (-1.0000,0.0000)   (0.9911,-0.0000)   (1.0000,-0.0000)   (-1.0000,0.0000) 
  can.orb. [ Up ] 5   (-0.5153,0.0000)   (-0.5153,0.0000)   (0.2251,-0.0000)   (0.1819,-0.0000)   (0.2251,-0.0000)   (0.1819,-0.0000)   (1.0000,-0.0000) 
  can.orb. [ Up ] 6   (0.6112,-0.0000)   (0.6112,-0.0000)   (0.8321,-0.0000)   (0.7138,0.0000)   (0.8321,-0.0000)   (0.7138,0.0000)   (1.0000,0.0000) 
  can.orb. [ Up ] 7   (-0.9468,0.0000)   (0.9468,-0.0000)   (-0.9465,0.0000)   (-0.9995,-0.0000)   (0.9465,-0.0000)   (0.9995,0.0000)   (-1.0000,0.0000) 
  can.orb. [ Up ] 8   (-0.4449,-0.0000)   (-0.4449,-0.0000)   (0.2692,-0.0000)   (-0.0647,-0.0000)   (0.2692,-0.0000)   (-0.0647,-0.0000)   (1.0000,0.0000) 
  can.orb. [ Up ] 9   (-0.2375,-0.0000)   (-0.2375,-0.0000)   (0.4096,-0.0000)   (0.2618,-0.0000)   (0.4096,-0.0000)   (0.2618,-0.0000)   (1.0000,-0.0000) 
  can.orb. [ Up ] 10   (0.1849,-0.0000)   (0.1849,-0.0000)   (0.2422,0.0000)   (0.7398,-0.0000)   (0.2422,0.0000)   (0.7398,-0.0000)   (1.0000,-0.0000) 
  can.orb. [ Up ] 11   (0.3629,-0.0000)   (0.3629,-0.0000)   (0.1255,0.0000)   (-0.0855,-0.0000)   (0.1255,0.0000)   (-0.0855,-0.0000)   (1.0000,0.0000) 
  can.orb. [ Up ] 12   (0.8396,0.0000)   (-0.8396,-0.0000)   (-0.7293,0.0000)   (0.7376,-0.0000)   (0.7293,-0.0000)   (-0.7376,0.0000)   (-1.0000,-0.0000) 
  can.orb. [ Up ] 13   (0.3982,-0.0000)   (0.3982,-0.0000)   (0.3557,-0.0000)   (0.7189,0.0000)   (0.3557,-0.0000)   (0.7189,0.0000)   (1.0000,-0.0000) 
  can.orb. [ Up ] 14   (0.0077,-0.0000)   (0.0077,-0.0000)   (0.1650,0.0000)   (0.3570,-0.0000)   (0.1650,0.0000)   (0.3570,-0.0000)   (1.0000,-0.0000) 
  can.orb. [ Up ] 15   (-0.3434,0.0000)   (0.3434,-0.0000)   (-0.4948,-0.0000)   (-0.8001,0.0000)   (0.4948,0.0000)   (0.8001,-0.0000)   (-1.0000,-0.0000) 
  can.orb. [ Up ] 16   (-0.5136,-0.0000)   (-0.5136,-0.0000)   (0.5418,-0.0000)   (-0.7902,-0.0000)   (0.5418,-0.0000)   (-0.7902,-0.0000)   (1.0000,-0.0000) 
  can.orb. [ Up ] 17   (-0.1535,-0.0000)   (-0.1535,-0.0000)   (0.3707,-0.0000)   (-0.2705,-0.0000)   (0.3707,-0.0000)   (-0.2705,-0.0000)   (1.0000,-0.0000) 
  can.orb. [ Up ] 18   (0.6480,0.0000)   (0.6480,0.0000)   (0.7165,-0.0000)   (0.5495,-0.0000)   (0.7165,-0.0000)   (0.5495,-0.0000)   (1.0000,-0.0000) 
  can.orb. [ Up ] 19   (0.2715,0.0000)   (0.2715,0.0000)   (0.2781,-0.0000)   (0.9427,0.0000)   (0.2781,-0.0000)   (0.9427,0.0000)   (1.0000,0.0000) 



Orbital properties for SCF:
                           Lcoord_x          Lcoord_y          Lcoord_z               x^2               y^2               z^2
  can.orb. [ Up ] 0   (-0.0000,-0.0000)   (-0.0000,0.0000)   (0.0000,-0.0000)   (0.0179,0.0000)   (0.0179,-0.0000)   (0.0314,0.0000) 
  can.orb. [ Up ] 1   (-0.0216,-0.0000)   (-0.0000,-0.0000)   (0.0000,0.0000)   (0.3498,-0.0000)   (0.4925,-0.0000)   (0.4217,-0.0000) 
  can.orb. [ Up ] 2   (-0.2027,0.0000)   (-0.0000,-0.0000)   (0.0000,-0.0000)   (0.2641,0.0000)   (0.8970,-0.0000)   (0.3132,0.0000) 
  can.orb. [ Up ] 3   (0.2114,-0.0000)   (-0.0000,0.0000)   (-0.0000,0.0000)   (0.4590,-0.0000)   (0.4756,-0.0000)   (1.1329,-0.0000) 
  can.orb. [ Up ] 4   (-0.0004,0.0000)   (0.0000,0.0000)   (0.0000,0.0000)   (1.2578,-0.0000)   (0.4435,0.0000)   (0.4324,-0.0000) 
  can.orb. [ Up ] 5   (-0.8429,-0.0000)   (0.0000,0.0000)   (-0.0000,-0.0000)   (10.3077,-0.0000)   (17.6039,-0.0000)   (19.0996,-0.0000) 
  can.orb. [ Up ] 6   (-0.2300,0.0000)   (-0.0000,0.0000)   (0.0000,-0.0000)   (12.7747,-0.0000)   (18.6059,-0.0000)   (12.5029,0.0000) 
  can.orb. [ Up ] 7   (-0.0027,-0.0000)   (-0.0000,-0.0000)   (0.0000,-0.0000)   (15.6943,0.0000)   (4.7962,-0.0000)   (5.2218,-0.0000) 
  can.orb. [ Up ] 8   (-0.9902,-0.0000)   (0.0000,0.0000)   (-0.0000,0.0000)   (8.7438,0.0000)   (16.4800,0.0000)   (17.1241,0.0000) 
  can.orb. [ Up ] 9   (0.5537,-0.0000)   (-0.0000,0.0000)   (-0.0000,0.0000)   (8.5128,0.0000)   (13.3154,0.0000)   (11.1765,0.0000) 
  can.orb. [ Up ] 10   (0.0196,0.0000)   (-0.0000,0.0000)   (-0.0000,-0.0000)   (7.5745,-0.0000)   (9.2563,-0.0000)   (12.5872,0.0000) 
  can.orb. [ Up ] 11   (-1.6345,0.0000)   (-0.0000,0.0000)   (-0.0000,0.0000)   (3.8052,-0.0000)   (9.5179,0.0000)   (7.0920,0.0000) 
  can.orb. [ Up ] 12   (-0.6136,-0.0000)   (0.0000,-0.0000)   (0.0000,-0.0000)   (5.9745,0.0000)   (5.7764,-0.0000)   (2.6516,0.0000) 
  can.orb. [ Up ] 13   (0.1321,0.0000)   (-0.0000,0.0000)   (0.0000,-0.0000)   (6.1160,0.0000)   (6.4939,-0.0000)   (5.4317,0.0000) 
  can.orb. [ Up ] 14   (0.7638,-0.0000)   (0.0000,-0.0000)   (0.0000,-0.0000)   (3.4879,-0.0000)   (7.2215,0.0000)   (7.5688,-0.0000) 
  can.orb. [ Up ] 15   (0.2498,-0.0000)   (-0.0000,0.0000)   (0.0000,-0.0000)   (8.4257,-0.0000)   (3.6498,0.0000)   (3.8291,0.0000) 
  can.orb. [ Up ] 16   (-0.1208,-0.0000)   (0.0000,-0.0000)   (-0.0000,0.0000)   (3.9804,0.0000)   (10.8848,-0.0000)   (6.5714,0.0000) 
  can.orb. [ Up ] 17   (-1.1345,-0.0000)   (-0.0000,-0.0000)   (-0.0000,-0.0000)   (4.6326,0.0000)   (8.0156,-0.0000)   (5.5326,-0.0000) 
  can.orb. [ Up ] 18   (0.1545,-0.0000)   (-0.0000,0.0000)   (-0.0000,-0.0000)   (6.4697,-0.0000)   (6.4827,-0.0000)   (7.3171,-0.0000) 
  can.orb. [ Up ] 19   (0.0868,0.0000)   (0.0000,-0.0000)   (0.0000,-0.0000)   (2.0501,-0.0000)   (1.8436,-0.0000)   (4.8815,-0.0000) 


RSP: done run scf2
Number of alpha MOs = 5
Number of beta  MOs = 5


RSP: Hartree-Fock orbitals have been obtained. 
RSP: Hartree-Fock final energy = -74.5901846214857
Entering response module
No. of electrons: (10.00000000000018,1.282409907373134e-13)
DevINFO: screened away 360 out of 231601 symmetry unique quadruples ABCD.
Recomputed final SCF electronic energy (-91.95588664588783,3.980060109244043e-13) (-49.02688124938206,3.980285980132086e-13) (42.92900539650577,2.258708880431009e-17)
unit_vectors():   MO Single-transition excitations in total.
Constructing start guesses for RPA-solver using the 100 lowest ones.
(No spin mixing allowed for UHF excitation operator)
(spin down)5 <- 4 : 0.627499248749477
(spin down)6 <- 4 : 0.6494613942861268
(spin down)5 <- 3 : 0.7192655960562091
(spin down)6 <- 3 : 0.7412277415928589
(spin down)7 <- 4 : 0.752067175175869
(spin down)8 <- 4 : 0.7641398136152012
(spin down)9 <- 4 : 0.7776346690900638
(spin down)10 <- 4 : 0.8240149307127241
(spin down)7 <- 3 : 0.843833522482601
(spin down)8 <- 3 : 0.8559061609219333
(spin down)9 <- 3 : 0.8694010163967959
(spin down)11 <- 4 : 0.878447369285243
(spin down)10 <- 3 : 0.9157812780194562
(spin down)12 <- 4 : 0.9672357816382604
(spin down)11 <- 3 : 0.9702137165919751
(spin down)13 <- 4 : 1.026718583112176
(spin down)12 <- 3 : 1.059002128944992
(spin down)14 <- 4 : 1.074111508917393
(spin down)15 <- 4 : 1.099830306697893
(spin down)5 <- 2 : 1.104605798104419
(spin down)16 <- 4 : 1.107459800060882
(spin down)13 <- 3 : 1.118484930418908
(spin down)6 <- 2 : 1.126567943641069
(spin down)17 <- 4 : 1.135199043071768
(spin down)14 <- 3 : 1.165877856224125
(spin down)18 <- 4 : 1.179562016072445
(spin down)15 <- 3 : 1.191596654004625
(spin down)16 <- 3 : 1.199226147367614
(spin down)17 <- 3 : 1.2269653903785
(spin down)7 <- 2 : 1.229173724530811
(spin down)8 <- 2 : 1.241246362970143
(spin down)9 <- 2 : 1.254741218445006
(spin down)18 <- 3 : 1.271328363379177
(spin down)10 <- 2 : 1.301121480067666
(spin down)11 <- 2 : 1.355553918640185
(spin down)12 <- 2 : 1.444342330993202
(spin down)13 <- 2 : 1.503825132467118
(spin down)14 <- 2 : 1.551218058272335
(spin down)15 <- 2 : 1.576936856052835
(spin down)19 <- 4 : 1.577143443349168
(spin down)16 <- 2 : 1.584566349415824
(spin down)20 <- 4 : 1.604693404668331
(spin down)17 <- 2 : 1.61230559242671
(spin down)21 <- 4 : 1.65496063575433
(spin down)18 <- 2 : 1.656668565427387
(spin down)19 <- 3 : 1.668909790655901
(spin down)20 <- 3 : 1.696459751975063
(spin down)21 <- 3 : 1.746726983061062
(spin down)22 <- 4 : 1.752796195909118
(spin down)23 <- 4 : 1.768942052311471
(spin down)5 <- 1 : 1.782341824522159
(spin down)6 <- 1 : 1.804303970058809
(spin down)24 <- 4 : 1.829357602097142
(spin down)22 <- 3 : 1.84456254321585
(spin down)23 <- 3 : 1.860708399618203
(spin down)25 <- 4 : 1.866588636823382
(spin down)7 <- 1 : 1.906909750948552
(spin down)8 <- 1 : 1.918982389387884
(spin down)24 <- 3 : 1.921123949403874
(spin down)9 <- 1 : 1.932477244862746
(spin down)25 <- 3 : 1.958354984130114
(spin down)10 <- 1 : 1.978857506485407
(spin down)26 <- 4 : 1.983079742887076
(spin down)11 <- 1 : 2.033289945057926
(spin down)19 <- 2 : 2.05424999270411
(spin down)26 <- 3 : 2.074846090193808
(spin down)20 <- 2 : 2.081799954023273
(spin down)27 <- 4 : 2.092958447946634
(spin down)12 <- 1 : 2.122078357410943
(spin down)21 <- 2 : 2.132067185109272
(spin down)13 <- 1 : 2.181561158884858
(spin down)27 <- 3 : 2.184724795253366
(spin down)14 <- 1 : 2.228954084690075
(spin down)22 <- 2 : 2.22990274526406
(spin down)23 <- 2 : 2.246048601666414
(spin down)15 <- 1 : 2.254672882470576
(spin down)16 <- 1 : 2.262302375833564
(spin down)17 <- 1 : 2.29004161884445
(spin down)24 <- 2 : 2.306464151452085
(spin down)18 <- 1 : 2.334404591845128
(spin down)25 <- 2 : 2.343695186178325
(spin down)26 <- 2 : 2.460186292242018
(spin down)28 <- 4 : 2.506692370261241
(spin down)27 <- 2 : 2.570064997301576
(spin down)28 <- 3 : 2.598458717567973
(spin down)29 <- 4 : 2.668015169016472
(spin down)19 <- 1 : 2.731986019121851
(spin down)20 <- 1 : 2.759535980441013
(spin down)29 <- 3 : 2.759781516323204
(spin down)21 <- 1 : 2.809803211527012
(spin down)22 <- 1 : 2.907638771681801
(spin down)23 <- 1 : 2.923784628084154
(spin down)28 <- 2 : 2.983798919616183
(spin down)24 <- 1 : 2.984200177869825
(spin down)30 <- 4 : 2.992833777961744
(spin down)25 <- 1 : 3.021431212596065
(spin down)30 <- 3 : 3.084600125268476
(spin down)26 <- 1 : 3.137922318659759
(spin down)29 <- 2 : 3.145121718371414
(spin down)31 <- 4 : 3.194196693042036
(spin up)5 <- 4 : 0.6274992487495605
(spin up)6 <- 4 : 0.6494613942857479
(spin up)5 <- 3 : 0.7192655960580947
(spin up)6 <- 3 : 0.7412277415942821
(spin up)7 <- 4 : 0.7520671751757344
(spin up)8 <- 4 : 0.7641398136148765
(spin up)9 <- 4 : 0.7776346690905982
(spin up)10 <- 4 : 0.8240149307126292
(spin up)7 <- 3 : 0.8438335224842686
(spin up)8 <- 3 : 0.8559061609234107
(spin up)9 <- 3 : 0.8694010163991324
(spin up)11 <- 4 : 0.8784473692850412
(spin up)10 <- 3 : 0.9157812780211634
(spin up)12 <- 4 : 0.9672357816381225
(spin up)11 <- 3 : 0.9702137165935754
(spin up)13 <- 4 : 1.026718583111796
(spin up)12 <- 3 : 1.059002128946657
(spin up)14 <- 4 : 1.074111508916618
(spin up)15 <- 4 : 1.099830306697791
(spin up)5 <- 2 : 1.104605798103273
(spin up)16 <- 4 : 1.107459800060301
(spin up)13 <- 3 : 1.11848493042033
(spin up)6 <- 2 : 1.12656794363946
(spin up)17 <- 4 : 1.135199043069893
(spin up)14 <- 3 : 1.165877856225152
(spin up)18 <- 4 : 1.179562016071985
(spin up)15 <- 3 : 1.191596654006325
(spin up)16 <- 3 : 1.199226147368835
(spin up)17 <- 3 : 1.226965390378427
(spin up)7 <- 2 : 1.229173724529447
(spin up)8 <- 2 : 1.241246362968589
(spin up)9 <- 2 : 1.254741218444311
(spin up)18 <- 3 : 1.271328363380519
(spin up)10 <- 2 : 1.301121480066342
(spin up)11 <- 2 : 1.355553918638754
(spin up)12 <- 2 : 1.444342330991835
(spin up)13 <- 2 : 1.503825132465508
(spin up)14 <- 2 : 1.55121805827033
(spin up)15 <- 2 : 1.576936856051504
(spin up)19 <- 4 : 1.577143443348787
(spin up)16 <- 2 : 1.584566349414013
(spin up)20 <- 4 : 1.604693404668212
(spin up)17 <- 2 : 1.612305592423606
(spin up)21 <- 4 : 1.65496063575407
(spin up)18 <- 2 : 1.656668565425698
(spin up)19 <- 3 : 1.668909790657321
(spin up)20 <- 3 : 1.696459751976746
(spin up)21 <- 3 : 1.746726983062604
(spin up)22 <- 4 : 1.752796195908067
(spin up)23 <- 4 : 1.768942052311378
(spin up)5 <- 1 : 1.782341824524355
(spin up)6 <- 1 : 1.804303970060542
(spin up)24 <- 4 : 1.829357602096444
(spin up)22 <- 3 : 1.844562543216601
(spin up)23 <- 3 : 1.860708399619912
(spin up)25 <- 4 : 1.866588636821066
(spin up)7 <- 1 : 1.906909750950528
(spin up)8 <- 1 : 1.91898238938967
(spin up)24 <- 3 : 1.921123949404978
(spin up)9 <- 1 : 1.932477244865392
(spin up)25 <- 3 : 1.9583549841296
(spin up)10 <- 1 : 1.978857506487423
(spin up)26 <- 4 : 1.983079742887965
(spin up)11 <- 1 : 2.033289945059835
(spin up)19 <- 2 : 2.054249992702499
(spin up)26 <- 3 : 2.074846090196499
(spin up)20 <- 2 : 2.081799954021924
(spin up)27 <- 4 : 2.092958447946463
(spin up)12 <- 1 : 2.122078357412916
(spin up)21 <- 2 : 2.132067185107783
(spin up)13 <- 1 : 2.18156115888659
(spin up)27 <- 3 : 2.184724795254998
(spin up)14 <- 1 : 2.228954084691412
(spin up)22 <- 2 : 2.229902745261779
(spin up)23 <- 2 : 2.24604860166509
(spin up)15 <- 1 : 2.254672882472585
(spin up)16 <- 1 : 2.262302375835095
(spin up)17 <- 1 : 2.290041618844687
(spin up)24 <- 2 : 2.306464151450156
(spin up)18 <- 1 : 2.334404591846779
(spin up)25 <- 2 : 2.343695186174778
(spin up)26 <- 2 : 2.460186292241678
(spin up)28 <- 4 : 2.506692370260885
(spin up)27 <- 2 : 2.570064997300176
(spin up)28 <- 3 : 2.598458717569419
(spin up)29 <- 4 : 2.668015169016148
(spin up)19 <- 1 : 2.731986019123581
(spin up)20 <- 1 : 2.759535980443006
(spin up)29 <- 3 : 2.759781516324683
(spin up)21 <- 1 : 2.809803211528864
(spin up)22 <- 1 : 2.907638771682861
(spin up)23 <- 1 : 2.923784628086172
(spin up)28 <- 2 : 2.983798919614598
(spin up)24 <- 1 : 2.984200177871238
(spin up)30 <- 4 : 2.992833777961602
(spin up)25 <- 1 : 3.02143121259586
(spin up)30 <- 3 : 3.084600125270136
(spin up)26 <- 1 : 3.137922318662759
(spin up)29 <- 2 : 3.145121718369861
(spin up)31 <- 4 : 3.194196693041913
Made 200 starting vectors 
DevINFO: screened away 28593 out of 231601 symmetry unique quadruples ABCD.
DevINFO: screened away 28147 out of 231601 symmetry unique quadruples ABCD.
DevINFO: screened away 1026 out of 231601 symmetry unique quadruples ABCD.
DevINFO: screened away 986 out of 231601 symmetry unique quadruples ABCD.
DevINFO: screened away 112584 out of 231601 symmetry unique quadruples ABCD.
DevINFO: screened away 25639 out of 231601 symmetry unique quadruples ABCD.
DevINFO: screened away 26080 out of 231601 symmetry unique quadruples ABCD.
DevINFO: screened away 26554 out of 231601 symmetry unique quadruples ABCD.
DevINFO: screened away 28166 out of 231601 symmetry unique quadruples ABCD.
DevINFO: screened away 802 out of 231601 symmetry unique quadruples ABCD.
DevINFO: screened away 823 out of 231601 symmetry unique quadruples ABCD.
DevINFO: screened away 26008 out of 231601 symmetry unique quadruples ABCD.
DevINFO: screened away 806 out of 231601 symmetry unique quadruples ABCD.
DevINFO: screened away 109959 out of 231601 symmetry unique quadruples ABCD.
DevINFO: screened away 825 out of 231601 symmetry unique quadruples ABCD.
DevINFO: screened away 25559 out of 231601 symmetry unique quadruples ABCD.
DevINFO: screened away 28229 out of 231601 symmetry unique quadruples ABCD.
DevINFO: screened away 24954 out of 231601 symmetry unique quadruples ABCD.
DevINFO: screened away 106988 out of 231601 symmetry unique quadruples ABCD.
DevINFO: screened away 1046 out of 231601 symmetry unique quadruples ABCD.
DevINFO: screened away 25778 out of 231601 symmetry unique quadruples ABCD.
DevINFO: screened away 807 out of 231601 symmetry unique quadruples ABCD.
DevINFO: screened away 952 out of 231601 symmetry unique quadruples ABCD.
DevINFO: screened away 24172 out of 231601 symmetry unique quadruples ABCD.
DevINFO: screened away 772 out of 231601 symmetry unique quadruples ABCD.
DevINFO: screened away 24087 out of 231601 symmetry unique quadruples ABCD.
DevINFO: screened away 26728 out of 231601 symmetry unique quadruples ABCD.
DevINFO: screened away 733 out of 231601 symmetry unique quadruples ABCD.
DevINFO: screened away 711 out of 231601 symmetry unique quadruples ABCD.
DevINFO: screened away 29493 out of 231601 symmetry unique quadruples ABCD.
DevINFO: screened away 874 out of 231601 symmetry unique quadruples ABCD.
DevINFO: screened away 839 out of 231601 symmetry unique quadruples ABCD.
DevINFO: screened away 658 out of 231601 symmetry unique quadruples ABCD.
DevINFO: screened away 800 out of 231601 symmetry unique quadruples ABCD.
DevINFO: screened away 849 out of 231601 symmetry unique quadruples ABCD.
DevINFO: screened away 29511 out of 231601 symmetry unique quadruples ABCD.
DevINFO: screened away 868 out of 231601 symmetry unique quadruples ABCD.
DevINFO: screened away 877 out of 231601 symmetry unique quadruples ABCD.
DevINFO: screened away 28166 out of 231601 symmetry unique quadruples ABCD.
DevINFO: screened away 24229 out of 231601 symmetry unique quadruples ABCD.
DevINFO: screened away 862 out of 231601 symmetry unique quadruples ABCD.
DevINFO: screened away 112447 out of 231601 symmetry unique quadruples ABCD.
DevINFO: screened away 749 out of 231601 symmetry unique quadruples ABCD.
DevINFO: screened away 24785 out of 231601 symmetry unique quadruples ABCD.
DevINFO: screened away 654 out of 231601 symmetry unique quadruples ABCD.
DevINFO: screened away 672 out of 231601 symmetry unique quadruples ABCD.
DevINFO: screened away 30437 out of 231601 symmetry unique quadruples ABCD.
DevINFO: screened away 692 out of 231601 symmetry unique quadruples ABCD.
DevINFO: screened away 23802 out of 231601 symmetry unique quadruples ABCD.
DevINFO: screened away 103999 out of 231601 symmetry unique quadruples ABCD.
DevINFO: screened away 829 out of 231601 symmetry unique quadruples ABCD.
DevINFO: screened away 816 out of 231601 symmetry unique quadruples ABCD.
DevINFO: screened away 24220 out of 231601 symmetry unique quadruples ABCD.
DevINFO: screened away 692 out of 231601 symmetry unique quadruples ABCD.
DevINFO: screened away 24124 out of 231601 symmetry unique quadruples ABCD.
DevINFO: screened away 23412 out of 231601 symmetry unique quadruples ABCD.
DevINFO: screened away 25962 out of 231601 symmetry unique quadruples ABCD.
DevINFO: screened away 662 out of 231601 symmetry unique quadruples ABCD.
DevINFO: screened away 626 out of 231601 symmetry unique quadruples ABCD.
DevINFO: screened away 652 out of 231601 symmetry unique quadruples ABCD.
DevINFO: screened away 597 out of 231601 symmetry unique quadruples ABCD.
DevINFO: screened away 668 out of 231601 symmetry unique quadruples ABCD.
DevINFO: screened away 23861 out of 231601 symmetry unique quadruples ABCD.
DevINFO: screened away 662 out of 231601 symmetry unique quadruples ABCD.
DevINFO: screened away 706 out of 231601 symmetry unique quadruples ABCD.
DevINFO: screened away 532 out of 231601 symmetry unique quadruples ABCD.
DevINFO: screened away 31455 out of 231601 symmetry unique quadruples ABCD.
DevINFO: screened away 103580 out of 231601 symmetry unique quadruples ABCD.
DevINFO: screened away 26106 out of 231601 symmetry unique quadruples ABCD.
DevINFO: screened away 736 out of 231601 symmetry unique quadruples ABCD.
DevINFO: screened away 645 out of 231601 symmetry unique quadruples ABCD.
DevINFO: screened away 27633 out of 231601 symmetry unique quadruples ABCD.
DevINFO: screened away 609 out of 231601 symmetry unique quadruples ABCD.
DevINFO: screened away 753 out of 231601 symmetry unique quadruples ABCD.
DevINFO: screened away 25579 out of 231601 symmetry unique quadruples ABCD.
DevINFO: screened away 24537 out of 231601 symmetry unique quadruples ABCD.
DevINFO: screened away 521 out of 231601 symmetry unique quadruples ABCD.
DevINFO: screened away 596 out of 231601 symmetry unique quadruples ABCD.
DevINFO: screened away 799 out of 231601 symmetry unique quadruples ABCD.
DevINFO: screened away 534 out of 231601 symmetry unique quadruples ABCD.
DevINFO: screened away 703 out of 231601 symmetry unique quadruples ABCD.
DevINFO: screened away 550 out of 231601 symmetry unique quadruples ABCD.
DevINFO: screened away 24433 out of 231601 symmetry unique quadruples ABCD.
DevINFO: screened away 29001 out of 231601 symmetry unique quadruples ABCD.
DevINFO: screened away 648 out of 231601 symmetry unique quadruples ABCD.
DevINFO: screened away 24847 out of 231601 symmetry unique quadruples ABCD.
DevINFO: screened away 503 out of 231601 symmetry unique quadruples ABCD.
DevINFO: screened away 28144 out of 231601 symmetry unique quadruples ABCD.
DevINFO: screened away 593 out of 231601 symmetry unique quadruples ABCD.
DevINFO: screened away 524 out of 231601 symmetry unique quadruples ABCD.
DevINFO: screened away 513 out of 231601 symmetry unique quadruples ABCD.
DevINFO: screened away 21935 out of 231601 symmetry unique quadruples ABCD.
DevINFO: screened away 782 out of 231601 symmetry unique quadruples ABCD.
DevINFO: screened away 486 out of 231601 symmetry unique quadruples ABCD.
DevINFO: screened away 104201 out of 231601 symmetry unique quadruples ABCD.
DevINFO: screened away 430 out of 231601 symmetry unique quadruples ABCD.
DevINFO: screened away 26238 out of 231601 symmetry unique quadruples ABCD.
DevINFO: screened away 448 out of 231601 symmetry unique quadruples ABCD.
DevINFO: screened away 749 out of 231601 symmetry unique quadruples ABCD.
DevINFO: screened away 25971 out of 231601 symmetry unique quadruples ABCD.
DevINFO: screened away 27518 out of 231601 symmetry unique quadruples ABCD.
DevINFO: screened away 27023 out of 231601 symmetry unique quadruples ABCD.
DevINFO: screened away 1026 out of 231601 symmetry unique quadruples ABCD.
DevINFO: screened away 986 out of 231601 symmetry unique quadruples ABCD.
DevINFO: screened away 105328 out of 231601 symmetry unique quadruples ABCD.
DevINFO: screened away 24429 out of 231601 symmetry unique quadruples ABCD.
DevINFO: screened away 24859 out of 231601 symmetry unique quadruples ABCD.
DevINFO: screened away 25406 out of 231601 symmetry unique quadruples ABCD.
DevINFO: screened away 24435 out of 231601 symmetry unique quadruples ABCD.
DevINFO: screened away 802 out of 231601 symmetry unique quadruples ABCD.
DevINFO: screened away 823 out of 231601 symmetry unique quadruples ABCD.
DevINFO: screened away 24608 out of 231601 symmetry unique quadruples ABCD.
DevINFO: screened away 806 out of 231601 symmetry unique quadruples ABCD.
DevINFO: screened away 107504 out of 231601 symmetry unique quadruples ABCD.
DevINFO: screened away 825 out of 231601 symmetry unique quadruples ABCD.
DevINFO: screened away 24373 out of 231601 symmetry unique quadruples ABCD.
DevINFO: screened away 28050 out of 231601 symmetry unique quadruples ABCD.
DevINFO: screened away 23863 out of 231601 symmetry unique quadruples ABCD.
DevINFO: screened away 102919 out of 231601 symmetry unique quadruples ABCD.
DevINFO: screened away 1046 out of 231601 symmetry unique quadruples ABCD.
DevINFO: screened away 24629 out of 231601 symmetry unique quadruples ABCD.
DevINFO: screened away 807 out of 231601 symmetry unique quadruples ABCD.
DevINFO: screened away 952 out of 231601 symmetry unique quadruples ABCD.
DevINFO: screened away 23116 out of 231601 symmetry unique quadruples ABCD.
DevINFO: screened away 772 out of 231601 symmetry unique quadruples ABCD.
DevINFO: screened away 22847 out of 231601 symmetry unique quadruples ABCD.
DevINFO: screened away 24965 out of 231601 symmetry unique quadruples ABCD.
DevINFO: screened away 733 out of 231601 symmetry unique quadruples ABCD.
DevINFO: screened away 711 out of 231601 symmetry unique quadruples ABCD.
DevINFO: screened away 26094 out of 231601 symmetry unique quadruples ABCD.
DevINFO: screened away 874 out of 231601 symmetry unique quadruples ABCD.
DevINFO: screened away 839 out of 231601 symmetry unique quadruples ABCD.
DevINFO: screened away 658 out of 231601 symmetry unique quadruples ABCD.
DevINFO: screened away 800 out of 231601 symmetry unique quadruples ABCD.
DevINFO: screened away 849 out of 231601 symmetry unique quadruples ABCD.
DevINFO: screened away 29406 out of 231601 symmetry unique quadruples ABCD.
DevINFO: screened away 868 out of 231601 symmetry unique quadruples ABCD.
DevINFO: screened away 877 out of 231601 symmetry unique quadruples ABCD.
DevINFO: screened away 26490 out of 231601 symmetry unique quadruples ABCD.
DevINFO: screened away 23063 out of 231601 symmetry unique quadruples ABCD.
DevINFO: screened away 862 out of 231601 symmetry unique quadruples ABCD.
DevINFO: screened away 106755 out of 231601 symmetry unique quadruples ABCD.
DevINFO: screened away 749 out of 231601 symmetry unique quadruples ABCD.
DevINFO: screened away 23452 out of 231601 symmetry unique quadruples ABCD.
DevINFO: screened away 654 out of 231601 symmetry unique quadruples ABCD.
DevINFO: screened away 672 out of 231601 symmetry unique quadruples ABCD.
DevINFO: screened away 26361 out of 231601 symmetry unique quadruples ABCD.
DevINFO: screened away 692 out of 231601 symmetry unique quadruples ABCD.
DevINFO: screened away 22599 out of 231601 symmetry unique quadruples ABCD.
DevINFO: screened away 102009 out of 231601 symmetry unique quadruples ABCD.
DevINFO: screened away 829 out of 231601 symmetry unique quadruples ABCD.
DevINFO: screened away 816 out of 231601 symmetry unique quadruples ABCD.
DevINFO: screened away 23089 out of 231601 symmetry unique quadruples ABCD.
DevINFO: screened away 692 out of 231601 symmetry unique quadruples ABCD.
DevINFO: screened away 24141 out of 231601 symmetry unique quadruples ABCD.
DevINFO: screened away 22262 out of 231601 symmetry unique quadruples ABCD.
DevINFO: screened away 22354 out of 231601 symmetry unique quadruples ABCD.
DevINFO: screened away 662 out of 231601 symmetry unique quadruples ABCD.
DevINFO: screened away 626 out of 231601 symmetry unique quadruples ABCD.
DevINFO: screened away 652 out of 231601 symmetry unique quadruples ABCD.
DevINFO: screened away 597 out of 231601 symmetry unique quadruples ABCD.
DevINFO: screened away 668 out of 231601 symmetry unique quadruples ABCD.
DevINFO: screened away 22697 out of 231601 symmetry unique quadruples ABCD.
DevINFO: screened away 662 out of 231601 symmetry unique quadruples ABCD.
DevINFO: screened away 706 out of 231601 symmetry unique quadruples ABCD.
DevINFO: screened away 532 out of 231601 symmetry unique quadruples ABCD.
DevINFO: screened away 27982 out of 231601 symmetry unique quadruples ABCD.
DevINFO: screened away 100339 out of 231601 symmetry unique quadruples ABCD.
DevINFO: screened away 26009 out of 231601 symmetry unique quadruples ABCD.
DevINFO: screened away 736 out of 231601 symmetry unique quadruples ABCD.
DevINFO: screened away 645 out of 231601 symmetry unique quadruples ABCD.
DevINFO: screened away 28303 out of 231601 symmetry unique quadruples ABCD.
DevINFO: screened away 609 out of 231601 symmetry unique quadruples ABCD.
DevINFO: screened away 753 out of 231601 symmetry unique quadruples ABCD.
DevINFO: screened away 25571 out of 231601 symmetry unique quadruples ABCD.
DevINFO: screened away 22914 out of 231601 symmetry unique quadruples ABCD.
DevINFO: screened away 521 out of 231601 symmetry unique quadruples ABCD.
DevINFO: screened away 596 out of 231601 symmetry unique quadruples ABCD.
DevINFO: screened away 799 out of 231601 symmetry unique quadruples ABCD.
DevINFO: screened away 534 out of 231601 symmetry unique quadruples ABCD.
DevINFO: screened away 703 out of 231601 symmetry unique quadruples ABCD.
DevINFO: screened away 550 out of 231601 symmetry unique quadruples ABCD.
DevINFO: screened away 23309 out of 231601 symmetry unique quadruples ABCD.
DevINFO: screened away 29605 out of 231601 symmetry unique quadruples ABCD.
DevINFO: screened away 648 out of 231601 symmetry unique quadruples ABCD.
DevINFO: screened away 23638 out of 231601 symmetry unique quadruples ABCD.
DevINFO: screened away 503 out of 231601 symmetry unique quadruples ABCD.
DevINFO: screened away 24321 out of 231601 symmetry unique quadruples ABCD.
DevINFO: screened away 593 out of 231601 symmetry unique quadruples ABCD.
DevINFO: screened away 524 out of 231601 symmetry unique quadruples ABCD.
DevINFO: screened away 513 out of 231601 symmetry unique quadruples ABCD.
DevINFO: screened away 21886 out of 231601 symmetry unique quadruples ABCD.
DevINFO: screened away 782 out of 231601 symmetry unique quadruples ABCD.
DevINFO: screened away 486 out of 231601 symmetry unique quadruples ABCD.
DevINFO: screened away 102465 out of 231601 symmetry unique quadruples ABCD.
DevINFO: screened away 430 out of 231601 symmetry unique quadruples ABCD.
DevINFO: screened away 26134 out of 231601 symmetry unique quadruples ABCD.
DevINFO: screened away 448 out of 231601 symmetry unique quadruples ABCD.
DevINFO: screened away 749 out of 231601 symmetry unique quadruples ABCD.
DevINFO: screened away 24808 out of 231601 symmetry unique quadruples ABCD.
The Davidson solver is about to start.
-------
Davidson step #0, 400 RPA trial vectors already in subspace.
DevINFO: screened away 7590 out of 231601 symmetry unique quadruples ABCD.
DevINFO: screened away 7407 out of 231601 symmetry unique quadruples ABCD.
DevINFO: screened away 9097 out of 231601 symmetry unique quadruples ABCD.
DevINFO: screened away 7468 out of 231601 symmetry unique quadruples ABCD.
DevINFO: screened away 402 out of 231601 symmetry unique quadruples ABCD.
DevINFO: screened away 352 out of 231601 symmetry unique quadruples ABCD.
-------
Davidson step #1, 412 RPA trial vectors already in subspace.
DevINFO: screened away 2754 out of 231601 symmetry unique quadruples ABCD.
DevINFO: screened away 2589 out of 231601 symmetry unique quadruples ABCD.
DevINFO: screened away 2894 out of 231601 symmetry unique quadruples ABCD.
DevINFO: screened away 2293 out of 231601 symmetry unique quadruples ABCD.
DevINFO: screened away 62 out of 231601 symmetry unique quadruples ABCD.
DevINFO: screened away 33 out of 231601 symmetry unique quadruples ABCD.
-------
Davidson step #2, 424 RPA trial vectors already in subspace.
DevINFO: screened away 1017 out of 231601 symmetry unique quadruples ABCD.
DevINFO: screened away 828 out of 231601 symmetry unique quadruples ABCD.
DevINFO: screened away 717 out of 231601 symmetry unique quadruples ABCD.
DevINFO: screened away 497 out of 231601 symmetry unique quadruples ABCD.
DevINFO: screened away 87 out of 231601 symmetry unique quadruples ABCD.
DevINFO: screened away 52 out of 231601 symmetry unique quadruples ABCD.
-------
Davidson step #3, 436 RPA trial vectors already in subspace.
DevINFO: screened away 328 out of 231601 symmetry unique quadruples ABCD.
DevINFO: screened away 237 out of 231601 symmetry unique quadruples ABCD.
DevINFO: screened away 277 out of 231601 symmetry unique quadruples ABCD.
DevINFO: screened away 192 out of 231601 symmetry unique quadruples ABCD.
DevINFO: screened away 122 out of 231601 symmetry unique quadruples ABCD.
DevINFO: screened away 96 out of 231601 symmetry unique quadruples ABCD.
-------
Davidson step #4, 448 RPA trial vectors already in subspace.
DevINFO: screened away 95 out of 231601 symmetry unique quadruples ABCD.
DevINFO: screened away 77 out of 231601 symmetry unique quadruples ABCD.
DevINFO: screened away 81 out of 231601 symmetry unique quadruples ABCD.
DevINFO: screened away 98 out of 231601 symmetry unique quadruples ABCD.
DevINFO: screened away 109 out of 231601 symmetry unique quadruples ABCD.
DevINFO: screened away 97 out of 231601 symmetry unique quadruples ABCD.
-------
Davidson step #5, 460 RPA trial vectors already in subspace.
DevINFO: screened away 42 out of 231601 symmetry unique quadruples ABCD.
DevINFO: screened away 45 out of 231601 symmetry unique quadruples ABCD.
DevINFO: screened away 69 out of 231601 symmetry unique quadruples ABCD.
DevINFO: screened away 131 out of 231601 symmetry unique quadruples ABCD.
DevINFO: screened away 49 out of 231601 symmetry unique quadruples ABCD.
DevINFO: screened away 46 out of 231601 symmetry unique quadruples ABCD.
-------
Davidson step #6, 472 RPA trial vectors already in subspace.
DevINFO: screened away 19 out of 231601 symmetry unique quadruples ABCD.
DevINFO: screened away 32 out of 231601 symmetry unique quadruples ABCD.
DevINFO: screened away 45 out of 231601 symmetry unique quadruples ABCD.
DevINFO: screened away 37 out of 231601 symmetry unique quadruples ABCD.
DevINFO: screened away 46 out of 231601 symmetry unique quadruples ABCD.
DevINFO: screened away 74 out of 231601 symmetry unique quadruples ABCD.
-------
Davidson step #7, 484 RPA trial vectors already in subspace.
DevINFO: screened away 26 out of 231601 symmetry unique quadruples ABCD.
DevINFO: screened away 23 out of 231601 symmetry unique quadruples ABCD.
DevINFO: screened away 43 out of 231601 symmetry unique quadruples ABCD.
DevINFO: screened away 60 out of 231601 symmetry unique quadruples ABCD.
DevINFO: screened away 81 out of 231601 symmetry unique quadruples ABCD.
DevINFO: screened away 92 out of 231601 symmetry unique quadruples ABCD.
-------
Davidson step #8, 496 RPA trial vectors already in subspace.
DevINFO: screened away 139 out of 231601 symmetry unique quadruples ABCD.
DevINFO: screened away 124 out of 231601 symmetry unique quadruples ABCD.
DevINFO: screened away 98 out of 231601 symmetry unique quadruples ABCD.
DevINFO: screened away 92 out of 231601 symmetry unique quadruples ABCD.
DevINFO: screened away 110 out of 231601 symmetry unique quadruples ABCD.
DevINFO: screened away 96 out of 231601 symmetry unique quadruples ABCD.
-------
Davidson step #9, 508 RPA trial vectors already in subspace.
DevINFO: screened away 80 out of 231601 symmetry unique quadruples ABCD.
DevINFO: screened away 79 out of 231601 symmetry unique quadruples ABCD.
DevINFO: screened away 71 out of 231601 symmetry unique quadruples ABCD.
DevINFO: screened away 84 out of 231601 symmetry unique quadruples ABCD.
DevINFO: screened away 124 out of 231601 symmetry unique quadruples ABCD.
DevINFO: screened away 154 out of 231601 symmetry unique quadruples ABCD.
-------
Davidson step #10, 520 RPA trial vectors already in subspace.
DevINFO: screened away 118 out of 231601 symmetry unique quadruples ABCD.
DevINFO: screened away 153 out of 231601 symmetry unique quadruples ABCD.
DevINFO: screened away 140 out of 231601 symmetry unique quadruples ABCD.
DevINFO: screened away 167 out of 231601 symmetry unique quadruples ABCD.
DevINFO: screened away 150 out of 231601 symmetry unique quadruples ABCD.
DevINFO: screened away 160 out of 231601 symmetry unique quadruples ABCD.
-------
Davidson step #11, 532 RPA trial vectors already in subspace.
DevINFO: screened away 187 out of 231601 symmetry unique quadruples ABCD.
DevINFO: screened away 151 out of 231601 symmetry unique quadruples ABCD.
DevINFO: screened away 173 out of 231601 symmetry unique quadruples ABCD.
DevINFO: screened away 150 out of 231601 symmetry unique quadruples ABCD.
DevINFO: screened away 196 out of 231601 symmetry unique quadruples ABCD.
DevINFO: screened away 202 out of 231601 symmetry unique quadruples ABCD.
-------
Davidson step #12, 544 RPA trial vectors already in subspace.
DevINFO: screened away 134 out of 231601 symmetry unique quadruples ABCD.
DevINFO: screened away 129 out of 231601 symmetry unique quadruples ABCD.
DevINFO: screened away 177 out of 231601 symmetry unique quadruples ABCD.
DevINFO: screened away 174 out of 231601 symmetry unique quadruples ABCD.
DevINFO: screened away 187 out of 231601 symmetry unique quadruples ABCD.
DevINFO: screened away 219 out of 231601 symmetry unique quadruples ABCD.
-------
Davidson step #13, 556 RPA trial vectors already in subspace.
DevINFO: screened away 179 out of 231601 symmetry unique quadruples ABCD.
DevINFO: screened away 193 out of 231601 symmetry unique quadruples ABCD.
DevINFO: screened away 193 out of 231601 symmetry unique quadruples ABCD.
DevINFO: screened away 239 out of 231601 symmetry unique quadruples ABCD.
DevINFO: screened away 202 out of 231601 symmetry unique quadruples ABCD.
DevINFO: screened away 196 out of 231601 symmetry unique quadruples ABCD.
-------
Davidson step #14, 568 RPA trial vectors already in subspace.
DevINFO: screened away 204 out of 231601 symmetry unique quadruples ABCD.
DevINFO: screened away 200 out of 231601 symmetry unique quadruples ABCD.
DevINFO: screened away 190 out of 231601 symmetry unique quadruples ABCD.
DevINFO: screened away 189 out of 231601 symmetry unique quadruples ABCD.
DevINFO: screened away 185 out of 231601 symmetry unique quadruples ABCD.
DevINFO: screened away 192 out of 231601 symmetry unique quadruples ABCD.
-------
Davidson step #15, 580 RPA trial vectors already in subspace.
DevINFO: screened away 194 out of 231601 symmetry unique quadruples ABCD.
DevINFO: screened away 198 out of 231601 symmetry unique quadruples ABCD.
DevINFO: screened away 202 out of 231601 symmetry unique quadruples ABCD.
DevINFO: screened away 211 out of 231601 symmetry unique quadruples ABCD.
DevINFO: screened away 207 out of 231601 symmetry unique quadruples ABCD.
DevINFO: screened away 191 out of 231601 symmetry unique quadruples ABCD.
-------
Davidson step #16, 592 RPA trial vectors already in subspace.
DevINFO: screened away 186 out of 231601 symmetry unique quadruples ABCD.
DevINFO: screened away 192 out of 231601 symmetry unique quadruples ABCD.
DevINFO: screened away 208 out of 231601 symmetry unique quadruples ABCD.
DevINFO: screened away 188 out of 231601 symmetry unique quadruples ABCD.
DevINFO: screened away 198 out of 231601 symmetry unique quadruples ABCD.
DevINFO: screened away 205 out of 231601 symmetry unique quadruples ABCD.
-------
Davidson step #17, 604 RPA trial vectors already in subspace.
DevINFO: screened away 210 out of 231601 symmetry unique quadruples ABCD.
DevINFO: screened away 212 out of 231601 symmetry unique quadruples ABCD.
DevINFO: screened away 191 out of 231601 symmetry unique quadruples ABCD.
DevINFO: screened away 209 out of 231601 symmetry unique quadruples ABCD.
DevINFO: screened away 211 out of 231601 symmetry unique quadruples ABCD.
DevINFO: screened away 193 out of 231601 symmetry unique quadruples ABCD.
-------
Davidson step #18, 616 RPA trial vectors already in subspace.
DevINFO: screened away 210 out of 231601 symmetry unique quadruples ABCD.
DevINFO: screened away 219 out of 231601 symmetry unique quadruples ABCD.
DevINFO: screened away 215 out of 231601 symmetry unique quadruples ABCD.
DevINFO: screened away 221 out of 231601 symmetry unique quadruples ABCD.
DevINFO: screened away 217 out of 231601 symmetry unique quadruples ABCD.
DevINFO: screened away 196 out of 231601 symmetry unique quadruples ABCD.
-------
Davidson step #19, 628 RPA trial vectors already in subspace.
DevINFO: screened away 199 out of 231601 symmetry unique quadruples ABCD.
DevINFO: screened away 207 out of 231601 symmetry unique quadruples ABCD.
DevINFO: screened away 213 out of 231601 symmetry unique quadruples ABCD.
DevINFO: screened away 213 out of 231601 symmetry unique quadruples ABCD.
DevINFO: screened away 243 out of 231601 symmetry unique quadruples ABCD.
DevINFO: screened away 214 out of 231601 symmetry unique quadruples ABCD.
-------
Davidson step #20, 640 RPA trial vectors already in subspace.
DevINFO: screened away 262 out of 231601 symmetry unique quadruples ABCD.
DevINFO: screened away 244 out of 231601 symmetry unique quadruples ABCD.
DevINFO: screened away 249 out of 231601 symmetry unique quadruples ABCD.
DevINFO: screened away 225 out of 231601 symmetry unique quadruples ABCD.
DevINFO: screened away 266 out of 231601 symmetry unique quadruples ABCD.
DevINFO: screened away 245 out of 231601 symmetry unique quadruples ABCD.
-------
Davidson step #21, 652 RPA trial vectors already in subspace.
DevINFO: screened away 248 out of 231601 symmetry unique quadruples ABCD.
DevINFO: screened away 264 out of 231601 symmetry unique quadruples ABCD.
DevINFO: screened away 271 out of 231601 symmetry unique quadruples ABCD.
DevINFO: screened away 275 out of 231601 symmetry unique quadruples ABCD.
DevINFO: screened away 281 out of 231601 symmetry unique quadruples ABCD.
-------
Davidson step #22, 662 RPA trial vectors already in subspace.
DevINFO: screened away 227 out of 231601 symmetry unique quadruples ABCD.
DevINFO: screened away 245 out of 231601 symmetry unique quadruples ABCD.
DevINFO: screened away 247 out of 231601 symmetry unique quadruples ABCD.
-------
Davidson step #23, 668 RPA trial vectors already in subspace.
DevINFO: screened away 250 out of 231601 symmetry unique quadruples ABCD.
DevINFO: screened away 239 out of 231601 symmetry unique quadruples ABCD.
-------
Davidson step #24, 672 RPA trial vectors already in subspace.
DevINFO: screened away 234 out of 231601 symmetry unique quadruples ABCD.
DevINFO: screened away 247 out of 231601 symmetry unique quadruples ABCD.
-------
Davidson step #25, 676 RPA trial vectors already in subspace.
DevINFO: screened away 213 out of 231601 symmetry unique quadruples ABCD.
DevINFO: screened away 196 out of 231601 symmetry unique quadruples ABCD.
-------
Davidson step #26, 680 RPA trial vectors already in subspace.
DevINFO: screened away 204 out of 231601 symmetry unique quadruples ABCD.
DevINFO: screened away 193 out of 231601 symmetry unique quadruples ABCD.
-------
Davidson step #27, 684 RPA trial vectors already in subspace.
The Davidson solver converged to a solution. 28 iterations and 0 restarts were needed.
==============================================================================================================
The Final eigenvalues from the Davidson method
==============================================================================================================
(RSP) 	 Excitation Energy 	0.3983267350972488	0.4135907916512819	0.4474671189763554	0.4548588352123936	0.4768962433682948	0.5100229525777004	
==============================================================================================================
Root: 0	 with energy 0.3983267350972488
==============================================================================================================
5 Up <-- Up 4 C^2 :  0.2254194872995104 C : (0.2355897417646506,0.4122098505309835)
5 Down <-- Down 4 C^2 :  0.2254194875913546 C : (-0.2484339056376981,-0.4045986679673501)
6 Up <-- Up 4 C^2 :  0.1443877798575491 C : (-0.1885497091862813,-0.3299042088596597)
6 Down <-- Down 4 C^2 :  0.1443877796720291 C : (-0.1988292888443296,-0.3238127446066435)
==============================================================================================================
Root: 1	 with energy 0.4135907916512819
==============================================================================================================
5 Up <-- Up 4 C^2 :  0.2827177233130681 C : (0.3455008834037376,-0.4041619265595234)
5 Down <-- Down 4 C^2 :  0.282717723730147 C : (0.3326224600154346,-0.4148252919283348)
6 Up <-- Up 4 C^2 :  0.1136411688049987 C : (-0.2190486041167358,0.2562398833895858)
6 Down <-- Down 4 C^2 :  0.1136411695045244 C : (0.2108836465247586,-0.2630004888454494)
==============================================================================================================
Root: 2	 with energy 0.4474671189763554
==============================================================================================================
5 Up <-- Up 4 C^2 :  0.153302927588161 C : (-0.01180475579509444,0.3913611827056681)
5 Down <-- Down 4 C^2 :  0.1533029274868929 C : (-0.0005062041834681925,-0.3915388502361135)
6 Up <-- Up 4 C^2 :  0.23274150345643 C : (-0.01454516675484573,0.4822135850227613)
6 Down <-- Down 4 C^2 :  0.232741504192646 C : (0.0006237158707544719,0.4824324980462643)
==============================================================================================================
Root: 3	 with energy 0.4548588352123936
==============================================================================================================
5 Up <-- Up 4 C^2 :  0.1117763733487525 C : (-0.06486559283017869,0.3279768714643492)
5 Down <-- Down 4 C^2 :  0.111776373127097 C : (-0.05452131939602258,0.3298542084897721)
6 Up <-- Up 4 C^2 :  0.2942056939956378 C : (-0.1052361418495172,0.5321005999284972)
6 Down <-- Down 4 C^2 :  0.2942056947176024 C : (0.08845387996537545,-0.5351463405804752)
==============================================================================================================
Root: 4	 with energy 0.4768962433682948
==============================================================================================================
7 Up <-- Up 4 C^2 :  0.3365781577205489 C : (0.217474101045121,-0.5378505118480088)
7 Down <-- Down 4 C^2 :  0.3365781558421073 C : (0.2585542690549985,-0.5193532957395597)
==============================================================================================================
Root: 5	 with energy 0.5100229525777004
==============================================================================================================
5 Up <-- Up 3 C^2 :  0.1726832607301377 C : (0.4093759167804313,0.07137660324166986)
5 Down <-- Down 3 C^2 :  0.1726832887224597 C : (-0.4093759484483207,-0.07137661770143851)
6 Up <-- Up 3 C^2 :  0.1412373678902127 C : (-0.3702303130267739,-0.0645513997238588)
6 Down <-- Down 3 C^2 :  0.1412373882110544 C : (-0.3702303382638761,-0.064551412378584)
==============================================================================================================
==============================================================================================================
(RSP) Transition Dipole Moment, <1| coordinate |2>  |  Roots  |              Dipole Moment
==============================================================================================================
(RSP) Transition Dipole Moment, <1|x|2>             |    0    |     (-3.803051579608781e-06,2.032265078117996e-05)
(RSP) Transition Dipole Moment, <1|x|2>             |    1    |     (0.5158110857961669,-0.006107905016018366)
(RSP) Transition Dipole Moment, <1|x|2>             |    2    |     (1.673339146634729e-05,-5.008068969208517e-06)
(RSP) Transition Dipole Moment, <1|x|2>             |    3    |     (0.2299848699261308,-0.1327310613283035)
(RSP) Transition Dipole Moment, <1|x|2>             |    4    |     (2.181837587618601e-05,2.470809333016188e-05)
(RSP) Transition Dipole Moment, <1|x|2>             |    5    |     (1.275616575548925e-05,-1.442289773056942e-05)

(RSP) Transition Dipole Moment, <1|y|2>             |    0    |     (-1.327504966481918e-07,1.699317501955412e-09)
(RSP) Transition Dipole Moment, <1|y|2>             |    1    |     (3.009882456222451e-09,-4.334368789734379e-09)
(RSP) Transition Dipole Moment, <1|y|2>             |    2    |     (5.824314709897998e-08,1.092229083711116e-07)
(RSP) Transition Dipole Moment, <1|y|2>             |    3    |     (1.556483657618128e-08,3.706322850793504e-09)
(RSP) Transition Dipole Moment, <1|y|2>             |    4    |     (1.199379823556567e-07,5.891582898576666e-08)
(RSP) Transition Dipole Moment, <1|y|2>             |    5    |     (4.006573636778505e-08,6.265844168294763e-08)

(RSP) Transition Dipole Moment, <1|z|2>             |    0    |     (-1.861172093866863e-09,-6.497034359586078e-08)
(RSP) Transition Dipole Moment, <1|z|2>             |    1    |     (8.784947008931412e-08,1.004743504451781e-07)
(RSP) Transition Dipole Moment, <1|z|2>             |    2    |     (9.073238921558671e-08,1.459054473301189e-07)
(RSP) Transition Dipole Moment, <1|z|2>             |    3    |     (8.111079459052358e-08,1.635122907171012e-07)
(RSP) Transition Dipole Moment, <1|z|2>             |    4    |     (1.32041763983785e-07,-3.598095951505452e-07)
(RSP) Transition Dipole Moment, <1|z|2>             |    5    |     (1.626637042844131e-07,-7.133919577203507e-08)


==============================================================================================================
(RSP) Transition Moment, <1| pi_coordinate |2>      |  Roots  |              Dipole Moment
==============================================================================================================
(RSP) Transition Moment, <1|pi_x|2>                 |    0    |     (0.0004680072917108217,0.001316594106820554)
(RSP) Transition Moment, <1|pi_x|2>                 |    1    |     (-0.006169987597876569,-0.2203367737924719)
(RSP) Transition Moment, <1|pi_x|2>                 |    2    |     (3.795088067817236e-05,-0.0004060373166990671)
(RSP) Transition Moment, <1|pi_x|2>                 |    3    |     (-0.06051593907678173,-0.1030866193395215)
(RSP) Transition Moment, <1|pi_x|2>                 |    4    |     (0.0001923223604018786,-0.000175948639797654)
(RSP) Transition Moment, <1|pi_x|2>                 |    5    |     (0.0002305229822893379,-0.0001697012085170799)

(RSP) Transition Moment, <1|pi_y|2>                 |    0    |     (2.892795156178616e-07,-1.665622551572642e-06)
(RSP) Transition Moment, <1|pi_y|2>                 |    1    |     (-3.944568038574366e-07,-3.882103577020287e-07)
(RSP) Transition Moment, <1|pi_y|2>                 |    2    |     (-2.046575827485375e-06,-1.426689122552761e-07)
(RSP) Transition Moment, <1|pi_y|2>                 |    3    |     (-3.036081227862655e-07,-3.819270420377053e-07)
(RSP) Transition Moment, <1|pi_y|2>                 |    4    |     (-4.956538850268483e-07,2.72576261045877e-06)
(RSP) Transition Moment, <1|pi_y|2>                 |    5    |     (1.563085294250825e-06,1.176886502497238e-06)

(RSP) Transition Moment, <1|pi_z|2>                 |    0    |     (-1.83505697260439e-06,8.89409875006412e-07)
(RSP) Transition Moment, <1|pi_z|2>                 |    1    |     (-6.372244168936848e-08,1.029739771000951e-06)
(RSP) Transition Moment, <1|pi_z|2>                 |    2    |     (9.627176441892862e-07,-2.553419453048408e-07)
(RSP) Transition Moment, <1|pi_z|2>                 |    3    |     (2.737454391680282e-07,6.838697991804019e-07)
(RSP) Transition Moment, <1|pi_z|2>                 |    4    |     (-2.834477960432075e-06,-2.435727780730689e-06)
(RSP) Transition Moment, <1|pi_z|2>                 |    5    |     (2.365969533570896e-06,-1.46352626711883e-07)


==============================================================================================================
(RSP) Electric Dipole Oscillator Strength
(length gauge):            	1.135218412144677e-10	0.07337056051469941	9.10243542182889e-11	0.02138157202078159	3.454942096697045e-10	1.260697936258165e-10	
(magnetic-velocity gauge): 	3.26776606847236e-06	0.07831631911600374	2.477824860497711e-07	0.02094280520139052	9.501361856946234e-08	1.071177844708799e-07	
(mixed gauge):             	(9.678749539410687e-09,-1.665115385409009e-08)	(0.07579322415254879,0.001224501277500595)	(4.402846101631924e-09,-1.778950094095019e-09)	(0.02116047170723915,0.0001566359888146089)	(5.727878502752182e-09,1.003937287988403e-10)	(-7.734445638621426e-10,-3.59246947587549e-09)	

