
Running the London Hartree-Fock program at /home/sangita.sen/packages/london/london.x.
Founded by Erik Tellgren, Alessandro Soncini and Trygve Helgaker.
Programming by:
  Erik Tellgren (main programmer)
  Kai Kaarvann Lange
  Andrew M. Teale
  Ulf Ekstrom
  Stella Stopkowicz
  Jon H. Austad


Basis file /home/sangita.sen/packages/london/baslib/aug-cc-pVDZ opened for reading.
User input successfully read from file_z1.inp.

london-input{
  analysis{
    analysis-only = no
    xml-print-potential-basis-overlap = no
    xml-print-potential-basis-kinetic = no
    export-operators = no
    # decypher-density-matrix-file = binary-file, plain-text-file
    # density-matrix-binary-to-text = binary-input-file, text-output-file
    # density-matrix-text-to-binary = text-input-file, binary-output-file
    # density-matrix-for-plotting = filename
    # density-plot-data = {filename,(x0,y0,z0),(x1,y1,z1),(x2,y2,z2),(x3,y3,z3),(N1xN2xN3),precision=N,scolon={y/n},fields{rho,grad(rho),jp,j,A,B,rho2nu,rho2omega,tau_p,tau_pi,laplacian(rho),grad(rho)^2,jp^2,tau_tensor}}
    # streamline-data = {filename,(x0,y0,z0),(x1,y1,z1),(x2,y2,z2),(x3,y3,z3),(N1xN2xN3),precision=N,scolon={y/n},fields{rho,grad(rho),jp,j,A,B,rho2nu,rho2omega,tau_p,tau_pi,laplacian(rho),grad(rho)^2,jp^2,tau_tensor}}
    # vortexline-data = {filename,(x0,y0,z0),(x1,y1,z1),(x2,y2,z2),(x3,y3,z3),(N1xN2xN3),precision=N,scolon={y/n},fields{rho,grad(rho),jp,j,A,B,rho2nu,rho2omega,tau_p,tau_pi,laplacian(rho),grad(rho)^2,jp^2,tau_tensor}}
    # current-through-plane = {density_matrix_file,(x0,y0,z0),(x1,y1,z1),(x2,y2,z2),(x3,y3,z3),(N1xN2xN3),precision=N,scolon={y/n},fields{rho,grad(rho),jp,j,A,B,rho2nu,rho2omega,tau_p,tau_pi,laplacian(rho),grad(rho)^2,jp^2,tau_tensor}}
    # linearly-combine-density-matrices = file : 0.6 * infile1, 0.4 * infile2, ...
    # spin-rotate-2c-density-matrix = file : infile, angle_degrees, (ux, uy, uz)
    linear-dependence-tol = 1e-06
    # overlap-for-ci-state-files = file1, file2
  }

  scf{
    spin-symmetry-constraint = Unrestricted Hartree-Fock
    linear-dependence-tol = 1e-10
    uhf-spin-projection = 0
    disable-spin-zeeman-in-fock-matrix = no
    noisy-init-guess = no
    # density-matrix-input-file = 
    # density-matrix-output-file = 
    # density-plot-data = {filename,(x0,y0,z0),(x1,y1,z1),(x2,y2,z2),(x3,y3,z3),(N1xN2xN3),precision=N,scolon={y/n},fields{rho,grad(rho),jp,j,A,B,rho2nu,rho2omega,tau_p,tau_pi,laplacian(rho),grad(rho)^2,jp^2,tau_tensor}}
    # molecular-orbitals-to-plot = (1,2,3,...)
    min-scf-iterations = 0
    max-scf-iterations = 160
    use-density-fitting = no
    use-admm = no
    analyze-using-dft-grid = no

    diis{
      convergence-tolerance = 1e-10
      subspace-dimension = 7
      diagonalization-temperature = 0
    }
  }

  casscf{
    max-active-orbitals = 2000
    number-of-frozen-orbitals = 0
    number-of-states-in-casscf-optimization = 1
    number-of-ci-states = 1
    spin-projection = default
    num-1exc-init-vec = 0
    num-2exc-init-vec = 0
    use-noisy-init-vec = no
    ci-max-subspace-dim = default
    ci-convergence-tol = 1e-06
    # density-matrix-input-file = 
    # density-matrix-output-file = 
    # ci-states-output-file = 
    # density-plot-data = {filename,(x0,y0,z0),(x1,y1,z1),(x2,y2,z2),(x3,y3,z3),(N1xN2xN3),precision=N,scolon={y/n},fields{rho,grad(rho),jp,j,A,B,rho2nu,rho2omega,tau_p,tau_pi,laplacian(rho),grad(rho)^2,jp^2,tau_tensor}}
    # analysis-weights = (w0, w1, ...)
  }

  mp2{
    spin-projection = default
    number-of-weights = 8
    basis-functions-per-block = 20
    cs-tolerance = 0
    print-mp2-components = 0
    # density-matrix-input-file = 
    # density-matrix-output-file = 
    #property-request = relaxed-density-matrix
  }

  rsp{
    number-of-roots-requested = 10
    root-selection-method = energy
    excitation-basis = MObasis
    starting-guess = UnitGuess
    solver_choice = GenEig
    method_choice = RPA
    precondition = false
    initial-subspace-dimension = 100
    maximum-subspace-dimension = 800
    convergence-tolerance = 1e-10
    max-rsp-iterations = 200
    # density-matrix-input-file = 
    # density-matrix-output-file = 
  }

  coupled-cluster{
    truncation-level = CCSD
    property-request = off
    spin-projection = default
    max-it = 150
    write-t-amplitudes = yes
    read-t-amplitudes = no
    # density-matrix-output-file = 
    # memory-in-gb = 
    # interface = 
    # molecular-orbitals-to-freeze = (1,3,5,...)
    diis{
      convergence-tolerance = 1e-06
      subspace-dimension = 7
      diagonalization-temperature = 0
    }
  }

  finite-difference{
    run-finite-difference = false
    run-type = gradient
    use-ref-density = false
    step-size = 0.0005
  }

  system{
    molecular-charge = 0
    correlation-model = RSP

    hamiltonian{
      electron-mass = 1
      speed-of-light = 137.036
      adiabatic-connection-lambda = 1
      nuclear-charge-distribution = point charge

      magnetic-field = (0, 0, 0.1)
      gauge-origin = (0, 0, 0.1173)

      linear-magnetic-field = {(0, 0, 0), (0, 0, 0), (0, 0, 0)}
      linear-magnetic-origin = (0, 0, 0)

      electric-field = (0, 0, 0)
      electric-origin = (0, 0, 0)
      linear-electric-field = {(0, 0, 0), (0, 0, 0), (0, 0, 0)}

      include-basis-expanded-scalar-potential = no
      scalar-potential-coefficients = (empty)
      include-basis-expanded-vector-potential = no
      vector-potential-coefficients-x = (empty)
      vector-potential-coefficients-y = (empty)
      vector-potential-coefficients-z = (empty)
      include-repulsion-from-external-density = no
      external-charge-density-scale-factor = 1
      include-coulomb-distance-to-external-density = no
      external-charge-density-distance-factor = 1
      # external-charge-density-file = filename
      # lieb-ref-density-file = filename
      # potential-plot-data = {filename,(x0,y0,z0),(x1,y1,z1),(x2,y2,z2),(x3,y3,z3),(N1xN2xN3),precision=N,scolon={y/n},fields{rho,grad(rho),jp,j,A,B,rho2nu,rho2omega,tau_p,tau_pi,laplacian(rho),grad(rho)^2,jp^2,tau_tensor}}

      integral{
        use-coulomb-integral-permutation-symmetry = yes
        use-cauchy-schwarz-screening = yes
        cauchy-schwarz-tol = 1e-15
        boys-function-tol = 1e-17
      }

      dft{
        # xc-functional = 0.7 * lda + 0.54 * lyp
        # xc-fun-parameter = {param1 = 0.1, param2 = 0.2, param3 = 0.3}
        jp-functional = none
        vrg-functional = none
        tau-correction = none
        vrg-hard-rs-cutoff = 62035.049
        vrg-soft-density-cutoff = 1e-14
        exact-exchange-fraction = default
        # gridfile = 
        radial-grid-type = LMG
        allow-grid-pruning = yes
        gc2-radial-grid-threshold = 1e-13
        lebedev-angular-target-degree = 35
        lebedev-angular-minimal-degree = 15
        weight-screen-threshold = 1e-20
        becke-hardness = 3
        allow-becke-atom-size-correction = yes
      }
    }

    # data on state flags lost, output incomplete here
    use-london-orbitals = yes
    gto-contraction-type = all, normalizedprimitive
    basis = aug-cc-pVDZ
    # density-fitting-basis = 
    # admm-basis = 
    # scalar-potential-basis = 
    # vector-potential-basis = 
    # if you really want to: # orbital-wave-vector-offset = (0, 0, 0)
    charge = 2
    He            0            0            0
  }
}

Basis set information:
The orbital basis consists of 11 basis functions formed from linear combinations of 11 primitive basis functions.
The density-fitting basis consists of 0 basis functions formed from linear combinations of 0 primitive basis functions.
The scalar potential basis consists of 0 basis functions formed from linear combinations of 0 primitive basis functions.
The vector potential basis consists of 0 basis functions formed from linear combinations of 0 primitive basis functions.
UHF Spin type 2

RSP: Running Hartree-Fock to determine orbital space.
RSP: run scf2


SCF: Running SCF optimization.

SCF: The SCF basis contains 11 basis functions.
 Fock build F = F(D) performed in 0 seconds (with 0 seconds used for Coulomb and exchange).
SCF-SD: Initial density by diagonalizing the one-electron part of the Fock matrix.
Initial trace: Tr(D) = (2,-2.82119e-37)

SCF iteration 1:       [wall time: Tue Dec 14 18:55:19 2021]
SCF: using a fraction 1 of Hartree-Fock exchange.
DevINFO: screened away 102 out of 637 symmetry unique quadruples ABCD.
 Fock build F = F(D) performed in 0 seconds (with 0 seconds used for Coulomb and exchange).
 Total energy: -2.741538001 Hartree
 Fock matrix inversion D = D(Fmix) performed in 0 seconds.
  Nuclear repulsion:  0
  Kinetic:            3.983182332
  Nuclear attraction: -7.971547758
  Spin Zeeman effect: 1.110223025e-17
  Coulomb:            2.493654849
  Exchange:           -1.246827425
  Total:              -2.741538001

 Ehomo(Down) = -0.8473835065, Elumo(Down) = 0.1354979989
 Ehomo( Up ) = -0.7473835065, Elumo( Up ) = 0.2354979989
 DIIS error norm: 1.060525678

SCF iteration 2:       [wall time: Tue Dec 14 18:55:19 2021]
SCF: using a fraction 1 of Hartree-Fock exchange.
DevINFO: screened away 98 out of 637 symmetry unique quadruples ABCD.
 Fock build F = F(D) performed in 0 seconds (with 0 seconds used for Coulomb and exchange).
 Total energy: -2.852472409 Hartree
 Fock matrix inversion D = D(Fmix) performed in 0 seconds.
  Nuclear repulsion:  0
  Kinetic:            2.94001025
  Nuclear attraction: -6.838141509
  Spin Zeeman effect: -2.220446049e-17
  Coulomb:            2.091317699
  Exchange:           -1.045658849
  Total:              -2.852472409

 Ehomo(Down) = -0.9599029178, Elumo(Down) = 0.1351556012
 Ehomo( Up ) = -0.8599029178, Elumo( Up ) = 0.2351556012
 DIIS error norm: 0.09144032307

SCF iteration 3:       [wall time: Tue Dec 14 18:55:19 2021]
SCF: using a fraction 1 of Hartree-Fock exchange.
DevINFO: screened away 100 out of 637 symmetry unique quadruples ABCD.
 Fock build F = F(D) performed in 0 seconds (with 0 seconds used for Coulomb and exchange).
 Total energy: -2.853724936 Hartree
 Fock matrix inversion D = D(Fmix) performed in 0 seconds.
  Nuclear repulsion:  0
  Kinetic:            2.852477949
  Nuclear attraction: -6.730801711
  Spin Zeeman effect: -1.110223025e-17
  Coulomb:            2.049197653
  Exchange:           -1.024598826
  Total:              -2.853724936

 Ehomo(Down) = -0.9650921999, Elumo(Down) = 0.1346893495
 Ehomo( Up ) = -0.8650921999, Elumo( Up ) = 0.2346893495
 DIIS error norm: 0.01044428923

SCF iteration 4:       [wall time: Tue Dec 14 18:55:19 2021]
SCF: using a fraction 1 of Hartree-Fock exchange.
DevINFO: screened away 95 out of 637 symmetry unique quadruples ABCD.
 Fock build F = F(D) performed in 0 seconds (with 0 seconds used for Coulomb and exchange).
 Total energy: -2.853739497 Hartree
 Fock matrix inversion D = D(Fmix) performed in 0 seconds.
  Nuclear repulsion:  0
  Kinetic:            2.847992326
  Nuclear attraction: -6.724701235
  Spin Zeeman effect: 1.110223025e-17
  Coulomb:            2.045938826
  Exchange:           -1.022969413
  Total:              -2.853739497

 Ehomo(Down) = -0.9654581826, Elumo(Down) = 0.1347028779
 Ehomo( Up ) = -0.8654581826, Elumo( Up ) = 0.2347028779
 DIIS error norm: 0.0007082371924

SCF iteration 5:       [wall time: Tue Dec 14 18:55:19 2021]
SCF: using a fraction 1 of Hartree-Fock exchange.
DevINFO: screened away 94 out of 637 symmetry unique quadruples ABCD.
 Fock build F = F(D) performed in 0 seconds (with 0 seconds used for Coulomb and exchange).
 Total energy: -2.853739634 Hartree
 Fock matrix inversion D = D(Fmix) performed in 0 seconds.
  Nuclear repulsion:  0
  Kinetic:            2.847679111
  Nuclear attraction: -6.72427484
  Spin Zeeman effect: 0
  Coulomb:            2.04571219
  Exchange:           -1.022856095
  Total:              -2.853739634

 Ehomo(Down) = -0.9654413933, Elumo(Down) = 0.1346971995
 Ehomo( Up ) = -0.8654413933, Elumo( Up ) = 0.2346971995
 DIIS error norm: 3.383068185e-05

SCF iteration 6:       [wall time: Tue Dec 14 18:55:19 2021]
SCF: using a fraction 1 of Hartree-Fock exchange.
DevINFO: screened away 96 out of 637 symmetry unique quadruples ABCD.
 Fock build F = F(D) performed in 0 seconds (with 0 seconds used for Coulomb and exchange).
 Total energy: -2.853739634 Hartree
 Fock matrix inversion D = D(Fmix) performed in 0 seconds.
  Nuclear repulsion:  0
  Kinetic:            2.847687097
  Nuclear attraction: -6.724283033
  Spin Zeeman effect: 1.110223025e-17
  Coulomb:            2.045712604
  Exchange:           -1.022856302
  Total:              -2.853739634

 Ehomo(Down) = -0.9654417003, Elumo(Down) = 0.1346972819
 Ehomo( Up ) = -0.8654417003, Elumo( Up ) = 0.2346972819
 DIIS error norm: 2.565024147e-07

SCF iteration 7:       [wall time: Tue Dec 14 18:55:19 2021]
SCF: using a fraction 1 of Hartree-Fock exchange.
DevINFO: screened away 101 out of 637 symmetry unique quadruples ABCD.
 Fock build F = F(D) performed in 0 seconds (with 0 seconds used for Coulomb and exchange).
 Total energy: -2.853739634 Hartree
 Fock matrix inversion D = D(Fmix) performed in 0 seconds.
  Nuclear repulsion:  0
  Kinetic:            2.84768682
  Nuclear attraction: -6.724282688
  Spin Zeeman effect: 1.110223025e-17
  Coulomb:            2.045712468
  Exchange:           -1.022856234
  Total:              -2.853739634

 Ehomo(Down) = -0.9654416997, Elumo(Down) = 0.1346972813
 Ehomo( Up ) = -0.8654416997, Elumo( Up ) = 0.2346972813
 DIIS error norm: 1.830333036e-09

SCF iteration 8:       [wall time: Tue Dec 14 18:55:19 2021]
SCF: using a fraction 1 of Hartree-Fock exchange.
DevINFO: screened away 100 out of 637 symmetry unique quadruples ABCD.
 Fock build F = F(D) performed in 0 seconds (with 0 seconds used for Coulomb and exchange).
 Total energy: -2.853739634 Hartree
 Fock matrix inversion D = D(Fmix) performed in 0 seconds.
  Nuclear repulsion:  0
  Kinetic:            2.847686822
  Nuclear attraction: -6.724282691
  Spin Zeeman effect: -1.110223025e-17
  Coulomb:            2.045712469
  Exchange:           -1.022856235
  Total:              -2.853739634

 Ehomo(Down) = -0.9654416997, Elumo(Down) = 0.1346972813
 Ehomo( Up ) = -0.8654416997, Elumo( Up ) = 0.2346972813
 DIIS error norm: 4.330125773e-14

Converged SCF results:
-----------------------
(pre-RSP) Nuclear repulsion:  0
(pre-RSP) Kinetic:            2.84768682184752
(pre-RSP) Nuclear attraction: -6.724282690698998
(pre-RSP) Spin Zeeman effect: -1.110223024625157e-17
(pre-RSP) Coulomb:            2.045712469478852
(pre-RSP) Exchange:           -1.022856234739426
(pre-RSP) Total electronic:   -2.853739634112052
(pre-RSP) Total:              -2.853739634112052

(pre-RSP) E(LUMO, Down): 0.1346972812603599
(pre-RSP) E(HOMO, Down): -0.9654416996863172
(pre-RSP) E(GAP, Down):  1.100138980946677

(pre-RSP) E(LUMO,  Up ): 0.2346972812603571
(pre-RSP) E(HOMO,  Up ): -0.8654416996863177
(pre-RSP) E(GAP,  Up ):  1.100138980946675

Orbital energies (Eorb), orbital contributions to the total energy (Econtrib), and reflection symmetry properties for the molecular orbitals:

Orbital analysis (pre-RSP)
    Eorb      Econtrib  Occ  Reflection(xy)  Reflection(xz)  Reflection(yz)
---------------------------------------------------------------------------
Spin Down
 -0.965442    -1.45187   1  (1.0000,0.0000)  (1.0000,0.0000)  (1.0000,0.0000)
  0.134697   -0.151098   0  (1.0000,0.0000)  (1.0000,0.0000)  (1.0000,0.0000)
  0.435873   -0.020216   0  (1.0000,-0.0000)  (-0.0000,-0.0000)  (0.0000,-0.0000)
  0.483312    0.027305   0  (-1.0000,-0.0000)  (1.0000,0.0000)  (1.0000,0.0000)
  0.535873    0.079784   0  (1.0000,-0.0000)  (0.0000,-0.0000)  (-0.0000,-0.0000)
   1.39545    0.761791   0  (1.0000,0.0000)  (1.0000,0.0000)  (1.0000,0.0000)
   2.92754     2.10563   0  (1.0000,-0.0000)  (0.0000,-0.0000)  (-0.0000,0.0000)
    2.9767     2.15471   0  (-1.0000,-0.0000)  (1.0000,0.0000)  (1.0000,0.0000)
   3.02754     2.20563   0  (1.0000,0.0000)  (-0.0000,0.0000)  (0.0000,0.0000)
   8.75169      7.6381   0  (1.0000,-0.0000)  (1.0000,-0.0000)  (1.0000,-0.0000)
   62.4299     60.9448   0  (1.0000,-0.0000)  (1.0000,-0.0000)  (1.0000,-0.0000)
Spin Up
 -0.865442    -1.40187   1  (1.0000,0.0000)  (1.0000,-0.0000)  (1.0000,0.0000)
  0.234697   -0.101098   0  (1.0000,-0.0000)  (1.0000,-0.0000)  (1.0000,-0.0000)
  0.535873    0.029784   0  (1.0000,-0.0000)  (-0.0000,0.0000)  (0.0000,0.0000)
  0.583312    0.077305   0  (-1.0000,-0.0000)  (1.0000,0.0000)  (1.0000,0.0000)
  0.635873    0.129784   0  (1.0000,0.0000)  (0.0000,0.0000)  (-0.0000,-0.0000)
   1.49545    0.811791   0  (1.0000,0.0000)  (1.0000,0.0000)  (1.0000,-0.0000)
   3.02754     2.15563   0  (1.0000,0.0000)  (-0.0000,-0.0000)  (0.0000,0.0000)
    3.0767     2.20471   0  (-1.0000,0.0000)  (1.0000,-0.0000)  (1.0000,-0.0000)
   3.12754     2.25563   0  (1.0000,-0.0000)  (0.0000,-0.0000)  (-0.0000,0.0000)
   8.85169      7.6881   0  (1.0000,0.0000)  (1.0000,0.0000)  (1.0000,-0.0000)
   62.5299     60.9948   0  (1.0000,-0.0000)  (1.0000,-0.0000)  (1.0000,-0.0000)


Properties:
-----------
Spin-projection on field: <sigma_B> = <2 S_B> = 2.220446049250313e-16
Spin-projection squared: <sigma_B> = <4 S_B^2> = -1.110223024625157e-15
Total spin: <sigma^2> = <4 S^2> = -5.10702591327572e-15 = 4 * -1.27675647831893e-15 * (-1.27675647831893e-15 + 1)
Total spin quantum number: s = -1.27675647831893e-15


(SCF) Traces of the SCF 1-electron density matrix with simple operators
(SCF) Mechanical/kinetic momentum:
(SCF)     <PIx> = 2.395333598651641e-19
(SCF)     <PIy> = -1.986967168247185e-18
(SCF)     <PIz> = 1.475155963388865e-19
(SCF)     B x pi = (1.986967168247185e-19, 2.395333598651641e-20, -0)
(SCF) Angular momentum w.r.t. gauge origin (0, 0, 0.1173):
(SCF)     <Lx> = -2.330712488353946e-19
(SCF)     <Ly> = -2.809726311218281e-20
(SCF)     <Lz> = 0.07947380396529968
(SCF) Coordinate derivative contribution to angular momentum w.r.t. C = (0, 0, 0.1173):
(SCF)     <Lcoord_x> = -4.399932638971544e-19
(SCF)     <Lcoord_y> = 1.209658403757822e-19
(SCF)     <Lcoord_z> = -5.545575512889254e-33
(SCF) Dipole moment:
(SCF)     <x> = 3.5280820982404e-17
(SCF)     <y> = -2.541570391951573e-17
(SCF)     <z> = -2.256360713579314e-15
(SCF) Nuclear dipole moment:
(SCF)     <X> = 0
(SCF)     <Y> = 0
(SCF)     <Z> = 0
(SCF) Total dipole moment: (-3.5280820982404e-17, 2.541570391951573e-17, 2.256360713579314e-15)
(SCF) Coordinate derivative contribution to angular momentum w.r.t. center of charge (1.764041049120199e-17, -1.270785195975786e-17, -1.128180356789656e-15):
(SCF)     <Lambda_x> = 4.403348680045813e-32
(SCF)     <Lambda_y> = 5.040869200865534e-33
(SCF)     <Lambda_z> = -5.466301192512499e-33
(SCF) Electronic quadrupole moments w.r.t. center of electronic charge at (1.764041049120199e-17, -1.270785195975786e-17, -1.128180356789656e-15):
(SCF)         x         y          z
(SCF) x: 0.7947380396529968  9.104300976500219e-33  8.328497024688014e-31
(SCF) y: 9.104300976500219e-33  0.7947380396529968  7.679837068186597e-32
(SCF) z: 8.328497024688014e-31  7.679837068186597e-32  0.7947380396529967
(SCF) Magnetic quadrupole moments w.r.t. C = (0, 0, 0):
(SCF)         x         y          z
(SCF) Jx: -2.787661465582324e-17  -2.131036734203102e-20  -1.340147317372899e-19
(SCF) Jy: 2.131036734203102e-20  -2.787661465582324e-17  -1.230303771590721e-19
(SCF) Jz: -1.306160049543026e-18  9.838670861300994e-19  5.575322931164649e-17
(SCF) Anapole moment w.r.t. C = (0, 0, 0):
(SCF)     a_x = 1.106897463289172e-18
(SCF)     a_y = 1.172145317805737e-18
(SCF)     a_z = 4.262073468406204e-20
(SCF) Hellmann-Feynman forces:
(SCF) H-F force on He at pos = (0, 0, 0):   F = (-4.543163032643913e-17, 5.796259734667618e-17, 4.116342710328365e-15)
(SCF) Total H-F force on center of mass:   Ftot = (-4.543163032643913e-17, 5.796259734667618e-17, 4.116342710328365e-15)
(SCF) Scaling pressure w.r.t. center of charge:   4.645515000321282e-30
(SCF) Total H-F torque w.r.t. center of charge: (-1.308238997654703e-32, 2.135890222144144e-32, -4.45145577852789e-34)
(SCF) Nuclear shielding integrals:
(SCF) He at C = (0, 0, 0):
(SCF)    <Lx/|r - C|^3> = 1.32105783680557e-32
(SCF)    <Ly/|r - C|^3> = 2.1398286656473e-33
(SCF)    <Lz/|r - C|^3> = 0.1120713781783157
 
MULLIKEN POPULATION ANALYSIS FOR SUM OF SPIN UP AND SPIN DOWN DENSITY MATRIX

(SCF) Mulliken decomposition of traces of SCF 1-electron density matrix with simple operators

(SCF) Mulliken populations:
(SCF) Nucleus #1 (He):  2.000000000000001   [narrow def.],   2.000000000000001   [wide def.]

(SCF) Total mechanical momentum: <pi> = (2.39533359865164e-19, -1.986967168247184e-18, 1.475155963388865e-19)

(SCF) Mulliken momenta:
(SCF) Nucleus #1 (He):  (2.39533359865164e-19, -1.986967168247184e-18, 1.475155963388865e-19)   [narrow def.],   (2.39533359865164e-19, -1.986967168247184e-18, 1.475155963388865e-19)   [wide def.]

(SCF) Mulliken bond momenta:
(SCF) Nucleus #1 (He):   
 
MULLIKEN POPULATION ANALYSIS FOR SPIN DOWN DENSITY MATRIX:

(SCF) Mulliken decomposition of traces of SCF 1-electron density matrix with simple operators

(SCF) Mulliken populations:
(SCF) Nucleus #1 (He):  1   [narrow def.],   1   [wide def.]

(SCF) Total mechanical momentum: <pi> = (-1.031650146719963e-19, -1.95960631221272e-18, 1.161304934324226e-19)

(SCF) Mulliken momenta:
(SCF) Nucleus #1 (He):  (-1.031650146719963e-19, -1.95960631221272e-18, 1.161304934324226e-19)   [narrow def.],   (-1.031650146719963e-19, -1.95960631221272e-18, 1.161304934324226e-19)   [wide def.]

(SCF) Mulliken bond momenta:
(SCF) Nucleus #1 (He):   
 
MULLIKEN POPULATION ANALYSIS FOR SPIN UP DENSITY MATRIX:

(SCF) Mulliken decomposition of traces of SCF 1-electron density matrix with simple operators

(SCF) Mulliken populations:
(SCF) Nucleus #1 (He):  1   [narrow def.],   1   [wide def.]

(SCF) Total mechanical momentum: <pi> = (3.426983745371602e-19, -2.736085603446634e-20, 3.138510290646393e-20)

(SCF) Mulliken momenta:
(SCF) Nucleus #1 (He):  (3.426983745371602e-19, -2.736085603446634e-20, 3.138510290646393e-20)   [narrow def.],   (3.426983745371602e-19, -2.736085603446634e-20, 3.138510290646393e-20)   [wide def.]

(SCF) Mulliken bond momenta:
(SCF) Nucleus #1 (He):   
 

Orbital symmetry properties for SCF:
                          Inversion           Rot180X           Rot180Y           Rot180Z            ReflXY            ReflXZ            ReflYZ
  can.orb. [Down] 0   (1.0000,0.0000)   (1.0000,-0.0000)   (1.0000,0.0000)   (1.0000,0.0000)   (1.0000,-0.0000)   (1.0000,-0.0000)   (1.0000,0.0000) 
  can.orb. [Down] 1   (1.0000,0.0000)   (1.0000,0.0000)   (1.0000,0.0000)   (1.0000,0.0000)   (1.0000,0.0000)   (1.0000,0.0000)   (1.0000,0.0000) 
  can.orb. [Down] 2   (-1.0000,-0.0000)   (-0.0000,-0.0000)   (0.0000,0.0000)   (-1.0000,-0.0000)   (1.0000,0.0000)   (-0.0000,-0.0000)   (0.0000,0.0000) 
  can.orb. [Down] 3   (-1.0000,-0.0000)   (-1.0000,-0.0000)   (-1.0000,-0.0000)   (1.0000,0.0000)   (-1.0000,-0.0000)   (1.0000,0.0000)   (1.0000,0.0000) 
  can.orb. [Down] 4   (-1.0000,0.0000)   (0.0000,0.0000)   (-0.0000,-0.0000)   (-1.0000,0.0000)   (1.0000,-0.0000)   (0.0000,0.0000)   (-0.0000,-0.0000) 
  can.orb. [Down] 5   (1.0000,0.0000)   (1.0000,0.0000)   (1.0000,0.0000)   (1.0000,0.0000)   (1.0000,0.0000)   (1.0000,0.0000)   (1.0000,0.0000) 
  can.orb. [Down] 6   (-1.0000,0.0000)   (0.0000,0.0000)   (-0.0000,-0.0000)   (-1.0000,0.0000)   (1.0000,-0.0000)   (0.0000,0.0000)   (-0.0000,-0.0000) 
  can.orb. [Down] 7   (-1.0000,-0.0000)   (-1.0000,-0.0000)   (-1.0000,-0.0000)   (1.0000,0.0000)   (-1.0000,-0.0000)   (1.0000,0.0000)   (1.0000,0.0000) 
  can.orb. [Down] 8   (-1.0000,-0.0000)   (-0.0000,0.0000)   (0.0000,-0.0000)   (-1.0000,-0.0000)   (1.0000,0.0000)   (-0.0000,0.0000)   (0.0000,-0.0000) 
  can.orb. [Down] 9   (1.0000,-0.0000)   (1.0000,-0.0000)   (1.0000,-0.0000)   (1.0000,-0.0000)   (1.0000,-0.0000)   (1.0000,-0.0000)   (1.0000,-0.0000) 
  can.orb. [Down] 10   (1.0000,-0.0000)   (1.0000,-0.0000)   (1.0000,-0.0000)   (1.0000,-0.0000)   (1.0000,-0.0000)   (1.0000,-0.0000)   (1.0000,-0.0000) 



Orbital properties for SCF:
                           Lcoord_x          Lcoord_y          Lcoord_z               x^2               y^2               z^2
  can.orb. [Down] 0   (0.0000,-0.0000)   (0.0000,0.0000)   (-0.0000,0.0000)   (0.3974,0.0000)   (0.3974,-0.0000)   (0.3974,0.0000) 
  can.orb. [Down] 1   (0.0000,0.0000)   (0.0000,-0.0000)   (-0.0000,0.0000)   (4.8460,0.0000)   (4.8460,0.0000)   (4.8460,0.0000) 
  can.orb. [Down] 2   (-0.0000,-0.0000)   (0.0000,-0.0000)   (-1.0000,-0.0000)   (2.0491,0.0000)   (2.0491,-0.0000)   (1.0246,-0.0000) 
  can.orb. [Down] 3   (0.0000,0.0000)   (-0.0000,0.0000)   (0.0000,0.0000)   (1.0248,-0.0000)   (1.0248,-0.0000)   (3.0744,-0.0000) 
  can.orb. [Down] 4   (-0.0000,0.0000)   (0.0000,0.0000)   (1.0000,-0.0000)   (2.0491,-0.0000)   (2.0491,-0.0000)   (1.0246,-0.0000) 
  can.orb. [Down] 5   (-0.0000,0.0000)   (0.0000,-0.0000)   (0.0000,0.0000)   (1.5823,-0.0000)   (1.5823,-0.0000)   (1.5823,-0.0000) 
  can.orb. [Down] 6   (0.0000,0.0000)   (0.0000,-0.0000)   (-1.0000,0.0000)   (0.6725,0.0000)   (0.6725,0.0000)   (0.3363,0.0000) 
  can.orb. [Down] 7   (-0.0000,0.0000)   (-0.0000,0.0000)   (-0.0000,0.0000)   (0.3360,0.0000)   (0.3360,0.0000)   (1.0080,0.0000) 
  can.orb. [Down] 8   (0.0000,-0.0000)   (0.0000,0.0000)   (1.0000,0.0000)   (0.6725,0.0000)   (0.6725,0.0000)   (0.3363,0.0000) 
  can.orb. [Down] 9   (-0.0000,0.0000)   (0.0000,-0.0000)   (0.0000,-0.0000)   (0.3176,-0.0000)   (0.3176,-0.0000)   (0.3176,-0.0000) 
  can.orb. [Down] 10   (-0.0000,0.0000)   (-0.0000,-0.0000)   (0.0000,0.0000)   (0.0464,-0.0000)   (0.0464,-0.0000)   (0.0464,-0.0000) 



Orbital symmetry properties for SCF:
                          Inversion           Rot180X           Rot180Y           Rot180Z            ReflXY            ReflXZ            ReflYZ
  can.orb. [ Up ] 0   (1.0000,0.0000)   (1.0000,0.0000)   (1.0000,0.0000)   (1.0000,0.0000)   (1.0000,0.0000)   (1.0000,0.0000)   (1.0000,0.0000) 
  can.orb. [ Up ] 1   (1.0000,-0.0000)   (1.0000,-0.0000)   (1.0000,-0.0000)   (1.0000,-0.0000)   (1.0000,-0.0000)   (1.0000,-0.0000)   (1.0000,-0.0000) 
  can.orb. [ Up ] 2   (-1.0000,-0.0000)   (-0.0000,-0.0000)   (0.0000,0.0000)   (-1.0000,-0.0000)   (1.0000,0.0000)   (-0.0000,-0.0000)   (0.0000,0.0000) 
  can.orb. [ Up ] 3   (-1.0000,0.0000)   (-1.0000,0.0000)   (-1.0000,0.0000)   (1.0000,-0.0000)   (-1.0000,0.0000)   (1.0000,-0.0000)   (1.0000,-0.0000) 
  can.orb. [ Up ] 4   (-1.0000,0.0000)   (0.0000,0.0000)   (-0.0000,-0.0000)   (-1.0000,0.0000)   (1.0000,-0.0000)   (0.0000,0.0000)   (-0.0000,-0.0000) 
  can.orb. [ Up ] 5   (1.0000,0.0000)   (1.0000,0.0000)   (1.0000,0.0000)   (1.0000,0.0000)   (1.0000,0.0000)   (1.0000,0.0000)   (1.0000,0.0000) 
  can.orb. [ Up ] 6   (-1.0000,0.0000)   (-0.0000,-0.0000)   (0.0000,0.0000)   (-1.0000,0.0000)   (1.0000,-0.0000)   (-0.0000,-0.0000)   (0.0000,0.0000) 
  can.orb. [ Up ] 7   (-1.0000,0.0000)   (-1.0000,0.0000)   (-1.0000,0.0000)   (1.0000,-0.0000)   (-1.0000,0.0000)   (1.0000,-0.0000)   (1.0000,-0.0000) 
  can.orb. [ Up ] 8   (-1.0000,0.0000)   (0.0000,-0.0000)   (-0.0000,0.0000)   (-1.0000,0.0000)   (1.0000,-0.0000)   (0.0000,-0.0000)   (-0.0000,0.0000) 
  can.orb. [ Up ] 9   (1.0000,0.0000)   (1.0000,0.0000)   (1.0000,0.0000)   (1.0000,0.0000)   (1.0000,0.0000)   (1.0000,0.0000)   (1.0000,0.0000) 
  can.orb. [ Up ] 10   (1.0000,0.0000)   (1.0000,0.0000)   (1.0000,0.0000)   (1.0000,0.0000)   (1.0000,0.0000)   (1.0000,0.0000)   (1.0000,0.0000) 



Orbital properties for SCF:
                           Lcoord_x          Lcoord_y          Lcoord_z               x^2               y^2               z^2
  can.orb. [ Up ] 0   (-0.0000,0.0000)   (-0.0000,0.0000)   (-0.0000,0.0000)   (0.3974,0.0000)   (0.3974,0.0000)   (0.3974,0.0000) 
  can.orb. [ Up ] 1   (-0.0000,0.0000)   (0.0000,0.0000)   (-0.0000,-0.0000)   (4.8460,0.0000)   (4.8460,0.0000)   (4.8460,0.0000) 
  can.orb. [ Up ] 2   (-0.0000,0.0000)   (-0.0000,-0.0000)   (-1.0000,-0.0000)   (2.0491,0.0000)   (2.0491,-0.0000)   (1.0246,-0.0000) 
  can.orb. [ Up ] 3   (0.0000,0.0000)   (0.0000,0.0000)   (-0.0000,0.0000)   (1.0248,0.0000)   (1.0248,0.0000)   (3.0744,-0.0000) 
  can.orb. [ Up ] 4   (0.0000,0.0000)   (-0.0000,0.0000)   (1.0000,-0.0000)   (2.0491,0.0000)   (2.0491,0.0000)   (1.0246,-0.0000) 
  can.orb. [ Up ] 5   (-0.0000,0.0000)   (-0.0000,-0.0000)   (0.0000,-0.0000)   (1.5823,0.0000)   (1.5823,0.0000)   (1.5823,0.0000) 
  can.orb. [ Up ] 6   (0.0000,0.0000)   (0.0000,-0.0000)   (-1.0000,-0.0000)   (0.6725,-0.0000)   (0.6725,0.0000)   (0.3363,-0.0000) 
  can.orb. [ Up ] 7   (-0.0000,-0.0000)   (-0.0000,0.0000)   (-0.0000,0.0000)   (0.3360,0.0000)   (0.3360,0.0000)   (1.0080,-0.0000) 
  can.orb. [ Up ] 8   (0.0000,-0.0000)   (0.0000,0.0000)   (1.0000,-0.0000)   (0.6725,-0.0000)   (0.6725,0.0000)   (0.3363,0.0000) 
  can.orb. [ Up ] 9   (-0.0000,0.0000)   (-0.0000,0.0000)   (0.0000,0.0000)   (0.3176,0.0000)   (0.3176,0.0000)   (0.3176,0.0000) 
  can.orb. [ Up ] 10   (-0.0000,-0.0000)   (0.0000,-0.0000)   (0.0000,-0.0000)   (0.0464,-0.0000)   (0.0464,-0.0000)   (0.0464,0.0000) 


RSP: done run scf2
Number of alpha MOs = 1
Number of beta  MOs = 1


RSP: Hartree-Fock orbitals have been obtained. 
RSP: Hartree-Fock final energy = -2.853739634112052
Entering response module
No. of electrons: (2.000000000000003,-7.538994924573515e-34)
DevINFO: screened away 93 out of 637 symmetry unique quadruples ABCD.
Recomputed final SCF electronic energy (-2.853739634112057,-1.092502327881531e-34) (-1.830883399372638,-1.056659421594533e-34) (1.022856234739419,3.584290628699785e-36)
unit_vectors():   MO Single-transition excitations in total.
Constructing start guesses for RPA-solver using the 100 lowest ones.
(No spin mixing allowed for UHF excitation operator)
(spin down)1 <- 0 : 1.100138980946677
(spin down)2 <- 0 : 1.40131506590721
(spin down)3 <- 0 : 1.448753364963068
(spin down)4 <- 0 : 1.50131506590721
(spin down)5 <- 0 : 2.360887819114232
(spin down)6 <- 0 : 3.892984891966857
(spin down)7 <- 0 : 3.942144560797287
(spin down)8 <- 0 : 3.992984891966857
(spin down)9 <- 0 : 9.717134061229514
(spin down)10 <- 0 : 63.39533825174804
(spin up)1 <- 0 : 1.100138980946675
(spin up)2 <- 0 : 1.401315065907212
(spin up)3 <- 0 : 1.448753364963072
(spin up)4 <- 0 : 1.501315065907212
(spin up)5 <- 0 : 2.360887819114228
(spin up)6 <- 0 : 3.892984891966859
(spin up)7 <- 0 : 3.942144560797291
(spin up)8 <- 0 : 3.992984891966859
(spin up)9 <- 0 : 9.717134061229519
(spin up)10 <- 0 : 63.39533825174805
Made 20 starting vectors 
DevINFO: screened away 90 out of 637 symmetry unique quadruples ABCD.
DevINFO: screened away 152 out of 637 symmetry unique quadruples ABCD.
DevINFO: screened away 130 out of 637 symmetry unique quadruples ABCD.
DevINFO: screened away 151 out of 637 symmetry unique quadruples ABCD.
DevINFO: screened away 86 out of 637 symmetry unique quadruples ABCD.
DevINFO: screened away 162 out of 637 symmetry unique quadruples ABCD.
DevINFO: screened away 151 out of 637 symmetry unique quadruples ABCD.
DevINFO: screened away 161 out of 637 symmetry unique quadruples ABCD.
DevINFO: screened away 85 out of 637 symmetry unique quadruples ABCD.
DevINFO: screened away 94 out of 637 symmetry unique quadruples ABCD.
DevINFO: screened away 90 out of 637 symmetry unique quadruples ABCD.
DevINFO: screened away 161 out of 637 symmetry unique quadruples ABCD.
DevINFO: screened away 123 out of 637 symmetry unique quadruples ABCD.
DevINFO: screened away 160 out of 637 symmetry unique quadruples ABCD.
DevINFO: screened away 87 out of 637 symmetry unique quadruples ABCD.
DevINFO: screened away 164 out of 637 symmetry unique quadruples ABCD.
DevINFO: screened away 134 out of 637 symmetry unique quadruples ABCD.
DevINFO: screened away 161 out of 637 symmetry unique quadruples ABCD.
DevINFO: screened away 98 out of 637 symmetry unique quadruples ABCD.
DevINFO: screened away 102 out of 637 symmetry unique quadruples ABCD.
The Davidson solver is about to start.
-------
Davidson step #0, 40 RPA trial vectors already in subspace.
The Davidson solver converged to a solution. 1 iterations and 0 restarts were needed.
==============================================================================================================
The Final eigenvalues from the Davidson method
==============================================================================================================
(RSP) 	 Excitation Energy 	0.7432468752543996	0.8317636517563523	0.8840513269252999	0.9316226232841919	0.9840513269252978	0.9858830365454828	1.033341405777892	1.085883036545482	1.625532406178399	1.940872450171196	
==============================================================================================================
Root: 0	 with energy 0.7432468752543996
==============================================================================================================
1 Up <-- Up 0 C^2 :  0.4825689276282659 C : (0.41524318049696,0.5569039671963517)
1 Down <-- Down 0 C^2 :  0.4825689276282645 C : (0.4152431804969524,0.556903967196356)
==============================================================================================================
Root: 1	 with energy 0.8317636517563523
==============================================================================================================
1 Up <-- Up 0 C^2 :  0.4993103685980812 C : (0.70231454059189,-0.07787589274790734)
1 Down <-- Down 0 C^2 :  0.4993103685981004 C : (-0.7023145405919026,0.07787589274791683)
==============================================================================================================
Root: 2	 with energy 0.8840513269252999
==============================================================================================================
2 Up <-- Up 0 C^2 :  0.4967002619492865 C : (0.1035390695568278,0.697122602577619)
2 Down <-- Down 0 C^2 :  0.4967002619492745 C : (-0.08928590505040394,0.6990910449352108)
==============================================================================================================
Root: 3	 with energy 0.9316226232841919
==============================================================================================================
3 Up <-- Up 0 C^2 :  0.4967078598006868 C : (0.5346717949316058,-0.4591665618327424)
3 Down <-- Down 0 C^2 :  0.4967078598006841 C : (-0.5354599802460962,0.4582471705919572)
==============================================================================================================
Root: 4	 with energy 0.9840513269252978
==============================================================================================================
4 Up <-- Up 0 C^2 :  0.4967002619492781 C : (0.7023209914943884,-0.058698269613484)
4 Down <-- Down 0 C^2 :  0.496700261949283 C : (0.6861053392893524,-0.1611202201709198)
==============================================================================================================
Root: 5	 with energy 0.9858830365454828
==============================================================================================================
2 Up <-- Up 0 C^2 :  0.4995569291204209 C : (0.5140454724204089,0.4850919308796011)
2 Down <-- Down 0 C^2 :  0.4995569291204322 C : (-0.3633234095003983,-0.6062615188426841)
==============================================================================================================
Root: 6	 with energy 1.033341405777892
==============================================================================================================
3 Up <-- Up 0 C^2 :  0.4995566931095226 C : (0.3930493016693349,0.5874256885485779)
3 Down <-- Down 0 C^2 :  0.4995566931095268 C : (0.3920393623145987,0.5881001883229504)
==============================================================================================================
Root: 7	 with energy 1.085883036545482
==============================================================================================================
4 Up <-- Up 0 C^2 :  0.4995569291204272 C : (-0.1780698659614811,0.6839941900022889)
4 Down <-- Down 0 C^2 :  0.4995569291204259 C : (0.07577422789208776,-0.7027198556379234)
==============================================================================================================
Root: 8	 with energy 1.625532406178399
==============================================================================================================
5 Up <-- Up 0 C^2 :  0.4822521762667097 C : (-0.4972114659602233,-0.4848019537753488)
5 Down <-- Down 0 C^2 :  0.4822521762667079 C : (0.4972114659602225,0.4848019537753478)
==============================================================================================================
Root: 9	 with energy 1.940872450171196
==============================================================================================================
5 Up <-- Up 0 C^2 :  0.4986100606199227 C : (-0.1161597453213068,0.6965033913677749)
5 Down <-- Down 0 C^2 :  0.498610060619926 C : (-0.116159745321307,0.6965033913677773)
==============================================================================================================
==============================================================================================================
(RSP) Transition Dipole Moment, <1| coordinate |2>  |  Roots  |              Dipole Moment
==============================================================================================================
(RSP) Transition Dipole Moment, <1|x|2>             |    0    |     (2.135071246880695e-16,2.610192422370801e-16)
(RSP) Transition Dipole Moment, <1|x|2>             |    1    |     (-1.216546164926199e-16,2.141638546146874e-17)
(RSP) Transition Dipole Moment, <1|x|2>             |    2    |     (5.342948306008566e-16,2.315855840429037e-15)
(RSP) Transition Dipole Moment, <1|x|2>             |    3    |     (1.983966994283006e-15,3.068619900017091e-15)
(RSP) Transition Dipole Moment, <1|x|2>             |    4    |     (-1.349389350258079e-13,-1.572535504590356e-13)
(RSP) Transition Dipole Moment, <1|x|2>             |    5    |     (0.2833793415202659,0.4881027764543538)
(RSP) Transition Dipole Moment, <1|x|2>             |    6    |     (1.056097848539062e-15,-1.788280662446704e-15)
(RSP) Transition Dipole Moment, <1|x|2>             |    7    |     (-0.01074935497134614,0.5642983456918957)
(RSP) Transition Dipole Moment, <1|x|2>             |    8    |     (-1.907423084157145e-17,3.394132091493479e-17)
(RSP) Transition Dipole Moment, <1|x|2>             |    9    |     (-7.668511287279077e-18,-1.916470604393193e-17)

(RSP) Transition Dipole Moment, <1|y|2>             |    0    |     (-3.568058807726326e-17,1.640050891929993e-16)
(RSP) Transition Dipole Moment, <1|y|2>             |    1    |     (-6.913910768023002e-17,2.430717869403664e-17)
(RSP) Transition Dipole Moment, <1|y|2>             |    2    |     (2.014013955609073e-15,-1.062518129035794e-16)
(RSP) Transition Dipole Moment, <1|y|2>             |    3    |     (5.857356427898135e-16,-4.846115503522786e-15)
(RSP) Transition Dipole Moment, <1|y|2>             |    4    |     (-1.582154546264647e-13,1.294953727581927e-13)
(RSP) Transition Dipole Moment, <1|y|2>             |    5    |     (0.4881027764543518,-0.2833793415202661)
(RSP) Transition Dipole Moment, <1|y|2>             |    6    |     (2.109681338648339e-15,-3.69981487104069e-15)
(RSP) Transition Dipole Moment, <1|y|2>             |    7    |     (-0.5642983456918909,-0.01074935497134788)
(RSP) Transition Dipole Moment, <1|y|2>             |    8    |     (-1.337868818104013e-16,-1.168523350840877e-16)
(RSP) Transition Dipole Moment, <1|y|2>             |    9    |     (2.310124387918435e-18,-4.442705447153699e-17)

(RSP) Transition Dipole Moment, <1|z|2>             |    0    |     (1.576681727003959e-15,2.1742663853775e-15)
(RSP) Transition Dipole Moment, <1|z|2>             |    1    |     (-6.787894840609032e-16,5.926597191305452e-17)
(RSP) Transition Dipole Moment, <1|z|2>             |    2    |     (5.169105449101328e-17,-3.618841929486987e-16)
(RSP) Transition Dipole Moment, <1|z|2>             |    3    |     (1.582102196672265e-15,-4.730900517638164e-17)
(RSP) Transition Dipole Moment, <1|z|2>             |    4    |     (3.220270013330516e-15,-4.450144425638074e-16)
(RSP) Transition Dipole Moment, <1|z|2>             |    5    |     (3.89406600178622e-15,9.772045785951237e-17)
(RSP) Transition Dipole Moment, <1|z|2>             |    6    |     (-0.4425102252708007,-0.6640968405907353)
(RSP) Transition Dipole Moment, <1|z|2>             |    7    |     (2.373222616523191e-16,3.073901602013131e-15)
(RSP) Transition Dipole Moment, <1|z|2>             |    8    |     (2.277485356517103e-16,2.285063444331635e-16)
(RSP) Transition Dipole Moment, <1|z|2>             |    9    |     (-9.668552016159989e-17,6.198595021068094e-16)


==============================================================================================================
(RSP) Transition Moment, <1| pi_coordinate |2>      |  Roots  |              Dipole Moment
==============================================================================================================
(RSP) Transition Moment, <1|pi_x|2>                 |    0    |     (1.630036766775717e-16,-1.238423059121667e-16)
(RSP) Transition Moment, <1|pi_x|2>                 |    1    |     (8.525994902678939e-17,2.587347504099241e-17)
(RSP) Transition Moment, <1|pi_x|2>                 |    2    |     (4.053615082488804e-15,-1.400789206851272e-16)
(RSP) Transition Moment, <1|pi_x|2>                 |    3    |     (3.137397730831893e-15,-1.953393968308412e-15)
(RSP) Transition Moment, <1|pi_x|2>                 |    4    |     (-1.542594177394996e-13,1.304394960099931e-13)
(RSP) Transition Moment, <1|pi_x|2>                 |    5    |     (0.4774739042056899,-0.2772085042207752)
(RSP) Transition Moment, <1|pi_x|2>                 |    6    |     (-1.871163947043005e-15,-7.736991409793478e-16)
(RSP) Transition Moment, <1|pi_x|2>                 |    7    |     (0.6084400816969655,0.01159021369969883)
(RSP) Transition Moment, <1|pi_x|2>                 |    8    |     (-2.450717680400407e-18,1.009499031317603e-16)
(RSP) Transition Moment, <1|pi_x|2>                 |    9    |     (-2.663385851549525e-17,1.115868487432401e-17)

(RSP) Transition Moment, <1|pi_y|2>                 |    0    |     (4.658631530175808e-17,-4.428869206471063e-17)
(RSP) Transition Moment, <1|pi_y|2>                 |    1    |     (4.447135916988866e-17,-1.296477409026122e-17)
(RSP) Transition Moment, <1|pi_y|2>                 |    2    |     (8.494724021423927e-17,-3.708405110769419e-15)
(RSP) Transition Moment, <1|pi_y|2>                 |    3    |     (-4.832336225735107e-15,-3.79543270720973e-16)
(RSP) Transition Moment, <1|pi_y|2>                 |    4    |     (1.280789710400576e-13,1.539684178764045e-13)
(RSP) Transition Moment, <1|pi_y|2>                 |    5    |     (-0.2772085042207756,-0.477473904205688)
(RSP) Transition Moment, <1|pi_y|2>                 |    6    |     (-4.064423204132046e-15,-2.510827798882179e-15)
(RSP) Transition Moment, <1|pi_y|2>                 |    7    |     (-0.01159021369970024,0.6084400816969603)
(RSP) Transition Moment, <1|pi_y|2>                 |    8    |     (-1.534504938715664e-16,1.740675942198184e-16)
(RSP) Transition Moment, <1|pi_y|2>                 |    9    |     (-6.691196932244052e-17,3.570911304579808e-18)

(RSP) Transition Moment, <1|pi_z|2>                 |    0    |     (9.463886026927777e-16,-6.576874835541388e-16)
(RSP) Transition Moment, <1|pi_z|2>                 |    1    |     (7.008018327816721e-17,-3.144465933282044e-16)
(RSP) Transition Moment, <1|pi_z|2>                 |    2    |     (-2.150503043812848e-16,1.287524566200082e-16)
(RSP) Transition Moment, <1|pi_z|2>                 |    3    |     (1.928578824417215e-15,1.043869851669044e-15)
(RSP) Transition Moment, <1|pi_z|2>                 |    4    |     (-1.794165786822121e-16,-3.698408959705418e-15)
(RSP) Transition Moment, <1|pi_z|2>                 |    5    |     (2.230256713000496e-16,-4.285581824585236e-15)
(RSP) Transition Moment, <1|pi_z|2>                 |    6    |     (-0.6826764384800946,0.4548904408431981)
(RSP) Transition Moment, <1|pi_z|2>                 |    7    |     (3.112445973507152e-15,-1.912146726192975e-16)
(RSP) Transition Moment, <1|pi_z|2>                 |    8    |     (-4.888745188806055e-16,5.249188218109373e-16)
(RSP) Transition Moment, <1|pi_z|2>                 |    9    |     (3.115007610554452e-16,4.248650868099753e-17)


==============================================================================================================
(RSP) Electric Dipole Oscillator Strength
(length gauge):            	3.644509414499628e-30	2.688799002880357e-31	5.805171976395501e-30	2.464810143950284e-29	5.559820794907538e-26	0.4187349849148911	0.4387153674078421	0.4612080744592785	1.486319453289934e-31	5.123632633557717e-31	
(magnetic-velocity gauge): 	1.232648394897889e-30	9.126981739419054e-32	2.282953847185392e-29	3.002905433320663e-29	5.483090485990431e-26	0.4122542907697553	0.4341723713405102	0.4547250530740443	2.372890395333001e-31	3.577829797197119e-32	
(mixed gauge):             	(2.113142147183198e-30,-3.714483492768204e-32)	(-1.36087655131784e-31,5.294244778388495e-32)	(1.132890227352816e-29,-1.565882023103809e-30)	(2.360038257567576e-29,-1.49395550378369e-30)	(5.521134323757399e-26,1.418613994287444e-29)	(0.4154820022895969,-2.997917773614654e-31)	(0.4364379582609492,-8.161282428599853e-32)	(0.4579550918339845,8.153200337090983e-17)	(-1.254660345701845e-31,-8.179601438177315e-33)	(1.338366599147748e-31,2.736518606760415e-33)	

