
Running the London Hartree-Fock program at /home/sangita.sen/packages/london/london.x.
Founded by Erik Tellgren, Alessandro Soncini and Trygve Helgaker.
Programming by:
  Erik Tellgren (main programmer)
  Kai Kaarvann Lange
  Andrew M. Teale
  Ulf Ekstrom
  Stella Stopkowicz
  Jon H. Austad


Basis file /home/sangita.sen/packages/london/baslib/aug-cc-pVDZ opened for reading.
User input successfully read from file_z10.inp.

london-input{
  analysis{
    analysis-only = no
    xml-print-potential-basis-overlap = no
    xml-print-potential-basis-kinetic = no
    export-operators = no
    # decypher-density-matrix-file = binary-file, plain-text-file
    # density-matrix-binary-to-text = binary-input-file, text-output-file
    # density-matrix-text-to-binary = text-input-file, binary-output-file
    # density-matrix-for-plotting = filename
    # density-plot-data = {filename,(x0,y0,z0),(x1,y1,z1),(x2,y2,z2),(x3,y3,z3),(N1xN2xN3),precision=N,scolon={y/n},fields{rho,grad(rho),jp,j,A,B,rho2nu,rho2omega,tau_p,tau_pi,laplacian(rho),grad(rho)^2,jp^2,tau_tensor}}
    # streamline-data = {filename,(x0,y0,z0),(x1,y1,z1),(x2,y2,z2),(x3,y3,z3),(N1xN2xN3),precision=N,scolon={y/n},fields{rho,grad(rho),jp,j,A,B,rho2nu,rho2omega,tau_p,tau_pi,laplacian(rho),grad(rho)^2,jp^2,tau_tensor}}
    # vortexline-data = {filename,(x0,y0,z0),(x1,y1,z1),(x2,y2,z2),(x3,y3,z3),(N1xN2xN3),precision=N,scolon={y/n},fields{rho,grad(rho),jp,j,A,B,rho2nu,rho2omega,tau_p,tau_pi,laplacian(rho),grad(rho)^2,jp^2,tau_tensor}}
    # current-through-plane = {density_matrix_file,(x0,y0,z0),(x1,y1,z1),(x2,y2,z2),(x3,y3,z3),(N1xN2xN3),precision=N,scolon={y/n},fields{rho,grad(rho),jp,j,A,B,rho2nu,rho2omega,tau_p,tau_pi,laplacian(rho),grad(rho)^2,jp^2,tau_tensor}}
    # linearly-combine-density-matrices = file : 0.6 * infile1, 0.4 * infile2, ...
    # spin-rotate-2c-density-matrix = file : infile, angle_degrees, (ux, uy, uz)
    linear-dependence-tol = 1e-06
    # overlap-for-ci-state-files = file1, file2
  }

  scf{
    spin-symmetry-constraint = Unrestricted Hartree-Fock
    linear-dependence-tol = 1e-10
    uhf-spin-projection = 0
    disable-spin-zeeman-in-fock-matrix = no
    noisy-init-guess = no
    # density-matrix-input-file = 
    # density-matrix-output-file = 
    # density-plot-data = {filename,(x0,y0,z0),(x1,y1,z1),(x2,y2,z2),(x3,y3,z3),(N1xN2xN3),precision=N,scolon={y/n},fields{rho,grad(rho),jp,j,A,B,rho2nu,rho2omega,tau_p,tau_pi,laplacian(rho),grad(rho)^2,jp^2,tau_tensor}}
    # molecular-orbitals-to-plot = (1,2,3,...)
    min-scf-iterations = 0
    max-scf-iterations = 160
    use-density-fitting = no
    use-admm = no
    analyze-using-dft-grid = no

    diis{
      convergence-tolerance = 1e-10
      subspace-dimension = 7
      diagonalization-temperature = 0
    }
  }

  casscf{
    max-active-orbitals = 2000
    number-of-frozen-orbitals = 0
    number-of-states-in-casscf-optimization = 1
    number-of-ci-states = 1
    spin-projection = default
    num-1exc-init-vec = 0
    num-2exc-init-vec = 0
    use-noisy-init-vec = no
    ci-max-subspace-dim = default
    ci-convergence-tol = 1e-06
    # density-matrix-input-file = 
    # density-matrix-output-file = 
    # ci-states-output-file = 
    # density-plot-data = {filename,(x0,y0,z0),(x1,y1,z1),(x2,y2,z2),(x3,y3,z3),(N1xN2xN3),precision=N,scolon={y/n},fields{rho,grad(rho),jp,j,A,B,rho2nu,rho2omega,tau_p,tau_pi,laplacian(rho),grad(rho)^2,jp^2,tau_tensor}}
    # analysis-weights = (w0, w1, ...)
  }

  mp2{
    spin-projection = default
    number-of-weights = 8
    basis-functions-per-block = 20
    cs-tolerance = 0
    print-mp2-components = 0
    # density-matrix-input-file = 
    # density-matrix-output-file = 
    #property-request = relaxed-density-matrix
  }

  rsp{
    number-of-roots-requested = 10
    root-selection-method = energy
    excitation-basis = MObasis
    starting-guess = UnitGuess
    solver_choice = GenEig
    method_choice = RPA
    precondition = false
    initial-subspace-dimension = 100
    maximum-subspace-dimension = 800
    convergence-tolerance = 1e-10
    max-rsp-iterations = 200
    # density-matrix-input-file = 
    # density-matrix-output-file = 
  }

  coupled-cluster{
    truncation-level = CCSD
    property-request = off
    spin-projection = default
    max-it = 150
    write-t-amplitudes = yes
    read-t-amplitudes = no
    # density-matrix-output-file = 
    # memory-in-gb = 
    # interface = 
    # molecular-orbitals-to-freeze = (1,3,5,...)
    diis{
      convergence-tolerance = 1e-06
      subspace-dimension = 7
      diagonalization-temperature = 0
    }
  }

  finite-difference{
    run-finite-difference = false
    run-type = gradient
    use-ref-density = false
    step-size = 0.0005
  }

  system{
    molecular-charge = 0
    correlation-model = RSP

    hamiltonian{
      electron-mass = 1
      speed-of-light = 137.036
      adiabatic-connection-lambda = 1
      nuclear-charge-distribution = point charge

      magnetic-field = (0, 0, 1)
      gauge-origin = (0, 0, 0.1173)

      linear-magnetic-field = {(0, 0, 0), (0, 0, 0), (0, 0, 0)}
      linear-magnetic-origin = (0, 0, 0)

      electric-field = (0, 0, 0)
      electric-origin = (0, 0, 0)
      linear-electric-field = {(0, 0, 0), (0, 0, 0), (0, 0, 0)}

      include-basis-expanded-scalar-potential = no
      scalar-potential-coefficients = (empty)
      include-basis-expanded-vector-potential = no
      vector-potential-coefficients-x = (empty)
      vector-potential-coefficients-y = (empty)
      vector-potential-coefficients-z = (empty)
      include-repulsion-from-external-density = no
      external-charge-density-scale-factor = 1
      include-coulomb-distance-to-external-density = no
      external-charge-density-distance-factor = 1
      # external-charge-density-file = filename
      # lieb-ref-density-file = filename
      # potential-plot-data = {filename,(x0,y0,z0),(x1,y1,z1),(x2,y2,z2),(x3,y3,z3),(N1xN2xN3),precision=N,scolon={y/n},fields{rho,grad(rho),jp,j,A,B,rho2nu,rho2omega,tau_p,tau_pi,laplacian(rho),grad(rho)^2,jp^2,tau_tensor}}

      integral{
        use-coulomb-integral-permutation-symmetry = yes
        use-cauchy-schwarz-screening = yes
        cauchy-schwarz-tol = 1e-15
        boys-function-tol = 1e-17
      }

      dft{
        # xc-functional = 0.7 * lda + 0.54 * lyp
        # xc-fun-parameter = {param1 = 0.1, param2 = 0.2, param3 = 0.3}
        jp-functional = none
        vrg-functional = none
        tau-correction = none
        vrg-hard-rs-cutoff = 62035.049
        vrg-soft-density-cutoff = 1e-14
        exact-exchange-fraction = default
        # gridfile = 
        radial-grid-type = LMG
        allow-grid-pruning = yes
        gc2-radial-grid-threshold = 1e-13
        lebedev-angular-target-degree = 35
        lebedev-angular-minimal-degree = 15
        weight-screen-threshold = 1e-20
        becke-hardness = 3
        allow-becke-atom-size-correction = yes
      }
    }

    # data on state flags lost, output incomplete here
    use-london-orbitals = yes
    gto-contraction-type = all, normalizedprimitive
    basis = aug-cc-pVDZ
    # density-fitting-basis = 
    # admm-basis = 
    # scalar-potential-basis = 
    # vector-potential-basis = 
    # if you really want to: # orbital-wave-vector-offset = (0, 0, 0)
    charge = 2
    He            0            0            0
  }
}

Basis set information:
The orbital basis consists of 11 basis functions formed from linear combinations of 11 primitive basis functions.
The density-fitting basis consists of 0 basis functions formed from linear combinations of 0 primitive basis functions.
The scalar potential basis consists of 0 basis functions formed from linear combinations of 0 primitive basis functions.
The vector potential basis consists of 0 basis functions formed from linear combinations of 0 primitive basis functions.
UHF Spin type 2

RSP: Running Hartree-Fock to determine orbital space.
RSP: run scf2


SCF: Running SCF optimization.

SCF: The SCF basis contains 11 basis functions.
 Fock build F = F(D) performed in 0 seconds (with 0 seconds used for Coulomb and exchange).
SCF-SD: Initial density by diagonalizing the one-electron part of the Fock matrix.
Initial trace: Tr(D) = (2,1.20371e-34)

SCF iteration 1:       [wall time: Tue Dec 14 18:55:33 2021]
SCF: using a fraction 1 of Hartree-Fock exchange.
DevINFO: screened away 102 out of 637 symmetry unique quadruples ABCD.
 Fock build F = F(D) performed in 0 seconds (with 0 seconds used for Coulomb and exchange).
 Total energy: -2.575626667 Hartree
 Fock matrix inversion D = D(Fmix) performed in 0 seconds.
  Nuclear repulsion:  0
  Kinetic:            4.333754192
  Nuclear attraction: -8.201868827
  Spin Zeeman effect: -3.330669074e-16
  Coulomb:            2.584975937
  Exchange:           -1.292487968
  Total:              -2.575626667

 Ehomo(Down) = -1.186250866, Elumo(Down) = 0.07414824452
 Ehomo( Up ) = -0.1862508657, Elumo( Up ) = 1.074148245
 DIIS error norm: 1.075738847

SCF iteration 2:       [wall time: Tue Dec 14 18:55:33 2021]
SCF: using a fraction 1 of Hartree-Fock exchange.
DevINFO: screened away 102 out of 637 symmetry unique quadruples ABCD.
 Fock build F = F(D) performed in 0 seconds (with 0 seconds used for Coulomb and exchange).
 Total energy: -2.674251605 Hartree
 Fock matrix inversion D = D(Fmix) performed in 0 seconds.
  Nuclear repulsion:  0
  Kinetic:            3.397354589
  Nuclear attraction: -7.185576241
  Spin Zeeman effect: 1.110223025e-16
  Coulomb:            2.227940095
  Exchange:           -1.113970047
  Total:              -2.674251605

 Ehomo(Down) = -1.286488951, Elumo(Down) = 0.04716195231
 Ehomo( Up ) = -0.2864889514, Elumo( Up ) = 1.047161952
 DIIS error norm: 0.0912366667

SCF iteration 3:       [wall time: Tue Dec 14 18:55:33 2021]
SCF: using a fraction 1 of Hartree-Fock exchange.
DevINFO: screened away 93 out of 637 symmetry unique quadruples ABCD.
 Fock build F = F(D) performed in 0 seconds (with 0 seconds used for Coulomb and exchange).
 Total energy: -2.675287787 Hartree
 Fock matrix inversion D = D(Fmix) performed in 0 seconds.
  Nuclear repulsion:  0
  Kinetic:            3.320244269
  Nuclear attraction: -7.091350846
  Spin Zeeman effect: 1.110223025e-16
  Coulomb:            2.191637578
  Exchange:           -1.095818789
  Total:              -2.675287787

 Ehomo(Down) = -1.290137828, Elumo(Down) = 0.04519741359
 Ehomo( Up ) = -0.2901378276, Elumo( Up ) = 1.045197414
 DIIS error norm: 0.008414183934

SCF iteration 4:       [wall time: Tue Dec 14 18:55:33 2021]
SCF: using a fraction 1 of Hartree-Fock exchange.
DevINFO: screened away 93 out of 637 symmetry unique quadruples ABCD.
 Fock build F = F(D) performed in 0 seconds (with 0 seconds used for Coulomb and exchange).
 Total energy: -2.675293279 Hartree
 Fock matrix inversion D = D(Fmix) performed in 0 seconds.
  Nuclear repulsion:  0
  Kinetic:            3.317306667
  Nuclear attraction: -7.087390202
  Spin Zeeman effect: 1.110223025e-16
  Coulomb:            2.189580512
  Exchange:           -1.094790256
  Total:              -2.675293279

 Ehomo(Down) = -1.290265459, Elumo(Down) = 0.04519142069
 Ehomo( Up ) = -0.2902654594, Elumo( Up ) = 1.045191421
 DIIS error norm: 0.0001318499231

SCF iteration 5:       [wall time: Tue Dec 14 18:55:33 2021]
SCF: using a fraction 1 of Hartree-Fock exchange.
DevINFO: screened away 100 out of 637 symmetry unique quadruples ABCD.
 Fock build F = F(D) performed in 0 seconds (with 0 seconds used for Coulomb and exchange).
 Total energy: -2.675293282 Hartree
 Fock matrix inversion D = D(Fmix) performed in 0 seconds.
  Nuclear repulsion:  0
  Kinetic:            3.317224129
  Nuclear attraction: -7.087285655
  Spin Zeeman effect: -1.110223025e-16
  Coulomb:            2.18953649
  Exchange:           -1.094768245
  Total:              -2.675293282

 Ehomo(Down) = -1.290262287, Elumo(Down) = 0.04519029898
 Ehomo( Up ) = -0.2902622866, Elumo( Up ) = 1.045190299
 DIIS error norm: 6.754934147e-06

SCF iteration 6:       [wall time: Tue Dec 14 18:55:33 2021]
SCF: using a fraction 1 of Hartree-Fock exchange.
DevINFO: screened away 100 out of 637 symmetry unique quadruples ABCD.
 Fock build F = F(D) performed in 0 seconds (with 0 seconds used for Coulomb and exchange).
 Total energy: -2.675293282 Hartree
 Fock matrix inversion D = D(Fmix) performed in 0 seconds.
  Nuclear repulsion:  0
  Kinetic:            3.317225903
  Nuclear attraction: -7.08728769
  Spin Zeeman effect: 1.110223025e-16
  Coulomb:            2.18953701
  Exchange:           -1.094768505
  Total:              -2.675293282

 Ehomo(Down) = -1.290262397, Elumo(Down) = 0.04519031232
 Ehomo( Up ) = -0.2902623971, Elumo( Up ) = 1.045190312
 DIIS error norm: 9.012663089e-08

SCF iteration 7:       [wall time: Tue Dec 14 18:55:33 2021]
SCF: using a fraction 1 of Hartree-Fock exchange.
DevINFO: screened away 101 out of 637 symmetry unique quadruples ABCD.
 Fock build F = F(D) performed in 0 seconds (with 0 seconds used for Coulomb and exchange).
 Total energy: -2.675293282 Hartree
 Fock matrix inversion D = D(Fmix) performed in 0 seconds.
  Nuclear repulsion:  0
  Kinetic:            3.317225827
  Nuclear attraction: -7.087287596
  Spin Zeeman effect: 3.330669074e-16
  Coulomb:            2.189536976
  Exchange:           -1.094768488
  Total:              -2.675293282

 Ehomo(Down) = -1.290262397, Elumo(Down) = 0.04519031226
 Ehomo( Up ) = -0.2902623969, Elumo( Up ) = 1.045190312
 DIIS error norm: 4.01417981e-10

SCF iteration 8:       [wall time: Tue Dec 14 18:55:33 2021]
SCF: using a fraction 1 of Hartree-Fock exchange.
DevINFO: screened away 93 out of 637 symmetry unique quadruples ABCD.
 Fock build F = F(D) performed in 0 seconds (with 0 seconds used for Coulomb and exchange).
 Total energy: -2.675293282 Hartree
 Fock matrix inversion D = D(Fmix) performed in 0 seconds.
  Nuclear repulsion:  0
  Kinetic:            3.317225827
  Nuclear attraction: -7.087287596
  Spin Zeeman effect: -2.220446049e-16
  Coulomb:            2.189536976
  Exchange:           -1.094768488
  Total:              -2.675293282

 Ehomo(Down) = -1.290262397, Elumo(Down) = 0.04519031226
 Ehomo( Up ) = -0.2902623969, Elumo( Up ) = 1.045190312
 DIIS error norm: 1.868242732e-14

Converged SCF results:
-----------------------
(pre-RSP) Nuclear repulsion:  0
(pre-RSP) Kinetic:            3.317225826964843
(pre-RSP) Nuclear attraction: -7.087287596498035
(pre-RSP) Spin Zeeman effect: -2.220446049250313e-16
(pre-RSP) Coulomb:            2.189536975714608
(pre-RSP) Exchange:           -1.094768487857304
(pre-RSP) Total electronic:   -2.675293281675887
(pre-RSP) Total:              -2.675293281675887

(pre-RSP) E(LUMO, Down): 0.04519031226280412
(pre-RSP) E(HOMO, Down): -1.290262396909291
(pre-RSP) E(GAP, Down):  1.335452709172096

(pre-RSP) E(LUMO,  Up ): 1.045190312262804
(pre-RSP) E(HOMO,  Up ): -0.290262396909292
(pre-RSP) E(GAP,  Up ):  1.335452709172096

Orbital energies (Eorb), orbital contributions to the total energy (Econtrib), and reflection symmetry properties for the molecular orbitals:

Orbital analysis (pre-RSP)
    Eorb      Econtrib  Occ  Reflection(xy)  Reflection(xz)  Reflection(yz)
---------------------------------------------------------------------------
Spin Down
  -1.29026    -1.58765   1  (1.0000,0.0000)  (1.0000,0.0000)  (1.0000,0.0000)
 0.0451903    -0.21281   0  (1.0000,0.0000)  (0.0000,0.0000)  (-0.0000,0.0000)
  0.298387   0.0524245   0  (-1.0000,-0.0000)  (1.0000,0.0000)  (1.0000,0.0000)
  0.676583    0.449434   0  (1.0000,0.0000)  (1.0000,0.0000)  (1.0000,0.0000)
   1.04519     0.78719   0  (1.0000,0.0000)  (0.0000,0.0000)  (-0.0000,0.0000)
   1.57382     1.33163   0  (1.0000,-0.0000)  (1.0000,-0.0000)  (1.0000,-0.0000)
   2.25137      1.6516   0  (1.0000,0.0000)  (-0.0000,0.0000)  (0.0000,0.0000)
   2.65797     2.04616   0  (-1.0000,0.0000)  (1.0000,-0.0000)  (1.0000,-0.0000)
   3.25137      2.6516   0  (1.0000,-0.0000)  (0.0000,0.0000)  (-0.0000,-0.0000)
   8.47146       7.545   0  (1.0000,0.0000)  (1.0000,0.0000)  (1.0000,0.0000)
   62.1418     60.8065   0  (1.0000,0.0000)  (1.0000,0.0000)  (1.0000,0.0000)
Spin Up
 -0.290262    -1.08765   1  (1.0000,0.0000)  (1.0000,0.0000)  (1.0000,0.0000)
   1.04519     0.28719   0  (1.0000,-0.0000)  (-0.0000,0.0000)  (0.0000,-0.0000)
   1.29839    0.552424   0  (-1.0000,-0.0000)  (1.0000,0.0000)  (1.0000,0.0000)
   1.67658    0.949434   0  (1.0000,-0.0000)  (1.0000,-0.0000)  (1.0000,-0.0000)
   2.04519     1.28719   0  (1.0000,-0.0000)  (0.0000,0.0000)  (-0.0000,-0.0000)
   2.57382     1.83163   0  (1.0000,0.0000)  (1.0000,0.0000)  (1.0000,0.0000)
   3.25137      2.1516   0  (1.0000,0.0000)  (0.0000,-0.0000)  (-0.0000,0.0000)
   3.65797     2.54616   0  (-1.0000,-0.0000)  (1.0000,-0.0000)  (1.0000,0.0000)
   4.25137      3.1516   0  (1.0000,0.0000)  (-0.0000,0.0000)  (0.0000,-0.0000)
   9.47146       8.045   0  (1.0000,0.0000)  (1.0000,0.0000)  (1.0000,-0.0000)
   63.1418     61.3065   0  (1.0000,-0.0000)  (1.0000,-0.0000)  (1.0000,-0.0000)


Properties:
-----------
Spin-projection on field: <sigma_B> = <2 S_B> = 4.440892098500626e-16
Spin-projection squared: <sigma_B> = <4 S_B^2> = -1.332267629550188e-15
Total spin: <sigma^2> = <4 S^2> = -3.996802888650564e-15 = 4 * -9.992007221626409e-16 * (-9.992007221626409e-16 + 1)
Total spin quantum number: s = -9.992007221626409e-16


(SCF) Traces of the SCF 1-electron density matrix with simple operators
(SCF) Mechanical/kinetic momentum:
(SCF)     <PIx> = -1.561481248450616e-17
(SCF)     <PIy> = -1.216902733534935e-16
(SCF)     <PIz> = -3.400586847771497e-18
(SCF)     B x pi = (1.216902733534935e-16, -1.561481248450616e-17, 0)
(SCF) Angular momentum w.r.t. gauge origin (0, 0, 0.1173):
(SCF)     <Lx> = -1.427426906436489e-17
(SCF)     <Ly> = 1.831617504432614e-18
(SCF)     <Lz> = 0.6689048893927899
(SCF) Coordinate derivative contribution to angular momentum w.r.t. C = (0, 0, 0.1173):
(SCF)     <Lcoord_x> = 3.340332681335241e-17
(SCF)     <Lcoord_y> = -1.02125496574279e-18
(SCF)     <Lcoord_z> = -1.534247099598727e-31
(SCF) Dipole moment:
(SCF)     <x> = -8.129172357666979e-16
(SCF)     <y> = 4.864232685720925e-17
(SCF)     <z> = -1.73491696303638e-15
(SCF) Nuclear dipole moment:
(SCF)     <X> = 0
(SCF)     <Y> = 0
(SCF)     <Z> = 0
(SCF) Total dipole moment: (8.129172357666979e-16, -4.864232685720925e-17, 1.73491696303638e-15)
(SCF) Coordinate derivative contribution to angular momentum w.r.t. center of charge (-4.064586178833487e-16, 2.432116342860461e-17, -8.674584815181895e-16):
(SCF)     <Lambda_x> = 1.326514283473728e-31
(SCF)     <Lambda_y> = -3.020498482618213e-32
(SCF)     <Lambda_z> = -3.746641364116014e-32
(SCF) Electronic quadrupole moments w.r.t. center of electronic charge at (-4.064586178833487e-16, 2.432116342860461e-17, -8.674584815181895e-16):
(SCF)         x         y          z
(SCF) x: 0.6689048893927899  -6.328402664281948e-33  2.583074791146234e-31
(SCF) y: -6.328402664281948e-33  0.6689048893927899  -1.206984742378312e-31
(SCF) z: 2.583074791146234e-31  -1.206984742378312e-31  0.6689048893927898
(SCF) Magnetic quadrupole moments w.r.t. C = (0, 0, 0):
(SCF)         x         y          z
(SCF) Jx: -1.815237869215577e-16  4.315063722048924e-19  -4.493964652583342e-17
(SCF) Jy: -4.315063722048924e-19  -1.815237869215577e-16  4.018138920138636e-18
(SCF) Jz: 2.928940671096189e-16  -1.985589181205067e-17  3.630475738431154e-16
(SCF) Anapole moment w.r.t. C = (0, 0, 0):
(SCF)     a_x = -2.38740307321893e-17
(SCF)     a_y = -3.378337136354523e-16
(SCF)     a_z = -8.630127444097848e-19
(SCF) Hellmann-Feynman forces:
(SCF) H-F force on He at pos = (0, 0, 0):   F = (1.915615551172289e-15, -9.718736357966776e-17, 3.820179772803856e-15)
(SCF) Total H-F force on center of mass:   Ftot = (1.915615551172289e-15, -9.718736357966776e-17, 3.820179772803856e-15)
(SCF) Scaling pressure w.r.t. center of charge:   4.094829503921089e-30
(SCF) Total H-F torque w.r.t. center of charge: (-8.605213747437436e-33, 1.089719666727634e-31, 7.087357410119491e-33)
(SCF) Nuclear shielding integrals:
(SCF) He at C = (0, 0, 0):
(SCF)    <Lx/|r - C|^3> = 1.56579814358502e-31
(SCF)    <Ly/|r - C|^3> = -5.769922690448572e-33
(SCF)    <Lz/|r - C|^3> = 1.181214599416339
 
MULLIKEN POPULATION ANALYSIS FOR SUM OF SPIN UP AND SPIN DOWN DENSITY MATRIX

(SCF) Mulliken decomposition of traces of SCF 1-electron density matrix with simple operators

(SCF) Mulliken populations:
(SCF) Nucleus #1 (He):  2.000000000000001   [narrow def.],   2.000000000000001   [wide def.]

(SCF) Total mechanical momentum: <pi> = (-1.561481248450615e-17, -1.216902733534935e-16, -3.400586847771497e-18)

(SCF) Mulliken momenta:
(SCF) Nucleus #1 (He):  (-1.561481248450615e-17, -1.216902733534935e-16, -3.400586847771497e-18)   [narrow def.],   (-1.561481248450615e-17, -1.216902733534935e-16, -3.400586847771497e-18)   [wide def.]

(SCF) Mulliken bond momenta:
(SCF) Nucleus #1 (He):   
 
MULLIKEN POPULATION ANALYSIS FOR SPIN DOWN DENSITY MATRIX:

(SCF) Mulliken decomposition of traces of SCF 1-electron density matrix with simple operators

(SCF) Mulliken populations:
(SCF) Nucleus #1 (He):  1   [narrow def.],   1   [wide def.]

(SCF) Total mechanical momentum: <pi> = (-8.900142524563768e-19, -6.929949029117834e-17, -6.157223434594645e-19)

(SCF) Mulliken momenta:
(SCF) Nucleus #1 (He):  (-8.900142524563768e-19, -6.929949029117834e-17, -6.157223434594645e-19)   [narrow def.],   (-8.900142524563768e-19, -6.929949029117834e-17, -6.157223434594645e-19)   [wide def.]

(SCF) Mulliken bond momenta:
(SCF) Nucleus #1 (He):   
 
MULLIKEN POPULATION ANALYSIS FOR SPIN UP DENSITY MATRIX:

(SCF) Mulliken decomposition of traces of SCF 1-electron density matrix with simple operators

(SCF) Mulliken populations:
(SCF) Nucleus #1 (He):  1.000000000000001   [narrow def.],   1.000000000000001   [wide def.]

(SCF) Total mechanical momentum: <pi> = (-1.472479823204977e-17, -5.239078306231517e-17, -2.784864504312032e-18)

(SCF) Mulliken momenta:
(SCF) Nucleus #1 (He):  (-1.472479823204977e-17, -5.239078306231517e-17, -2.784864504312032e-18)   [narrow def.],   (-1.472479823204977e-17, -5.239078306231517e-17, -2.784864504312032e-18)   [wide def.]

(SCF) Mulliken bond momenta:
(SCF) Nucleus #1 (He):   
 

Orbital symmetry properties for SCF:
                          Inversion           Rot180X           Rot180Y           Rot180Z            ReflXY            ReflXZ            ReflYZ
  can.orb. [Down] 0   (1.0000,0.0000)   (1.0000,0.0000)   (1.0000,0.0000)   (1.0000,0.0000)   (1.0000,0.0000)   (1.0000,0.0000)   (1.0000,0.0000) 
  can.orb. [Down] 1   (-1.0000,-0.0000)   (0.0000,-0.0000)   (-0.0000,0.0000)   (-1.0000,-0.0000)   (1.0000,0.0000)   (0.0000,-0.0000)   (-0.0000,0.0000) 
  can.orb. [Down] 2   (-1.0000,-0.0000)   (-1.0000,-0.0000)   (-1.0000,-0.0000)   (1.0000,0.0000)   (-1.0000,-0.0000)   (1.0000,0.0000)   (1.0000,0.0000) 
  can.orb. [Down] 3   (1.0000,0.0000)   (1.0000,0.0000)   (1.0000,-0.0000)   (1.0000,0.0000)   (1.0000,-0.0000)   (1.0000,0.0000)   (1.0000,0.0000) 
  can.orb. [Down] 4   (-1.0000,-0.0000)   (0.0000,0.0000)   (0.0000,-0.0000)   (-1.0000,-0.0000)   (1.0000,0.0000)   (0.0000,0.0000)   (0.0000,-0.0000) 
  can.orb. [Down] 5   (1.0000,-0.0000)   (1.0000,-0.0000)   (1.0000,-0.0000)   (1.0000,-0.0000)   (1.0000,-0.0000)   (1.0000,-0.0000)   (1.0000,-0.0000) 
  can.orb. [Down] 6   (-1.0000,0.0000)   (-0.0000,0.0000)   (0.0000,-0.0000)   (-1.0000,0.0000)   (1.0000,-0.0000)   (-0.0000,0.0000)   (0.0000,-0.0000) 
  can.orb. [Down] 7   (-1.0000,0.0000)   (-1.0000,0.0000)   (-1.0000,0.0000)   (1.0000,-0.0000)   (-1.0000,0.0000)   (1.0000,-0.0000)   (1.0000,-0.0000) 
  can.orb. [Down] 8   (-1.0000,0.0000)   (0.0000,0.0000)   (-0.0000,-0.0000)   (-1.0000,0.0000)   (1.0000,-0.0000)   (0.0000,0.0000)   (-0.0000,-0.0000) 
  can.orb. [Down] 9   (1.0000,-0.0000)   (1.0000,-0.0000)   (1.0000,-0.0000)   (1.0000,-0.0000)   (1.0000,-0.0000)   (1.0000,-0.0000)   (1.0000,-0.0000) 
  can.orb. [Down] 10   (1.0000,0.0000)   (1.0000,0.0000)   (1.0000,0.0000)   (1.0000,0.0000)   (1.0000,0.0000)   (1.0000,0.0000)   (1.0000,0.0000) 



Orbital properties for SCF:
                           Lcoord_x          Lcoord_y          Lcoord_z               x^2               y^2               z^2
  can.orb. [Down] 0   (0.0000,-0.0000)   (0.0000,0.0000)   (-0.0000,-0.0000)   (0.3345,-0.0000)   (0.3345,-0.0000)   (0.3345,-0.0000) 
  can.orb. [Down] 1   (-0.0000,0.0000)   (0.0000,-0.0000)   (-1.0000,0.0000)   (1.9415,0.0000)   (1.9415,0.0000)   (0.9707,0.0000) 
  can.orb. [Down] 2   (-0.0000,-0.0000)   (-0.0000,0.0000)   (0.0000,0.0000)   (1.0026,-0.0000)   (1.0026,-0.0000)   (3.0078,-0.0000) 
  can.orb. [Down] 3   (-0.0000,-0.0000)   (0.0000,0.0000)   (0.0000,-0.0000)   (2.7788,0.0000)   (2.7788,0.0000)   (2.7788,0.0000) 
  can.orb. [Down] 4   (0.0000,-0.0000)   (0.0000,-0.0000)   (1.0000,0.0000)   (1.9415,0.0000)   (1.9415,0.0000)   (0.9707,0.0000) 
  can.orb. [Down] 5   (0.0000,-0.0000)   (0.0000,0.0000)   (0.0000,-0.0000)   (3.6790,-0.0000)   (3.6790,0.0000)   (3.6790,0.0000) 
  can.orb. [Down] 6   (0.0000,-0.0000)   (-0.0000,-0.0000)   (-1.0000,0.0000)   (0.7801,0.0000)   (0.7801,-0.0000)   (0.3901,-0.0000) 
  can.orb. [Down] 7   (-0.0000,0.0000)   (0.0000,-0.0000)   (0.0000,-0.0000)   (0.3582,-0.0000)   (0.3582,-0.0000)   (1.0746,-0.0000) 
  can.orb. [Down] 8   (-0.0000,0.0000)   (-0.0000,-0.0000)   (1.0000,-0.0000)   (0.7801,0.0000)   (0.7801,0.0000)   (0.3901,-0.0000) 
  can.orb. [Down] 9   (-0.0000,-0.0000)   (0.0000,-0.0000)   (0.0000,-0.0000)   (0.3506,-0.0000)   (0.3506,-0.0000)   (0.3506,-0.0000) 
  can.orb. [Down] 10   (0.0000,-0.0000)   (0.0000,-0.0000)   (-0.0000,0.0000)   (0.0468,-0.0000)   (0.0468,-0.0000)   (0.0468,-0.0000) 



Orbital symmetry properties for SCF:
                          Inversion           Rot180X           Rot180Y           Rot180Z            ReflXY            ReflXZ            ReflYZ
  can.orb. [ Up ] 0   (1.0000,-0.0000)   (1.0000,-0.0000)   (1.0000,-0.0000)   (1.0000,-0.0000)   (1.0000,-0.0000)   (1.0000,-0.0000)   (1.0000,-0.0000) 
  can.orb. [ Up ] 1   (-1.0000,-0.0000)   (-0.0000,-0.0000)   (0.0000,0.0000)   (-1.0000,-0.0000)   (1.0000,0.0000)   (-0.0000,-0.0000)   (0.0000,0.0000) 
  can.orb. [ Up ] 2   (-1.0000,0.0000)   (-1.0000,0.0000)   (-1.0000,0.0000)   (1.0000,-0.0000)   (-1.0000,0.0000)   (1.0000,-0.0000)   (1.0000,-0.0000) 
  can.orb. [ Up ] 3   (1.0000,-0.0000)   (1.0000,-0.0000)   (1.0000,-0.0000)   (1.0000,-0.0000)   (1.0000,-0.0000)   (1.0000,-0.0000)   (1.0000,-0.0000) 
  can.orb. [ Up ] 4   (-1.0000,0.0000)   (0.0000,-0.0000)   (-0.0000,0.0000)   (-1.0000,0.0000)   (1.0000,-0.0000)   (0.0000,-0.0000)   (-0.0000,0.0000) 
  can.orb. [ Up ] 5   (1.0000,-0.0000)   (1.0000,-0.0000)   (1.0000,-0.0000)   (1.0000,-0.0000)   (1.0000,-0.0000)   (1.0000,-0.0000)   (1.0000,-0.0000) 
  can.orb. [ Up ] 6   (-1.0000,0.0000)   (0.0000,-0.0000)   (-0.0000,0.0000)   (-1.0000,0.0000)   (1.0000,-0.0000)   (0.0000,-0.0000)   (-0.0000,0.0000) 
  can.orb. [ Up ] 7   (-1.0000,0.0000)   (-1.0000,0.0000)   (-1.0000,0.0000)   (1.0000,-0.0000)   (-1.0000,0.0000)   (1.0000,-0.0000)   (1.0000,-0.0000) 
  can.orb. [ Up ] 8   (-1.0000,0.0000)   (-0.0000,0.0000)   (0.0000,-0.0000)   (-1.0000,0.0000)   (1.0000,-0.0000)   (-0.0000,0.0000)   (0.0000,-0.0000) 
  can.orb. [ Up ] 9   (1.0000,-0.0000)   (1.0000,-0.0000)   (1.0000,-0.0000)   (1.0000,-0.0000)   (1.0000,-0.0000)   (1.0000,-0.0000)   (1.0000,-0.0000) 
  can.orb. [ Up ] 10   (1.0000,-0.0000)   (1.0000,-0.0000)   (1.0000,-0.0000)   (1.0000,-0.0000)   (1.0000,-0.0000)   (1.0000,-0.0000)   (1.0000,-0.0000) 



Orbital properties for SCF:
                           Lcoord_x          Lcoord_y          Lcoord_z               x^2               y^2               z^2
  can.orb. [ Up ] 0   (0.0000,0.0000)   (-0.0000,0.0000)   (-0.0000,0.0000)   (0.3345,0.0000)   (0.3345,0.0000)   (0.3345,-0.0000) 
  can.orb. [ Up ] 1   (0.0000,0.0000)   (0.0000,0.0000)   (-1.0000,-0.0000)   (1.9415,0.0000)   (1.9415,-0.0000)   (0.9707,-0.0000) 
  can.orb. [ Up ] 2   (-0.0000,0.0000)   (-0.0000,0.0000)   (-0.0000,-0.0000)   (1.0026,-0.0000)   (1.0026,-0.0000)   (3.0078,0.0000) 
  can.orb. [ Up ] 3   (-0.0000,0.0000)   (0.0000,0.0000)   (0.0000,0.0000)   (2.7788,0.0000)   (2.7788,0.0000)   (2.7788,0.0000) 
  can.orb. [ Up ] 4   (0.0000,0.0000)   (-0.0000,0.0000)   (1.0000,-0.0000)   (1.9415,0.0000)   (1.9415,0.0000)   (0.9707,-0.0000) 
  can.orb. [ Up ] 5   (-0.0000,-0.0000)   (-0.0000,0.0000)   (0.0000,0.0000)   (3.6790,-0.0000)   (3.6790,-0.0000)   (3.6790,-0.0000) 
  can.orb. [ Up ] 6   (-0.0000,-0.0000)   (-0.0000,0.0000)   (-1.0000,-0.0000)   (0.7801,0.0000)   (0.7801,0.0000)   (0.3901,-0.0000) 
  can.orb. [ Up ] 7   (0.0000,0.0000)   (0.0000,0.0000)   (0.0000,-0.0000)   (0.3582,-0.0000)   (0.3582,-0.0000)   (1.0746,-0.0000) 
  can.orb. [ Up ] 8   (-0.0000,0.0000)   (-0.0000,-0.0000)   (1.0000,-0.0000)   (0.7801,0.0000)   (0.7801,-0.0000)   (0.3901,0.0000) 
  can.orb. [ Up ] 9   (-0.0000,0.0000)   (-0.0000,0.0000)   (0.0000,0.0000)   (0.3506,-0.0000)   (0.3506,-0.0000)   (0.3506,-0.0000) 
  can.orb. [ Up ] 10   (-0.0000,-0.0000)   (-0.0000,-0.0000)   (0.0000,-0.0000)   (0.0468,0.0000)   (0.0468,-0.0000)   (0.0468,-0.0000) 


RSP: done run scf2
Number of alpha MOs = 1
Number of beta  MOs = 1


RSP: Hartree-Fock orbitals have been obtained. 
RSP: Hartree-Fock final energy = -2.675293281675887
Entering response module
No. of electrons: (2.000000000000002,-1.719844479582694e-32)
DevINFO: screened away 93 out of 637 symmetry unique quadruples ABCD.
Recomputed final SCF electronic energy (-2.675293281675893,-6.198821142146615e-32) (-1.580524793818587,-6.174988726906255e-32) (1.094768487857306,2.383241524035945e-34)
unit_vectors():   MO Single-transition excitations in total.
Constructing start guesses for RPA-solver using the 100 lowest ones.
(No spin mixing allowed for UHF excitation operator)
(spin down)1 <- 0 : 1.335452709172096
(spin down)2 <- 0 : 1.58864927563748
(spin down)3 <- 0 : 1.966845881155264
(spin down)4 <- 0 : 2.335452709172098
(spin down)5 <- 0 : 2.864079190907177
(spin down)6 <- 0 : 3.541627875704075
(spin down)7 <- 0 : 3.948228097867396
(spin down)8 <- 0 : 4.541627875704073
(spin down)9 <- 0 : 9.761724497001289
(spin down)10 <- 0 : 63.43206028454227
(spin up)1 <- 0 : 1.335452709172096
(spin up)2 <- 0 : 1.588649275637474
(spin up)3 <- 0 : 1.966845881155256
(spin up)4 <- 0 : 2.335452709172097
(spin up)5 <- 0 : 2.864079190907185
(spin up)6 <- 0 : 3.541627875704076
(spin up)7 <- 0 : 3.948228097867394
(spin up)8 <- 0 : 4.541627875704076
(spin up)9 <- 0 : 9.761724497001287
(spin up)10 <- 0 : 63.43206028454229
Made 20 starting vectors 
DevINFO: screened away 151 out of 637 symmetry unique quadruples ABCD.
DevINFO: screened away 125 out of 637 symmetry unique quadruples ABCD.
DevINFO: screened away 90 out of 637 symmetry unique quadruples ABCD.
DevINFO: screened away 142 out of 637 symmetry unique quadruples ABCD.
DevINFO: screened away 80 out of 637 symmetry unique quadruples ABCD.
DevINFO: screened away 156 out of 637 symmetry unique quadruples ABCD.
DevINFO: screened away 122 out of 637 symmetry unique quadruples ABCD.
DevINFO: screened away 159 out of 637 symmetry unique quadruples ABCD.
DevINFO: screened away 96 out of 637 symmetry unique quadruples ABCD.
DevINFO: screened away 102 out of 637 symmetry unique quadruples ABCD.
DevINFO: screened away 157 out of 637 symmetry unique quadruples ABCD.
DevINFO: screened away 114 out of 637 symmetry unique quadruples ABCD.
DevINFO: screened away 81 out of 637 symmetry unique quadruples ABCD.
DevINFO: screened away 149 out of 637 symmetry unique quadruples ABCD.
DevINFO: screened away 83 out of 637 symmetry unique quadruples ABCD.
DevINFO: screened away 165 out of 637 symmetry unique quadruples ABCD.
DevINFO: screened away 128 out of 637 symmetry unique quadruples ABCD.
DevINFO: screened away 168 out of 637 symmetry unique quadruples ABCD.
DevINFO: screened away 83 out of 637 symmetry unique quadruples ABCD.
DevINFO: screened away 94 out of 637 symmetry unique quadruples ABCD.
The Davidson solver is about to start.
-------
Davidson step #0, 40 RPA trial vectors already in subspace.
The Davidson solver converged to a solution. 1 iterations and 0 restarts were needed.
==============================================================================================================
The Final eigenvalues from the Davidson method
==============================================================================================================
(RSP) 	 Excitation Energy 	0.7808686089087132	0.8979627633255953	1.05343174543738	1.155199266051426	1.362008988723518	1.614967903914172	1.780868608908713	1.897962763325596	2.386552037865348	2.506167636479429	
==============================================================================================================
Root: 0	 with energy 0.7808686089087132
==============================================================================================================
1 Up <-- Up 0 C^2 :  0.4941466555158457 C : (-0.2125492816933254,0.6700518325976709)
1 Down <-- Down 0 C^2 :  0.4941466555158591 C : (-0.03398931085537327,0.7021334504661033)
==============================================================================================================
Root: 1	 with energy 0.8979627633255953
==============================================================================================================
1 Up <-- Up 0 C^2 :  0.4994094314964363 C : (-0.6800337661349427,0.1922589618529199)
1 Down <-- Down 0 C^2 :  0.4994094314964234 C : (0.6081833277407178,-0.3598923052173389)
==============================================================================================================
Root: 2	 with energy 1.05343174543738
==============================================================================================================
2 Up <-- Up 0 C^2 :  0.4955359051747018 C : (0.4916975305679441,0.503755341021897)
2 Down <-- Down 0 C^2 :  0.495535905174687 C : (0.4911663069069539,0.5042733030154096)
==============================================================================================================
Root: 3	 with energy 1.155199266051426
==============================================================================================================
2 Up <-- Up 0 C^2 :  0.4995025349733014 C : (-0.1844447782541776,-0.6822628956260692)
2 Down <-- Down 0 C^2 :  0.4995025349732958 C : (0.1837255809771299,0.6824569186900459)
==============================================================================================================
Root: 4	 with energy 1.362008988723518
==============================================================================================================
3 Up <-- Up 0 C^2 :  0.4627870999569467 C : (-0.4593942737601673,0.5017409702160223)
3 Down <-- Down 0 C^2 :  0.4627870999569454 C : (0.4593942737601672,-0.501740970216021)
==============================================================================================================
Root: 5	 with energy 1.614967903914172
==============================================================================================================
3 Up <-- Up 0 C^2 :  0.4950286698502802 C : (0.3703900322761826,0.5981972031368322)
3 Down <-- Down 0 C^2 :  0.495028669850303 C : (0.3703900322761914,0.5981972031368459)
==============================================================================================================
Root: 6	 with energy 1.780868608908713
==============================================================================================================
4 Up <-- Up 0 C^2 :  0.4941466555158527 C : (0.6567572006469807,0.2506324697923123)
4 Down <-- Down 0 C^2 :  0.4941466555158521 C : (0.6864122880948837,-0.151607474315083)
==============================================================================================================
Root: 7	 with energy 1.897962763325596
==============================================================================================================
4 Up <-- Up 0 C^2 :  0.4994094314964242 C : (-0.6318209912094039,-0.3165622633283864)
4 Down <-- Down 0 C^2 :  0.4994094314964356 C : (0.7018188131278726,-0.0828238192564182)
==============================================================================================================
Root: 8	 with energy 2.386552037865348
==============================================================================================================
5 Up <-- Up 0 C^2 :  0.4641020243720101 C : (0.1743311971524585,0.6585671249549289)
5 Down <-- Down 0 C^2 :  0.4641020243720354 C : (-0.1743311971524577,-0.6585671249549483)
==============================================================================================================
Root: 9	 with energy 2.506167636479429
==============================================================================================================
5 Up <-- Up 0 C^2 :  0.49556294284138 C : (0.7030470980244642,0.03588482688769051)
5 Down <-- Down 0 C^2 :  0.4955629428413569 C : (0.7030470980244485,0.03588482688767509)
==============================================================================================================
==============================================================================================================
(RSP) Transition Dipole Moment, <1| coordinate |2>  |  Roots  |              Dipole Moment
==============================================================================================================
(RSP) Transition Dipole Moment, <1|x|2>             |    0    |     (5.182269544046214e-15,-3.608224830031759e-15)
(RSP) Transition Dipole Moment, <1|x|2>             |    1    |     (-0.4334859795852432,0.2657245048282717)
(RSP) Transition Dipole Moment, <1|x|2>             |    2    |     (-3.414838334828819e-16,-1.022932318565027e-16)
(RSP) Transition Dipole Moment, <1|x|2>             |    3    |     (2.035437557613554e-16,6.951735385422036e-16)
(RSP) Transition Dipole Moment, <1|x|2>             |    4    |     (-1.942740380853361e-16,2.689147738631108e-16)
(RSP) Transition Dipole Moment, <1|x|2>             |    5    |     (-1.119768155621309e-16,9.947243746123345e-16)
(RSP) Transition Dipole Moment, <1|x|2>             |    6    |     (-1.734723475976807e-18,-2.763414497231054e-15)
(RSP) Transition Dipole Moment, <1|x|2>             |    7    |     (-0.4816659246423861,-0.1628420830178853)
(RSP) Transition Dipole Moment, <1|x|2>             |    8    |     (-4.55478171435564e-16,9.703231244830141e-16)
(RSP) Transition Dipole Moment, <1|x|2>             |    9    |     (8.40281301791045e-18,7.316005243977882e-16)

(RSP) Transition Dipole Moment, <1|y|2>             |    0    |     (-3.50414142147315e-15,-5.286678213256568e-15)
(RSP) Transition Dipole Moment, <1|y|2>             |    1    |     (0.2657245048282715,0.4334859795852433)
(RSP) Transition Dipole Moment, <1|y|2>             |    2    |     (3.041904286166992e-16,-1.230348779358012e-16)
(RSP) Transition Dipole Moment, <1|y|2>             |    3    |     (-3.709494927998844e-16,-3.426411091652146e-17)
(RSP) Transition Dipole Moment, <1|y|2>             |    4    |     (-2.821601859026168e-17,-1.526659170989781e-16)
(RSP) Transition Dipole Moment, <1|y|2>             |    5    |     (-5.813856537543718e-16,-4.961160488970527e-16)
(RSP) Transition Dipole Moment, <1|y|2>             |    6    |     (2.802445775440532e-15,2.133709875451473e-16)
(RSP) Transition Dipole Moment, <1|y|2>             |    7    |     (0.1628420830178854,-0.4816659246423859)
(RSP) Transition Dipole Moment, <1|y|2>             |    8    |     (-9.695426105253755e-16,-5.109369224599104e-16)
(RSP) Transition Dipole Moment, <1|y|2>             |    9    |     (-5.977680209299048e-16,1.63988470938125e-16)

(RSP) Transition Dipole Moment, <1|z|2>             |    0    |     (-7.40614629819666e-17,-1.18578412711064e-16)
(RSP) Transition Dipole Moment, <1|z|2>             |    1    |     (-2.565857741983444e-16,1.222486671809356e-16)
(RSP) Transition Dipole Moment, <1|z|2>             |    2    |     (3.543086944741031e-15,2.408080189429276e-15)
(RSP) Transition Dipole Moment, <1|z|2>             |    3    |     (-0.1821012734585242,-0.6775338375778053)
(RSP) Transition Dipole Moment, <1|z|2>             |    4    |     (-1.94380933364872e-15,1.839756855624555e-15)
(RSP) Transition Dipole Moment, <1|z|2>             |    5    |     (1.25317119853921e-15,1.715006337447849e-15)
(RSP) Transition Dipole Moment, <1|z|2>             |    6    |     (-3.081499523252147e-16,-1.60243904405668e-16)
(RSP) Transition Dipole Moment, <1|z|2>             |    7    |     (-5.501939684114156e-16,-1.948032363602069e-16)
(RSP) Transition Dipole Moment, <1|z|2>             |    8    |     (-3.2451124915629e-16,-5.741544286271766e-16)
(RSP) Transition Dipole Moment, <1|z|2>             |    9    |     (-2.981526588799117e-16,-1.904104283451032e-16)


==============================================================================================================
(RSP) Transition Moment, <1| pi_coordinate |2>      |  Roots  |              Dipole Moment
==============================================================================================================
(RSP) Transition Moment, <1|pi_x|2>                 |    0    |     (-1.816255479347717e-15,-4.218495127869537e-15)
(RSP) Transition Moment, <1|pi_x|2>                 |    1    |     (0.2045767569569364,0.3337334505417968)
(RSP) Transition Moment, <1|pi_x|2>                 |    2    |     (-1.481419568535075e-16,2.339027016633151e-16)
(RSP) Transition Moment, <1|pi_x|2>                 |    3    |     (5.956550908977233e-16,-4.996183713479684e-17)
(RSP) Transition Moment, <1|pi_x|2>                 |    4    |     (1.659732141905044e-16,1.431169175169981e-16)
(RSP) Transition Moment, <1|pi_x|2>                 |    5    |     (1.03135349565502e-15,5.959196189756175e-16)
(RSP) Transition Moment, <1|pi_x|2>                 |    6    |     (-4.904496947455428e-15,-1.576429958793923e-15)
(RSP) Transition Moment, <1|pi_x|2>                 |    7    |     (-0.2882114209396569,0.8524922918368024)
(RSP) Transition Moment, <1|pi_x|2>                 |    8    |     (2.10960531339338e-15,7.997498891698626e-16)
(RSP) Transition Moment, <1|pi_x|2>                 |    9    |     (1.286072592390192e-15,-9.020945123687683e-16)

(RSP) Transition Moment, <1|pi_y|2>                 |    0    |     (-4.542048161193524e-15,1.720845688168993e-15)
(RSP) Transition Moment, <1|pi_y|2>                 |    1    |     (0.3337334505417974,-0.2045767569569362)
(RSP) Transition Moment, <1|pi_y|2>                 |    2    |     (-8.227146524899448e-17,-3.055864678813887e-16)
(RSP) Transition Moment, <1|pi_y|2>                 |    3    |     (-1.406809853314393e-16,4.816627897641533e-16)
(RSP) Transition Moment, <1|pi_y|2>                 |    4    |     (-4.091869884957669e-16,3.620954991508523e-16)
(RSP) Transition Moment, <1|pi_y|2>                 |    5    |     (-5.745313693995761e-16,1.043163833789173e-15)
(RSP) Transition Moment, <1|pi_y|2>                 |    6    |     (1.511811509313787e-15,-4.91707369265626e-15)
(RSP) Transition Moment, <1|pi_y|2>                 |    7    |     (-0.8524922918368028,-0.2882114209396573)
(RSP) Transition Moment, <1|pi_y|2>                 |    8    |     (-6.042342753145704e-16,2.111603699506726e-15)
(RSP) Transition Moment, <1|pi_y|2>                 |    9    |     (3.568694745249877e-16,1.067732667426287e-15)

(RSP) Transition Moment, <1|pi_z|2>                 |    0    |     (-1.941742783008542e-16,9.249098290406181e-17)
(RSP) Transition Moment, <1|pi_z|2>                 |    1    |     (1.655436948210949e-16,3.614872403577897e-16)
(RSP) Transition Moment, <1|pi_z|2>                 |    2    |     (4.309053114326389e-15,-5.874641051395457e-15)
(RSP) Transition Moment, <1|pi_z|2>                 |    3    |     (-0.8358594087623552,0.2246545549843994)
(RSP) Transition Moment, <1|pi_z|2>                 |    4    |     (6.272136778213245e-16,9.924969581182792e-16)
(RSP) Transition Moment, <1|pi_z|2>                 |    5    |     (1.781328447891848e-15,-1.110183769848492e-15)
(RSP) Transition Moment, <1|pi_z|2>                 |    6    |     (-8.627635241507669e-16,-7.410245930807368e-18)
(RSP) Transition Moment, <1|pi_z|2>                 |    7    |     (3.426232115250646e-16,1.048694227745454e-15)
(RSP) Transition Moment, <1|pi_z|2>                 |    8    |     (-1.274925546604518e-15,7.950971583141813e-16)
(RSP) Transition Moment, <1|pi_z|2>                 |    9    |     (-6.499296951580689e-16,-1.368512133341578e-16)


==============================================================================================================
(RSP) Electric Dipole Oscillator Strength
(length gauge):            	4.171021315866286e-29	0.3095213075233721	1.305346590446801e-29	0.3790693781980627	6.62595635061969e-30	6.565211225498849e-30	1.858790716414603e-29	0.654214116807651	4.431059621820265e-30	1.74542863595812e-30	
(magnetic-velocity gauge): 	3.819016772958152e-29	0.2275219296474568	3.370327797825965e-29	0.4323240398471902	8.443526808657972e-31	2.989832936567745e-30	2.012007885843733e-29	0.5688969572703167	3.400056693837756e-30	1.110940038628349e-30	
(mixed gauge):             	(3.899143036637757e-29,-8.420525666694915e-30)	(0.2653731055603064,3.23815048849004e-16)	(2.092601073542785e-29,-7.733174128150826e-31)	(0.404821942296794,1.295260195396015e-16)	(2.152178577044293e-30,-3.795181566251193e-31)	(4.286930843558941e-30,-4.147462475907414e-31)	(1.85258676914421e-29,-5.212996160982071e-30)	(0.6100659148445848,9.251858538542997e-17)	(3.838203280886393e-30,4.804731008530165e-31)	(1.152134183988266e-30,3.117062253015503e-31)	

