
Running the London Hartree-Fock program at /home/sangita.sen/packages/london/london.x.
Founded by Erik Tellgren, Alessandro Soncini and Trygve Helgaker.
Programming by:
  Erik Tellgren (main programmer)
  Kai Kaarvann Lange
  Andrew M. Teale
  Ulf Ekstrom
  Stella Stopkowicz
  Jon H. Austad


Basis file /home/sangita.sen/packages/london/baslib/aug-cc-pVDZ opened for reading.
User input successfully read from file_z2.inp.

london-input{
  analysis{
    analysis-only = no
    xml-print-potential-basis-overlap = no
    xml-print-potential-basis-kinetic = no
    export-operators = no
    # decypher-density-matrix-file = binary-file, plain-text-file
    # density-matrix-binary-to-text = binary-input-file, text-output-file
    # density-matrix-text-to-binary = text-input-file, binary-output-file
    # density-matrix-for-plotting = filename
    # density-plot-data = {filename,(x0,y0,z0),(x1,y1,z1),(x2,y2,z2),(x3,y3,z3),(N1xN2xN3),precision=N,scolon={y/n},fields{rho,grad(rho),jp,j,A,B,rho2nu,rho2omega,tau_p,tau_pi,laplacian(rho),grad(rho)^2,jp^2,tau_tensor}}
    # streamline-data = {filename,(x0,y0,z0),(x1,y1,z1),(x2,y2,z2),(x3,y3,z3),(N1xN2xN3),precision=N,scolon={y/n},fields{rho,grad(rho),jp,j,A,B,rho2nu,rho2omega,tau_p,tau_pi,laplacian(rho),grad(rho)^2,jp^2,tau_tensor}}
    # vortexline-data = {filename,(x0,y0,z0),(x1,y1,z1),(x2,y2,z2),(x3,y3,z3),(N1xN2xN3),precision=N,scolon={y/n},fields{rho,grad(rho),jp,j,A,B,rho2nu,rho2omega,tau_p,tau_pi,laplacian(rho),grad(rho)^2,jp^2,tau_tensor}}
    # current-through-plane = {density_matrix_file,(x0,y0,z0),(x1,y1,z1),(x2,y2,z2),(x3,y3,z3),(N1xN2xN3),precision=N,scolon={y/n},fields{rho,grad(rho),jp,j,A,B,rho2nu,rho2omega,tau_p,tau_pi,laplacian(rho),grad(rho)^2,jp^2,tau_tensor}}
    # linearly-combine-density-matrices = file : 0.6 * infile1, 0.4 * infile2, ...
    # spin-rotate-2c-density-matrix = file : infile, angle_degrees, (ux, uy, uz)
    linear-dependence-tol = 1e-06
    # overlap-for-ci-state-files = file1, file2
  }

  scf{
    spin-symmetry-constraint = Unrestricted Hartree-Fock
    linear-dependence-tol = 1e-10
    uhf-spin-projection = 0
    disable-spin-zeeman-in-fock-matrix = no
    noisy-init-guess = no
    # density-matrix-input-file = 
    # density-matrix-output-file = 
    # density-plot-data = {filename,(x0,y0,z0),(x1,y1,z1),(x2,y2,z2),(x3,y3,z3),(N1xN2xN3),precision=N,scolon={y/n},fields{rho,grad(rho),jp,j,A,B,rho2nu,rho2omega,tau_p,tau_pi,laplacian(rho),grad(rho)^2,jp^2,tau_tensor}}
    # molecular-orbitals-to-plot = (1,2,3,...)
    min-scf-iterations = 0
    max-scf-iterations = 160
    use-density-fitting = no
    use-admm = no
    analyze-using-dft-grid = no

    diis{
      convergence-tolerance = 1e-10
      subspace-dimension = 7
      diagonalization-temperature = 0
    }
  }

  casscf{
    max-active-orbitals = 2000
    number-of-frozen-orbitals = 0
    number-of-states-in-casscf-optimization = 1
    number-of-ci-states = 1
    spin-projection = default
    num-1exc-init-vec = 0
    num-2exc-init-vec = 0
    use-noisy-init-vec = no
    ci-max-subspace-dim = default
    ci-convergence-tol = 1e-06
    # density-matrix-input-file = 
    # density-matrix-output-file = 
    # ci-states-output-file = 
    # density-plot-data = {filename,(x0,y0,z0),(x1,y1,z1),(x2,y2,z2),(x3,y3,z3),(N1xN2xN3),precision=N,scolon={y/n},fields{rho,grad(rho),jp,j,A,B,rho2nu,rho2omega,tau_p,tau_pi,laplacian(rho),grad(rho)^2,jp^2,tau_tensor}}
    # analysis-weights = (w0, w1, ...)
  }

  mp2{
    spin-projection = default
    number-of-weights = 8
    basis-functions-per-block = 20
    cs-tolerance = 0
    print-mp2-components = 0
    # density-matrix-input-file = 
    # density-matrix-output-file = 
    #property-request = relaxed-density-matrix
  }

  rsp{
    number-of-roots-requested = 10
    root-selection-method = energy
    excitation-basis = MObasis
    starting-guess = UnitGuess
    solver_choice = GenEig
    method_choice = RPA
    precondition = false
    initial-subspace-dimension = 100
    maximum-subspace-dimension = 800
    convergence-tolerance = 1e-10
    max-rsp-iterations = 200
    # density-matrix-input-file = 
    # density-matrix-output-file = 
  }

  coupled-cluster{
    truncation-level = CCSD
    property-request = off
    spin-projection = default
    max-it = 150
    write-t-amplitudes = yes
    read-t-amplitudes = no
    # density-matrix-output-file = 
    # memory-in-gb = 
    # interface = 
    # molecular-orbitals-to-freeze = (1,3,5,...)
    diis{
      convergence-tolerance = 1e-06
      subspace-dimension = 7
      diagonalization-temperature = 0
    }
  }

  finite-difference{
    run-finite-difference = false
    run-type = gradient
    use-ref-density = false
    step-size = 0.0005
  }

  system{
    molecular-charge = 0
    correlation-model = RSP

    hamiltonian{
      electron-mass = 1
      speed-of-light = 137.036
      adiabatic-connection-lambda = 1
      nuclear-charge-distribution = point charge

      magnetic-field = (0, 0, 0.2)
      gauge-origin = (0, 0, 0.1173)

      linear-magnetic-field = {(0, 0, 0), (0, 0, 0), (0, 0, 0)}
      linear-magnetic-origin = (0, 0, 0)

      electric-field = (0, 0, 0)
      electric-origin = (0, 0, 0)
      linear-electric-field = {(0, 0, 0), (0, 0, 0), (0, 0, 0)}

      include-basis-expanded-scalar-potential = no
      scalar-potential-coefficients = (empty)
      include-basis-expanded-vector-potential = no
      vector-potential-coefficients-x = (empty)
      vector-potential-coefficients-y = (empty)
      vector-potential-coefficients-z = (empty)
      include-repulsion-from-external-density = no
      external-charge-density-scale-factor = 1
      include-coulomb-distance-to-external-density = no
      external-charge-density-distance-factor = 1
      # external-charge-density-file = filename
      # lieb-ref-density-file = filename
      # potential-plot-data = {filename,(x0,y0,z0),(x1,y1,z1),(x2,y2,z2),(x3,y3,z3),(N1xN2xN3),precision=N,scolon={y/n},fields{rho,grad(rho),jp,j,A,B,rho2nu,rho2omega,tau_p,tau_pi,laplacian(rho),grad(rho)^2,jp^2,tau_tensor}}

      integral{
        use-coulomb-integral-permutation-symmetry = yes
        use-cauchy-schwarz-screening = yes
        cauchy-schwarz-tol = 1e-15
        boys-function-tol = 1e-17
      }

      dft{
        # xc-functional = 0.7 * lda + 0.54 * lyp
        # xc-fun-parameter = {param1 = 0.1, param2 = 0.2, param3 = 0.3}
        jp-functional = none
        vrg-functional = none
        tau-correction = none
        vrg-hard-rs-cutoff = 62035.049
        vrg-soft-density-cutoff = 1e-14
        exact-exchange-fraction = default
        # gridfile = 
        radial-grid-type = LMG
        allow-grid-pruning = yes
        gc2-radial-grid-threshold = 1e-13
        lebedev-angular-target-degree = 35
        lebedev-angular-minimal-degree = 15
        weight-screen-threshold = 1e-20
        becke-hardness = 3
        allow-becke-atom-size-correction = yes
      }
    }

    # data on state flags lost, output incomplete here
    use-london-orbitals = yes
    gto-contraction-type = all, normalizedprimitive
    basis = aug-cc-pVDZ
    # density-fitting-basis = 
    # admm-basis = 
    # scalar-potential-basis = 
    # vector-potential-basis = 
    # if you really want to: # orbital-wave-vector-offset = (0, 0, 0)
    charge = 2
    He            0            0            0
  }
}

Basis set information:
The orbital basis consists of 11 basis functions formed from linear combinations of 11 primitive basis functions.
The density-fitting basis consists of 0 basis functions formed from linear combinations of 0 primitive basis functions.
The scalar potential basis consists of 0 basis functions formed from linear combinations of 0 primitive basis functions.
The vector potential basis consists of 0 basis functions formed from linear combinations of 0 primitive basis functions.
UHF Spin type 2

RSP: Running Hartree-Fock to determine orbital space.
RSP: run scf2


SCF: Running SCF optimization.

SCF: The SCF basis contains 11 basis functions.
 Fock build F = F(D) performed in 0 seconds (with 0 seconds used for Coulomb and exchange).
SCF-SD: Initial density by diagonalizing the one-electron part of the Fock matrix.
Initial trace: Tr(D) = (2,1.8132e-35)

SCF iteration 1:       [wall time: Tue Dec 14 18:55:18 2021]
SCF: using a fraction 1 of Hartree-Fock exchange.
DevINFO: screened away 102 out of 637 symmetry unique quadruples ABCD.
 Fock build F = F(D) performed in 0 seconds (with 0 seconds used for Coulomb and exchange).
 Total energy: -2.736169105 Hartree
 Fock matrix inversion D = D(Fmix) performed in 0 seconds.
  Nuclear repulsion:  0
  Kinetic:            3.994810996
  Nuclear attraction: -7.979360936
  Spin Zeeman effect: -2.220446049e-17
  Coulomb:            2.49676167
  Exchange:           -1.248380835
  Total:              -2.736169105

 Ehomo(Down) = -0.8936944224, Elumo(Down) = 0.1219357328
 Ehomo( Up ) = -0.6936944224, Elumo( Up ) = 0.3219357328
 DIIS error norm: 1.06104605

SCF iteration 2:       [wall time: Tue Dec 14 18:55:18 2021]
SCF: using a fraction 1 of Hartree-Fock exchange.
DevINFO: screened away 102 out of 637 symmetry unique quadruples ABCD.
 Fock build F = F(D) performed in 0 seconds (with 0 seconds used for Coulomb and exchange).
 Total energy: -2.846556006 Hartree
 Fock matrix inversion D = D(Fmix) performed in 0 seconds.
  Nuclear repulsion:  0
  Kinetic:            2.956504364
  Nuclear attraction: -6.851391205
  Spin Zeeman effect: 0
  Coulomb:            2.096661671
  Exchange:           -1.048330836
  Total:              -2.846556006

 Ehomo(Down) = -1.005613026, Elumo(Down) = 0.1214858387
 Ehomo( Up ) = -0.805613026, Elumo( Up ) = 0.3214858387
 DIIS error norm: 0.09143889639

SCF iteration 3:       [wall time: Tue Dec 14 18:55:18 2021]
SCF: using a fraction 1 of Hartree-Fock exchange.
DevINFO: screened away 102 out of 637 symmetry unique quadruples ABCD.
 Fock build F = F(D) performed in 0 seconds (with 0 seconds used for Coulomb and exchange).
 Total energy: -2.847792143 Hartree
 Fock matrix inversion D = D(Fmix) performed in 0 seconds.
  Nuclear repulsion:  0
  Kinetic:            2.869616568
  Nuclear attraction: -6.744890897
  Spin Zeeman effect: -2.220446049e-17
  Coulomb:            2.054964371
  Exchange:           -1.027482186
  Total:              -2.847792143

 Ehomo(Down) = -1.010673093, Elumo(Down) = 0.1210192357
 Ehomo( Up ) = -0.810673093, Elumo( Up ) = 0.3210192357
 DIIS error norm: 0.01027171572

SCF iteration 4:       [wall time: Tue Dec 14 18:55:18 2021]
SCF: using a fraction 1 of Hartree-Fock exchange.
DevINFO: screened away 102 out of 637 symmetry unique quadruples ABCD.
 Fock build F = F(D) performed in 0 seconds (with 0 seconds used for Coulomb and exchange).
 Total energy: -2.847805601 Hartree
 Fock matrix inversion D = D(Fmix) performed in 0 seconds.
  Nuclear repulsion:  0
  Kinetic:            2.865273934
  Nuclear attraction: -6.738991505
  Spin Zeeman effect: 2.220446049e-17
  Coulomb:            2.051823939
  Exchange:           -1.02591197
  Total:              -2.847805601

 Ehomo(Down) = -1.011012985, Elumo(Down) = 0.1210340873
 Ehomo( Up ) = -0.811012985, Elumo( Up ) = 0.3210340873
 DIIS error norm: 0.0006499858977

SCF iteration 5:       [wall time: Tue Dec 14 18:55:18 2021]
SCF: using a fraction 1 of Hartree-Fock exchange.
DevINFO: screened away 102 out of 637 symmetry unique quadruples ABCD.
 Fock build F = F(D) performed in 0 seconds (with 0 seconds used for Coulomb and exchange).
 Total energy: -2.847805713 Hartree
 Fock matrix inversion D = D(Fmix) performed in 0 seconds.
  Nuclear repulsion:  0
  Kinetic:            2.864989703
  Nuclear attraction: -6.738606001
  Spin Zeeman effect: 0
  Coulomb:            2.051621169
  Exchange:           -1.025810585
  Total:              -2.847805713

 Ehomo(Down) = -1.010997181, Elumo(Down) = 0.1210286981
 Ehomo( Up ) = -0.8109971805, Elumo( Up ) = 0.3210286981
 DIIS error norm: 3.22466889e-05

SCF iteration 6:       [wall time: Tue Dec 14 18:55:18 2021]
SCF: using a fraction 1 of Hartree-Fock exchange.
DevINFO: screened away 95 out of 637 symmetry unique quadruples ABCD.
 Fock build F = F(D) performed in 0 seconds (with 0 seconds used for Coulomb and exchange).
 Total energy: -2.847805713 Hartree
 Fock matrix inversion D = D(Fmix) performed in 0 seconds.
  Nuclear repulsion:  0
  Kinetic:            2.864997245
  Nuclear attraction: -6.738613783
  Spin Zeeman effect: -2.220446049e-17
  Coulomb:            2.051621649
  Exchange:           -1.025810824
  Total:              -2.847805713

 Ehomo(Down) = -1.010997476, Elumo(Down) = 0.1210287771
 Ehomo( Up ) = -0.8109974762, Elumo( Up ) = 0.3210287771
 DIIS error norm: 2.430329159e-07

SCF iteration 7:       [wall time: Tue Dec 14 18:55:18 2021]
SCF: using a fraction 1 of Hartree-Fock exchange.
DevINFO: screened away 95 out of 637 symmetry unique quadruples ABCD.
 Fock build F = F(D) performed in 0 seconds (with 0 seconds used for Coulomb and exchange).
 Total energy: -2.847805713 Hartree
 Fock matrix inversion D = D(Fmix) performed in 0 seconds.
  Nuclear repulsion:  0
  Kinetic:            2.864996986
  Nuclear attraction: -6.738613462
  Spin Zeeman effect: 2.220446049e-17
  Coulomb:            2.051621523
  Exchange:           -1.025810762
  Total:              -2.847805713

 Ehomo(Down) = -1.010997476, Elumo(Down) = 0.1210287766
 Ehomo( Up ) = -0.8109974757, Elumo( Up ) = 0.3210287766
 DIIS error norm: 1.668101955e-09

SCF iteration 8:       [wall time: Tue Dec 14 18:55:18 2021]
SCF: using a fraction 1 of Hartree-Fock exchange.
DevINFO: screened away 94 out of 637 symmetry unique quadruples ABCD.
 Fock build F = F(D) performed in 0 seconds (with 0 seconds used for Coulomb and exchange).
 Total energy: -2.847805713 Hartree
 Fock matrix inversion D = D(Fmix) performed in 0 seconds.
  Nuclear repulsion:  0
  Kinetic:            2.864996988
  Nuclear attraction: -6.738613464
  Spin Zeeman effect: 0
  Coulomb:            2.051621524
  Exchange:           -1.025810762
  Total:              -2.847805713

 Ehomo(Down) = -1.010997476, Elumo(Down) = 0.1210287766
 Ehomo( Up ) = -0.8109974757, Elumo( Up ) = 0.3210287766
 DIIS error norm: 3.445379877e-14

Converged SCF results:
-----------------------
(pre-RSP) Nuclear repulsion:  0
(pre-RSP) Kinetic:            2.864996988319202
(pre-RSP) Nuclear attraction: -6.738613463843804
(pre-RSP) Spin Zeeman effect: 0
(pre-RSP) Coulomb:            2.051621524212484
(pre-RSP) Exchange:           -1.025810762106242
(pre-RSP) Total electronic:   -2.847805713418361
(pre-RSP) Total:              -2.847805713418361

(pre-RSP) E(LUMO, Down): 0.1210287765680249
(pre-RSP) E(HOMO, Down): -1.010997475656063
(pre-RSP) E(GAP, Down):  1.132026252224088

(pre-RSP) E(LUMO,  Up ): 0.3210287765680239
(pre-RSP) E(HOMO,  Up ): -0.8109974756560628
(pre-RSP) E(GAP,  Up ):  1.132026252224087

Orbital energies (Eorb), orbital contributions to the total energy (Econtrib), and reflection symmetry properties for the molecular orbitals:

Orbital analysis (pre-RSP)
    Eorb      Econtrib  Occ  Reflection(xy)  Reflection(xz)  Reflection(yz)
---------------------------------------------------------------------------
Spin Down
    -1.011     -1.4739   1  (1.0000,0.0000)  (1.0000,0.0000)  (1.0000,0.0000)
  0.121029   -0.141478   0  (1.0000,-0.0000)  (1.0000,-0.0000)  (1.0000,-0.0000)
  0.351899  -0.0799735   0  (1.0000,0.0000)  (0.0000,-0.0000)  (-0.0000,0.0000)
  0.441662   0.0101239   0  (-1.0000,-0.0000)  (1.0000,0.0000)  (1.0000,-0.0000)
  0.551899    0.120027   0  (1.0000,0.0000)  (-0.0000,-0.0000)  (0.0000,0.0000)
   1.35852    0.751584   0  (1.0000,0.0000)  (1.0000,0.0000)  (1.0000,0.0000)
   2.83458     2.03713   0  (1.0000,0.0000)  (0.0000,-0.0000)  (-0.0000,0.0000)
   2.93121     2.13342   0  (-1.0000,0.0000)  (1.0000,-0.0000)  (1.0000,0.0000)
   3.03458     2.23713   0  (1.0000,0.0000)  (-0.0000,0.0000)  (0.0000,-0.0000)
   8.70773     7.61745   0  (1.0000,-0.0000)  (1.0000,-0.0000)  (1.0000,0.0000)
   62.3863     60.9231   0  (1.0000,0.0000)  (1.0000,0.0000)  (1.0000,0.0000)
Spin Up
 -0.810997     -1.3739   1  (1.0000,0.0000)  (1.0000,0.0000)  (1.0000,0.0000)
  0.321029  -0.0414775   0  (1.0000,0.0000)  (1.0000,-0.0000)  (1.0000,0.0000)
  0.551899   0.0200265   0  (1.0000,-0.0000)  (0.0000,0.0000)  (-0.0000,-0.0000)
  0.641662    0.110124   0  (-1.0000,-0.0000)  (1.0000,0.0000)  (1.0000,0.0000)
  0.751899    0.220027   0  (1.0000,-0.0000)  (-0.0000,0.0000)  (0.0000,-0.0000)
   1.55852    0.851584   0  (1.0000,-0.0000)  (1.0000,-0.0000)  (1.0000,-0.0000)
   3.03458     2.13713   0  (1.0000,-0.0000)  (-0.0000,-0.0000)  (0.0000,-0.0000)
   3.13121     2.23342   0  (-1.0000,-0.0000)  (1.0000,0.0000)  (1.0000,0.0000)
   3.23458     2.33713   0  (1.0000,0.0000)  (0.0000,-0.0000)  (-0.0000,0.0000)
   8.90773     7.71745   0  (1.0000,0.0000)  (1.0000,0.0000)  (1.0000,0.0000)
   62.5863     61.0231   0  (1.0000,0.0000)  (1.0000,0.0000)  (1.0000,0.0000)


Properties:
-----------
Spin-projection on field: <sigma_B> = <2 S_B> = -2.220446049250313e-16
Spin-projection squared: <sigma_B> = <4 S_B^2> = -1.332267629550188e-15
Total spin: <sigma^2> = <4 S^2> = -2.664535259100376e-15 = 4 * -6.661338147750939e-16 * (-6.661338147750939e-16 + 1)
Total spin quantum number: s = -6.661338147750939e-16


(SCF) Traces of the SCF 1-electron density matrix with simple operators
(SCF) Mechanical/kinetic momentum:
(SCF)     <PIx> = 2.378034362849891e-18
(SCF)     <PIy> = -9.848621988103796e-18
(SCF)     <PIz> = 1.051993879080921e-19
(SCF)     B x pi = (1.969724397620759e-18, 4.756068725699783e-19, -0)
(SCF) Angular momentum w.r.t. gauge origin (0, 0, 0.1173):
(SCF)     <Lx> = -1.155243359204569e-18
(SCF)     <Ly> = -2.789434307622922e-19
(SCF)     <Lz> = 0.1575456442348327
(SCF) Coordinate derivative contribution to angular momentum w.r.t. C = (0, 0, 0.1173):
(SCF)     <Lcoord_x> = 1.312955632129155e-19
(SCF)     <Lcoord_y> = 2.08755323210455e-19
(SCF)     <Lcoord_z> = -1.488819974332555e-32
(SCF) Dipole moment:
(SCF)     <x> = -1.096793625249415e-16
(SCF)     <y> = -4.157704637448818e-17
(SCF)     <z> = 5.079231462864164e-16
(SCF) Nuclear dipole moment:
(SCF)     <X> = 0
(SCF)     <Y> = 0
(SCF)     <Z> = 0
(SCF) Total dipole moment: (1.096793625249415e-16, 4.157704637448818e-17, -5.079231462864164e-16)
(SCF) Coordinate derivative contribution to angular momentum w.r.t. center of charge (-5.483968126247071e-17, -2.078852318724407e-17, 2.539615731432079e-16):
(SCF)     <Lambda_x> = -7.314334305751864e-32
(SCF)     <Lambda_y> = 1.370816924831705e-33
(SCF)     <Lambda_z> = -1.47898201890647e-32
(SCF) Electronic quadrupole moments w.r.t. center of electronic charge at (-5.483968126247071e-17, -2.078852318724407e-17, 2.539615731432079e-16):
(SCF)         x         y          z
(SCF) x: 0.7877282211741635  -3.675028150975688e-33  -7.725513378198279e-31
(SCF) y: -3.675028150975688e-33  0.7877282211741635  1.915183199908954e-32
(SCF) z: -7.725513378198279e-31  1.915183199908954e-32  0.7877282211741635
(SCF) Magnetic quadrupole moments w.r.t. C = (0, 0, 0):
(SCF)         x         y          z
(SCF) Jx: 1.203015597779154e-17  -1.522337285209697e-20  -2.614284355375477e-18
(SCF) Jy: 1.522337285209697e-20  1.203015597779154e-17  -7.249265786301068e-19
(SCF) Jz: 1.081689456903421e-17  3.853226467258004e-18  -2.406031195558308e-17
(SCF) Anapole moment w.r.t. C = (0, 0, 0):
(SCF)     a_x = 4.578153045888111e-18
(SCF)     a_y = -1.343117892440968e-17
(SCF)     a_z = 3.044674570419395e-20
(SCF) Hellmann-Feynman forces:
(SCF) H-F force on He at pos = (0, 0, 0):   F = (1.915841557288232e-16, 7.12639466171003e-17, -1.023991011368012e-15)
(SCF) Total H-F force on center of mass:   Ftot = (1.915841557288232e-16, 7.12639466171003e-17, -1.023991011368012e-15)
(SCF) Scaling pressure w.r.t. center of charge:   2.720422543732971e-31
(SCF) Total H-F torque w.r.t. center of charge: (-3.188956892081029e-33, 7.500327100851492e-33, -7.465954568971238e-35)
(SCF) Nuclear shielding integrals:
(SCF) He at C = (0, 0, 0):
(SCF)    <Lx/|r - C|^3> = -2.462981878701299e-32
(SCF)    <Ly/|r - C|^3> = 3.78255923010047e-34
(SCF)    <Lz/|r - C|^3> = 0.2246204487947922
 
MULLIKEN POPULATION ANALYSIS FOR SUM OF SPIN UP AND SPIN DOWN DENSITY MATRIX

(SCF) Mulliken decomposition of traces of SCF 1-electron density matrix with simple operators

(SCF) Mulliken populations:
(SCF) Nucleus #1 (He):  2.000000000000002   [narrow def.],   2.000000000000002   [wide def.]

(SCF) Total mechanical momentum: <pi> = (2.378034362849892e-18, -9.848621988103799e-18, 1.051993879080921e-19)

(SCF) Mulliken momenta:
(SCF) Nucleus #1 (He):  (2.378034362849892e-18, -9.848621988103799e-18, 1.051993879080921e-19)   [narrow def.],   (2.378034362849892e-18, -9.848621988103799e-18, 1.051993879080921e-19)   [wide def.]

(SCF) Mulliken bond momenta:
(SCF) Nucleus #1 (He):   
 
MULLIKEN POPULATION ANALYSIS FOR SPIN DOWN DENSITY MATRIX:

(SCF) Mulliken decomposition of traces of SCF 1-electron density matrix with simple operators

(SCF) Mulliken populations:
(SCF) Nucleus #1 (He):  1.000000000000001   [narrow def.],   1.000000000000001   [wide def.]

(SCF) Total mechanical momentum: <pi> = (7.632813922616321e-19, -1.007554488434573e-17, -3.250060112102794e-19)

(SCF) Mulliken momenta:
(SCF) Nucleus #1 (He):  (7.632813922616321e-19, -1.007554488434573e-17, -3.250060112102794e-19)   [narrow def.],   (7.632813922616321e-19, -1.007554488434573e-17, -3.250060112102794e-19)   [wide def.]

(SCF) Mulliken bond momenta:
(SCF) Nucleus #1 (He):   
 
MULLIKEN POPULATION ANALYSIS FOR SPIN UP DENSITY MATRIX:

(SCF) Mulliken decomposition of traces of SCF 1-electron density matrix with simple operators

(SCF) Mulliken populations:
(SCF) Nucleus #1 (He):  1.000000000000001   [narrow def.],   1.000000000000001   [wide def.]

(SCF) Total mechanical momentum: <pi> = (1.614752970588261e-18, 2.26922896241935e-19, 4.302053991183716e-19)

(SCF) Mulliken momenta:
(SCF) Nucleus #1 (He):  (1.614752970588261e-18, 2.26922896241935e-19, 4.302053991183716e-19)   [narrow def.],   (1.614752970588261e-18, 2.26922896241935e-19, 4.302053991183716e-19)   [wide def.]

(SCF) Mulliken bond momenta:
(SCF) Nucleus #1 (He):   
 

Orbital symmetry properties for SCF:
                          Inversion           Rot180X           Rot180Y           Rot180Z            ReflXY            ReflXZ            ReflYZ
  can.orb. [Down] 0   (1.0000,0.0000)   (1.0000,0.0000)   (1.0000,0.0000)   (1.0000,0.0000)   (1.0000,0.0000)   (1.0000,0.0000)   (1.0000,0.0000) 
  can.orb. [Down] 1   (1.0000,-0.0000)   (1.0000,-0.0000)   (1.0000,-0.0000)   (1.0000,-0.0000)   (1.0000,-0.0000)   (1.0000,-0.0000)   (1.0000,-0.0000) 
  can.orb. [Down] 2   (-1.0000,-0.0000)   (0.0000,0.0000)   (-0.0000,-0.0000)   (-1.0000,-0.0000)   (1.0000,0.0000)   (0.0000,0.0000)   (-0.0000,-0.0000) 
  can.orb. [Down] 3   (-1.0000,0.0000)   (-1.0000,0.0000)   (-1.0000,0.0000)   (1.0000,-0.0000)   (-1.0000,0.0000)   (1.0000,-0.0000)   (1.0000,-0.0000) 
  can.orb. [Down] 4   (-1.0000,0.0000)   (-0.0000,0.0000)   (0.0000,-0.0000)   (-1.0000,0.0000)   (1.0000,-0.0000)   (-0.0000,0.0000)   (0.0000,-0.0000) 
  can.orb. [Down] 5   (1.0000,0.0000)   (1.0000,0.0000)   (1.0000,0.0000)   (1.0000,0.0000)   (1.0000,0.0000)   (1.0000,0.0000)   (1.0000,0.0000) 
  can.orb. [Down] 6   (-1.0000,0.0000)   (0.0000,-0.0000)   (-0.0000,0.0000)   (-1.0000,0.0000)   (1.0000,-0.0000)   (0.0000,-0.0000)   (-0.0000,0.0000) 
  can.orb. [Down] 7   (-1.0000,-0.0000)   (-1.0000,-0.0000)   (-1.0000,-0.0000)   (1.0000,0.0000)   (-1.0000,-0.0000)   (1.0000,0.0000)   (1.0000,0.0000) 
  can.orb. [Down] 8   (-1.0000,0.0000)   (-0.0000,-0.0000)   (0.0000,0.0000)   (-1.0000,0.0000)   (1.0000,-0.0000)   (-0.0000,-0.0000)   (0.0000,0.0000) 
  can.orb. [Down] 9   (1.0000,0.0000)   (1.0000,0.0000)   (1.0000,0.0000)   (1.0000,0.0000)   (1.0000,0.0000)   (1.0000,0.0000)   (1.0000,0.0000) 
  can.orb. [Down] 10   (1.0000,-0.0000)   (1.0000,-0.0000)   (1.0000,-0.0000)   (1.0000,-0.0000)   (1.0000,-0.0000)   (1.0000,-0.0000)   (1.0000,-0.0000) 



Orbital properties for SCF:
                           Lcoord_x          Lcoord_y          Lcoord_z               x^2               y^2               z^2
  can.orb. [Down] 0   (0.0000,0.0000)   (0.0000,-0.0000)   (-0.0000,0.0000)   (0.3939,0.0000)   (0.3939,0.0000)   (0.3939,0.0000) 
  can.orb. [Down] 1   (0.0000,-0.0000)   (-0.0000,0.0000)   (-0.0000,0.0000)   (4.8185,-0.0000)   (4.8185,-0.0000)   (4.8185,-0.0000) 
  can.orb. [Down] 2   (0.0000,0.0000)   (-0.0000,0.0000)   (-1.0000,-0.0000)   (2.0465,-0.0000)   (2.0465,0.0000)   (1.0232,0.0000) 
  can.orb. [Down] 3   (-0.0000,0.0000)   (0.0000,-0.0000)   (-0.0000,0.0000)   (1.0242,0.0000)   (1.0242,0.0000)   (3.0727,-0.0000) 
  can.orb. [Down] 4   (0.0000,-0.0000)   (-0.0000,0.0000)   (1.0000,-0.0000)   (2.0465,-0.0000)   (2.0465,0.0000)   (1.0232,0.0000) 
  can.orb. [Down] 5   (-0.0000,0.0000)   (0.0000,-0.0000)   (0.0000,0.0000)   (1.6125,-0.0000)   (1.6125,0.0000)   (1.6125,-0.0000) 
  can.orb. [Down] 6   (0.0000,0.0000)   (0.0000,-0.0000)   (-1.0000,0.0000)   (0.6751,-0.0000)   (0.6751,0.0000)   (0.3376,-0.0000) 
  can.orb. [Down] 7   (-0.0000,-0.0000)   (-0.0000,0.0000)   (-0.0000,-0.0000)   (0.3366,-0.0000)   (0.3366,-0.0000)   (1.0098,0.0000) 
  can.orb. [Down] 8   (0.0000,0.0000)   (0.0000,0.0000)   (1.0000,0.0000)   (0.6751,-0.0000)   (0.6751,-0.0000)   (0.3376,-0.0000) 
  can.orb. [Down] 9   (-0.0000,-0.0000)   (0.0000,-0.0000)   (0.0000,-0.0000)   (0.3184,0.0000)   (0.3184,0.0000)   (0.3184,-0.0000) 
  can.orb. [Down] 10   (0.0000,0.0000)   (0.0000,-0.0000)   (-0.0000,-0.0000)   (0.0464,0.0000)   (0.0464,0.0000)   (0.0464,0.0000) 



Orbital symmetry properties for SCF:
                          Inversion           Rot180X           Rot180Y           Rot180Z            ReflXY            ReflXZ            ReflYZ
  can.orb. [ Up ] 0   (1.0000,-0.0000)   (1.0000,-0.0000)   (1.0000,-0.0000)   (1.0000,-0.0000)   (1.0000,-0.0000)   (1.0000,-0.0000)   (1.0000,-0.0000) 
  can.orb. [ Up ] 1   (1.0000,0.0000)   (1.0000,0.0000)   (1.0000,0.0000)   (1.0000,0.0000)   (1.0000,0.0000)   (1.0000,0.0000)   (1.0000,0.0000) 
  can.orb. [ Up ] 2   (-1.0000,-0.0000)   (0.0000,-0.0000)   (-0.0000,0.0000)   (-1.0000,-0.0000)   (1.0000,0.0000)   (0.0000,-0.0000)   (-0.0000,0.0000) 
  can.orb. [ Up ] 3   (-1.0000,-0.0000)   (-1.0000,-0.0000)   (-1.0000,-0.0000)   (1.0000,0.0000)   (-1.0000,-0.0000)   (1.0000,0.0000)   (1.0000,0.0000) 
  can.orb. [ Up ] 4   (-1.0000,-0.0000)   (-0.0000,-0.0000)   (0.0000,0.0000)   (-1.0000,-0.0000)   (1.0000,0.0000)   (-0.0000,-0.0000)   (0.0000,0.0000) 
  can.orb. [ Up ] 5   (1.0000,-0.0000)   (1.0000,-0.0000)   (1.0000,-0.0000)   (1.0000,-0.0000)   (1.0000,-0.0000)   (1.0000,-0.0000)   (1.0000,-0.0000) 
  can.orb. [ Up ] 6   (-1.0000,0.0000)   (-0.0000,-0.0000)   (0.0000,0.0000)   (-1.0000,0.0000)   (1.0000,-0.0000)   (-0.0000,-0.0000)   (0.0000,0.0000) 
  can.orb. [ Up ] 7   (-1.0000,0.0000)   (-1.0000,0.0000)   (-1.0000,0.0000)   (1.0000,-0.0000)   (-1.0000,0.0000)   (1.0000,-0.0000)   (1.0000,-0.0000) 
  can.orb. [ Up ] 8   (-1.0000,0.0000)   (0.0000,-0.0000)   (-0.0000,0.0000)   (-1.0000,0.0000)   (1.0000,-0.0000)   (0.0000,-0.0000)   (-0.0000,0.0000) 
  can.orb. [ Up ] 9   (1.0000,0.0000)   (1.0000,0.0000)   (1.0000,0.0000)   (1.0000,0.0000)   (1.0000,0.0000)   (1.0000,0.0000)   (1.0000,0.0000) 
  can.orb. [ Up ] 10   (1.0000,0.0000)   (1.0000,0.0000)   (1.0000,0.0000)   (1.0000,0.0000)   (1.0000,0.0000)   (1.0000,0.0000)   (1.0000,0.0000) 



Orbital properties for SCF:
                           Lcoord_x          Lcoord_y          Lcoord_z               x^2               y^2               z^2
  can.orb. [ Up ] 0   (-0.0000,-0.0000)   (0.0000,0.0000)   (-0.0000,0.0000)   (0.3939,0.0000)   (0.3939,0.0000)   (0.3939,0.0000) 
  can.orb. [ Up ] 1   (-0.0000,0.0000)   (0.0000,0.0000)   (-0.0000,0.0000)   (4.8185,0.0000)   (4.8185,0.0000)   (4.8185,0.0000) 
  can.orb. [ Up ] 2   (0.0000,0.0000)   (-0.0000,0.0000)   (-1.0000,-0.0000)   (2.0465,-0.0000)   (2.0465,-0.0000)   (1.0232,0.0000) 
  can.orb. [ Up ] 3   (-0.0000,0.0000)   (0.0000,0.0000)   (-0.0000,0.0000)   (1.0242,0.0000)   (1.0242,0.0000)   (3.0727,-0.0000) 
  can.orb. [ Up ] 4   (0.0000,-0.0000)   (-0.0000,0.0000)   (1.0000,0.0000)   (2.0465,0.0000)   (2.0465,0.0000)   (1.0232,-0.0000) 
  can.orb. [ Up ] 5   (0.0000,0.0000)   (0.0000,0.0000)   (0.0000,-0.0000)   (1.6125,0.0000)   (1.6125,0.0000)   (1.6125,0.0000) 
  can.orb. [ Up ] 6   (0.0000,0.0000)   (0.0000,-0.0000)   (-1.0000,0.0000)   (0.6751,0.0000)   (0.6751,-0.0000)   (0.3376,0.0000) 
  can.orb. [ Up ] 7   (-0.0000,0.0000)   (-0.0000,0.0000)   (0.0000,0.0000)   (0.3366,0.0000)   (0.3366,0.0000)   (1.0098,-0.0000) 
  can.orb. [ Up ] 8   (-0.0000,-0.0000)   (0.0000,-0.0000)   (1.0000,0.0000)   (0.6751,-0.0000)   (0.6751,0.0000)   (0.3376,0.0000) 
  can.orb. [ Up ] 9   (0.0000,-0.0000)   (0.0000,0.0000)   (0.0000,-0.0000)   (0.3184,-0.0000)   (0.3184,-0.0000)   (0.3184,-0.0000) 
  can.orb. [ Up ] 10   (0.0000,-0.0000)   (0.0000,0.0000)   (0.0000,0.0000)   (0.0464,-0.0000)   (0.0464,-0.0000)   (0.0464,0.0000) 


RSP: done run scf2
Number of alpha MOs = 1
Number of beta  MOs = 1


RSP: Hartree-Fock orbitals have been obtained. 
RSP: Hartree-Fock final energy = -2.847805713418361
Entering response module
No. of electrons: (2.000000000000004,-2.590885985474838e-33)
DevINFO: screened away 100 out of 637 symmetry unique quadruples ABCD.
Recomputed final SCF electronic energy (-2.847805713418351,-3.979548347817385e-33) (-1.821994951312112,-3.963057983841446e-33) (1.02581076210624,1.649036397593874e-35)
unit_vectors():   MO Single-transition excitations in total.
Constructing start guesses for RPA-solver using the 100 lowest ones.
(No spin mixing allowed for UHF excitation operator)
(spin down)1 <- 0 : 1.132026252224088
(spin down)2 <- 0 : 1.362896541046909
(spin down)3 <- 0 : 1.452659210914906
(spin down)4 <- 0 : 1.562896541046909
(spin down)5 <- 0 : 2.369513407742597
(spin down)6 <- 0 : 3.845579470615521
(spin down)7 <- 0 : 3.942208672292666
(spin down)8 <- 0 : 4.04557947061552
(spin down)9 <- 0 : 9.718723338678288
(spin down)10 <- 0 : 63.39725479254234
(spin up)1 <- 0 : 1.132026252224087
(spin up)2 <- 0 : 1.36289654104691
(spin up)3 <- 0 : 1.452659210914906
(spin up)4 <- 0 : 1.56289654104691
(spin up)5 <- 0 : 2.369513407742591
(spin up)6 <- 0 : 3.845579470615522
(spin up)7 <- 0 : 3.942208672292667
(spin up)8 <- 0 : 4.045579470615523
(spin up)9 <- 0 : 9.718723338678283
(spin up)10 <- 0 : 63.39725479254236
Made 20 starting vectors 
DevINFO: screened away 90 out of 637 symmetry unique quadruples ABCD.
DevINFO: screened away 153 out of 637 symmetry unique quadruples ABCD.
DevINFO: screened away 124 out of 637 symmetry unique quadruples ABCD.
DevINFO: screened away 153 out of 637 symmetry unique quadruples ABCD.
DevINFO: screened away 89 out of 637 symmetry unique quadruples ABCD.
DevINFO: screened away 157 out of 637 symmetry unique quadruples ABCD.
DevINFO: screened away 144 out of 637 symmetry unique quadruples ABCD.
DevINFO: screened away 160 out of 637 symmetry unique quadruples ABCD.
DevINFO: screened away 92 out of 637 symmetry unique quadruples ABCD.
DevINFO: screened away 102 out of 637 symmetry unique quadruples ABCD.
DevINFO: screened away 98 out of 637 symmetry unique quadruples ABCD.
DevINFO: screened away 162 out of 637 symmetry unique quadruples ABCD.
DevINFO: screened away 146 out of 637 symmetry unique quadruples ABCD.
DevINFO: screened away 159 out of 637 symmetry unique quadruples ABCD.
DevINFO: screened away 91 out of 637 symmetry unique quadruples ABCD.
DevINFO: screened away 160 out of 637 symmetry unique quadruples ABCD.
DevINFO: screened away 161 out of 637 symmetry unique quadruples ABCD.
DevINFO: screened away 159 out of 637 symmetry unique quadruples ABCD.
DevINFO: screened away 96 out of 637 symmetry unique quadruples ABCD.
DevINFO: screened away 102 out of 637 symmetry unique quadruples ABCD.
The Davidson solver is about to start.
-------
Davidson step #0, 40 RPA trial vectors already in subspace.
The Davidson solver converged to a solution. 1 iterations and 0 restarts were needed.
==============================================================================================================
The Final eigenvalues from the Davidson method
==============================================================================================================
(RSP) 	 Excitation Energy 	0.7715868891186075	0.8446492970228316	0.8623340439172852	0.9349505292410991	0.9466691639512397	1.036514192463313	1.044649297022832	1.14666916395124	1.638217915341916	1.94985967715877	
==============================================================================================================
Root: 0	 with energy 0.7715868891186075
==============================================================================================================
1 Up <-- Up 0 C^2 :  0.4813357056281211 C : (0.04547913035113638,-0.6922913796448903)
1 Down <-- Down 0 C^2 :  0.4813357056281302 C : (-0.04547913035113312,0.6922913796448971)
==============================================================================================================
Root: 1	 with energy 0.8446492970228316
==============================================================================================================
2 Up <-- Up 0 C^2 :  0.4966458768893933 C : (0.1110297025354954,0.6959297967785779)
2 Down <-- Down 0 C^2 :  0.4966458768894096 C : (-0.3558317218872225,-0.608300635038452)
==============================================================================================================
Root: 2	 with energy 0.8623340439172852
==============================================================================================================
1 Up <-- Up 0 C^2 :  0.499270095322528 C : (-0.7063544681478009,0.01826090496567387)
1 Down <-- Down 0 C^2 :  0.4992700953225083 C : (-0.706354468147787,0.01826090496566918)
==============================================================================================================
Root: 3	 with energy 0.9349505292410991
==============================================================================================================
3 Up <-- Up 0 C^2 :  0.4966770470235753 C : (0.09822769080535824,0.6978741776155801)
3 Down <-- Down 0 C^2 :  0.4966770470235751 C : (-0.09799078717775665,-0.6979074814413863)
==============================================================================================================
Root: 4	 with energy 0.9466691639512397
==============================================================================================================
2 Up <-- Up 0 C^2 :  0.499557456139982 C : (-0.5521622878890572,0.4412190657407088)
2 Down <-- Down 0 C^2 :  0.4995574561399679 C : (-0.3545846906846967,0.6114140604140584)
==============================================================================================================
Root: 5	 with energy 1.036514192463313
==============================================================================================================
3 Up <-- Up 0 C^2 :  0.4995566729954145 C : (0.7005037888799638,-0.09408036330834278)
3 Down <-- Down 0 C^2 :  0.4995566729954145 C : (0.7005356847167357,-0.09384256728089277)
==============================================================================================================
Root: 6	 with energy 1.044649297022832
==============================================================================================================
4 Up <-- Up 0 C^2 :  0.4966458768893978 C : (0.6997993249569245,-0.08322728926999026)
4 Down <-- Down 0 C^2 :  0.4966458768894048 C : (0.6852974788356174,0.164357057624403)
==============================================================================================================
Root: 7	 with energy 1.14666916395124
==============================================================================================================
4 Up <-- Up 0 C^2 :  0.4995574561399777 C : (-0.447729153026194,0.5468967559516372)
4 Down <-- Down 0 C^2 :  0.4995574561399723 C : (0.6094648605760552,-0.357924628746028)
==============================================================================================================
Root: 8	 with energy 1.638217915341916
==============================================================================================================
5 Up <-- Up 0 C^2 :  0.4810616403355905 C : (-0.4979755572409416,-0.482785650911628)
5 Down <-- Down 0 C^2 :  0.4810616403355732 C : (0.4979755572409323,0.4827856509116197)
==============================================================================================================
Root: 9	 with energy 1.94985967715877
==============================================================================================================
5 Up <-- Up 0 C^2 :  0.4985896756288662 C : (-0.567806808961317,-0.4197440926636523)
5 Down <-- Down 0 C^2 :  0.4985896756288783 C : (-0.5678068089613236,-0.4197440926636576)
==============================================================================================================
==============================================================================================================
(RSP) Transition Dipole Moment, <1| coordinate |2>  |  Roots  |              Dipole Moment
==============================================================================================================
(RSP) Transition Dipole Moment, <1|x|2>             |    0    |     (4.445624100208503e-17,-5.310905793388247e-16)
(RSP) Transition Dipole Moment, <1|x|2>             |    1    |     (-2.810252031082427e-16,-3.3358732443034e-15)
(RSP) Transition Dipole Moment, <1|x|2>             |    2    |     (1.937291263539911e-16,-2.61446991495201e-17)
(RSP) Transition Dipole Moment, <1|x|2>             |    3    |     (5.33951417139742e-15,5.590898344884166e-15)
(RSP) Transition Dipole Moment, <1|x|2>             |    4    |     (-0.4019730534470459,0.391630280726895)
(RSP) Transition Dipole Moment, <1|x|2>             |    5    |     (-2.008236465982138e-16,-5.070110140890563e-17)
(RSP) Transition Dipole Moment, <1|x|2>             |    6    |     (-2.8796409701215e-15,-3.052896477284683e-15)
(RSP) Transition Dipole Moment, <1|x|2>             |    7    |     (-0.4332484888129571,0.3567244867135643)
(RSP) Transition Dipole Moment, <1|x|2>             |    8    |     (1.488989033513952e-16,1.419518441797962e-16)
(RSP) Transition Dipole Moment, <1|x|2>             |    9    |     (-2.234856487171591e-17,-1.863991696206489e-17)

(RSP) Transition Dipole Moment, <1|y|2>             |    0    |     (-4.37597022528504e-17,-5.562837221810483e-17)
(RSP) Transition Dipole Moment, <1|y|2>             |    1    |     (-3.259545411360421e-15,7.923349476524066e-16)
(RSP) Transition Dipole Moment, <1|y|2>             |    2    |     (4.292180951090142e-17,-1.322162889819875e-16)
(RSP) Transition Dipole Moment, <1|y|2>             |    3    |     (9.324943046600896e-15,-5.958280575947317e-15)
(RSP) Transition Dipole Moment, <1|y|2>             |    4    |     (0.3916302807268948,0.4019730534470465)
(RSP) Transition Dipole Moment, <1|y|2>             |    5    |     (1.577637226213544e-15,1.648938611642816e-15)
(RSP) Transition Dipole Moment, <1|y|2>             |    6    |     (1.646903100005481e-15,9.055256544598933e-16)
(RSP) Transition Dipole Moment, <1|y|2>             |    7    |     (-0.3567244867135653,-0.433248488812958)
(RSP) Transition Dipole Moment, <1|y|2>             |    8    |     (-7.117500922922551e-17,1.082163966023428e-16)
(RSP) Transition Dipole Moment, <1|y|2>             |    9    |     (7.075258315866604e-17,3.203892383732234e-17)

(RSP) Transition Dipole Moment, <1|z|2>             |    0    |     (-1.355590429128937e-16,2.165257612668779e-15)
(RSP) Transition Dipole Moment, <1|z|2>             |    1    |     (-1.7212075276219e-16,-5.165725513964276e-16)
(RSP) Transition Dipole Moment, <1|z|2>             |    2    |     (-8.862964604484464e-16,3.213185685007415e-17)
(RSP) Transition Dipole Moment, <1|z|2>             |    3    |     (4.868715684533179e-16,-1.169079264603616e-15)
(RSP) Transition Dipole Moment, <1|z|2>             |    4    |     (3.900379084913003e-17,-1.047108743498784e-15)
(RSP) Transition Dipole Moment, <1|z|2>             |    5    |     (-0.7860182741482903,0.1051947721883977)
(RSP) Transition Dipole Moment, <1|z|2>             |    6    |     (-3.721099733951938e-14,-9.808739111698661e-16)
(RSP) Transition Dipole Moment, <1|z|2>             |    7    |     (-2.130636267669843e-15,2.945728411819009e-15)
(RSP) Transition Dipole Moment, <1|z|2>             |    8    |     (1.09288816341091e-16,4.620771089118564e-17)
(RSP) Transition Dipole Moment, <1|z|2>             |    9    |     (7.133479579338778e-17,1.852246718102263e-17)


==============================================================================================================
(RSP) Transition Moment, <1| pi_coordinate |2>      |  Roots  |              Dipole Moment
==============================================================================================================
(RSP) Transition Moment, <1|pi_x|2>                 |    0    |     (-4.914185676146051e-16,-2.564172822623001e-17)
(RSP) Transition Moment, <1|pi_x|2>                 |    1    |     (-4.591162519607117e-15,6.931846589786073e-16)
(RSP) Transition Moment, <1|pi_x|2>                 |    2    |     (4.219198627674433e-17,-1.596195686276025e-16)
(RSP) Transition Moment, <1|pi_x|2>                 |    3    |     (5.074837275518242e-15,-4.941653913148243e-15)
(RSP) Transition Moment, <1|pi_x|2>                 |    4    |     (0.3672102813983947,0.3769081333468116)
(RSP) Transition Moment, <1|pi_x|2>                 |    5    |     (-2.27212517462796e-16,-9.228067748938911e-17)
(RSP) Transition Moment, <1|pi_x|2>                 |    6    |     (-3.316845496176279e-15,3.287084146541552e-15)
(RSP) Transition Moment, <1|pi_x|2>                 |    7    |     (0.4058259259921156,0.4928830952341728)
(RSP) Transition Moment, <1|pi_x|2>                 |    8    |     (2.347528386179326e-16,-2.762500321045692e-16)
(RSP) Transition Moment, <1|pi_x|2>                 |    9    |     (-7.418329129241606e-18,-6.222142163780314e-18)

(RSP) Transition Moment, <1|pi_y|2>                 |    0    |     (5.636178371953678e-17,1.128290049412547e-16)
(RSP) Transition Moment, <1|pi_y|2>                 |    1    |     (1.005001203785438e-15,4.380176776841438e-15)
(RSP) Transition Moment, <1|pi_y|2>                 |    2    |     (-5.054584654540549e-18,-3.212553345762003e-17)
(RSP) Transition Moment, <1|pi_y|2>                 |    3    |     (-5.736912783435907e-15,-9.426599742479564e-15)
(RSP) Transition Moment, <1|pi_y|2>                 |    4    |     (0.3769081333468119,-0.3672102813983942)
(RSP) Transition Moment, <1|pi_y|2>                 |    5    |     (1.818522879903724e-15,-1.369213636101777e-15)
(RSP) Transition Moment, <1|pi_y|2>                 |    6    |     (-7.457142542355299e-16,-2.045374503448216e-15)
(RSP) Transition Moment, <1|pi_y|2>                 |    7    |     (-0.4928830952341737,0.4058259259921163)
(RSP) Transition Moment, <1|pi_y|2>                 |    8    |     (3.051676530758513e-16,2.888156692353143e-16)
(RSP) Transition Moment, <1|pi_y|2>                 |    9    |     (-1.434122117492032e-18,-4.32745983374932e-17)

(RSP) Transition Moment, <1|pi_z|2>                 |    0    |     (7.373404459650742e-16,6.58986865351784e-17)
(RSP) Transition Moment, <1|pi_z|2>                 |    1    |     (-4.843568497919132e-16,2.008732443787971e-16)
(RSP) Transition Moment, <1|pi_z|2>                 |    2    |     (-5.740617853366172e-17,6.579316700003995e-16)
(RSP) Transition Moment, <1|pi_z|2>                 |    3    |     (2.550043509685906e-16,-4.808436634973212e-16)
(RSP) Transition Moment, <1|pi_z|2>                 |    4    |     (-1.113197603452858e-15,7.027559854967598e-17)
(RSP) Transition Moment, <1|pi_z|2>                 |    5    |     (0.1090495539875211,0.8148213113518774)
(RSP) Transition Moment, <1|pi_z|2>                 |    6    |     (-1.0540006536315e-15,3.882794849124037e-14)
(RSP) Transition Moment, <1|pi_z|2>                 |    7    |     (2.877359917092548e-15,2.048083745170702e-15)
(RSP) Transition Moment, <1|pi_z|2>                 |    8    |     (8.249138584102347e-16,-9.72414951876402e-16)
(RSP) Transition Moment, <1|pi_z|2>                 |    9    |     (-7.093201752950314e-19,9.057527000698808e-19)


==============================================================================================================
(RSP) Electric Dipole Oscillator Strength
(length gauge):            	2.569775160583168e-30	1.281385305622028e-29	4.852594086863187e-31	1.145800674720436e-28	0.3975462840228492	0.4345694015055439	9.797175266539291e-28	0.4815347140174531	7.991999994067989e-32	1.600322684037291e-32	
(magnetic-velocity gauge): 	6.964610409651716e-31	3.317369393054436e-29	3.590918732870314e-31	1.228179817867207e-28	0.3900033820923858	0.4346784505040217	9.797651956064331e-28	0.4739855116481952	7.87049739465626e-31	6.734904307337551e-34	
(mixed gauge):             	(1.246263288420343e-30,-1.717537119696192e-32)	(2.057920077786365e-29,5.652142943071158e-31)	(4.087633269811392e-31,-5.893136547743427e-32)	(1.178530406388995e-28,-1.883413843315611e-30)	(0.3937567717603995,-1.850371707708594e-16)	(0.4346239225846753,-4.62592926927153e-17)	(9.787636053892868e-28,1.619311875469183e-30)	(0.4777452017550044,-2.035408878479453e-16)	(1.816193247071668e-31,-3.366353960407776e-32)	(1.958208623898084e-33,8.266617445034721e-34)	

