
Running the London Hartree-Fock program at /home/sangita.sen/packages/london/london.x.
Founded by Erik Tellgren, Alessandro Soncini and Trygve Helgaker.
Programming by:
  Erik Tellgren (main programmer)
  Kai Kaarvann Lange
  Andrew M. Teale
  Ulf Ekstrom
  Stella Stopkowicz
  Jon H. Austad


Basis file /home/sangita.sen/packages/london/baslib/aug-cc-pVDZ opened for reading.
User input successfully read from file_z9.inp.

london-input{
  analysis{
    analysis-only = no
    xml-print-potential-basis-overlap = no
    xml-print-potential-basis-kinetic = no
    export-operators = no
    # decypher-density-matrix-file = binary-file, plain-text-file
    # density-matrix-binary-to-text = binary-input-file, text-output-file
    # density-matrix-text-to-binary = text-input-file, binary-output-file
    # density-matrix-for-plotting = filename
    # density-plot-data = {filename,(x0,y0,z0),(x1,y1,z1),(x2,y2,z2),(x3,y3,z3),(N1xN2xN3),precision=N,scolon={y/n},fields{rho,grad(rho),jp,j,A,B,rho2nu,rho2omega,tau_p,tau_pi,laplacian(rho),grad(rho)^2,jp^2,tau_tensor}}
    # streamline-data = {filename,(x0,y0,z0),(x1,y1,z1),(x2,y2,z2),(x3,y3,z3),(N1xN2xN3),precision=N,scolon={y/n},fields{rho,grad(rho),jp,j,A,B,rho2nu,rho2omega,tau_p,tau_pi,laplacian(rho),grad(rho)^2,jp^2,tau_tensor}}
    # vortexline-data = {filename,(x0,y0,z0),(x1,y1,z1),(x2,y2,z2),(x3,y3,z3),(N1xN2xN3),precision=N,scolon={y/n},fields{rho,grad(rho),jp,j,A,B,rho2nu,rho2omega,tau_p,tau_pi,laplacian(rho),grad(rho)^2,jp^2,tau_tensor}}
    # current-through-plane = {density_matrix_file,(x0,y0,z0),(x1,y1,z1),(x2,y2,z2),(x3,y3,z3),(N1xN2xN3),precision=N,scolon={y/n},fields{rho,grad(rho),jp,j,A,B,rho2nu,rho2omega,tau_p,tau_pi,laplacian(rho),grad(rho)^2,jp^2,tau_tensor}}
    # linearly-combine-density-matrices = file : 0.6 * infile1, 0.4 * infile2, ...
    # spin-rotate-2c-density-matrix = file : infile, angle_degrees, (ux, uy, uz)
    linear-dependence-tol = 1e-06
    # overlap-for-ci-state-files = file1, file2
  }

  scf{
    spin-symmetry-constraint = Unrestricted Hartree-Fock
    linear-dependence-tol = 1e-10
    uhf-spin-projection = 0
    disable-spin-zeeman-in-fock-matrix = no
    noisy-init-guess = no
    # density-matrix-input-file = 
    # density-matrix-output-file = 
    # density-plot-data = {filename,(x0,y0,z0),(x1,y1,z1),(x2,y2,z2),(x3,y3,z3),(N1xN2xN3),precision=N,scolon={y/n},fields{rho,grad(rho),jp,j,A,B,rho2nu,rho2omega,tau_p,tau_pi,laplacian(rho),grad(rho)^2,jp^2,tau_tensor}}
    # molecular-orbitals-to-plot = (1,2,3,...)
    min-scf-iterations = 0
    max-scf-iterations = 160
    use-density-fitting = no
    use-admm = no
    analyze-using-dft-grid = no

    diis{
      convergence-tolerance = 1e-10
      subspace-dimension = 7
      diagonalization-temperature = 0
    }
  }

  casscf{
    max-active-orbitals = 2000
    number-of-frozen-orbitals = 0
    number-of-states-in-casscf-optimization = 1
    number-of-ci-states = 1
    spin-projection = default
    num-1exc-init-vec = 0
    num-2exc-init-vec = 0
    use-noisy-init-vec = no
    ci-max-subspace-dim = default
    ci-convergence-tol = 1e-06
    # density-matrix-input-file = 
    # density-matrix-output-file = 
    # ci-states-output-file = 
    # density-plot-data = {filename,(x0,y0,z0),(x1,y1,z1),(x2,y2,z2),(x3,y3,z3),(N1xN2xN3),precision=N,scolon={y/n},fields{rho,grad(rho),jp,j,A,B,rho2nu,rho2omega,tau_p,tau_pi,laplacian(rho),grad(rho)^2,jp^2,tau_tensor}}
    # analysis-weights = (w0, w1, ...)
  }

  mp2{
    spin-projection = default
    number-of-weights = 8
    basis-functions-per-block = 20
    cs-tolerance = 0
    print-mp2-components = 0
    # density-matrix-input-file = 
    # density-matrix-output-file = 
    #property-request = relaxed-density-matrix
  }

  rsp{
    number-of-roots-requested = 10
    root-selection-method = energy
    excitation-basis = MObasis
    starting-guess = UnitGuess
    solver_choice = GenEig
    method_choice = RPA
    precondition = false
    initial-subspace-dimension = 100
    maximum-subspace-dimension = 800
    convergence-tolerance = 1e-10
    max-rsp-iterations = 200
    # density-matrix-input-file = 
    # density-matrix-output-file = 
  }

  coupled-cluster{
    truncation-level = CCSD
    property-request = off
    spin-projection = default
    max-it = 150
    write-t-amplitudes = yes
    read-t-amplitudes = no
    # density-matrix-output-file = 
    # memory-in-gb = 
    # interface = 
    # molecular-orbitals-to-freeze = (1,3,5,...)
    diis{
      convergence-tolerance = 1e-06
      subspace-dimension = 7
      diagonalization-temperature = 0
    }
  }

  finite-difference{
    run-finite-difference = false
    run-type = gradient
    use-ref-density = false
    step-size = 0.0005
  }

  system{
    molecular-charge = 0
    correlation-model = RSP

    hamiltonian{
      electron-mass = 1
      speed-of-light = 137.036
      adiabatic-connection-lambda = 1
      nuclear-charge-distribution = point charge

      magnetic-field = (0, 0, 0.9)
      gauge-origin = (0, 0, 0.1173)

      linear-magnetic-field = {(0, 0, 0), (0, 0, 0), (0, 0, 0)}
      linear-magnetic-origin = (0, 0, 0)

      electric-field = (0, 0, 0)
      electric-origin = (0, 0, 0)
      linear-electric-field = {(0, 0, 0), (0, 0, 0), (0, 0, 0)}

      include-basis-expanded-scalar-potential = no
      scalar-potential-coefficients = (empty)
      include-basis-expanded-vector-potential = no
      vector-potential-coefficients-x = (empty)
      vector-potential-coefficients-y = (empty)
      vector-potential-coefficients-z = (empty)
      include-repulsion-from-external-density = no
      external-charge-density-scale-factor = 1
      include-coulomb-distance-to-external-density = no
      external-charge-density-distance-factor = 1
      # external-charge-density-file = filename
      # lieb-ref-density-file = filename
      # potential-plot-data = {filename,(x0,y0,z0),(x1,y1,z1),(x2,y2,z2),(x3,y3,z3),(N1xN2xN3),precision=N,scolon={y/n},fields{rho,grad(rho),jp,j,A,B,rho2nu,rho2omega,tau_p,tau_pi,laplacian(rho),grad(rho)^2,jp^2,tau_tensor}}

      integral{
        use-coulomb-integral-permutation-symmetry = yes
        use-cauchy-schwarz-screening = yes
        cauchy-schwarz-tol = 1e-15
        boys-function-tol = 1e-17
      }

      dft{
        # xc-functional = 0.7 * lda + 0.54 * lyp
        # xc-fun-parameter = {param1 = 0.1, param2 = 0.2, param3 = 0.3}
        jp-functional = none
        vrg-functional = none
        tau-correction = none
        vrg-hard-rs-cutoff = 62035.049
        vrg-soft-density-cutoff = 1e-14
        exact-exchange-fraction = default
        # gridfile = 
        radial-grid-type = LMG
        allow-grid-pruning = yes
        gc2-radial-grid-threshold = 1e-13
        lebedev-angular-target-degree = 35
        lebedev-angular-minimal-degree = 15
        weight-screen-threshold = 1e-20
        becke-hardness = 3
        allow-becke-atom-size-correction = yes
      }
    }

    # data on state flags lost, output incomplete here
    use-london-orbitals = yes
    gto-contraction-type = all, normalizedprimitive
    basis = aug-cc-pVDZ
    # density-fitting-basis = 
    # admm-basis = 
    # scalar-potential-basis = 
    # vector-potential-basis = 
    # if you really want to: # orbital-wave-vector-offset = (0, 0, 0)
    charge = 2
    He            0            0            0
  }
}

Basis set information:
The orbital basis consists of 11 basis functions formed from linear combinations of 11 primitive basis functions.
The density-fitting basis consists of 0 basis functions formed from linear combinations of 0 primitive basis functions.
The scalar potential basis consists of 0 basis functions formed from linear combinations of 0 primitive basis functions.
The vector potential basis consists of 0 basis functions formed from linear combinations of 0 primitive basis functions.
UHF Spin type 2

RSP: Running Hartree-Fock to determine orbital space.
RSP: run scf2


SCF: Running SCF optimization.

SCF: The SCF basis contains 11 basis functions.
 Fock build F = F(D) performed in 0 seconds (with 0 seconds used for Coulomb and exchange).
SCF-SD: Initial density by diagonalizing the one-electron part of the Fock matrix.
Initial trace: Tr(D) = (2,2.52778e-34)

SCF iteration 1:       [wall time: Tue Dec 14 18:55:33 2021]
SCF: using a fraction 1 of Hartree-Fock exchange.
DevINFO: screened away 96 out of 637 symmetry unique quadruples ABCD.
 Fock build F = F(D) performed in 0 seconds (with 0 seconds used for Coulomb and exchange).
 Total energy: -2.605859777 Hartree
 Fock matrix inversion D = D(Fmix) performed in 0 seconds.
  Nuclear repulsion:  0
  Kinetic:            4.27116074
  Nuclear attraction: -8.161527276
  Spin Zeeman effect: 0
  Coulomb:            2.569013518
  Exchange:           -1.284506759
  Total:              -2.605859777

 Ehomo(Down) = -1.156201693, Elumo(Down) = 0.07909252258
 Ehomo( Up ) = -0.2562016932, Elumo( Up ) = 0.9790925226
 DIIS error norm: 1.07311455

SCF iteration 2:       [wall time: Tue Dec 14 18:55:33 2021]
SCF: using a fraction 1 of Hartree-Fock exchange.
DevINFO: screened away 102 out of 637 symmetry unique quadruples ABCD.
 Fock build F = F(D) performed in 0 seconds (with 0 seconds used for Coulomb and exchange).
 Total energy: -2.706389142 Hartree
 Fock matrix inversion D = D(Fmix) performed in 0 seconds.
  Nuclear repulsion:  0
  Kinetic:            3.318616138
  Nuclear attraction: -7.127695272
  Spin Zeeman effect: 9.992007222e-17
  Coulomb:            2.205379983
  Exchange:           -1.102689992
  Total:              -2.706389142

 Ehomo(Down) = -1.258248763, Elumo(Down) = 0.05215495859
 Ehomo( Up ) = -0.3582487634, Elumo( Up ) = 0.9521549586
 DIIS error norm: 0.09133295787

SCF iteration 3:       [wall time: Tue Dec 14 18:55:33 2021]
SCF: using a fraction 1 of Hartree-Fock exchange.
DevINFO: screened away 100 out of 637 symmetry unique quadruples ABCD.
 Fock build F = F(D) performed in 0 seconds (with 0 seconds used for Coulomb and exchange).
 Total energy: -2.707448009 Hartree
 Fock matrix inversion D = D(Fmix) performed in 0 seconds.
  Nuclear repulsion:  0
  Kinetic:            3.240171752
  Nuclear attraction: -7.031844595
  Spin Zeeman effect: 9.992007222e-17
  Coulomb:            2.168449669
  Exchange:           -1.084224835
  Total:              -2.707448009

 Ehomo(Down) = -1.262024769, Elumo(Down) = 0.05014913505
 Ehomo( Up ) = -0.3620247689, Elumo( Up ) = 0.9501491351
 DIIS error norm: 0.00858040837

SCF iteration 4:       [wall time: Tue Dec 14 18:55:33 2021]
SCF: using a fraction 1 of Hartree-Fock exchange.
DevINFO: screened away 96 out of 637 symmetry unique quadruples ABCD.
 Fock build F = F(D) performed in 0 seconds (with 0 seconds used for Coulomb and exchange).
 Total energy: -2.707453885 Hartree
 Fock matrix inversion D = D(Fmix) performed in 0 seconds.
  Nuclear repulsion:  0
  Kinetic:            3.237117008
  Nuclear attraction: -7.027728574
  Spin Zeeman effect: -9.992007222e-17
  Coulomb:            2.166315362
  Exchange:           -1.083157681
  Total:              -2.707453885

 Ehomo(Down) = -1.262164421, Elumo(Down) = 0.05013911149
 Ehomo( Up ) = -0.3621644212, Elumo( Up ) = 0.9501391115
 DIIS error norm: 0.0001579454431

SCF iteration 5:       [wall time: Tue Dec 14 18:55:33 2021]
SCF: using a fraction 1 of Hartree-Fock exchange.
DevINFO: screened away 100 out of 637 symmetry unique quadruples ABCD.
 Fock build F = F(D) performed in 0 seconds (with 0 seconds used for Coulomb and exchange).
 Total energy: -2.707453889 Hartree
 Fock matrix inversion D = D(Fmix) performed in 0 seconds.
  Nuclear repulsion:  0
  Kinetic:            3.2370256
  Nuclear attraction: -7.027612128
  Spin Zeeman effect: 9.992007222e-17
  Coulomb:            2.166265278
  Exchange:           -1.083132639
  Total:              -2.707453889

 Ehomo(Down) = -1.262160358, Elumo(Down) = 0.05013761529
 Ehomo( Up ) = -0.3621603579, Elumo( Up ) = 0.9501376153
 DIIS error norm: 9.075516555e-06

SCF iteration 6:       [wall time: Tue Dec 14 18:55:33 2021]
SCF: using a fraction 1 of Hartree-Fock exchange.
DevINFO: screened away 96 out of 637 symmetry unique quadruples ABCD.
 Fock build F = F(D) performed in 0 seconds (with 0 seconds used for Coulomb and exchange).
 Total energy: -2.707453889 Hartree
 Fock matrix inversion D = D(Fmix) performed in 0 seconds.
  Nuclear repulsion:  0
  Kinetic:            3.237027816
  Nuclear attraction: -7.027614636
  Spin Zeeman effect: 0
  Coulomb:            2.166265862
  Exchange:           -1.083132931
  Total:              -2.707453889

 Ehomo(Down) = -1.26216049, Elumo(Down) = 0.05013763078
 Ehomo( Up ) = -0.3621604896, Elumo( Up ) = 0.9501376308
 DIIS error norm: 1.042761371e-07

SCF iteration 7:       [wall time: Tue Dec 14 18:55:33 2021]
SCF: using a fraction 1 of Hartree-Fock exchange.
DevINFO: screened away 95 out of 637 symmetry unique quadruples ABCD.
 Fock build F = F(D) performed in 0 seconds (with 0 seconds used for Coulomb and exchange).
 Total energy: -2.707453889 Hartree
 Fock matrix inversion D = D(Fmix) performed in 0 seconds.
  Nuclear repulsion:  0
  Kinetic:            3.237027724
  Nuclear attraction: -7.027614523
  Spin Zeeman effect: 9.992007222e-17
  Coulomb:            2.16626582
  Exchange:           -1.08313291
  Total:              -2.707453889

 Ehomo(Down) = -1.262160489, Elumo(Down) = 0.05013763071
 Ehomo( Up ) = -0.3621604894, Elumo( Up ) = 0.9501376307
 DIIS error norm: 4.781235471e-10

SCF iteration 8:       [wall time: Tue Dec 14 18:55:33 2021]
SCF: using a fraction 1 of Hartree-Fock exchange.
DevINFO: screened away 96 out of 637 symmetry unique quadruples ABCD.
 Fock build F = F(D) performed in 0 seconds (with 0 seconds used for Coulomb and exchange).
 Total energy: -2.707453889 Hartree
 Fock matrix inversion D = D(Fmix) performed in 0 seconds.
  Nuclear repulsion:  0
  Kinetic:            3.237027724
  Nuclear attraction: -7.027614524
  Spin Zeeman effect: -1.998401444e-16
  Coulomb:            2.166265821
  Exchange:           -1.08313291
  Total:              -2.707453889

 Ehomo(Down) = -1.262160489, Elumo(Down) = 0.05013763071
 Ehomo( Up ) = -0.3621604894, Elumo( Up ) = 0.9501376307
 DIIS error norm: 1.179044752e-14

Converged SCF results:
-----------------------
(pre-RSP) Nuclear repulsion:  0
(pre-RSP) Kinetic:            3.237027724357544
(pre-RSP) Nuclear attraction: -7.027614523706838
(pre-RSP) Spin Zeeman effect: -1.998401444325282e-16
(pre-RSP) Coulomb:            2.166265820579298
(pre-RSP) Exchange:           -1.083132910289649
(pre-RSP) Total electronic:   -2.707453889059644
(pre-RSP) Total:              -2.707453889059644

(pre-RSP) E(LUMO, Down): 0.05013763071101436
(pre-RSP) E(HOMO, Down): -1.262160489384996
(pre-RSP) E(GAP, Down):  1.312298120096011

(pre-RSP) E(LUMO,  Up ): 0.9501376307110126
(pre-RSP) E(HOMO,  Up ): -0.3621604893849966
(pre-RSP) E(GAP,  Up ):  1.312298120096009

Orbital energies (Eorb), orbital contributions to the total energy (Econtrib), and reflection symmetry properties for the molecular orbitals:

Orbital analysis (pre-RSP)
    Eorb      Econtrib  Occ  Reflection(xy)  Reflection(xz)  Reflection(yz)
---------------------------------------------------------------------------
Spin Down
  -1.26216    -1.57873   1  (1.0000,-0.0000)  (1.0000,-0.0000)  (1.0000,-0.0000)
 0.0501376   -0.227147   0  (1.0000,0.0000)  (-0.0000,-0.0000)  (0.0000,0.0000)
  0.298571   0.0303727   0  (-1.0000,-0.0000)  (1.0000,0.0000)  (1.0000,-0.0000)
   0.58111    0.375804   0  (1.0000,-0.0000)  (1.0000,-0.0000)  (1.0000,-0.0000)
  0.950138    0.672853   0  (1.0000,0.0000)  (0.0000,0.0000)  (-0.0000,0.0000)
   1.45917     1.14527   0  (1.0000,0.0000)  (1.0000,0.0000)  (1.0000,0.0000)
   2.30806     1.68212   0  (1.0000,-0.0000)  (-0.0000,-0.0000)  (0.0000,0.0000)
   2.68406     2.04903   0  (-1.0000,-0.0000)  (1.0000,0.0000)  (1.0000,0.0000)
   3.20806     2.58212   0  (1.0000,0.0000)  (0.0000,0.0000)  (-0.0000,-0.0000)
   8.49115     7.54528   0  (1.0000,0.0000)  (1.0000,0.0000)  (1.0000,0.0000)
   62.1651      60.817   0  (1.0000,-0.0000)  (1.0000,-0.0000)  (1.0000,-0.0000)
Spin Up
  -0.36216    -1.12873   1  (1.0000,0.0000)  (1.0000,0.0000)  (1.0000,0.0000)
  0.950138    0.222853   0  (1.0000,0.0000)  (0.0000,0.0000)  (-0.0000,0.0000)
   1.19857    0.480373   0  (-1.0000,-0.0000)  (1.0000,-0.0000)  (1.0000,0.0000)
   1.48111    0.825804   0  (1.0000,-0.0000)  (1.0000,-0.0000)  (1.0000,-0.0000)
   1.85014     1.12285   0  (1.0000,-0.0000)  (-0.0000,0.0000)  (0.0000,-0.0000)
   2.35917     1.59527   0  (1.0000,0.0000)  (1.0000,0.0000)  (1.0000,0.0000)
   3.20806     2.13212   0  (1.0000,-0.0000)  (0.0000,-0.0000)  (-0.0000,0.0000)
   3.58406     2.49903   0  (-1.0000,0.0000)  (1.0000,-0.0000)  (1.0000,-0.0000)
   4.10806     3.03212   0  (1.0000,0.0000)  (-0.0000,0.0000)  (0.0000,-0.0000)
   9.39115     7.99528   0  (1.0000,-0.0000)  (1.0000,-0.0000)  (1.0000,-0.0000)
   63.0651      61.267   0  (1.0000,0.0000)  (1.0000,0.0000)  (1.0000,0.0000)


Properties:
-----------
Spin-projection on field: <sigma_B> = <2 S_B> = -2.220446049250313e-16
Spin-projection squared: <sigma_B> = <4 S_B^2> = -1.332267629550188e-15
Total spin: <sigma^2> = <4 S^2> = -3.552713678800501e-15 = 4 * -8.881784197001252e-16 * (-8.881784197001252e-16 + 1)
Total spin quantum number: s = -8.881784197001252e-16


(SCF) Traces of the SCF 1-electron density matrix with simple operators
(SCF) Mechanical/kinetic momentum:
(SCF)     <PIx> = 1.379447121165857e-17
(SCF)     <PIy> = -1.913152625438492e-17
(SCF)     <PIz> = -2.703040293534699e-18
(SCF)     B x pi = (1.721837362894642e-17, 1.241502409049272e-17, -0)
(SCF) Angular momentum w.r.t. gauge origin (0, 0, 0.1173):
(SCF)     <Lx> = -2.244128029639313e-18
(SCF)     <Ly> = -1.618091473127524e-18
(SCF)     <Lz> = 0.6169362749257311
(SCF) Coordinate derivative contribution to angular momentum w.r.t. C = (0, 0, 0.1173):
(SCF)     <Lcoord_x> = -2.773995661690695e-18
(SCF)     <Lcoord_y> = 3.456114705091409e-18
(SCF)     <Lcoord_z> = -7.034178256163312e-33
(SCF) Dipole moment:
(SCF)     <x> = 1.003822358721962e-17
(SCF)     <y> = -9.6129699312665e-17
(SCF)     <z> = 3.47493913222072e-15
(SCF) Nuclear dipole moment:
(SCF)     <X> = 0
(SCF)     <Y> = 0
(SCF)     <Z> = 0
(SCF) Total dipole moment: (-1.003822358721962e-17, 9.6129699312665e-17, -3.47493913222072e-15)
(SCF) Coordinate derivative contribution to angular momentum w.r.t. center of charge (5.019111793609806e-18, -4.806484965633248e-17, 1.737469566110359e-15):
(SCF)     <Lambda_x> = 1.339679678544045e-33
(SCF)     <Lambda_y> = -1.016623552425976e-32
(SCF)     <Lambda_z> = -5.499305041872811e-33
(SCF) Electronic quadrupole moments w.r.t. center of electronic charge at (5.019111793609806e-18, -4.806484965633248e-17, 1.737469566110359e-15):
(SCF)         x         y          z
(SCF) x: 0.6854847499174788  -1.430145061991895e-33  -5.805080512267913e-33
(SCF) y: -1.430145061991895e-33  0.6854847499174788  -3.130998312032396e-32
(SCF) z: -5.805080512267913e-33  -3.130998312032396e-32  0.6854847499174788
(SCF) Magnetic quadrupole moments w.r.t. C = (0, 0, 0):
(SCF)         x         y          z
(SCF) Jx: 3.288003826948156e-16  3.498974700366668e-19  -1.89414909845691e-18
(SCF) Jy: -3.498974700366668e-19  3.288003826948156e-16  -4.860750762459885e-18
(SCF) Jz: -1.941827316574e-18  3.148574863069807e-17  -6.576007653896313e-16
(SCF) Anapole moment w.r.t. C = (0, 0, 0):
(SCF)     a_x = 3.634649939315795e-17
(SCF)     a_y = 4.767821811708986e-20
(SCF)     a_z = -6.997949400733337e-19
(SCF) Hellmann-Feynman forces:
(SCF) H-F force on He at pos = (0, 0, 0):   F = (-3.796328356752532e-18, 2.27051516254442e-16, -7.755818712275544e-15)
(SCF) Total H-F force on center of mass:   Ftot = (-3.796328356752532e-18, 2.27051516254442e-16, -7.755818712275544e-15)
(SCF) Scaling pressure w.r.t. center of charge:   1.348643122403743e-29
(SCF) Total H-F torque w.r.t. center of charge: (2.171283906401028e-32, -3.233131618506252e-32, -9.571269912762759e-34)
(SCF) Nuclear shielding integrals:
(SCF) He at C = (0, 0, 0):
(SCF)    <Lx/|r - C|^3> = 2.640443613617526e-32
(SCF)    <Ly/|r - C|^3> = -2.061946747954211e-32
(SCF)    <Lz/|r - C|^3> = 1.054142178556026
 
MULLIKEN POPULATION ANALYSIS FOR SUM OF SPIN UP AND SPIN DOWN DENSITY MATRIX

(SCF) Mulliken decomposition of traces of SCF 1-electron density matrix with simple operators

(SCF) Mulliken populations:
(SCF) Nucleus #1 (He):  2.000000000000001   [narrow def.],   2.000000000000001   [wide def.]

(SCF) Total mechanical momentum: <pi> = (1.379447121165858e-17, -1.913152625438492e-17, -2.703040293534699e-18)

(SCF) Mulliken momenta:
(SCF) Nucleus #1 (He):  (1.379447121165858e-17, -1.913152625438492e-17, -2.703040293534699e-18)   [narrow def.],   (1.379447121165858e-17, -1.913152625438492e-17, -2.703040293534699e-18)   [wide def.]

(SCF) Mulliken bond momenta:
(SCF) Nucleus #1 (He):   
 
MULLIKEN POPULATION ANALYSIS FOR SPIN DOWN DENSITY MATRIX:

(SCF) Mulliken decomposition of traces of SCF 1-electron density matrix with simple operators

(SCF) Mulliken populations:
(SCF) Nucleus #1 (He):  1.000000000000001   [narrow def.],   1.000000000000001   [wide def.]

(SCF) Total mechanical momentum: <pi> = (1.835657349618942e-17, -4.403770468250794e-18, -2.313590724966432e-18)

(SCF) Mulliken momenta:
(SCF) Nucleus #1 (He):  (1.835657349618942e-17, -4.403770468250794e-18, -2.313590724966432e-18)   [narrow def.],   (1.835657349618942e-17, -4.403770468250794e-18, -2.313590724966432e-18)   [wide def.]

(SCF) Mulliken bond momenta:
(SCF) Nucleus #1 (He):   
 
MULLIKEN POPULATION ANALYSIS FOR SPIN UP DENSITY MATRIX:

(SCF) Mulliken decomposition of traces of SCF 1-electron density matrix with simple operators

(SCF) Mulliken populations:
(SCF) Nucleus #1 (He):  1   [narrow def.],   1   [wide def.]

(SCF) Total mechanical momentum: <pi> = (-4.562102284530846e-18, -1.472775578613412e-17, -3.894495685682673e-19)

(SCF) Mulliken momenta:
(SCF) Nucleus #1 (He):  (-4.562102284530846e-18, -1.472775578613412e-17, -3.894495685682673e-19)   [narrow def.],   (-4.562102284530846e-18, -1.472775578613412e-17, -3.894495685682673e-19)   [wide def.]

(SCF) Mulliken bond momenta:
(SCF) Nucleus #1 (He):   
 

Orbital symmetry properties for SCF:
                          Inversion           Rot180X           Rot180Y           Rot180Z            ReflXY            ReflXZ            ReflYZ
  can.orb. [Down] 0   (1.0000,0.0000)   (1.0000,0.0000)   (1.0000,0.0000)   (1.0000,0.0000)   (1.0000,0.0000)   (1.0000,0.0000)   (1.0000,0.0000) 
  can.orb. [Down] 1   (-1.0000,-0.0000)   (-0.0000,0.0000)   (0.0000,-0.0000)   (-1.0000,-0.0000)   (1.0000,0.0000)   (-0.0000,0.0000)   (0.0000,-0.0000) 
  can.orb. [Down] 2   (-1.0000,-0.0000)   (-1.0000,-0.0000)   (-1.0000,-0.0000)   (1.0000,0.0000)   (-1.0000,-0.0000)   (1.0000,0.0000)   (1.0000,0.0000) 
  can.orb. [Down] 3   (1.0000,-0.0000)   (1.0000,-0.0000)   (1.0000,-0.0000)   (1.0000,-0.0000)   (1.0000,-0.0000)   (1.0000,-0.0000)   (1.0000,-0.0000) 
  can.orb. [Down] 4   (-1.0000,0.0000)   (0.0000,-0.0000)   (-0.0000,0.0000)   (-1.0000,0.0000)   (1.0000,-0.0000)   (0.0000,-0.0000)   (-0.0000,0.0000) 
  can.orb. [Down] 5   (1.0000,0.0000)   (1.0000,0.0000)   (1.0000,0.0000)   (1.0000,0.0000)   (1.0000,0.0000)   (1.0000,0.0000)   (1.0000,0.0000) 
  can.orb. [Down] 6   (-1.0000,-0.0000)   (-0.0000,0.0000)   (0.0000,-0.0000)   (-1.0000,-0.0000)   (1.0000,0.0000)   (-0.0000,0.0000)   (0.0000,-0.0000) 
  can.orb. [Down] 7   (-1.0000,-0.0000)   (-1.0000,-0.0000)   (-1.0000,-0.0000)   (1.0000,0.0000)   (-1.0000,-0.0000)   (1.0000,0.0000)   (1.0000,0.0000) 
  can.orb. [Down] 8   (-1.0000,-0.0000)   (0.0000,-0.0000)   (-0.0000,0.0000)   (-1.0000,-0.0000)   (1.0000,0.0000)   (0.0000,-0.0000)   (-0.0000,0.0000) 
  can.orb. [Down] 9   (1.0000,-0.0000)   (1.0000,-0.0000)   (1.0000,-0.0000)   (1.0000,-0.0000)   (1.0000,-0.0000)   (1.0000,-0.0000)   (1.0000,-0.0000) 
  can.orb. [Down] 10   (1.0000,-0.0000)   (1.0000,-0.0000)   (1.0000,-0.0000)   (1.0000,-0.0000)   (1.0000,-0.0000)   (1.0000,-0.0000)   (1.0000,-0.0000) 



Orbital properties for SCF:
                           Lcoord_x          Lcoord_y          Lcoord_z               x^2               y^2               z^2
  can.orb. [Down] 0   (0.0000,0.0000)   (-0.0000,0.0000)   (-0.0000,0.0000)   (0.3427,0.0000)   (0.3427,0.0000)   (0.3427,-0.0000) 
  can.orb. [Down] 1   (0.0000,0.0000)   (-0.0000,0.0000)   (-1.0000,0.0000)   (1.9656,0.0000)   (1.9656,0.0000)   (0.9828,-0.0000) 
  can.orb. [Down] 2   (-0.0000,0.0000)   (0.0000,0.0000)   (-0.0000,0.0000)   (1.0073,-0.0000)   (1.0073,-0.0000)   (3.0219,-0.0000) 
  can.orb. [Down] 3   (0.0000,-0.0000)   (-0.0000,-0.0000)   (0.0000,-0.0000)   (3.3039,0.0000)   (3.3039,0.0000)   (3.3039,0.0000) 
  can.orb. [Down] 4   (0.0000,-0.0000)   (0.0000,-0.0000)   (1.0000,0.0000)   (1.9656,-0.0000)   (1.9656,-0.0000)   (0.9828,-0.0000) 
  can.orb. [Down] 5   (0.0000,0.0000)   (-0.0000,0.0000)   (0.0000,0.0000)   (3.1532,0.0000)   (3.1532,0.0000)   (3.1532,0.0000) 
  can.orb. [Down] 6   (0.0000,-0.0000)   (-0.0000,-0.0000)   (-1.0000,-0.0000)   (0.7560,-0.0000)   (0.7560,0.0000)   (0.3780,-0.0000) 
  can.orb. [Down] 7   (-0.0000,0.0000)   (0.0000,0.0000)   (-0.0000,0.0000)   (0.3535,0.0000)   (0.3535,0.0000)   (1.0606,-0.0000) 
  can.orb. [Down] 8   (0.0000,-0.0000)   (0.0000,0.0000)   (1.0000,-0.0000)   (0.7560,-0.0000)   (0.7560,0.0000)   (0.3780,0.0000) 
  can.orb. [Down] 9   (-0.0000,0.0000)   (0.0000,-0.0000)   (0.0000,0.0000)   (0.3431,-0.0000)   (0.3431,0.0000)   (0.3431,-0.0000) 
  can.orb. [Down] 10   (-0.0000,0.0000)   (-0.0000,-0.0000)   (0.0000,0.0000)   (0.0467,0.0000)   (0.0467,0.0000)   (0.0467,0.0000) 



Orbital symmetry properties for SCF:
                          Inversion           Rot180X           Rot180Y           Rot180Z            ReflXY            ReflXZ            ReflYZ
  can.orb. [ Up ] 0   (1.0000,-0.0000)   (1.0000,-0.0000)   (1.0000,-0.0000)   (1.0000,-0.0000)   (1.0000,-0.0000)   (1.0000,-0.0000)   (1.0000,-0.0000) 
  can.orb. [ Up ] 1   (-1.0000,0.0000)   (0.0000,-0.0000)   (-0.0000,0.0000)   (-1.0000,0.0000)   (1.0000,0.0000)   (0.0000,-0.0000)   (-0.0000,0.0000) 
  can.orb. [ Up ] 2   (-1.0000,-0.0000)   (-1.0000,-0.0000)   (-1.0000,-0.0000)   (1.0000,0.0000)   (-1.0000,-0.0000)   (1.0000,0.0000)   (1.0000,0.0000) 
  can.orb. [ Up ] 3   (1.0000,-0.0000)   (1.0000,-0.0000)   (1.0000,-0.0000)   (1.0000,-0.0000)   (1.0000,-0.0000)   (1.0000,-0.0000)   (1.0000,-0.0000) 
  can.orb. [ Up ] 4   (-1.0000,0.0000)   (-0.0000,-0.0000)   (0.0000,0.0000)   (-1.0000,0.0000)   (1.0000,-0.0000)   (-0.0000,-0.0000)   (0.0000,0.0000) 
  can.orb. [ Up ] 5   (1.0000,-0.0000)   (1.0000,-0.0000)   (1.0000,-0.0000)   (1.0000,-0.0000)   (1.0000,-0.0000)   (1.0000,-0.0000)   (1.0000,-0.0000) 
  can.orb. [ Up ] 6   (-1.0000,0.0000)   (0.0000,0.0000)   (-0.0000,-0.0000)   (-1.0000,0.0000)   (1.0000,-0.0000)   (0.0000,0.0000)   (-0.0000,-0.0000) 
  can.orb. [ Up ] 7   (-1.0000,-0.0000)   (-1.0000,-0.0000)   (-1.0000,-0.0000)   (1.0000,0.0000)   (-1.0000,-0.0000)   (1.0000,0.0000)   (1.0000,0.0000) 
  can.orb. [ Up ] 8   (-1.0000,-0.0000)   (-0.0000,-0.0000)   (0.0000,0.0000)   (-1.0000,-0.0000)   (1.0000,0.0000)   (-0.0000,-0.0000)   (0.0000,0.0000) 
  can.orb. [ Up ] 9   (1.0000,0.0000)   (1.0000,0.0000)   (1.0000,0.0000)   (1.0000,0.0000)   (1.0000,0.0000)   (1.0000,0.0000)   (1.0000,0.0000) 
  can.orb. [ Up ] 10   (1.0000,0.0000)   (1.0000,0.0000)   (1.0000,0.0000)   (1.0000,0.0000)   (1.0000,0.0000)   (1.0000,0.0000)   (1.0000,0.0000) 



Orbital properties for SCF:
                           Lcoord_x          Lcoord_y          Lcoord_z               x^2               y^2               z^2
  can.orb. [ Up ] 0   (-0.0000,0.0000)   (0.0000,0.0000)   (-0.0000,0.0000)   (0.3427,0.0000)   (0.3427,0.0000)   (0.3427,0.0000) 
  can.orb. [ Up ] 1   (-0.0000,-0.0000)   (0.0000,0.0000)   (-1.0000,-0.0000)   (1.9656,-0.0000)   (1.9656,-0.0000)   (0.9828,-0.0000) 
  can.orb. [ Up ] 2   (-0.0000,0.0000)   (-0.0000,-0.0000)   (0.0000,-0.0000)   (1.0073,-0.0000)   (1.0073,-0.0000)   (3.0219,-0.0000) 
  can.orb. [ Up ] 3   (0.0000,-0.0000)   (-0.0000,0.0000)   (0.0000,0.0000)   (3.3039,0.0000)   (3.3039,0.0000)   (3.3039,0.0000) 
  can.orb. [ Up ] 4   (0.0000,-0.0000)   (0.0000,0.0000)   (1.0000,-0.0000)   (1.9656,-0.0000)   (1.9656,-0.0000)   (0.9828,0.0000) 
  can.orb. [ Up ] 5   (0.0000,0.0000)   (0.0000,0.0000)   (0.0000,0.0000)   (3.1532,0.0000)   (3.1532,0.0000)   (3.1532,0.0000) 
  can.orb. [ Up ] 6   (0.0000,0.0000)   (0.0000,-0.0000)   (-1.0000,0.0000)   (0.7560,0.0000)   (0.7560,0.0000)   (0.3780,0.0000) 
  can.orb. [ Up ] 7   (-0.0000,-0.0000)   (-0.0000,-0.0000)   (-0.0000,-0.0000)   (0.3535,-0.0000)   (0.3535,-0.0000)   (1.0606,0.0000) 
  can.orb. [ Up ] 8   (0.0000,-0.0000)   (0.0000,0.0000)   (1.0000,-0.0000)   (0.7560,0.0000)   (0.7560,-0.0000)   (0.3780,0.0000) 
  can.orb. [ Up ] 9   (0.0000,-0.0000)   (0.0000,-0.0000)   (0.0000,0.0000)   (0.3431,0.0000)   (0.3431,0.0000)   (0.3431,0.0000) 
  can.orb. [ Up ] 10   (0.0000,-0.0000)   (-0.0000,-0.0000)   (0.0000,0.0000)   (0.0467,0.0000)   (0.0467,0.0000)   (0.0467,0.0000) 


RSP: done run scf2
Number of alpha MOs = 1
Number of beta  MOs = 1


RSP: Hartree-Fock orbitals have been obtained. 
RSP: Hartree-Fock final energy = -2.707453889059644
Entering response module
No. of electrons: (2.000000000000002,-1.782611777910338e-33)
DevINFO: screened away 93 out of 637 symmetry unique quadruples ABCD.
Recomputed final SCF electronic energy (-2.70745388905964,1.099093598093234e-32) (-1.624320978769989,1.302158618125567e-32) (1.083132910289651,2.030650200323329e-33)
unit_vectors():   MO Single-transition excitations in total.
Constructing start guesses for RPA-solver using the 100 lowest ones.
(No spin mixing allowed for UHF excitation operator)
(spin down)1 <- 0 : 1.312298120096011
(spin down)2 <- 0 : 1.560731756036166
(spin down)3 <- 0 : 1.843270983797514
(spin down)4 <- 0 : 2.212298120096011
(spin down)5 <- 0 : 2.721330342309111
(spin down)6 <- 0 : 3.570219170293253
(spin down)7 <- 0 : 3.946220933142355
(spin down)8 <- 0 : 4.470219170293254
(spin down)9 <- 0 : 9.753308041534549
(spin down)10 <- 0 : 63.42721746467727
(spin up)1 <- 0 : 1.312298120096009
(spin up)2 <- 0 : 1.560731756036162
(spin up)3 <- 0 : 1.843270983797505
(spin up)4 <- 0 : 2.21229812009601
(spin up)5 <- 0 : 2.721330342309116
(spin up)6 <- 0 : 3.570219170293252
(spin up)7 <- 0 : 3.94622093314235
(spin up)8 <- 0 : 4.470219170293253
(spin up)9 <- 0 : 9.753308041534552
(spin up)10 <- 0 : 63.42721746467727
Made 20 starting vectors 
DevINFO: screened away 157 out of 637 symmetry unique quadruples ABCD.
DevINFO: screened away 125 out of 637 symmetry unique quadruples ABCD.
DevINFO: screened away 90 out of 637 symmetry unique quadruples ABCD.
DevINFO: screened away 152 out of 637 symmetry unique quadruples ABCD.
DevINFO: screened away 88 out of 637 symmetry unique quadruples ABCD.
DevINFO: screened away 158 out of 637 symmetry unique quadruples ABCD.
DevINFO: screened away 152 out of 637 symmetry unique quadruples ABCD.
DevINFO: screened away 164 out of 637 symmetry unique quadruples ABCD.
DevINFO: screened away 87 out of 637 symmetry unique quadruples ABCD.
DevINFO: screened away 94 out of 637 symmetry unique quadruples ABCD.
DevINFO: screened away 153 out of 637 symmetry unique quadruples ABCD.
DevINFO: screened away 118 out of 637 symmetry unique quadruples ABCD.
DevINFO: screened away 86 out of 637 symmetry unique quadruples ABCD.
DevINFO: screened away 141 out of 637 symmetry unique quadruples ABCD.
DevINFO: screened away 87 out of 637 symmetry unique quadruples ABCD.
DevINFO: screened away 152 out of 637 symmetry unique quadruples ABCD.
DevINFO: screened away 140 out of 637 symmetry unique quadruples ABCD.
DevINFO: screened away 159 out of 637 symmetry unique quadruples ABCD.
DevINFO: screened away 89 out of 637 symmetry unique quadruples ABCD.
DevINFO: screened away 96 out of 637 symmetry unique quadruples ABCD.
The Davidson solver is about to start.
-------
Davidson step #0, 40 RPA trial vectors already in subspace.
The Davidson solver converged to a solution. 1 iterations and 0 restarts were needed.
==============================================================================================================
The Final eigenvalues from the Davidson method
==============================================================================================================
(RSP) 	 Excitation Energy 	0.7660016870843716	0.8789170597113899	1.029086219754109	1.130263498668163	1.289426064072085	1.513213449432819	1.666001687084371	1.778917059711393	2.191616631227256	2.34504186520803	
==============================================================================================================
Root: 0	 with energy 0.7660016870843716
==============================================================================================================
1 Up <-- Up 0 C^2 :  0.4947626480654157 C : (0.4915053156719922,0.5031750915253963)
1 Down <-- Down 0 C^2 :  0.494762648065389 C : (0.04979677343108799,-0.7016287689521018)
==============================================================================================================
Root: 1	 with energy 0.8789170597113899
==============================================================================================================
1 Up <-- Up 0 C^2 :  0.4994627357004462 C : (-0.3957045327810023,0.5855601236739186)
1 Down <-- Down 0 C^2 :  0.4994627357004662 C : (-0.7005790429341885,0.09301473163904021)
==============================================================================================================
Root: 2	 with energy 1.029086219754109
==============================================================================================================
2 Up <-- Up 0 C^2 :  0.4957907977749357 C : (-0.5778387851172484,-0.4023594614137438)
2 Down <-- Down 0 C^2 :  0.4957907977749213 C : (0.5676729259982571,0.4165792203933107)
==============================================================================================================
Root: 3	 with energy 1.130263498668163
==============================================================================================================
2 Up <-- Up 0 C^2 :  0.4995206315546505 C : (0.1091071980225842,-0.6982952462206163)
2 Down <-- Down 0 C^2 :  0.4995206315548981 C : (0.1264074209907091,-0.6953716959104503)
==============================================================================================================
Root: 4	 with energy 1.289426064072085
==============================================================================================================
3 Up <-- Up 0 C^2 :  0.4543733434851001 C : (0.570114377058444,-0.3596427957798716)
3 Down <-- Down 0 C^2 :  0.4543733434851033 C : (-0.570114377058445,0.3596427957798746)
==============================================================================================================
Root: 5	 with energy 1.513213449432819
==============================================================================================================
3 Up <-- Up 0 C^2 :  0.4951523181261023 C : (-0.6641369369149015,0.2325391303660407)
3 Down <-- Down 0 C^2 :  0.4951523181261073 C : (-0.6641369369149056,0.2325391303660399)
==============================================================================================================
Root: 6	 with energy 1.666001687084371
==============================================================================================================
4 Up <-- Up 0 C^2 :  0.4947626480653908 C : (0.3345125154267141,0.618760070696456)
4 Down <-- Down 0 C^2 :  0.4947626480654138 C : (-0.6273806488679874,0.318050576939261)
==============================================================================================================
Root: 7	 with energy 1.778917059711393
==============================================================================================================
4 Up <-- Up 0 C^2 :  0.4994627357004676 C : (0.1617966931504513,-0.6879568051746028)
4 Down <-- Down 0 C^2 :  0.4994627357004447 C : (-0.6834427005497177,-0.1799133423783621)
==============================================================================================================
Root: 8	 with energy 2.191616631227256
==============================================================================================================
5 Up <-- Up 0 C^2 :  0.4555877537802265 C : (-0.1900730054497293,0.647657321721552)
5 Down <-- Down 0 C^2 :  0.4555877537802231 C : (0.1900730054497394,-0.6476573217215463)
==============================================================================================================
Root: 9	 with energy 2.34504186520803
==============================================================================================================
5 Up <-- Up 0 C^2 :  0.4954921765695419 C : (-0.6749621925845398,-0.1997954332586519)
5 Down <-- Down 0 C^2 :  0.4954921765695488 C : (-0.6749621925845423,-0.199795433258661)
==============================================================================================================
==============================================================================================================
(RSP) Transition Dipole Moment, <1| coordinate |2>  |  Roots  |              Dipole Moment
==============================================================================================================
(RSP) Transition Dipole Moment, <1|x|2>             |    0    |     (7.096753740221118e-15,2.293738116110333e-15)
(RSP) Transition Dipole Moment, <1|x|2>             |    1    |     (0.1851221282249879,0.4803767669828722)
(RSP) Transition Dipole Moment, <1|x|2>             |    2    |     (6.710274185498273e-16,-2.277179366205224e-16)
(RSP) Transition Dipole Moment, <1|x|2>             |    3    |     (8.894907686898281e-16,4.374581963235486e-16)
(RSP) Transition Dipole Moment, <1|x|2>             |    4    |     (-2.12425481608456e-18,1.524097040485103e-16)
(RSP) Transition Dipole Moment, <1|x|2>             |    5    |     (2.143811469559503e-16,1.20859222597932e-15)
(RSP) Transition Dipole Moment, <1|x|2>             |    6    |     (5.058453655948369e-15,3.819861094100929e-15)
(RSP) Transition Dipole Moment, <1|x|2>             |    7    |     (0.07101593355451676,0.5098909469649818)
(RSP) Transition Dipole Moment, <1|x|2>             |    8    |     (-3.808169146187693e-17,2.498812134065546e-16)
(RSP) Transition Dipole Moment, <1|x|2>             |    9    |     (-2.267576358104043e-15,2.575971560820492e-15)

(RSP) Transition Dipole Moment, <1|y|2>             |    0    |     (2.2139408362154e-15,-6.848688283156434e-15)
(RSP) Transition Dipole Moment, <1|y|2>             |    1    |     (0.4803767669828723,-0.1851221282249878)
(RSP) Transition Dipole Moment, <1|y|2>             |    2    |     (-1.891573550127598e-16,-4.530210536066768e-16)
(RSP) Transition Dipole Moment, <1|y|2>             |    3    |     (8.749295851837603e-17,2.34438854507624e-16)
(RSP) Transition Dipole Moment, <1|y|2>             |    4    |     (-1.972697287034454e-16,1.308524308027134e-16)
(RSP) Transition Dipole Moment, <1|y|2>             |    5    |     (-1.10967245144642e-15,2.690960529048319e-17)
(RSP) Transition Dipole Moment, <1|y|2>             |    6    |     (-3.61863317088762e-15,5.138250935843303e-15)
(RSP) Transition Dipole Moment, <1|y|2>             |    7    |     (-0.5098909469649821,0.07101593355451703)
(RSP) Transition Dipole Moment, <1|y|2>             |    8    |     (-4.211584738624357e-16,1.123493885091959e-16)
(RSP) Transition Dipole Moment, <1|y|2>             |    9    |     (-2.331207943839348e-15,-2.11192562867337e-15)

(RSP) Transition Dipole Moment, <1|z|2>             |    0    |     (1.576276240298456e-16,8.360866266403677e-17)
(RSP) Transition Dipole Moment, <1|z|2>             |    1    |     (-2.553978189556291e-16,2.566901449169491e-16)
(RSP) Transition Dipole Moment, <1|z|2>             |    2    |     (-1.553047816106464e-15,-5.818472753431528e-15)
(RSP) Transition Dipole Moment, <1|z|2>             |    3    |     (0.102501687549968,-0.7067238734008083)
(RSP) Transition Dipole Moment, <1|z|2>             |    4    |     (2.437214112949458e-15,7.054411101430153e-16)
(RSP) Transition Dipole Moment, <1|z|2>             |    5    |     (-1.615629628083661e-15,5.164582426660989e-16)
(RSP) Transition Dipole Moment, <1|z|2>             |    6    |     (2.743147240127274e-16,-3.165144394546505e-16)
(RSP) Transition Dipole Moment, <1|z|2>             |    7    |     (-6.223157900363633e-16,1.069056268382076e-16)
(RSP) Transition Dipole Moment, <1|z|2>             |    8    |     (-1.734674300059366e-16,3.745754177490666e-16)
(RSP) Transition Dipole Moment, <1|z|2>             |    9    |     (2.394258616139476e-16,-1.12694040045867e-16)


==============================================================================================================
(RSP) Transition Moment, <1| pi_coordinate |2>      |  Roots  |              Dipole Moment
==============================================================================================================
(RSP) Transition Moment, <1|pi_x|2>                 |    0    |     (1.113204580599492e-15,-6.872540730951116e-15)
(RSP) Transition Moment, <1|pi_x|2>                 |    1    |     (0.3738167163961344,-0.1440572293701216)
(RSP) Transition Moment, <1|pi_x|2>                 |    2    |     (-2.991426921820541e-16,-4.298842911207715e-16)
(RSP) Transition Moment, <1|pi_x|2>                 |    3    |     (5.442610006888155e-16,-1.203695843025359e-15)
(RSP) Transition Moment, <1|pi_x|2>                 |    4    |     (6.950966560736626e-16,8.82213105433821e-17)
(RSP) Transition Moment, <1|pi_x|2>                 |    5    |     (2.138524889659729e-15,-7.203824804536639e-17)
(RSP) Transition Moment, <1|pi_x|2>                 |    6    |     (6.069580602008351e-15,-7.80191883320569e-15)
(RSP) Transition Moment, <1|pi_x|2>                 |    7    |     (0.8556857365343969,-0.119177094182549)
(RSP) Transition Moment, <1|pi_x|2>                 |    8    |     (6.994702871760399e-16,-1.848595753739722e-17)
(RSP) Transition Moment, <1|pi_x|2>                 |    9    |     (3.592953353454619e-15,3.389496375537179e-15)

(RSP) Transition Moment, <1|pi_y|2>                 |    0    |     (-6.640521466039218e-15,-8.51098705401121e-16)
(RSP) Transition Moment, <1|pi_y|2>                 |    1    |     (-0.1440572293701216,-0.3738167163961345)
(RSP) Transition Moment, <1|pi_y|2>                 |    2    |     (-4.666055023932805e-16,2.199482037190633e-17)
(RSP) Transition Moment, <1|pi_y|2>                 |    3    |     (6.305250034302613e-16,4.143027015691021e-17)
(RSP) Transition Moment, <1|pi_y|2>                 |    4    |     (-1.779365413250683e-17,5.149845151526439e-16)
(RSP) Transition Moment, <1|pi_y|2>                 |    5    |     (4.314539955586115e-17,2.025910121266393e-15)
(RSP) Transition Moment, <1|pi_y|2>                 |    6    |     (7.867838325292809e-15,5.571931804837504e-15)
(RSP) Transition Moment, <1|pi_y|2>                 |    7    |     (0.1191770941825485,0.8556857365343976)
(RSP) Transition Moment, <1|pi_y|2>                 |    8    |     (-4.260897602645421e-16,3.53537739041007e-16)
(RSP) Transition Moment, <1|pi_y|2>                 |    9    |     (-3.76014637814478e-15,4.158837348051701e-15)

(RSP) Transition Moment, <1|pi_z|2>                 |    0    |     (6.890160403603574e-17,-2.039998729687422e-16)
(RSP) Transition Moment, <1|pi_z|2>                 |    1    |     (2.376787334132323e-16,2.50408088806595e-16)
(RSP) Transition Moment, <1|pi_z|2>                 |    2    |     (-7.193681414441322e-15,2.834538159746103e-15)
(RSP) Transition Moment, <1|pi_z|2>                 |    3    |     (-0.8485021453002344,-0.1230648985501537)
(RSP) Transition Moment, <1|pi_z|2>                 |    4    |     (7.678759992035247e-16,-3.107708507123874e-15)
(RSP) Transition Moment, <1|pi_z|2>                 |    5    |     (1.389244189948538e-16,3.434566475982281e-16)
(RSP) Transition Moment, <1|pi_z|2>                 |    6    |     (5.395248933842145e-17,-7.235947790945827e-16)
(RSP) Transition Moment, <1|pi_z|2>                 |    7    |     (-2.720138465386662e-16,1.456110929936663e-15)
(RSP) Transition Moment, <1|pi_z|2>                 |    8    |     (7.685086989697905e-16,1.885270419748122e-16)
(RSP) Transition Moment, <1|pi_z|2>                 |    9    |     (5.332739554553472e-16,-8.748383284071677e-16)


==============================================================================================================
(RSP) Electric Dipole Oscillator Strength
(length gauge):            	5.487791855119522e-29	0.3105882424894063	2.53907983450131e-29	0.384263389425342	5.602066891513396e-30	5.665208594774635e-30	8.868776813297858e-29	0.6286266912279659	6.199139215055718e-31	3.399109581976194e-29	
(magnetic-velocity gauge): 	8.123419729321659e-29	0.2434684380703445	3.904833176949481e-29	0.4335867171389445	5.689329047449701e-30	3.886613627490177e-30	7.650474461200963e-29	0.5594424281233247	4.326455870305172e-31	1.617095552645259e-29	
(mixed gauge):             	(6.581812629269698e-29,1.116178475631203e-29)	(0.2749880620716273,-4.625929269271486e-17)	(3.122035967105389e-29,3.563396452910613e-30)	(0.4081807216633557,-1.850371707708596e-17)	(5.547487815134228e-30,1.586405137627593e-31)	(3.650635514942741e-30,-2.206428945066413e-31)	(8.228114699831712e-29,-8.689581318018219e-31)	(0.5930265108101869,2.312964634635721e-17)	(3.97115177733328e-31,-8.348074890093784e-32)	(2.315127586362844e-29,-5.28497837730271e-31)	

