
Running the London Hartree-Fock program at /home/sangita.sen/packages/london/london.x.
Founded by Erik Tellgren, Alessandro Soncini and Trygve Helgaker.
Programming by:
  Erik Tellgren (main programmer)
  Kai Kaarvann Lange
  Andrew M. Teale
  Ulf Ekstrom
  Stella Stopkowicz
  Jon H. Austad


Basis file /home/sangita.sen/packages/london/baslib/aug-cc-pVDZ opened for reading.
User input successfully read from file_z5.inp.

london-input{
  analysis{
    analysis-only = no
    xml-print-potential-basis-overlap = no
    xml-print-potential-basis-kinetic = no
    export-operators = no
    # decypher-density-matrix-file = binary-file, plain-text-file
    # density-matrix-binary-to-text = binary-input-file, text-output-file
    # density-matrix-text-to-binary = text-input-file, binary-output-file
    # density-matrix-for-plotting = filename
    # density-plot-data = {filename,(x0,y0,z0),(x1,y1,z1),(x2,y2,z2),(x3,y3,z3),(N1xN2xN3),precision=N,scolon={y/n},fields{rho,grad(rho),jp,j,A,B,rho2nu,rho2omega,tau_p,tau_pi,laplacian(rho),grad(rho)^2,jp^2,tau_tensor}}
    # streamline-data = {filename,(x0,y0,z0),(x1,y1,z1),(x2,y2,z2),(x3,y3,z3),(N1xN2xN3),precision=N,scolon={y/n},fields{rho,grad(rho),jp,j,A,B,rho2nu,rho2omega,tau_p,tau_pi,laplacian(rho),grad(rho)^2,jp^2,tau_tensor}}
    # vortexline-data = {filename,(x0,y0,z0),(x1,y1,z1),(x2,y2,z2),(x3,y3,z3),(N1xN2xN3),precision=N,scolon={y/n},fields{rho,grad(rho),jp,j,A,B,rho2nu,rho2omega,tau_p,tau_pi,laplacian(rho),grad(rho)^2,jp^2,tau_tensor}}
    # current-through-plane = {density_matrix_file,(x0,y0,z0),(x1,y1,z1),(x2,y2,z2),(x3,y3,z3),(N1xN2xN3),precision=N,scolon={y/n},fields{rho,grad(rho),jp,j,A,B,rho2nu,rho2omega,tau_p,tau_pi,laplacian(rho),grad(rho)^2,jp^2,tau_tensor}}
    # linearly-combine-density-matrices = file : 0.6 * infile1, 0.4 * infile2, ...
    # spin-rotate-2c-density-matrix = file : infile, angle_degrees, (ux, uy, uz)
    linear-dependence-tol = 1e-06
    # overlap-for-ci-state-files = file1, file2
  }

  scf{
    spin-symmetry-constraint = Unrestricted Hartree-Fock
    linear-dependence-tol = 1e-10
    uhf-spin-projection = 0
    disable-spin-zeeman-in-fock-matrix = no
    noisy-init-guess = no
    # density-matrix-input-file = 
    # density-matrix-output-file = 
    # density-plot-data = {filename,(x0,y0,z0),(x1,y1,z1),(x2,y2,z2),(x3,y3,z3),(N1xN2xN3),precision=N,scolon={y/n},fields{rho,grad(rho),jp,j,A,B,rho2nu,rho2omega,tau_p,tau_pi,laplacian(rho),grad(rho)^2,jp^2,tau_tensor}}
    # molecular-orbitals-to-plot = (1,2,3,...)
    min-scf-iterations = 0
    max-scf-iterations = 160
    use-density-fitting = no
    use-admm = no
    analyze-using-dft-grid = no

    diis{
      convergence-tolerance = 1e-10
      subspace-dimension = 7
      diagonalization-temperature = 0
    }
  }

  casscf{
    max-active-orbitals = 2000
    number-of-frozen-orbitals = 0
    number-of-states-in-casscf-optimization = 1
    number-of-ci-states = 1
    spin-projection = default
    num-1exc-init-vec = 0
    num-2exc-init-vec = 0
    use-noisy-init-vec = no
    ci-max-subspace-dim = default
    ci-convergence-tol = 1e-06
    # density-matrix-input-file = 
    # density-matrix-output-file = 
    # ci-states-output-file = 
    # density-plot-data = {filename,(x0,y0,z0),(x1,y1,z1),(x2,y2,z2),(x3,y3,z3),(N1xN2xN3),precision=N,scolon={y/n},fields{rho,grad(rho),jp,j,A,B,rho2nu,rho2omega,tau_p,tau_pi,laplacian(rho),grad(rho)^2,jp^2,tau_tensor}}
    # analysis-weights = (w0, w1, ...)
  }

  mp2{
    spin-projection = default
    number-of-weights = 8
    basis-functions-per-block = 20
    cs-tolerance = 0
    print-mp2-components = 0
    # density-matrix-input-file = 
    # density-matrix-output-file = 
    #property-request = relaxed-density-matrix
  }

  rsp{
    number-of-roots-requested = 10
    root-selection-method = energy
    excitation-basis = MObasis
    starting-guess = UnitGuess
    solver_choice = GenEig
    method_choice = RPA
    precondition = false
    initial-subspace-dimension = 100
    maximum-subspace-dimension = 800
    convergence-tolerance = 1e-10
    max-rsp-iterations = 200
    # density-matrix-input-file = 
    # density-matrix-output-file = 
  }

  coupled-cluster{
    truncation-level = CCSD
    property-request = off
    spin-projection = default
    max-it = 150
    write-t-amplitudes = yes
    read-t-amplitudes = no
    # density-matrix-output-file = 
    # memory-in-gb = 
    # interface = 
    # molecular-orbitals-to-freeze = (1,3,5,...)
    diis{
      convergence-tolerance = 1e-06
      subspace-dimension = 7
      diagonalization-temperature = 0
    }
  }

  finite-difference{
    run-finite-difference = false
    run-type = gradient
    use-ref-density = false
    step-size = 0.0005
  }

  system{
    molecular-charge = 0
    correlation-model = RSP

    hamiltonian{
      electron-mass = 1
      speed-of-light = 137.036
      adiabatic-connection-lambda = 1
      nuclear-charge-distribution = point charge

      magnetic-field = (0, 0, 0.5)
      gauge-origin = (0, 0, 0.1173)

      linear-magnetic-field = {(0, 0, 0), (0, 0, 0), (0, 0, 0)}
      linear-magnetic-origin = (0, 0, 0)

      electric-field = (0, 0, 0)
      electric-origin = (0, 0, 0)
      linear-electric-field = {(0, 0, 0), (0, 0, 0), (0, 0, 0)}

      include-basis-expanded-scalar-potential = no
      scalar-potential-coefficients = (empty)
      include-basis-expanded-vector-potential = no
      vector-potential-coefficients-x = (empty)
      vector-potential-coefficients-y = (empty)
      vector-potential-coefficients-z = (empty)
      include-repulsion-from-external-density = no
      external-charge-density-scale-factor = 1
      include-coulomb-distance-to-external-density = no
      external-charge-density-distance-factor = 1
      # external-charge-density-file = filename
      # lieb-ref-density-file = filename
      # potential-plot-data = {filename,(x0,y0,z0),(x1,y1,z1),(x2,y2,z2),(x3,y3,z3),(N1xN2xN3),precision=N,scolon={y/n},fields{rho,grad(rho),jp,j,A,B,rho2nu,rho2omega,tau_p,tau_pi,laplacian(rho),grad(rho)^2,jp^2,tau_tensor}}

      integral{
        use-coulomb-integral-permutation-symmetry = yes
        use-cauchy-schwarz-screening = yes
        cauchy-schwarz-tol = 1e-15
        boys-function-tol = 1e-17
      }

      dft{
        # xc-functional = 0.7 * lda + 0.54 * lyp
        # xc-fun-parameter = {param1 = 0.1, param2 = 0.2, param3 = 0.3}
        jp-functional = none
        vrg-functional = none
        tau-correction = none
        vrg-hard-rs-cutoff = 62035.049
        vrg-soft-density-cutoff = 1e-14
        exact-exchange-fraction = default
        # gridfile = 
        radial-grid-type = LMG
        allow-grid-pruning = yes
        gc2-radial-grid-threshold = 1e-13
        lebedev-angular-target-degree = 35
        lebedev-angular-minimal-degree = 15
        weight-screen-threshold = 1e-20
        becke-hardness = 3
        allow-becke-atom-size-correction = yes
      }
    }

    # data on state flags lost, output incomplete here
    use-london-orbitals = yes
    gto-contraction-type = all, normalizedprimitive
    basis = aug-cc-pVDZ
    # density-fitting-basis = 
    # admm-basis = 
    # scalar-potential-basis = 
    # vector-potential-basis = 
    # if you really want to: # orbital-wave-vector-offset = (0, 0, 0)
    charge = 2
    He            0            0            0
  }
}

Basis set information:
The orbital basis consists of 11 basis functions formed from linear combinations of 11 primitive basis functions.
The density-fitting basis consists of 0 basis functions formed from linear combinations of 0 primitive basis functions.
The scalar potential basis consists of 0 basis functions formed from linear combinations of 0 primitive basis functions.
The vector potential basis consists of 0 basis functions formed from linear combinations of 0 primitive basis functions.
UHF Spin type 2

RSP: Running Hartree-Fock to determine orbital space.
RSP: run scf2


SCF: Running SCF optimization.

SCF: The SCF basis contains 11 basis functions.
 Fock build F = F(D) performed in 0 seconds (with 0 seconds used for Coulomb and exchange).
SCF-SD: Initial density by diagonalizing the one-electron part of the Fock matrix.
Initial trace: Tr(D) = (2,8.42594e-35)

SCF iteration 1:       [wall time: Tue Dec 14 18:55:19 2021]
SCF: using a fraction 1 of Hartree-Fock exchange.
DevINFO: screened away 102 out of 637 symmetry unique quadruples ABCD.
 Fock build F = F(D) performed in 0 seconds (with 0 seconds used for Coulomb and exchange).
 Total energy: -2.699258122 Hartree
 Fock matrix inversion D = D(Fmix) performed in 0 seconds.
  Nuclear repulsion:  0
  Kinetic:            4.074213772
  Nuclear attraction: -8.03238379
  Spin Zeeman effect: 1.665334537e-16
  Coulomb:            2.517823792
  Exchange:           -1.258911896
  Total:              -2.699258122

 Ehomo(Down) = -1.018577826, Elumo(Down) = 0.1929978584
 Ehomo( Up ) = -0.5185778265, Elumo( Up ) = 0.6929978584
 DIIS error norm: 1.064582956

SCF iteration 2:       [wall time: Tue Dec 14 18:55:19 2021]
SCF: using a fraction 1 of Hartree-Fock exchange.
DevINFO: screened away 98 out of 637 symmetry unique quadruples ABCD.
 Fock build F = F(D) performed in 0 seconds (with 0 seconds used for Coulomb and exchange).
 Total energy: -2.806358054 Hartree
 Fock matrix inversion D = D(Fmix) performed in 0 seconds.
  Nuclear repulsion:  0
  Kinetic:            3.064886116
  Nuclear attraction: -6.936530043
  Spin Zeeman effect: 1.665334537e-16
  Coulomb:            2.130571747
  Exchange:           -1.065285874
  Total:              -2.806358054

 Ehomo(Down) = -1.127037885, Elumo(Down) = 0.1651728786
 Ehomo( Up ) = -0.6270378845, Elumo( Up ) = 0.6651728786
 DIIS error norm: 0.09143685142

SCF iteration 3:       [wall time: Tue Dec 14 18:55:19 2021]
SCF: using a fraction 1 of Hartree-Fock exchange.
DevINFO: screened away 100 out of 637 symmetry unique quadruples ABCD.
 Fock build F = F(D) performed in 0 seconds (with 0 seconds used for Coulomb and exchange).
 Total energy: -2.807514988 Hartree
 Fock matrix inversion D = D(Fmix) performed in 0 seconds.
  Nuclear repulsion:  0
  Kinetic:            2.981348834
  Nuclear attraction: -6.834343441
  Spin Zeeman effect: 5.551115123e-17
  Coulomb:            2.090959238
  Exchange:           -1.045479619
  Total:              -2.807514988

 Ehomo(Down) = -1.131484318, Elumo(Down) = 0.1628261992
 Ehomo( Up ) = -0.6314843185, Elumo( Up ) = 0.6628261992
 DIIS error norm: 0.00945578802

SCF iteration 4:       [wall time: Tue Dec 14 18:55:19 2021]
SCF: using a fraction 1 of Hartree-Fock exchange.
DevINFO: screened away 100 out of 637 symmetry unique quadruples ABCD.
 Fock build F = F(D) performed in 0 seconds (with 0 seconds used for Coulomb and exchange).
 Total energy: -2.807524007 Hartree
 Fock matrix inversion D = D(Fmix) performed in 0 seconds.
  Nuclear repulsion:  0
  Kinetic:            2.977651174
  Nuclear attraction: -6.829347372
  Spin Zeeman effect: -5.551115123e-17
  Coulomb:            2.088344382
  Exchange:           -1.044172191
  Total:              -2.807524007

 Ehomo(Down) = -1.131713331, Elumo(Down) = 0.1627767577
 Ehomo( Up ) = -0.6317133311, Elumo( Up ) = 0.6627767577
 DIIS error norm: 0.000384456092

SCF iteration 5:       [wall time: Tue Dec 14 18:55:19 2021]
SCF: using a fraction 1 of Hartree-Fock exchange.
DevINFO: screened away 93 out of 637 symmetry unique quadruples ABCD.
 Fock build F = F(D) performed in 0 seconds (with 0 seconds used for Coulomb and exchange).
 Total energy: -2.807524039 Hartree
 Fock matrix inversion D = D(Fmix) performed in 0 seconds.
  Nuclear repulsion:  0
  Kinetic:            2.977481936
  Nuclear attraction: -6.829123438
  Spin Zeeman effect: -1.110223025e-16
  Coulomb:            2.088234926
  Exchange:           -1.044117463
  Total:              -2.807524039

 Ehomo(Down) = -1.131702902, Elumo(Down) = 0.1627725248
 Ehomo( Up ) = -0.6317029021, Elumo( Up ) = 0.6627725248
 DIIS error norm: 2.290336574e-05

SCF iteration 6:       [wall time: Tue Dec 14 18:55:19 2021]
SCF: using a fraction 1 of Hartree-Fock exchange.
DevINFO: screened away 93 out of 637 symmetry unique quadruples ABCD.
 Fock build F = F(D) performed in 0 seconds (with 0 seconds used for Coulomb and exchange).
 Total energy: -2.807524039 Hartree
 Fock matrix inversion D = D(Fmix) performed in 0 seconds.
  Nuclear repulsion:  0
  Kinetic:            2.977487095
  Nuclear attraction: -6.829128947
  Spin Zeeman effect: 1.110223025e-16
  Coulomb:            2.088235628
  Exchange:           -1.044117814
  Total:              -2.807524039

 Ehomo(Down) = -1.131703133, Elumo(Down) = 0.1627725501
 Ehomo( Up ) = -0.6317031335, Elumo( Up ) = 0.6627725501
 DIIS error norm: 1.787816527e-07

SCF iteration 7:       [wall time: Tue Dec 14 18:55:19 2021]
SCF: using a fraction 1 of Hartree-Fock exchange.
DevINFO: screened away 100 out of 637 symmetry unique quadruples ABCD.
 Fock build F = F(D) performed in 0 seconds (with 0 seconds used for Coulomb and exchange).
 Total energy: -2.807524039 Hartree
 Fock matrix inversion D = D(Fmix) performed in 0 seconds.
  Nuclear repulsion:  0
  Kinetic:            2.977486918
  Nuclear attraction: -6.829128729
  Spin Zeeman effect: -1.110223025e-16
  Coulomb:            2.088235545
  Exchange:           -1.044117772
  Total:              -2.807524039

 Ehomo(Down) = -1.131703133, Elumo(Down) = 0.16277255
 Ehomo( Up ) = -0.631703133, Elumo( Up ) = 0.66277255
 DIIS error norm: 1.008506979e-09

SCF iteration 8:       [wall time: Tue Dec 14 18:55:19 2021]
SCF: using a fraction 1 of Hartree-Fock exchange.
DevINFO: screened away 93 out of 637 symmetry unique quadruples ABCD.
 Fock build F = F(D) performed in 0 seconds (with 0 seconds used for Coulomb and exchange).
 Total energy: -2.807524039 Hartree
 Fock matrix inversion D = D(Fmix) performed in 0 seconds.
  Nuclear repulsion:  0
  Kinetic:            2.977486919
  Nuclear attraction: -6.82912873
  Spin Zeeman effect: -1.110223025e-16
  Coulomb:            2.088235545
  Exchange:           -1.044117773
  Total:              -2.807524039

 Ehomo(Down) = -1.131703133, Elumo(Down) = 0.16277255
 Ehomo( Up ) = -0.631703133, Elumo( Up ) = 0.66277255
 DIIS error norm: 2.021930345e-14

Converged SCF results:
-----------------------
(pre-RSP) Nuclear repulsion:  0
(pre-RSP) Kinetic:            2.977486918795408
(pre-RSP) Nuclear attraction: -6.829128730151956
(pre-RSP) Spin Zeeman effect: -1.110223024625157e-16
(pre-RSP) Coulomb:            2.088235545331312
(pre-RSP) Exchange:           -1.044117772665655
(pre-RSP) Total electronic:   -2.807524038690891
(pre-RSP) Total:              -2.807524038690891

(pre-RSP) E(LUMO, Down): 0.1627725499797983
(pre-RSP) E(HOMO, Down): -1.13170313301262
(pre-RSP) E(GAP, Down):  1.294475682992418

(pre-RSP) E(LUMO,  Up ): 0.6627725499797983
(pre-RSP) E(HOMO,  Up ): -0.6317031330126202
(pre-RSP) E(GAP,  Up ):  1.294475682992418

Orbital energies (Eorb), orbital contributions to the total energy (Econtrib), and reflection symmetry properties for the molecular orbitals:

Orbital analysis (pre-RSP)
    Eorb      Econtrib  Occ  Reflection(xy)  Reflection(xz)  Reflection(yz)
---------------------------------------------------------------------------
Spin Down
   -1.1317    -1.52876   1  (1.0000,0.0000)  (1.0000,0.0000)  (1.0000,0.0000)
  0.162773   -0.199457   0  (1.0000,-0.0000)  (-0.0000,-0.0000)  (0.0000,-0.0000)
  0.218456   0.0139949   0  (1.0000,0.0000)  (1.0000,0.0000)  (1.0000,0.0000)
  0.349225  -0.0107352   0  (-1.0000,-0.0000)  (1.0000,0.0000)  (1.0000,0.0000)
  0.662773    0.300543   0  (1.0000,-0.0000)  (0.0000,0.0000)  (-0.0000,-0.0000)
   1.30593     0.79108   0  (1.0000,-0.0000)  (1.0000,-0.0000)  (1.0000,-0.0000)
   2.58255     1.85747   0  (1.0000,0.0000)  (-0.0000,0.0000)  (0.0000,0.0000)
   2.81104      2.0837   0  (-1.0000,-0.0000)  (1.0000,0.0000)  (1.0000,0.0000)
   3.08255     2.35747   0  (1.0000,0.0000)  (-0.0000,0.0000)  (0.0000,0.0000)
   8.59714     7.57162   0  (1.0000,0.0000)  (1.0000,-0.0000)  (1.0000,0.0000)
   62.2765     60.8695   0  (1.0000,0.0000)  (1.0000,0.0000)  (1.0000,0.0000)
Spin Up
 -0.631703    -1.27876   1  (1.0000,0.0000)  (1.0000,0.0000)  (1.0000,-0.0000)
  0.662773   0.0505434   0  (1.0000,-0.0000)  (-0.0000,0.0000)  (0.0000,-0.0000)
  0.718456    0.263995   0  (1.0000,-0.0000)  (1.0000,-0.0000)  (1.0000,-0.0000)
  0.849225    0.239265   0  (-1.0000,-0.0000)  (1.0000,0.0000)  (1.0000,-0.0000)
   1.16277    0.550543   0  (1.0000,0.0000)  (0.0000,0.0000)  (-0.0000,0.0000)
   1.80593     1.04108   0  (1.0000,0.0000)  (1.0000,0.0000)  (1.0000,0.0000)
   3.08255     2.10747   0  (1.0000,0.0000)  (-0.0000,0.0000)  (0.0000,-0.0000)
   3.31104      2.3337   0  (-1.0000,-0.0000)  (1.0000,0.0000)  (1.0000,0.0000)
   3.58255     2.60747   0  (1.0000,0.0000)  (0.0000,0.0000)  (-0.0000,-0.0000)
   9.09714     7.82162   0  (1.0000,-0.0000)  (1.0000,-0.0000)  (1.0000,0.0000)
   62.7765     61.1195   0  (1.0000,0.0000)  (1.0000,0.0000)  (1.0000,0.0000)


Properties:
-----------
Spin-projection on field: <sigma_B> = <2 S_B> = -2.220446049250313e-16
Spin-projection squared: <sigma_B> = <4 S_B^2> = -1.554312234475219e-15
Total spin: <sigma^2> = <4 S^2> = -4.662936703425657e-15 = 4 * -1.165734175856414e-15 * (-1.165734175856414e-15 + 1)
Total spin quantum number: s = -1.165734175856414e-15


(SCF) Traces of the SCF 1-electron density matrix with simple operators
(SCF) Mechanical/kinetic momentum:
(SCF)     <PIx> = 8.725428434782092e-18
(SCF)     <PIy> = -3.205855972074463e-17
(SCF)     <PIz> = -8.893009622467692e-19
(SCF)     B x pi = (1.602927986037232e-17, 4.362714217391046e-18, -0)
(SCF) Angular momentum w.r.t. gauge origin (0, 0, 0.1173):
(SCF)     <Lx> = -3.76046905524339e-18
(SCF)     <Ly> = -1.023492755399945e-18
(SCF)     <Lz> = 0.3746781085951091
(SCF) Coordinate derivative contribution to angular momentum w.r.t. C = (0, 0, 0.1173):
(SCF)     <Lcoord_x> = 2.137125793471147e-18
(SCF)     <Lcoord_y> = 9.704614454611579e-19
(SCF)     <Lcoord_z> = -9.181928445206183e-33
(SCF) Dipole moment:
(SCF)     <x> = -2.011115037924793e-16
(SCF)     <y> = -6.799502816235613e-17
(SCF)     <z> = -1.207497264882009e-15
(SCF) Nuclear dipole moment:
(SCF)     <X> = 0
(SCF)     <Y> = 0
(SCF)     <Z> = 0
(SCF) Total dipole moment: (2.011115037924793e-16, 6.799502816235613e-17, 1.207497264882009e-15)
(SCF) Coordinate derivative contribution to angular momentum w.r.t. center of charge (-1.005557518962396e-16, -3.399751408117805e-17, -6.037486324410044e-16):
(SCF)     <Lambda_x> = 2.492075219441244e-32
(SCF)     <Lambda_y> = -1.298152063283675e-33
(SCF)     <Lambda_z> = -7.068598797152976e-33
(SCF) Electronic quadrupole moments w.r.t. center of electronic charge at (-1.005557518962396e-16, -3.399751408117805e-17, -6.037486324410044e-16):
(SCF)         x         y          z
(SCF) x: 0.7493562171902183  -3.47931048766082e-33  1.945334701529082e-31
(SCF) y: -3.47931048766082e-33  0.7493562171902183  -6.630179443691728e-33
(SCF) z: 1.945334701529082e-31  -6.630179443691728e-33  0.7493562171902182
(SCF) Magnetic quadrupole moments w.r.t. C = (0, 0, 0):
(SCF)         x         y          z
(SCF) Jx: -7.109973290796083e-17  1.285750714267112e-19  -8.511978807762266e-18
(SCF) Jy: -1.285750714267112e-19  -7.109973290796083e-17  -2.721943221146874e-18
(SCF) Jz: 4.166309127202414e-17  1.467962164829659e-17  1.421994658159217e-16
(SCF) Anapole moment w.r.t. C = (0, 0, 0):
(SCF)     a_x = 1.740156486944347e-17
(SCF)     a_y = -5.017507007978641e-17
(SCF)     a_z = -2.571501428534224e-19
(SCF) Hellmann-Feynman forces:
(SCF) H-F force on He at pos = (0, 0, 0):   F = (4.509159157545783e-16, 1.295109556878033e-16, 2.270930596744987e-15)
(SCF) Total H-F force on center of mass:   Ftot = (4.509159157545783e-16, 1.295109556878033e-16, 2.270930596744987e-15)
(SCF) Scaling pressure w.r.t. center of charge:   1.420816481643566e-30
(SCF) Total H-F torque w.r.t. center of charge: (-9.860674424229957e-34, 4.388473382284147e-32, -2.306948667305937e-33)
(SCF) Nuclear shielding integrals:
(SCF) He at C = (0, 0, 0):
(SCF)    <Lx/|r - C|^3> = 4.733993978637852e-33
(SCF)    <Ly/|r - C|^3> = 5.22417305453089e-34
(SCF)    <Lz/|r - C|^3> = 0.5690940608459961
 
MULLIKEN POPULATION ANALYSIS FOR SUM OF SPIN UP AND SPIN DOWN DENSITY MATRIX

(SCF) Mulliken decomposition of traces of SCF 1-electron density matrix with simple operators

(SCF) Mulliken populations:
(SCF) Nucleus #1 (He):  2.000000000000001   [narrow def.],   2.000000000000001   [wide def.]

(SCF) Total mechanical momentum: <pi> = (8.725428434782093e-18, -3.205855972074464e-17, -8.89300962246769e-19)

(SCF) Mulliken momenta:
(SCF) Nucleus #1 (He):  (8.725428434782093e-18, -3.205855972074464e-17, -8.89300962246769e-19)   [narrow def.],   (8.725428434782093e-18, -3.205855972074464e-17, -8.89300962246769e-19)   [wide def.]

(SCF) Mulliken bond momenta:
(SCF) Nucleus #1 (He):   
 
MULLIKEN POPULATION ANALYSIS FOR SPIN DOWN DENSITY MATRIX:

(SCF) Mulliken decomposition of traces of SCF 1-electron density matrix with simple operators

(SCF) Mulliken populations:
(SCF) Nucleus #1 (He):  1   [narrow def.],   1   [wide def.]

(SCF) Total mechanical momentum: <pi> = (5.260955970051652e-18, 7.071491158099307e-18, -7.889490496822976e-19)

(SCF) Mulliken momenta:
(SCF) Nucleus #1 (He):  (5.260955970051652e-18, 7.071491158099307e-18, -7.889490496822976e-19)   [narrow def.],   (5.260955970051652e-18, 7.071491158099307e-18, -7.889490496822976e-19)   [wide def.]

(SCF) Mulliken bond momenta:
(SCF) Nucleus #1 (He):   
 
MULLIKEN POPULATION ANALYSIS FOR SPIN UP DENSITY MATRIX:

(SCF) Mulliken decomposition of traces of SCF 1-electron density matrix with simple operators

(SCF) Mulliken populations:
(SCF) Nucleus #1 (He):  1   [narrow def.],   1   [wide def.]

(SCF) Total mechanical momentum: <pi> = (3.46447246473044e-18, -3.913005087884394e-17, -1.003519125644713e-19)

(SCF) Mulliken momenta:
(SCF) Nucleus #1 (He):  (3.46447246473044e-18, -3.913005087884394e-17, -1.003519125644713e-19)   [narrow def.],   (3.46447246473044e-18, -3.913005087884394e-17, -1.003519125644713e-19)   [wide def.]

(SCF) Mulliken bond momenta:
(SCF) Nucleus #1 (He):   
 

Orbital symmetry properties for SCF:
                          Inversion           Rot180X           Rot180Y           Rot180Z            ReflXY            ReflXZ            ReflYZ
  can.orb. [Down] 0   (1.0000,-0.0000)   (1.0000,-0.0000)   (1.0000,-0.0000)   (1.0000,-0.0000)   (1.0000,-0.0000)   (1.0000,-0.0000)   (1.0000,-0.0000) 
  can.orb. [Down] 1   (-1.0000,0.0000)   (-0.0000,-0.0000)   (0.0000,0.0000)   (-1.0000,0.0000)   (1.0000,-0.0000)   (-0.0000,-0.0000)   (0.0000,0.0000) 
  can.orb. [Down] 2   (1.0000,0.0000)   (1.0000,0.0000)   (1.0000,0.0000)   (1.0000,0.0000)   (1.0000,0.0000)   (1.0000,0.0000)   (1.0000,0.0000) 
  can.orb. [Down] 3   (-1.0000,-0.0000)   (-1.0000,-0.0000)   (-1.0000,-0.0000)   (1.0000,0.0000)   (-1.0000,-0.0000)   (1.0000,0.0000)   (1.0000,0.0000) 
  can.orb. [Down] 4   (-1.0000,-0.0000)   (0.0000,0.0000)   (-0.0000,-0.0000)   (-1.0000,-0.0000)   (1.0000,0.0000)   (0.0000,0.0000)   (-0.0000,-0.0000) 
  can.orb. [Down] 5   (1.0000,-0.0000)   (1.0000,-0.0000)   (1.0000,-0.0000)   (1.0000,-0.0000)   (1.0000,-0.0000)   (1.0000,-0.0000)   (1.0000,-0.0000) 
  can.orb. [Down] 6   (-1.0000,-0.0000)   (-0.0000,-0.0000)   (0.0000,0.0000)   (-1.0000,-0.0000)   (1.0000,0.0000)   (-0.0000,-0.0000)   (0.0000,0.0000) 
  can.orb. [Down] 7   (-1.0000,-0.0000)   (-1.0000,-0.0000)   (-1.0000,-0.0000)   (1.0000,0.0000)   (-1.0000,-0.0000)   (1.0000,0.0000)   (1.0000,0.0000) 
  can.orb. [Down] 8   (-1.0000,-0.0000)   (-0.0000,0.0000)   (0.0000,-0.0000)   (-1.0000,-0.0000)   (1.0000,0.0000)   (-0.0000,0.0000)   (0.0000,-0.0000) 
  can.orb. [Down] 9   (1.0000,-0.0000)   (1.0000,-0.0000)   (1.0000,-0.0000)   (1.0000,-0.0000)   (1.0000,-0.0000)   (1.0000,-0.0000)   (1.0000,-0.0000) 
  can.orb. [Down] 10   (1.0000,-0.0000)   (1.0000,-0.0000)   (1.0000,-0.0000)   (1.0000,-0.0000)   (1.0000,-0.0000)   (1.0000,-0.0000)   (1.0000,-0.0000) 



Orbital properties for SCF:
                           Lcoord_x          Lcoord_y          Lcoord_z               x^2               y^2               z^2
  can.orb. [Down] 0   (-0.0000,0.0000)   (0.0000,0.0000)   (-0.0000,0.0000)   (0.3747,0.0000)   (0.3747,0.0000)   (0.3747,-0.0000) 
  can.orb. [Down] 1   (-0.0000,0.0000)   (-0.0000,0.0000)   (-1.0000,0.0000)   (2.0270,-0.0000)   (2.0270,0.0000)   (1.0135,-0.0000) 
  can.orb. [Down] 2   (-0.0000,-0.0000)   (-0.0000,0.0000)   (-0.0000,0.0000)   (4.5670,0.0000)   (4.5670,0.0000)   (4.5670,0.0000) 
  can.orb. [Down] 3   (0.0000,0.0000)   (0.0000,0.0000)   (-0.0000,-0.0000)   (1.0200,-0.0000)   (1.0200,-0.0000)   (3.0599,0.0000) 
  can.orb. [Down] 4   (-0.0000,0.0000)   (0.0000,0.0000)   (1.0000,0.0000)   (2.0270,0.0000)   (2.0270,-0.0000)   (1.0135,-0.0000) 
  can.orb. [Down] 5   (-0.0000,0.0000)   (-0.0000,-0.0000)   (0.0000,-0.0000)   (1.8771,-0.0000)   (1.8771,-0.0000)   (1.8771,-0.0000) 
  can.orb. [Down] 6   (0.0000,0.0000)   (0.0000,-0.0000)   (-1.0000,0.0000)   (0.6946,0.0000)   (0.6946,0.0000)   (0.3473,0.0000) 
  can.orb. [Down] 7   (-0.0000,-0.0000)   (-0.0000,0.0000)   (-0.0000,-0.0000)   (0.3409,-0.0000)   (0.3409,-0.0000)   (1.0226,-0.0000) 
  can.orb. [Down] 8   (0.0000,-0.0000)   (0.0000,0.0000)   (1.0000,0.0000)   (0.6946,-0.0000)   (0.6946,0.0000)   (0.3473,0.0000) 
  can.orb. [Down] 9   (-0.0000,0.0000)   (0.0000,-0.0000)   (0.0000,-0.0000)   (0.3243,-0.0000)   (0.3243,-0.0000)   (0.3243,-0.0000) 
  can.orb. [Down] 10   (-0.0000,-0.0000)   (0.0000,0.0000)   (0.0000,0.0000)   (0.0465,-0.0000)   (0.0465,-0.0000)   (0.0465,0.0000) 



Orbital symmetry properties for SCF:
                          Inversion           Rot180X           Rot180Y           Rot180Z            ReflXY            ReflXZ            ReflYZ
  can.orb. [ Up ] 0   (1.0000,-0.0000)   (1.0000,-0.0000)   (1.0000,-0.0000)   (1.0000,-0.0000)   (1.0000,-0.0000)   (1.0000,-0.0000)   (1.0000,-0.0000) 
  can.orb. [ Up ] 1   (-1.0000,0.0000)   (-0.0000,0.0000)   (0.0000,-0.0000)   (-1.0000,0.0000)   (1.0000,-0.0000)   (-0.0000,0.0000)   (0.0000,-0.0000) 
  can.orb. [ Up ] 2   (1.0000,-0.0000)   (1.0000,-0.0000)   (1.0000,-0.0000)   (1.0000,-0.0000)   (1.0000,-0.0000)   (1.0000,-0.0000)   (1.0000,-0.0000) 
  can.orb. [ Up ] 3   (-1.0000,0.0000)   (-1.0000,0.0000)   (-1.0000,0.0000)   (1.0000,-0.0000)   (-1.0000,0.0000)   (1.0000,-0.0000)   (1.0000,-0.0000) 
  can.orb. [ Up ] 4   (-1.0000,-0.0000)   (0.0000,-0.0000)   (-0.0000,0.0000)   (-1.0000,-0.0000)   (1.0000,0.0000)   (0.0000,-0.0000)   (-0.0000,0.0000) 
  can.orb. [ Up ] 5   (1.0000,0.0000)   (1.0000,0.0000)   (1.0000,0.0000)   (1.0000,0.0000)   (1.0000,0.0000)   (1.0000,0.0000)   (1.0000,0.0000) 
  can.orb. [ Up ] 6   (-1.0000,0.0000)   (-0.0000,-0.0000)   (0.0000,0.0000)   (-1.0000,0.0000)   (1.0000,-0.0000)   (-0.0000,-0.0000)   (0.0000,0.0000) 
  can.orb. [ Up ] 7   (-1.0000,0.0000)   (-1.0000,0.0000)   (-1.0000,0.0000)   (1.0000,-0.0000)   (-1.0000,0.0000)   (1.0000,-0.0000)   (1.0000,-0.0000) 
  can.orb. [ Up ] 8   (-1.0000,0.0000)   (-0.0000,-0.0000)   (0.0000,0.0000)   (-1.0000,0.0000)   (1.0000,-0.0000)   (-0.0000,-0.0000)   (0.0000,0.0000) 
  can.orb. [ Up ] 9   (1.0000,0.0000)   (1.0000,0.0000)   (1.0000,0.0000)   (1.0000,0.0000)   (1.0000,0.0000)   (1.0000,0.0000)   (1.0000,0.0000) 
  can.orb. [ Up ] 10   (1.0000,-0.0000)   (1.0000,-0.0000)   (1.0000,-0.0000)   (1.0000,-0.0000)   (1.0000,-0.0000)   (1.0000,-0.0000)   (1.0000,-0.0000) 



Orbital properties for SCF:
                           Lcoord_x          Lcoord_y          Lcoord_z               x^2               y^2               z^2
  can.orb. [ Up ] 0   (0.0000,0.0000)   (0.0000,-0.0000)   (-0.0000,-0.0000)   (0.3747,-0.0000)   (0.3747,-0.0000)   (0.3747,-0.0000) 
  can.orb. [ Up ] 1   (-0.0000,0.0000)   (-0.0000,0.0000)   (-1.0000,0.0000)   (2.0270,-0.0000)   (2.0270,0.0000)   (1.0135,-0.0000) 
  can.orb. [ Up ] 2   (-0.0000,-0.0000)   (-0.0000,0.0000)   (-0.0000,0.0000)   (4.5670,0.0000)   (4.5670,0.0000)   (4.5670,-0.0000) 
  can.orb. [ Up ] 3   (0.0000,0.0000)   (0.0000,0.0000)   (-0.0000,0.0000)   (1.0200,0.0000)   (1.0200,0.0000)   (3.0599,0.0000) 
  can.orb. [ Up ] 4   (0.0000,-0.0000)   (-0.0000,-0.0000)   (1.0000,0.0000)   (2.0270,-0.0000)   (2.0270,-0.0000)   (1.0135,-0.0000) 
  can.orb. [ Up ] 5   (0.0000,0.0000)   (-0.0000,0.0000)   (0.0000,0.0000)   (1.8771,-0.0000)   (1.8771,-0.0000)   (1.8771,-0.0000) 
  can.orb. [ Up ] 6   (-0.0000,0.0000)   (0.0000,-0.0000)   (-1.0000,-0.0000)   (0.6946,-0.0000)   (0.6946,-0.0000)   (0.3473,0.0000) 
  can.orb. [ Up ] 7   (-0.0000,-0.0000)   (-0.0000,-0.0000)   (-0.0000,-0.0000)   (0.3409,-0.0000)   (0.3409,-0.0000)   (1.0226,0.0000) 
  can.orb. [ Up ] 8   (0.0000,-0.0000)   (0.0000,0.0000)   (1.0000,-0.0000)   (0.6946,-0.0000)   (0.6946,0.0000)   (0.3473,-0.0000) 
  can.orb. [ Up ] 9   (-0.0000,-0.0000)   (0.0000,-0.0000)   (0.0000,0.0000)   (0.3243,0.0000)   (0.3243,0.0000)   (0.3243,-0.0000) 
  can.orb. [ Up ] 10   (0.0000,-0.0000)   (0.0000,0.0000)   (-0.0000,-0.0000)   (0.0465,0.0000)   (0.0465,0.0000)   (0.0465,-0.0000) 


RSP: done run scf2
Number of alpha MOs = 1
Number of beta  MOs = 1


RSP: Hartree-Fock orbitals have been obtained. 
RSP: Hartree-Fock final energy = -2.807524038690891
Entering response module
No. of electrons: (2.000000000000003,8.310025991432794e-33)
DevINFO: screened away 100 out of 637 symmetry unique quadruples ABCD.
Recomputed final SCF electronic energy (-2.807524038690882,1.373352796949088e-32) (-1.763406266025223,1.369721249279728e-32) (1.044117772665658,-3.631547669359887e-35)
unit_vectors():   MO Single-transition excitations in total.
Constructing start guesses for RPA-solver using the 100 lowest ones.
(No spin mixing allowed for UHF excitation operator)
(spin down)1 <- 0 : 1.294475682992418
(spin down)2 <- 0 : 1.350159520540718
(spin down)3 <- 0 : 1.480928505946481
(spin down)4 <- 0 : 1.794475682992419
(spin down)5 <- 0 : 2.437635692038802
(spin down)6 <- 0 : 3.714250593763227
(spin down)7 <- 0 : 3.942746967966344
(spin down)8 <- 0 : 4.214250593763228
(spin down)9 <- 0 : 9.728848124631913
(spin down)10 <- 0 : 63.40818593473227
(spin up)1 <- 0 : 1.294475682992418
(spin up)2 <- 0 : 1.35015952054071
(spin up)3 <- 0 : 1.480928505946485
(spin up)4 <- 0 : 1.79447568299242
(spin up)5 <- 0 : 2.437635692038813
(spin up)6 <- 0 : 3.714250593763229
(spin up)7 <- 0 : 3.942746967966343
(spin up)8 <- 0 : 4.21425059376323
(spin up)9 <- 0 : 9.728848124631902
(spin up)10 <- 0 : 63.40818593473228
Made 20 starting vectors 
DevINFO: screened away 141 out of 637 symmetry unique quadruples ABCD.
DevINFO: screened away 97 out of 637 symmetry unique quadruples ABCD.
DevINFO: screened away 142 out of 637 symmetry unique quadruples ABCD.
DevINFO: screened away 157 out of 637 symmetry unique quadruples ABCD.
DevINFO: screened away 96 out of 637 symmetry unique quadruples ABCD.
DevINFO: screened away 160 out of 637 symmetry unique quadruples ABCD.
DevINFO: screened away 155 out of 637 symmetry unique quadruples ABCD.
DevINFO: screened away 163 out of 637 symmetry unique quadruples ABCD.
DevINFO: screened away 102 out of 637 symmetry unique quadruples ABCD.
DevINFO: screened away 102 out of 637 symmetry unique quadruples ABCD.
DevINFO: screened away 136 out of 637 symmetry unique quadruples ABCD.
DevINFO: screened away 85 out of 637 symmetry unique quadruples ABCD.
DevINFO: screened away 121 out of 637 symmetry unique quadruples ABCD.
DevINFO: screened away 147 out of 637 symmetry unique quadruples ABCD.
DevINFO: screened away 91 out of 637 symmetry unique quadruples ABCD.
DevINFO: screened away 156 out of 637 symmetry unique quadruples ABCD.
DevINFO: screened away 147 out of 637 symmetry unique quadruples ABCD.
DevINFO: screened away 155 out of 637 symmetry unique quadruples ABCD.
DevINFO: screened away 96 out of 637 symmetry unique quadruples ABCD.
DevINFO: screened away 102 out of 637 symmetry unique quadruples ABCD.
The Davidson solver is about to start.
-------
Davidson step #0, 40 RPA trial vectors already in subspace.
The Davidson solver converged to a solution. 1 iterations and 0 restarts were needed.
==============================================================================================================
The Final eigenvalues from the Davidson method
==============================================================================================================
(RSP) 	 Excitation Energy 	0.7692500853245942	0.8731721055336084	0.9546880591448663	0.959363289058958	1.060234619742876	1.070086280702999	1.269250085324595	1.373172105533613	1.744348057386645	2.022717958388867	
==============================================================================================================
Root: 0	 with energy 0.7692500853245942
==============================================================================================================
1 Up <-- Up 0 C^2 :  0.4962273482288563 C : (-0.5013063212647193,-0.4948932415065803)
1 Down <-- Down 0 C^2 :  0.4962273482289248 C : (-0.6265309646217774,-0.3220035692333705)
==============================================================================================================
Root: 1	 with energy 0.8731721055336084
==============================================================================================================
1 Up <-- Up 0 C^2 :  0.4995515499549413 C : (-0.6903728671393197,-0.1514491804955598)
1 Down <-- Down 0 C^2 :  0.4995515499548903 C : (0.7040381460839821,-0.06230440444719706)
==============================================================================================================
Root: 2	 with energy 0.9546880591448663
==============================================================================================================
2 Up <-- Up 0 C^2 :  0.4700866642924958 C : (-0.6187754276191499,0.2953026150700904)
2 Down <-- Down 0 C^2 :  0.4700866642924963 C : (0.6187754276191493,-0.2953026150700927)
==============================================================================================================
Root: 3	 with energy 0.959363289058958
==============================================================================================================
3 Up <-- Up 0 C^2 :  0.4964557446433971 C : (-0.2463796050886509,-0.6601157738152889)
3 Down <-- Down 0 C^2 :  0.4964557446434008 C : (0.2458130014651969,0.6603269742741636)
==============================================================================================================
Root: 4	 with energy 1.060234619742876
==============================================================================================================
3 Up <-- Up 0 C^2 :  0.4995532905331113 C : (-0.6192158785261583,-0.3407711641471285)
3 Down <-- Down 0 C^2 :  0.4995532905331037 C : (-0.6189231998905571,-0.3413024511636815)
==============================================================================================================
Root: 5	 with energy 1.070086280702999
==============================================================================================================
2 Up <-- Up 0 C^2 :  0.4986833283635692 C : (0.63839480872086,-0.3018863967816802)
2 Down <-- Down 0 C^2 :  0.4986833283636081 C : (0.6383948087208844,-0.3018863967816928)
==============================================================================================================
Root: 6	 with energy 1.269250085324595
==============================================================================================================
4 Up <-- Up 0 C^2 :  0.4962273482289032 C : (0.6958250525334597,0.1097945558564328)
4 Down <-- Down 0 C^2 :  0.4962273482288779 C : (-0.01996331708477611,0.7041511302269213)
==============================================================================================================
Root: 7	 with energy 1.373172105533613
==============================================================================================================
4 Up <-- Up 0 C^2 :  0.4995515499549473 C : (0.6875319765134732,0.1638637581237057)
4 Down <-- Down 0 C^2 :  0.4995515499548843 C : (0.07464901318853162,-0.7028364495278134)
==============================================================================================================
Root: 8	 with energy 1.744348057386645
==============================================================================================================
5 Up <-- Up 0 C^2 :  0.4702843857617549 C : (0.6508179936454729,-0.2161488489653277)
5 Down <-- Down 0 C^2 :  0.4702843857617558 C : (-0.650817993645473,0.2161488489653295)
==============================================================================================================
Root: 9	 with energy 2.022717958388867
==============================================================================================================
5 Up <-- Up 0 C^2 :  0.4982097371535462 C : (-0.6142063368780923,-0.3477934917337321)
5 Down <-- Down 0 C^2 :  0.4982097371535459 C : (-0.6142063368780918,-0.3477934917337325)
==============================================================================================================
==============================================================================================================
(RSP) Transition Dipole Moment, <1| coordinate |2>  |  Roots  |              Dipole Moment
==============================================================================================================
(RSP) Transition Dipole Moment, <1|x|2>             |    0    |     (1.108882679689421e-14,1.741475345005961e-14)
(RSP) Transition Dipole Moment, <1|x|2>             |    1    |     (-0.393722273024749,-0.37427549986121)
(RSP) Transition Dipole Moment, <1|x|2>             |    2    |     (8.667415204563838e-18,-3.882327618360335e-16)
(RSP) Transition Dipole Moment, <1|x|2>             |    3    |     (-4.654458793546458e-16,-1.082526870329445e-16)
(RSP) Transition Dipole Moment, <1|x|2>             |    4    |     (-8.869486134024959e-16,1.324435734575463e-15)
(RSP) Transition Dipole Moment, <1|x|2>             |    5    |     (2.748783643974159e-16,6.529576994504356e-16)
(RSP) Transition Dipole Moment, <1|x|2>             |    6    |     (3.809479858299381e-15,-4.480153769671757e-15)
(RSP) Transition Dipole Moment, <1|x|2>             |    7    |     (0.2933307814036134,-0.4572268919839239)
(RSP) Transition Dipole Moment, <1|x|2>             |    8    |     (4.93801283349318e-17,6.694517185911016e-16)
(RSP) Transition Dipole Moment, <1|x|2>             |    9    |     (-2.468167228567952e-16,6.893851169829993e-17)

(RSP) Transition Dipole Moment, <1|y|2>             |    0    |     (1.733145961815841e-14,-1.108884712568495e-14)
(RSP) Transition Dipole Moment, <1|y|2>             |    1    |     (-0.3742754998612099,0.3937222730247488)
(RSP) Transition Dipole Moment, <1|y|2>             |    2    |     (2.112597236956623e-16,-3.501872464422288e-16)
(RSP) Transition Dipole Moment, <1|y|2>             |    3    |     (-2.59677225537353e-16,-3.252719870063956e-16)
(RSP) Transition Dipole Moment, <1|y|2>             |    4    |     (-1.201004052995809e-15,-8.854082269118422e-16)
(RSP) Transition Dipole Moment, <1|y|2>             |    5    |     (-4.521124971856754e-16,1.745270680183756e-16)
(RSP) Transition Dipole Moment, <1|y|2>             |    6    |     (4.646660118311219e-15,3.823377974897929e-15)
(RSP) Transition Dipole Moment, <1|y|2>             |    7    |     (0.4572268919839241,0.2933307814036133)
(RSP) Transition Dipole Moment, <1|y|2>             |    8    |     (-6.949106054388086e-16,-1.113999807012193e-17)
(RSP) Transition Dipole Moment, <1|y|2>             |    9    |     (-8.673410096618952e-17,-2.075777623637297e-16)

(RSP) Transition Dipole Moment, <1|z|2>             |    0    |     (-1.415230549126597e-16,-1.443935845027922e-16)
(RSP) Transition Dipole Moment, <1|z|2>             |    1    |     (5.96533587295082e-17,3.838643659948398e-17)
(RSP) Transition Dipole Moment, <1|z|2>             |    2    |     (-3.269415387505156e-15,2.839149278886487e-15)
(RSP) Transition Dipole Moment, <1|z|2>             |    3    |     (4.325034776582519e-16,-3.491313629210352e-15)
(RSP) Transition Dipole Moment, <1|z|2>             |    4    |     (0.6709705815497283,0.3656618732497113)
(RSP) Transition Dipole Moment, <1|z|2>             |    5    |     (5.469222161932446e-14,-1.629004080982472e-14)
(RSP) Transition Dipole Moment, <1|z|2>             |    6    |     (2.653534694663417e-15,9.728687324849716e-16)
(RSP) Transition Dipole Moment, <1|z|2>             |    7    |     (1.630771216937204e-15,8.29773766673142e-17)
(RSP) Transition Dipole Moment, <1|z|2>             |    8    |     (5.767162042928289e-16,-5.055043844284349e-16)
(RSP) Transition Dipole Moment, <1|z|2>             |    9    |     (-3.461326185595556e-16,-1.343793517740797e-16)


==============================================================================================================
(RSP) Transition Moment, <1| pi_coordinate |2>      |  Roots  |              Dipole Moment
==============================================================================================================
(RSP) Transition Moment, <1|pi_x|2>                 |    0    |     (1.348190832519032e-14,-9.010929192886747e-15)
(RSP) Transition Moment, <1|pi_x|2>                 |    1    |     (-0.3169423777011719,0.3334102109613051)
(RSP) Transition Moment, <1|pi_x|2>                 |    2    |     (-4.146405505699207e-16,-7.211160686154866e-17)
(RSP) Transition Moment, <1|pi_x|2>                 |    3    |     (-1.90150819855935e-16,6.308541958775583e-16)
(RSP) Transition Moment, <1|pi_x|2>                 |    4    |     (1.721508169853869e-15,1.212005242683522e-15)
(RSP) Transition Moment, <1|pi_x|2>                 |    5    |     (8.280643987622879e-16,-1.895791766618822e-16)
(RSP) Transition Moment, <1|pi_x|2>                 |    6    |     (-7.44162828689339e-15,-5.811548955286273e-15)
(RSP) Transition Moment, <1|pi_x|2>                 |    7    |     (-0.6158003667175761,-0.3950625081874)
(RSP) Transition Moment, <1|pi_x|2>                 |    8    |     (7.236157392526679e-16,2.748089572437096e-16)
(RSP) Transition Moment, <1|pi_x|2>                 |    9    |     (3.673069131343389e-16,4.20138438964772e-16)

(RSP) Transition Moment, <1|pi_y|2>                 |    0    |     (-8.978810127043338e-15,-1.322946878998602e-14)
(RSP) Transition Moment, <1|pi_y|2>                 |    1    |     (0.3334102109613047,0.3169423777011717)
(RSP) Transition Moment, <1|pi_y|2>                 |    2    |     (-2.589625054491507e-16,-1.870592537560328e-16)
(RSP) Transition Moment, <1|pi_y|2>                 |    3    |     (-5.185240473163592e-16,1.08193240584027e-16)
(RSP) Transition Moment, <1|pi_y|2>                 |    4    |     (-1.217266309303411e-15,1.628858387930435e-15)
(RSP) Transition Moment, <1|pi_y|2>                 |    5    |     (3.577460967461974e-16,7.104950010734055e-16)
(RSP) Transition Moment, <1|pi_y|2>                 |    6    |     (5.885923530252885e-15,-7.559331985243847e-15)
(RSP) Transition Moment, <1|pi_y|2>                 |    7    |     (0.3950625081873998,-0.6158003667175764)
(RSP) Transition Moment, <1|pi_y|2>                 |    8    |     (-3.856470706116601e-16,7.417190608082313e-16)
(RSP) Transition Moment, <1|pi_y|2>                 |    9    |     (-3.574591384771416e-16,4.850176578811441e-16)

(RSP) Transition Moment, <1|pi_z|2>                 |    0    |     (-2.537778512321758e-16,3.335960115076932e-16)
(RSP) Transition Moment, <1|pi_z|2>                 |    1    |     (8.550917862934994e-17,-2.121688923687909e-16)
(RSP) Transition Moment, <1|pi_z|2>                 |    2    |     (2.738177572857328e-15,2.848280464093438e-15)
(RSP) Transition Moment, <1|pi_z|2>                 |    3    |     (-1.736410765607738e-15,-1.327505610320724e-15)
(RSP) Transition Moment, <1|pi_z|2>                 |    4    |     (0.3985537163751817,-0.7313254085761387)
(RSP) Transition Moment, <1|pi_z|2>                 |    5    |     (-1.766166959916051e-14,-5.888805746037698e-14)
(RSP) Transition Moment, <1|pi_z|2>                 |    6    |     (1.223398414644059e-15,-3.519792274169275e-15)
(RSP) Transition Moment, <1|pi_z|2>                 |    7    |     (1.420719076894524e-16,-2.223950110789096e-15)
(RSP) Transition Moment, <1|pi_z|2>                 |    8    |     (-2.327301544913169e-16,-2.413865704960798e-16)
(RSP) Transition Moment, <1|pi_z|2>                 |    9    |     (-2.352812101591258e-16,-2.192334987072667e-16)


==============================================================================================================
(RSP) Electric Dipole Oscillator Strength
(length gauge):            	4.357127966767742e-28	0.3435633937238708	1.213593553412839e-29	8.172446666790314e-30	0.4127211542058092	2.323757500065397e-27	6.666211782440574e-29	0.5402963124386277	1.769658678731945e-30	3.427130744057422e-31	
(magnetic-velocity gauge): 	4.495913376454442e-28	0.3231357456566376	1.109576926487246e-29	3.816490145556351e-30	0.4361813917714137	2.355630799123706e-27	1.023308551897279e-28	0.5197546856340682	5.390519491664874e-31	2.56377946664175e-31	
(mixed gauge):             	(4.424261700076143e-28,1.090209721154387e-29)	(0.3331930572675366,2.028998685236749e-33)	(1.158540825267426e-29,5.535645470656139e-31)	(4.764983237201398e-30,-2.66893642984104e-30)	(0.4242891554765384,1.850371707708594e-16)	(2.339602980119845e-27,4.400666474010877e-30)	(8.242564769307325e-29,2.694908741205243e-30)	(0.5299259759822926,-7.40148683083438e-17)	(8.316252720586203e-31,-3.114891837361162e-31)	(1.340133298082117e-31,1.364653080080048e-32)	

