
Running the London Hartree-Fock program at /home/sangita.sen/packages/london/london.x.
Founded by Erik Tellgren, Alessandro Soncini and Trygve Helgaker.
Programming by:
  Erik Tellgren (main programmer)
  Kai Kaarvann Lange
  Andrew M. Teale
  Ulf Ekstrom
  Stella Stopkowicz
  Jon H. Austad


Basis file /home/sangita.sen/packages/london/baslib/aug-cc-pVDZ opened for reading.
User input successfully read from file_x4.inp.

london-input{
  analysis{
    analysis-only = no
    xml-print-potential-basis-overlap = no
    xml-print-potential-basis-kinetic = no
    export-operators = no
    # decypher-density-matrix-file = binary-file, plain-text-file
    # density-matrix-binary-to-text = binary-input-file, text-output-file
    # density-matrix-text-to-binary = text-input-file, binary-output-file
    # density-matrix-for-plotting = filename
    # density-plot-data = {filename,(x0,y0,z0),(x1,y1,z1),(x2,y2,z2),(x3,y3,z3),(N1xN2xN3),precision=N,scolon={y/n},fields{rho,grad(rho),jp,j,A,B,rho2nu,rho2omega,tau_p,tau_pi,laplacian(rho),grad(rho)^2,jp^2,tau_tensor}}
    # streamline-data = {filename,(x0,y0,z0),(x1,y1,z1),(x2,y2,z2),(x3,y3,z3),(N1xN2xN3),precision=N,scolon={y/n},fields{rho,grad(rho),jp,j,A,B,rho2nu,rho2omega,tau_p,tau_pi,laplacian(rho),grad(rho)^2,jp^2,tau_tensor}}
    # vortexline-data = {filename,(x0,y0,z0),(x1,y1,z1),(x2,y2,z2),(x3,y3,z3),(N1xN2xN3),precision=N,scolon={y/n},fields{rho,grad(rho),jp,j,A,B,rho2nu,rho2omega,tau_p,tau_pi,laplacian(rho),grad(rho)^2,jp^2,tau_tensor}}
    # current-through-plane = {density_matrix_file,(x0,y0,z0),(x1,y1,z1),(x2,y2,z2),(x3,y3,z3),(N1xN2xN3),precision=N,scolon={y/n},fields{rho,grad(rho),jp,j,A,B,rho2nu,rho2omega,tau_p,tau_pi,laplacian(rho),grad(rho)^2,jp^2,tau_tensor}}
    # linearly-combine-density-matrices = file : 0.6 * infile1, 0.4 * infile2, ...
    # spin-rotate-2c-density-matrix = file : infile, angle_degrees, (ux, uy, uz)
    linear-dependence-tol = 1e-06
    # overlap-for-ci-state-files = file1, file2
  }

  scf{
    spin-symmetry-constraint = Restricted Hartree-Fock
    linear-dependence-tol = 1e-10
    uhf-spin-projection = 0
    disable-spin-zeeman-in-fock-matrix = no
    noisy-init-guess = no
    # density-matrix-input-file = 
    # density-matrix-output-file = 
    # density-plot-data = {filename,(x0,y0,z0),(x1,y1,z1),(x2,y2,z2),(x3,y3,z3),(N1xN2xN3),precision=N,scolon={y/n},fields{rho,grad(rho),jp,j,A,B,rho2nu,rho2omega,tau_p,tau_pi,laplacian(rho),grad(rho)^2,jp^2,tau_tensor}}
    # molecular-orbitals-to-plot = (1,2,3,...)
    min-scf-iterations = 0
    max-scf-iterations = 160
    use-density-fitting = no
    use-admm = no
    analyze-using-dft-grid = no

    diis{
      convergence-tolerance = 1e-10
      subspace-dimension = 7
      diagonalization-temperature = 0
    }
  }

  casscf{
    max-active-orbitals = 2000
    number-of-frozen-orbitals = 0
    number-of-states-in-casscf-optimization = 1
    number-of-ci-states = 1
    spin-projection = default
    num-1exc-init-vec = 0
    num-2exc-init-vec = 0
    use-noisy-init-vec = no
    ci-max-subspace-dim = default
    ci-convergence-tol = 1e-06
    # density-matrix-input-file = 
    # density-matrix-output-file = 
    # ci-states-output-file = 
    # density-plot-data = {filename,(x0,y0,z0),(x1,y1,z1),(x2,y2,z2),(x3,y3,z3),(N1xN2xN3),precision=N,scolon={y/n},fields{rho,grad(rho),jp,j,A,B,rho2nu,rho2omega,tau_p,tau_pi,laplacian(rho),grad(rho)^2,jp^2,tau_tensor}}
    # analysis-weights = (w0, w1, ...)
  }

  mp2{
    spin-projection = default
    number-of-weights = 8
    basis-functions-per-block = 20
    cs-tolerance = 0
    print-mp2-components = 0
    # density-matrix-input-file = 
    # density-matrix-output-file = 
    #property-request = relaxed-density-matrix
  }

  rsp{
    number-of-roots-requested = 10
    root-selection-method = energy
    excitation-basis = MObasis
    starting-guess = UnitGuess
    solver_choice = GenEig
    method_choice = RPA
    precondition = false
    initial-subspace-dimension = 100
    maximum-subspace-dimension = 800
    convergence-tolerance = 1e-10
    max-rsp-iterations = 200
    # density-matrix-input-file = 
    # density-matrix-output-file = 
  }

  coupled-cluster{
    truncation-level = CCSD
    property-request = off
    spin-projection = default
    max-it = 150
    write-t-amplitudes = yes
    read-t-amplitudes = no
    # density-matrix-output-file = 
    # memory-in-gb = 
    # interface = 
    # molecular-orbitals-to-freeze = (1,3,5,...)
    diis{
      convergence-tolerance = 1e-06
      subspace-dimension = 7
      diagonalization-temperature = 0
    }
  }

  finite-difference{
    run-finite-difference = false
    run-type = gradient
    use-ref-density = false
    step-size = 0.0005
  }

  system{
    molecular-charge = 0
    correlation-model = RSP

    hamiltonian{
      electron-mass = 1
      speed-of-light = 137.036
      adiabatic-connection-lambda = 1
      nuclear-charge-distribution = point charge

      magnetic-field = (0.04, 0, 0)
      gauge-origin = (0, 0, 0.1173)

      linear-magnetic-field = {(0, 0, 0), (0, 0, 0), (0, 0, 0)}
      linear-magnetic-origin = (0, 0, 0)

      electric-field = (0, 0, 0)
      electric-origin = (0, 0, 0)
      linear-electric-field = {(0, 0, 0), (0, 0, 0), (0, 0, 0)}

      include-basis-expanded-scalar-potential = no
      scalar-potential-coefficients = (empty)
      include-basis-expanded-vector-potential = no
      vector-potential-coefficients-x = (empty)
      vector-potential-coefficients-y = (empty)
      vector-potential-coefficients-z = (empty)
      include-repulsion-from-external-density = no
      external-charge-density-scale-factor = 1
      include-coulomb-distance-to-external-density = no
      external-charge-density-distance-factor = 1
      # external-charge-density-file = filename
      # lieb-ref-density-file = filename
      # potential-plot-data = {filename,(x0,y0,z0),(x1,y1,z1),(x2,y2,z2),(x3,y3,z3),(N1xN2xN3),precision=N,scolon={y/n},fields{rho,grad(rho),jp,j,A,B,rho2nu,rho2omega,tau_p,tau_pi,laplacian(rho),grad(rho)^2,jp^2,tau_tensor}}

      integral{
        use-coulomb-integral-permutation-symmetry = yes
        use-cauchy-schwarz-screening = yes
        cauchy-schwarz-tol = 1e-15
        boys-function-tol = 1e-17
      }

      dft{
        # xc-functional = 0.7 * lda + 0.54 * lyp
        # xc-fun-parameter = {param1 = 0.1, param2 = 0.2, param3 = 0.3}
        jp-functional = none
        vrg-functional = none
        tau-correction = none
        vrg-hard-rs-cutoff = 62035.049
        vrg-soft-density-cutoff = 1e-14
        exact-exchange-fraction = default
        # gridfile = 
        radial-grid-type = LMG
        allow-grid-pruning = yes
        gc2-radial-grid-threshold = 1e-13
        lebedev-angular-target-degree = 35
        lebedev-angular-minimal-degree = 15
        weight-screen-threshold = 1e-20
        becke-hardness = 3
        allow-becke-atom-size-correction = yes
      }
    }

    # data on state flags lost, output incomplete here
    use-london-orbitals = yes
    gto-contraction-type = all, normalizedprimitive
    basis = aug-cc-pVDZ
    # density-fitting-basis = 
    # admm-basis = 
    # scalar-potential-basis = 
    # vector-potential-basis = 
    # if you really want to: # orbital-wave-vector-offset = (0, 0, 0)
    charge = 2
    He            0            0            0
  }
}

Basis set information:
The orbital basis consists of 11 basis functions formed from linear combinations of 11 primitive basis functions.
The density-fitting basis consists of 0 basis functions formed from linear combinations of 0 primitive basis functions.
The scalar potential basis consists of 0 basis functions formed from linear combinations of 0 primitive basis functions.
The vector potential basis consists of 0 basis functions formed from linear combinations of 0 primitive basis functions.
RHF Spin type 3

RSP: Running Hartree-Fock to determine orbital space.
RSP: run scf2


SCF: Running SCF optimization.

SCF: The SCF basis contains 11 basis functions.
 Fock build F = F(D) performed in 0 seconds (with 0 seconds used for Coulomb and exchange).
SCF-SD: Initial density by diagonalizing the one-electron part of the Fock matrix.
Initial trace: Tr(D) = (2,2.82119e-37)

SCF iteration 1:       [wall time: Tue Feb  8 14:47:22 2022]
SCF: using a fraction 1 of Hartree-Fock exchange.
DevINFO: screened away 94 out of 637 symmetry unique quadruples ABCD.
 Fock build F = F(D) performed in 0 seconds (with 0 seconds used for Coulomb and exchange).
 Total energy: -2.743045817 Hartree
 Fock matrix inversion D = D(Fmix) performed in 0 seconds.
  Nuclear repulsion:  0
  Kinetic:            3.979912777
  Nuclear attraction: -7.969348717
  Spin Zeeman effect: 0
  Coulomb:            2.492780246
  Exchange:           -1.246390123
  Total:              -2.743045817

 Ehomo = -0.7984215844, Elumo = 0.175259832
 DIIS error norm: 1.060379323

SCF iteration 2:       [wall time: Tue Feb  8 14:47:22 2022]
SCF: using a fraction 1 of Hartree-Fock exchange.
DevINFO: screened away 100 out of 637 symmetry unique quadruples ABCD.
 Fock build F = F(D) performed in 0 seconds (with 0 seconds used for Coulomb and exchange).
 Total energy: -2.854138242 Hartree
 Fock matrix inversion D = D(Fmix) performed in 0 seconds.
  Nuclear repulsion:  0
  Kinetic:            2.935334242
  Nuclear attraction: -6.834368413
  Spin Zeeman effect: 0
  Coulomb:            2.089791856
  Exchange:           -1.044895928
  Total:              -2.854138242

 Ehomo = -0.9111158229, Elumo = 0.1749467514
 DIIS error norm: 0.09144083935

SCF iteration 3:       [wall time: Tue Feb  8 14:47:22 2022]
SCF: using a fraction 1 of Hartree-Fock exchange.
DevINFO: screened away 100 out of 637 symmetry unique quadruples ABCD.
 Fock build F = F(D) performed in 0 seconds (with 0 seconds used for Coulomb and exchange).
 Total energy: -2.85539569 Hartree
 Fock matrix inversion D = D(Fmix) performed in 0 seconds.
  Nuclear repulsion:  0
  Kinetic:            2.847610755
  Nuclear attraction: -6.726779133
  Spin Zeeman effect: 0
  Coulomb:            2.047545376
  Exchange:           -1.023772688
  Total:              -2.85539569

 Ehomo = -0.916343975, Elumo = 0.1744801363
 DIIS error norm: 0.01049619808

SCF iteration 4:       [wall time: Tue Feb  8 14:47:22 2022]
SCF: using a fraction 1 of Hartree-Fock exchange.
DevINFO: screened away 102 out of 637 symmetry unique quadruples ABCD.
 Fock build F = F(D) performed in 0 seconds (with 0 seconds used for Coulomb and exchange).
 Total energy: -2.855410594 Hartree
 Fock matrix inversion D = D(Fmix) performed in 0 seconds.
  Nuclear repulsion:  0
  Kinetic:            2.843081659
  Nuclear attraction: -6.720617494
  Spin Zeeman effect: 0
  Coulomb:            2.044250483
  Exchange:           -1.022125242
  Total:              -2.855410594

 Ehomo = -0.9167179719, Elumo = 0.1744932627
 DIIS error norm: 0.0007258380029

SCF iteration 5:       [wall time: Tue Feb  8 14:47:22 2022]
SCF: using a fraction 1 of Hartree-Fock exchange.
DevINFO: screened away 98 out of 637 symmetry unique quadruples ABCD.
 Fock build F = F(D) performed in 0 seconds (with 0 seconds used for Coulomb and exchange).
 Total energy: -2.855410739 Hartree
 Fock matrix inversion D = D(Fmix) performed in 0 seconds.
  Nuclear repulsion:  0
  Kinetic:            2.842759422
  Nuclear attraction: -6.720178362
  Spin Zeeman effect: 0
  Coulomb:            2.044016401
  Exchange:           -1.0220082
  Total:              -2.855410739

 Ehomo = -0.9167008959, Elumo = 0.1744874966
 DIIS error norm: 3.428721014e-05

SCF iteration 6:       [wall time: Tue Feb  8 14:47:22 2022]
SCF: using a fraction 1 of Hartree-Fock exchange.
DevINFO: screened away 100 out of 637 symmetry unique quadruples ABCD.
 Fock build F = F(D) performed in 0 seconds (with 0 seconds used for Coulomb and exchange).
 Total energy: -2.85541074 Hartree
 Fock matrix inversion D = D(Fmix) performed in 0 seconds.
  Nuclear repulsion:  0
  Kinetic:            2.842767539
  Nuclear attraction: -6.720186675
  Spin Zeeman effect: 0
  Coulomb:            2.044016795
  Exchange:           -1.022008397
  Total:              -2.85541074

 Ehomo = -0.916701206, Elumo = 0.1744875799
 DIIS error norm: 2.605655203e-07

SCF iteration 7:       [wall time: Tue Feb  8 14:47:22 2022]
SCF: using a fraction 1 of Hartree-Fock exchange.
DevINFO: screened away 100 out of 637 symmetry unique quadruples ABCD.
 Fock build F = F(D) performed in 0 seconds (with 0 seconds used for Coulomb and exchange).
 Total energy: -2.85541074 Hartree
 Fock matrix inversion D = D(Fmix) performed in 0 seconds.
  Nuclear repulsion:  0
  Kinetic:            2.842767256
  Nuclear attraction: -6.720186324
  Spin Zeeman effect: 0
  Coulomb:            2.044016656
  Exchange:           -1.022008328
  Total:              -2.85541074

 Ehomo = -0.9167012055, Elumo = 0.1744875793
 DIIS error norm: 1.88081756e-09

SCF iteration 8:       [wall time: Tue Feb  8 14:47:22 2022]
SCF: using a fraction 1 of Hartree-Fock exchange.
DevINFO: screened away 102 out of 637 symmetry unique quadruples ABCD.
 Fock build F = F(D) performed in 0 seconds (with 0 seconds used for Coulomb and exchange).
 Total energy: -2.85541074 Hartree
 Fock matrix inversion D = D(Fmix) performed in 0 seconds.
  Nuclear repulsion:  0
  Kinetic:            2.842767258
  Nuclear attraction: -6.720186326
  Spin Zeeman effect: 0
  Coulomb:            2.044016657
  Exchange:           -1.022008329
  Total:              -2.85541074

 Ehomo = -0.9167012055, Elumo = 0.1744875793
 DIIS error norm: 3.961278466e-14

Converged SCF results:
-----------------------
(pre-RSP) Nuclear repulsion:  0
(pre-RSP) Kinetic:            2.842767257969777
(pre-RSP) Nuclear attraction: -6.720186326147793
(pre-RSP) Spin Zeeman effect: 0
(pre-RSP) Coulomb:            2.044016657253086
(pre-RSP) Exchange:           -1.022008328626544
(pre-RSP) Total electronic:   -2.855410739551473
(pre-RSP) Total:              -2.855410739551473

(pre-RSP) E(LUMO): 0.1744875793329474
(pre-RSP) E(HOMO): -0.9167012054624698
(pre-RSP) E(GAP):  1.091188784795417

Orbital energies (Eorb), orbital contributions to the total energy (Econtrib), and reflection symmetry properties for the molecular orbitals:

Orbital analysis (pre-RSP)
    Eorb      Econtrib  Occ  Reflection(xy)  Reflection(xz)  Reflection(yz)
---------------------------------------------------------------------------
 -0.916701    -1.42771   2  (1.0000,0.0000)  (1.0000,-0.0000)  (1.0000,0.0000)
  0.174488   -0.135857   0  (1.0000,-0.0000)  (0.9999,-0.0000)  (1.0000,-0.0000)
  0.511376   0.0305077   0  (0.0000,-0.0000)  (0.0000,-0.0000)  (1.0000,-0.0000)
  0.530966   0.0501109   0  (1.0000,-0.0000)  (1.0000,-0.0000)  (-1.0000,0.0000)
  0.551376   0.0705077   0  (-0.0000,0.0000)  (0.0000,0.0000)  (1.0000,-0.0000)
   1.44181    0.782705   0  (1.0000,0.0000)  (1.0000,0.0000)  (1.0000,0.0000)
   3.00556     2.15881   0  (0.0000,0.0000)  (0.0000,0.0000)  (1.0000,-0.0000)
   3.02543     2.17866   0  (1.0000,0.0000)  (1.0000,-0.0000)  (-1.0000,0.0000)
   3.04556     2.19881   0  (-0.0000,0.0000)  (0.0000,-0.0000)  (1.0000,0.0000)
   8.79998     7.66188   0  (1.0000,0.0000)  (1.0000,0.0000)  (1.0000,-0.0000)
   62.4781     60.9688   0  (1.0000,0.0000)  (1.0000,-0.0000)  (1.0000,0.0000)


Properties:
-----------
Spin-projection on field: <sigma_B> = <2 S_B> = 0
Spin-projection squared: <sigma_B> = <4 S_B^2> = 0
Total spin: <sigma^2> = <4 S^2> = 0 = 4 * 0 * (0 + 1)
Total spin quantum number: s = 0


SimpleEnergies (SCF)

(SCF) Traces of the SCF 1-electron density matrix with simple operators
(SCF)     <pi^2/2m> = 2.842767257969731
(SCF)     <nucl.attr.> = -6.720186326147737
(SCF)     <hom.el.field> = 0
(SCF)     <lin.el.field> = 0
(SCF)     <bas.exp.scal.pot.> = 0
(SCF)     <ext.charge repulsion> = 0
(SCF)     <ext.charge repulsion> * fac = 0

SimpleProp (SCF)

(SCF) Traces of the SCF 1-electron density matrix with simple operators
(SCF) Mechanical/kinetic momentum:
(SCF)     <PIx> = -8.839608284251741e-21
(SCF)     <PIy> = 1.254302517750415e-17
(SCF)     <PIz> = 6.815070694552029e-19
(SCF)     B x pi = (0, -2.726028277820812e-20, 5.01721007100166e-19)
(SCF) Angular momentum w.r.t. gauge origin (0, 0, 0.1173):
(SCF)     <Lx> = 0.03187193930000568
(SCF)     <Ly> = 1.036886051742918e-21
(SCF)     <Lz> = -1.942878709228441e-33
(SCF) Coordinate derivative contribution to angular momentum w.r.t. C = (0, 0, 0.1173):
(SCF)     <Lcoord_x> = -0.0005503716000000071
(SCF)     <Lcoord_y> = 1.036886051742863e-21
(SCF)     <Lcoord_z> = 1.111847637605758e-18
(SCF) Dipole moment:
(SCF)     <x> = -4.739333493630653e-16
(SCF)     <y> = 1.219923185812756e-17
(SCF)     <z> = -1.755824198026104e-15
(SCF) Nuclear dipole moment:
(SCF)     <X> = 0
(SCF)     <Y> = 0
(SCF)     <Z> = 0
(SCF) Total dipole moment: (4.739333493630653e-16, -1.219923185812756e-17, 1.755824198026104e-15)
(SCF) Coordinate derivative contribution to angular momentum w.r.t. center of charge (-2.369666746815326e-16, 6.099615929063778e-18, -8.779120990130518e-16):
(SCF)     <Lambda_x> = -6.336848242709028e-33
(SCF)     <Lambda_y> = 2.289409069974133e-35
(SCF)     <Lambda_z> = 1.381935531006026e-33
(SCF) Electronic quadrupole moments w.r.t. center of electronic charge at (-2.369666746815326e-16, 6.099615929063778e-18, -8.779120990130518e-16):
(SCF)         x         y          z
(SCF) x: 0.7967984825001418  1.326938897789729e-34  4.361287271641722e-32
(SCF) y: 1.326938897789729e-34  0.7967984825001418  5.756351438604975e-34
(SCF) z: 4.361287271641722e-32  5.756351438604975e-34  0.7967984825001418
(SCF) Magnetic quadrupole moments w.r.t. C = (0, 0, 0):
(SCF)         x         y          z
(SCF) Jx: 4.720908429943817e-18  -2.770348699170855e-19  3.088469075525202e-17
(SCF) Jy: 1.183585403680455e-19  -2.360454214971908e-18  1.733127001405831e-21
(SCF) Jz: -4.873886055989816e-18  -1.73312700140583e-21  -2.360454214971908e-18
(SCF) Anapole moment w.r.t. C = (0, 0, 0):
(SCF)     a_x = -3.466254002811662e-21
(SCF)     a_y = 3.575857681124183e-17
(SCF)     a_z = 3.95393410285131e-19
(SCF) Hellmann-Feynman forces:
(SCF) H-F force on He at pos = (0, 0, 0):   F = (8.491158879682635e-16, -3.026108705138142e-17, 3.22741471154074e-15)
(SCF) Total H-F force on center of mass:   Ftot = (8.491158879682635e-16, -3.026108705138142e-17, 3.22741471154074e-15)
(SCF) Scaling pressure w.r.t. center of charge:   3.034783173194039e-30
(SCF) Total H-F torque w.r.t. center of charge: (6.880584267486271e-33, -1.93406205005171e-32, -1.991588374941884e-33)
(SCF) Nuclear shielding integrals:
(SCF) He at C = (0, 0, 0):
(SCF)    <Lx/|r - C|^3> = 0.04480124217431825
(SCF)    <Ly/|r - C|^3> = 8.669800234004889e-35
(SCF)    <Lz/|r - C|^3> = 1.731555661715278e-33
 

Mulliken (SCF)

(SCF) Mulliken decomposition of traces of SCF 1-electron density matrix with simple operators

(SCF) Mulliken populations:
(SCF) Nucleus #1 (He):  2.000000000000001   [narrow def.],   2.000000000000001   [wide def.]

(SCF) Total mechanical momentum: <pi> = (-8.839608284251738e-21, 1.254302517750415e-17, 6.815070694552032e-19)

(SCF) Mulliken momenta:
(SCF) Nucleus #1 (He):  (-8.839608284251738e-21, 1.254302517750415e-17, 6.815070694552032e-19)   [narrow def.],   (-8.839608284251738e-21, 1.254302517750415e-17, 6.815070694552032e-19)   [wide def.]

(SCF) Mulliken bond momenta:
(SCF) Nucleus #1 (He):   
 

Orbital symmetry properties for SCF:
                          Inversion           Rot180X           Rot180Y           Rot180Z            ReflXY            ReflXZ            ReflYZ
  can.orb. 0   (1.0000,-0.0000)   (1.0000,-0.0000)   (1.0000,-0.0000)   (1.0000,-0.0000)   (1.0000,-0.0000)   (1.0000,-0.0000)   (1.0000,-0.0000) 
  can.orb. 1   (0.9999,-0.0000)   (0.9999,-0.0000)   (1.0000,-0.0000)   (0.9999,-0.0000)   (1.0000,-0.0000)   (0.9999,-0.0000)   (1.0000,-0.0000) 
  can.orb. 2   (-1.0000,-0.0000)   (-1.0000,-0.0000)   (0.0000,-0.0000)   (0.0000,0.0000)   (0.0000,-0.0000)   (0.0000,0.0000)   (1.0000,-0.0000) 
  can.orb. 3   (-1.0000,-0.0000)   (1.0000,0.0000)   (-1.0000,0.0000)   (-1.0000,-0.0000)   (1.0000,-0.0000)   (1.0000,0.0000)   (-1.0000,0.0000) 
  can.orb. 4   (-1.0000,0.0000)   (-1.0000,0.0000)   (-0.0000,0.0000)   (0.0000,0.0000)   (-0.0000,0.0000)   (0.0000,0.0000)   (1.0000,-0.0000) 
  can.orb. 5   (1.0000,0.0000)   (1.0000,0.0000)   (1.0000,0.0000)   (1.0000,0.0000)   (1.0000,0.0000)   (1.0000,0.0000)   (1.0000,0.0000) 
  can.orb. 6   (-1.0000,0.0000)   (-1.0000,0.0000)   (0.0000,0.0000)   (0.0000,0.0000)   (0.0000,0.0000)   (0.0000,0.0000)   (1.0000,-0.0000) 
  can.orb. 7   (-1.0000,-0.0000)   (1.0000,0.0000)   (-1.0000,-0.0000)   (-1.0000,-0.0000)   (1.0000,0.0000)   (1.0000,0.0000)   (-1.0000,-0.0000) 
  can.orb. 8   (-1.0000,0.0000)   (-1.0000,0.0000)   (-0.0000,0.0000)   (0.0000,-0.0000)   (-0.0000,0.0000)   (0.0000,-0.0000)   (1.0000,-0.0000) 
  can.orb. 9   (1.0000,0.0000)   (1.0000,0.0000)   (1.0000,0.0000)   (1.0000,0.0000)   (1.0000,0.0000)   (1.0000,0.0000)   (1.0000,0.0000) 
  can.orb. 10   (1.0000,0.0000)   (1.0000,-0.0000)   (1.0000,-0.0000)   (1.0000,0.0000)   (1.0000,-0.0000)   (1.0000,-0.0000)   (1.0000,-0.0000) 



Orbital properties for SCF:
                           Lcoord_x          Lcoord_y          Lcoord_z               x^2               y^2               z^2
  can.orb. 0   (-0.0003,-0.0000)   (0.0000,0.0000)   (0.0000,0.0000)   (0.3984,0.0000)   (0.3984,0.0000)   (0.3984,-0.0000) 
  can.orb. 1   (-0.0003,-0.0000)   (-0.0000,0.0000)   (0.0000,-0.0000)   (4.8533,-0.0000)   (4.8533,-0.0000)   (4.8533,0.0000) 
  can.orb. 2   (-1.0003,0.0000)   (-0.0000,0.0000)   (-0.0000,0.0000)   (1.0249,-0.0000)   (2.0498,-0.0000)   (2.0498,0.0000) 
  can.orb. 3   (-0.0003,-0.0000)   (0.0000,-0.0000)   (0.0000,0.0000)   (3.0749,-0.0000)   (1.0250,-0.0000)   (1.0250,-0.0000) 
  can.orb. 4   (0.9997,-0.0000)   (-0.0000,-0.0000)   (-0.0000,-0.0000)   (1.0249,0.0000)   (2.0498,0.0000)   (2.0498,-0.0000) 
  can.orb. 5   (-0.0003,0.0000)   (0.0000,0.0000)   (-0.0000,0.0000)   (1.5741,0.0000)   (1.5741,0.0000)   (1.5741,-0.0000) 
  can.orb. 6   (-1.0003,-0.0000)   (-0.0000,-0.0000)   (0.0000,-0.0000)   (0.3359,0.0000)   (0.6718,0.0000)   (0.6718,-0.0000) 
  can.orb. 7   (-0.0003,0.0000)   (0.0000,-0.0000)   (-0.0000,-0.0000)   (1.0076,0.0000)   (0.3359,-0.0000)   (0.3359,0.0000) 
  can.orb. 8   (0.9997,0.0000)   (-0.0000,0.0000)   (0.0000,0.0000)   (0.3359,-0.0000)   (0.6718,-0.0000)   (0.6718,0.0000) 
  can.orb. 9   (-0.0003,-0.0000)   (0.0000,-0.0000)   (-0.0000,0.0000)   (0.3174,0.0000)   (0.3174,0.0000)   (0.3174,-0.0000) 
  can.orb. 10   (-0.0003,0.0000)   (-0.0000,-0.0000)   (-0.0000,0.0000)   (0.0464,0.0000)   (0.0464,0.0000)   (0.0464,0.0000) 


RSP: done run scf2
Number of MOs = 11


RSP: Hartree-Fock orbitals have been obtained. 
RSP: Hartree-Fock final energy = -2.855410739551473
Entering response module
No. of electrons: (2.000000000000001,1.893007801608275e-34)
DevINFO: screened away 100 out of 637 symmetry unique quadruples ABCD.
Recomputed final SCF electronic energy (-2.85541073955146,8.597201922983312e-34) (-1.833402410924925,8.627871901869205e-34) (1.022008328626535,3.066997888589348e-36)
unit_vectors():   MO Single-transition excitations in total.
Constructing start guesses for RPA-solver using the 100 lowest ones.
1 <- 0 : 1.091188784795417
2 <- 0 : 1.428077353782767
3 <- 0 : 1.447667376479452
4 <- 0 : 1.468077353782767
5 <- 0 : 2.358515913023745
6 <- 0 : 3.922260755382407
7 <- 0 : 3.942126407547528
8 <- 0 : 3.962260755382408
9 <- 0 : 9.716679517194091
10 <- 0 : 63.39477991938549
Made 10 starting vectors 
DevINFO: screened away 90 out of 637 symmetry unique quadruples ABCD.
DevINFO: screened away 131 out of 637 symmetry unique quadruples ABCD.
DevINFO: screened away 149 out of 637 symmetry unique quadruples ABCD.
DevINFO: screened away 131 out of 637 symmetry unique quadruples ABCD.
DevINFO: screened away 89 out of 637 symmetry unique quadruples ABCD.
DevINFO: screened away 147 out of 637 symmetry unique quadruples ABCD.
DevINFO: screened away 170 out of 637 symmetry unique quadruples ABCD.
DevINFO: screened away 147 out of 637 symmetry unique quadruples ABCD.
DevINFO: screened away 91 out of 637 symmetry unique quadruples ABCD.
DevINFO: screened away 100 out of 637 symmetry unique quadruples ABCD.
The Davidson solver is about to start.
-------
Davidson step #0, 20 RPA trial vectors already in subspace.
The Davidson solver converged to a solution. 1 iterations and 0 restarts were needed.
==============================================================================================================
The Final eigenvalues from the Davidson method
==============================================================================================================
(RSP) 	 Excitation Energy 	0.8231795926676932	1.0128724746953	1.032465685515107	1.052872474695301	1.938411229508204	3.303873341644254	3.323735390778732	3.343873341644253	8.860955330414198	62.0192305071601	
==============================================================================================================
Root: 0	 with energy 0.8231795926676932
==============================================================================================================
1 <-- 0 C^2 :  0.9986397902986965 C : (0.9897952425069995,0.1376414480060663)
==============================================================================================================
Root: 1	 with energy 1.0128724746953
==============================================================================================================
2 <-- 0 C^2 :  0.9991134319748958 C : (-0.1471286940652501,0.9886690949744257)
==============================================================================================================
Root: 2	 with energy 1.032465685515107
==============================================================================================================
3 <-- 0 C^2 :  0.9991133528059833 C : (0.1497020168161354,0.9882826817096235)
==============================================================================================================
Root: 3	 with energy 1.052872474695301
==============================================================================================================
4 <-- 0 C^2 :  0.9991134319748958 C : (-0.9287290142222543,-0.3695617000132126)
==============================================================================================================
Root: 4	 with energy 1.938411229508204
==============================================================================================================
5 <-- 0 C^2 :  0.9972291188388568 C : (-0.9956365159644778,-0.07705223499012162)
==============================================================================================================
Root: 5	 with energy 3.303873341644254
==============================================================================================================
6 <-- 0 C^2 :  0.9991108760892466 C : (0.9765573424985922,0.2131821589658339)
==============================================================================================================
Root: 6	 with energy 3.323735390778732
==============================================================================================================
7 <-- 0 C^2 :  0.999110925510078 C : (-0.9816454203815757,0.1883698334499394)
==============================================================================================================
Root: 7	 with energy 3.343873341644253
==============================================================================================================
8 <-- 0 C^2 :  0.9991108760892466 C : (0.9995280211958492,0.007389921079209058)
==============================================================================================================
Root: 8	 with energy 8.860955330414198
==============================================================================================================
9 <-- 0 C^2 :  0.9997216386615856 C : (-0.9738422409313836,0.2266118453199806)
==============================================================================================================
Root: 9	 with energy 62.0192305071601
==============================================================================================================
10 <-- 0 C^2 :  0.9999976574643851 C : (-0.9999988287303948,1.491202520228548e-06)
==============================================================================================================
==============================================================================================================
(RSP) Transition Dipole Moment, <1| coordinate |2>  |  Roots  |              Dipole Moment
==============================================================================================================
(RSP) Transition Dipole Moment, <1|x|2>             |    0    |     (-1.534300119516101e-16,-2.384927906181923e-17)
(RSP) Transition Dipole Moment, <1|x|2>             |    1    |     (4.361095937527297e-15,8.064694123599826e-15)
(RSP) Transition Dipole Moment, <1|x|2>             |    2    |     (0.1197334262285035,0.7904550712906077)
(RSP) Transition Dipole Moment, <1|x|2>             |    3    |     (6.074393151257055e-16,-1.441985509045736e-15)
(RSP) Transition Dipole Moment, <1|x|2>             |    4    |     (-1.492565670906131e-16,8.480706702146001e-19)
(RSP) Transition Dipole Moment, <1|x|2>             |    5    |     (-1.471550676041549e-14,-4.800685647283551e-15)
(RSP) Transition Dipole Moment, <1|x|2>             |    6    |     (-0.3145769537263861,0.06032330385661751)
(RSP) Transition Dipole Moment, <1|x|2>             |    7    |     (-1.941036870613376e-14,2.072301436775277e-15)
(RSP) Transition Dipole Moment, <1|x|2>             |    8    |     (-1.894488715071275e-16,4.624057521755371e-17)
(RSP) Transition Dipole Moment, <1|x|2>             |    9    |     (6.081241600838939e-17,3.916360383571917e-19)

(RSP) Transition Dipole Moment, <1|y|2>             |    0    |     (3.467332785928517e-17,2.723307529024766e-17)
(RSP) Transition Dipole Moment, <1|y|2>             |    1    |     (0.5653217262763109,-0.003087931704666034)
(RSP) Transition Dipole Moment, <1|y|2>             |    2    |     (4.902139747381387e-17,2.200621103151368e-16)
(RSP) Transition Dipole Moment, <1|y|2>             |    3    |     (-0.2672573267783308,0.4981683558853584)
(RSP) Transition Dipole Moment, <1|y|2>             |    4    |     (-2.942253759012192e-17,-1.111014432232531e-18)
(RSP) Transition Dipole Moment, <1|y|2>             |    5    |     (0.04518728084124168,-0.2219034711282878)
(RSP) Transition Dipole Moment, <1|y|2>             |    6    |     (4.011253314713108e-15,2.430600879675414e-14)
(RSP) Transition Dipole Moment, <1|y|2>             |    7    |     (0.005008492412130718,-0.2264021993099125)
(RSP) Transition Dipole Moment, <1|y|2>             |    8    |     (1.846854806088349e-17,-7.107859901595388e-18)
(RSP) Transition Dipole Moment, <1|y|2>             |    9    |     (-1.705101069402285e-17,-8.738009037871253e-18)

(RSP) Transition Dipole Moment, <1|z|2>             |    0    |     (-6.985437898927399e-16,-1.061678364930606e-16)
(RSP) Transition Dipole Moment, <1|z|2>             |    1    |     (-0.003087931704666154,-0.5653217262762948)
(RSP) Transition Dipole Moment, <1|z|2>             |    2    |     (3.001523300041276e-15,-2.558604021127845e-15)
(RSP) Transition Dipole Moment, <1|z|2>             |    3    |     (-0.4981683558853744,-0.2672573267783446)
(RSP) Transition Dipole Moment, <1|z|2>             |    4    |     (-4.813708808845856e-16,-3.596641158682527e-17)
(RSP) Transition Dipole Moment, <1|z|2>             |    5    |     (-0.221903471128324,-0.04518728084124107)
(RSP) Transition Dipole Moment, <1|z|2>             |    6    |     (-4.332222306007654e-15,-8.319214456765565e-16)
(RSP) Transition Dipole Moment, <1|z|2>             |    7    |     (0.2264021993099486,0.005008492412148287)
(RSP) Transition Dipole Moment, <1|z|2>             |    8    |     (4.635085662908603e-17,-4.298860933632715e-18)
(RSP) Transition Dipole Moment, <1|z|2>             |    9    |     (-1.599411423940318e-16,2.888353348784946e-18)


==============================================================================================================
(RSP) Transition Moment, <1| pi_coordinate |2>      |  Roots  |              Dipole Moment
==============================================================================================================
(RSP) Transition Moment, <1|pi_x|2>                 |    0    |     (-2.690459233644713e-18,5.7932441513471e-19)
(RSP) Transition Moment, <1|pi_x|2>                 |    1    |     (8.192853127496092e-15,-4.359832123066731e-15)
(RSP) Transition Moment, <1|pi_x|2>                 |    2    |     (0.8106034657633566,-0.1227853850188834)
(RSP) Transition Moment, <1|pi_x|2>                 |    3    |     (-1.567456058290407e-15,-5.492685646555685e-16)
(RSP) Transition Moment, <1|pi_x|2>                 |    4    |     (6.748172805862546e-18,8.997628154363281e-17)
(RSP) Transition Moment, <1|pi_x|2>                 |    5    |     (-1.497169800336581e-14,4.641222593092902e-14)
(RSP) Transition Moment, <1|pi_x|2>                 |    6    |     (0.1930313871966633,1.006629641875023)
(RSP) Transition Moment, <1|pi_x|2>                 |    7    |     (6.777373147499676e-15,6.179731212615374e-14)
(RSP) Transition Moment, <1|pi_x|2>                 |    8    |     (7.137332799904191e-17,2.997803100688316e-16)
(RSP) Transition Moment, <1|pi_x|2>                 |    9    |     (4.697823965658928e-19,-3.056184628215394e-17)

(RSP) Transition Moment, <1|pi_y|2>                 |    0    |     (2.690950864512824e-17,-4.232144846919206e-17)
(RSP) Transition Moment, <1|pi_y|2>                 |    1    |     (-0.003105004760679867,-0.5684473684282964)
(RSP) Transition Moment, <1|pi_y|2>                 |    2    |     (8.472044715740839e-17,4.613741350812609e-17)
(RSP) Transition Moment, <1|pi_y|2>                 |    3    |     (0.5208494438623084,0.279425275363445)
(RSP) Transition Moment, <1|pi_y|2>                 |    4    |     (-6.752598417924124e-18,1.188643746052062e-16)
(RSP) Transition Moment, <1|pi_y|2>                 |    5    |     (-0.7057146683453235,-0.1437081031232173)
(RSP) Transition Moment, <1|pi_y|2>                 |    6    |     (7.627370400235825e-14,-1.266054496521581e-14)
(RSP) Transition Moment, <1|pi_y|2>                 |    7    |     (-0.7290779613854409,-0.01612873659611507)
(RSP) Transition Moment, <1|pi_y|2>                 |    8    |     (-6.813432473797354e-18,-5.621139203109229e-17)
(RSP) Transition Moment, <1|pi_y|2>                 |    9    |     (-3.56647728433446e-18,1.594149314802062e-17)

(RSP) Transition Moment, <1|pi_z|2>                 |    0    |     (-4.458579669162211e-17,2.882494870701909e-16)
(RSP) Transition Moment, <1|pi_z|2>                 |    1    |     (-0.5684473684282793,0.003105004760680059)
(RSP) Transition Moment, <1|pi_z|2>                 |    2    |     (-2.532489094202935e-15,-3.01848523321413e-15)
(RSP) Transition Moment, <1|pi_z|2>                 |    3    |     (-0.2794252753634584,0.5208494438623245)
(RSP) Transition Moment, <1|pi_z|2>                 |    4    |     (-2.451052520613164e-17,3.273194378127177e-16)
(RSP) Transition Moment, <1|pi_z|2>                 |    5    |     (-0.1437081031232159,0.7057146683454403)
(RSP) Transition Moment, <1|pi_z|2>                 |    6    |     (-2.495151949986131e-15,1.478259826548977e-14)
(RSP) Transition Moment, <1|pi_z|2>                 |    7    |     (0.01612873659617165,-0.7290779613855567)
(RSP) Transition Moment, <1|pi_z|2>                 |    8    |     (-6.558339466571185e-18,-3.713391628167358e-17)
(RSP) Transition Moment, <1|pi_z|2>                 |    9    |     (2.193941452847619e-18,2.832674992466087e-16)


==============================================================================================================
(RSP) Electric Dipole Oscillator Strength
(length gauge):            	2.882711672923342e-31	0.4316162788393607	0.4399372856502654	0.4486615156138805	3.310246435553275e-31	0.2259102287175947	0.2273380959011092	0.2286453242295204	2.397630183232597e-31	1.226116246944492e-30	
(magnetic-velocity gauge): 	7.094317504696751e-32	0.4253803709097331	0.4340123124101419	0.4424247457378983	4.472885988567301e-32	0.2093240905992556	0.210719612890797	0.2120554042519318	7.492831608040592e-33	8.754960566282767e-34	
(mixed gauge):             	(1.389611814026217e-31,-4.811911532245209e-34)	(0.4284869808796598,2.312964634635705e-17)	(0.4369647567716564,9.251858538542881e-18)	(0.4455322176541794,3.700743415417198e-17)	(1.16922446228526e-31,5.587578852989946e-34)	(0.217459083929323,-9.25185853854131e-18)	(0.2188711848636375,-1.295260195395994e-16)	(0.220194179441249,-1.705811418043628e-17)	(4.195289274813503e-32,-3.131832769051546e-34)	(3.164944699029763e-32,-2.70259827318652e-34)	

