
Running the London Hartree-Fock program at /home/sangita.sen/packages/london/london.x.
Founded by Erik Tellgren, Alessandro Soncini and Trygve Helgaker.
Programming by:
  Erik Tellgren (main programmer)
  Kai Kaarvann Lange
  Andrew M. Teale
  Ulf Ekstrom
  Stella Stopkowicz
  Jon H. Austad


Basis file /home/sangita.sen/packages/london/baslib/aug-cc-pVDZ opened for reading.
User input successfully read from file_x8.inp.

london-input{
  analysis{
    analysis-only = no
    xml-print-potential-basis-overlap = no
    xml-print-potential-basis-kinetic = no
    export-operators = no
    # decypher-density-matrix-file = binary-file, plain-text-file
    # density-matrix-binary-to-text = binary-input-file, text-output-file
    # density-matrix-text-to-binary = text-input-file, binary-output-file
    # density-matrix-for-plotting = filename
    # density-plot-data = {filename,(x0,y0,z0),(x1,y1,z1),(x2,y2,z2),(x3,y3,z3),(N1xN2xN3),precision=N,scolon={y/n},fields{rho,grad(rho),jp,j,A,B,rho2nu,rho2omega,tau_p,tau_pi,laplacian(rho),grad(rho)^2,jp^2,tau_tensor}}
    # streamline-data = {filename,(x0,y0,z0),(x1,y1,z1),(x2,y2,z2),(x3,y3,z3),(N1xN2xN3),precision=N,scolon={y/n},fields{rho,grad(rho),jp,j,A,B,rho2nu,rho2omega,tau_p,tau_pi,laplacian(rho),grad(rho)^2,jp^2,tau_tensor}}
    # vortexline-data = {filename,(x0,y0,z0),(x1,y1,z1),(x2,y2,z2),(x3,y3,z3),(N1xN2xN3),precision=N,scolon={y/n},fields{rho,grad(rho),jp,j,A,B,rho2nu,rho2omega,tau_p,tau_pi,laplacian(rho),grad(rho)^2,jp^2,tau_tensor}}
    # current-through-plane = {density_matrix_file,(x0,y0,z0),(x1,y1,z1),(x2,y2,z2),(x3,y3,z3),(N1xN2xN3),precision=N,scolon={y/n},fields{rho,grad(rho),jp,j,A,B,rho2nu,rho2omega,tau_p,tau_pi,laplacian(rho),grad(rho)^2,jp^2,tau_tensor}}
    # linearly-combine-density-matrices = file : 0.6 * infile1, 0.4 * infile2, ...
    # spin-rotate-2c-density-matrix = file : infile, angle_degrees, (ux, uy, uz)
    linear-dependence-tol = 1e-06
    # overlap-for-ci-state-files = file1, file2
  }

  scf{
    spin-symmetry-constraint = Unrestricted Hartree-Fock
    linear-dependence-tol = 1e-10
    uhf-spin-projection = 0
    disable-spin-zeeman-in-fock-matrix = no
    noisy-init-guess = no
    # density-matrix-input-file = 
    # density-matrix-output-file = 
    # density-plot-data = {filename,(x0,y0,z0),(x1,y1,z1),(x2,y2,z2),(x3,y3,z3),(N1xN2xN3),precision=N,scolon={y/n},fields{rho,grad(rho),jp,j,A,B,rho2nu,rho2omega,tau_p,tau_pi,laplacian(rho),grad(rho)^2,jp^2,tau_tensor}}
    # molecular-orbitals-to-plot = (1,2,3,...)
    min-scf-iterations = 0
    max-scf-iterations = 160
    use-density-fitting = no
    use-admm = no
    analyze-using-dft-grid = no

    diis{
      convergence-tolerance = 1e-10
      subspace-dimension = 7
      diagonalization-temperature = 0
    }
  }

  casscf{
    max-active-orbitals = 2000
    number-of-frozen-orbitals = 0
    number-of-states-in-casscf-optimization = 1
    number-of-ci-states = 1
    spin-projection = default
    num-1exc-init-vec = 0
    num-2exc-init-vec = 0
    use-noisy-init-vec = no
    ci-max-subspace-dim = default
    ci-convergence-tol = 1e-06
    # density-matrix-input-file = 
    # density-matrix-output-file = 
    # ci-states-output-file = 
    # density-plot-data = {filename,(x0,y0,z0),(x1,y1,z1),(x2,y2,z2),(x3,y3,z3),(N1xN2xN3),precision=N,scolon={y/n},fields{rho,grad(rho),jp,j,A,B,rho2nu,rho2omega,tau_p,tau_pi,laplacian(rho),grad(rho)^2,jp^2,tau_tensor}}
    # analysis-weights = (w0, w1, ...)
  }

  mp2{
    spin-projection = default
    number-of-weights = 8
    basis-functions-per-block = 20
    cs-tolerance = 0
    print-mp2-components = 0
    # density-matrix-input-file = 
    # density-matrix-output-file = 
    #property-request = relaxed-density-matrix
  }

  rsp{
    number-of-roots-requested = 10
    root-selection-method = energy
    excitation-basis = MObasis
    starting-guess = UnitGuess
    solver_choice = GenEig
    method_choice = RPA
    precondition = false
    initial-subspace-dimension = 100
    maximum-subspace-dimension = 800
    convergence-tolerance = 1e-10
    max-rsp-iterations = 200
    # density-matrix-input-file = 
    # density-matrix-output-file = 
  }

  coupled-cluster{
    truncation-level = CCSD
    property-request = off
    spin-projection = default
    max-it = 150
    write-t-amplitudes = yes
    read-t-amplitudes = no
    # density-matrix-output-file = 
    # memory-in-gb = 
    # interface = 
    # molecular-orbitals-to-freeze = (1,3,5,...)
    diis{
      convergence-tolerance = 1e-06
      subspace-dimension = 7
      diagonalization-temperature = 0
    }
  }

  finite-difference{
    run-finite-difference = false
    run-type = gradient
    use-ref-density = false
    step-size = 0.0005
  }

  system{
    molecular-charge = 0
    correlation-model = RSP

    hamiltonian{
      electron-mass = 1
      speed-of-light = 137.036
      adiabatic-connection-lambda = 1
      nuclear-charge-distribution = point charge

      magnetic-field = (0.8, 0, 0)
      gauge-origin = (0, 0, 0.1173)

      linear-magnetic-field = {(0, 0, 0), (0, 0, 0), (0, 0, 0)}
      linear-magnetic-origin = (0, 0, 0)

      electric-field = (0, 0, 0)
      electric-origin = (0, 0, 0)
      linear-electric-field = {(0, 0, 0), (0, 0, 0), (0, 0, 0)}

      include-basis-expanded-scalar-potential = no
      scalar-potential-coefficients = (empty)
      include-basis-expanded-vector-potential = no
      vector-potential-coefficients-x = (empty)
      vector-potential-coefficients-y = (empty)
      vector-potential-coefficients-z = (empty)
      include-repulsion-from-external-density = no
      external-charge-density-scale-factor = 1
      include-coulomb-distance-to-external-density = no
      external-charge-density-distance-factor = 1
      # external-charge-density-file = filename
      # lieb-ref-density-file = filename
      # potential-plot-data = {filename,(x0,y0,z0),(x1,y1,z1),(x2,y2,z2),(x3,y3,z3),(N1xN2xN3),precision=N,scolon={y/n},fields{rho,grad(rho),jp,j,A,B,rho2nu,rho2omega,tau_p,tau_pi,laplacian(rho),grad(rho)^2,jp^2,tau_tensor}}

      integral{
        use-coulomb-integral-permutation-symmetry = yes
        use-cauchy-schwarz-screening = yes
        cauchy-schwarz-tol = 1e-15
        boys-function-tol = 1e-17
      }

      dft{
        # xc-functional = 0.7 * lda + 0.54 * lyp
        # xc-fun-parameter = {param1 = 0.1, param2 = 0.2, param3 = 0.3}
        jp-functional = none
        vrg-functional = none
        tau-correction = none
        vrg-hard-rs-cutoff = 62035.049
        vrg-soft-density-cutoff = 1e-14
        exact-exchange-fraction = default
        # gridfile = 
        radial-grid-type = LMG
        allow-grid-pruning = yes
        gc2-radial-grid-threshold = 1e-13
        lebedev-angular-target-degree = 35
        lebedev-angular-minimal-degree = 15
        weight-screen-threshold = 1e-20
        becke-hardness = 3
        allow-becke-atom-size-correction = yes
      }
    }

    # data on state flags lost, output incomplete here
    use-london-orbitals = yes
    gto-contraction-type = all, normalizedprimitive
    basis = aug-cc-pVDZ
    # density-fitting-basis = 
    # admm-basis = 
    # scalar-potential-basis = 
    # vector-potential-basis = 
    # if you really want to: # orbital-wave-vector-offset = (0, 0, 0)
    charge = 2
    He            0            0            0
  }
}

Basis set information:
The orbital basis consists of 11 basis functions formed from linear combinations of 11 primitive basis functions.
The density-fitting basis consists of 0 basis functions formed from linear combinations of 0 primitive basis functions.
The scalar potential basis consists of 0 basis functions formed from linear combinations of 0 primitive basis functions.
The vector potential basis consists of 0 basis functions formed from linear combinations of 0 primitive basis functions.
UHF Spin type 2

RSP: Running Hartree-Fock to determine orbital space.
RSP: run scf2


SCF: Running SCF optimization.

SCF: The SCF basis contains 11 basis functions.
 Fock build F = F(D) performed in 0 seconds (with 0 seconds used for Coulomb and exchange).
SCF-SD: Initial density by diagonalizing the one-electron part of the Fock matrix.
Initial trace: Tr(D) = (2,1.92593e-34)

SCF iteration 1:       [wall time: Tue Dec 14 18:52:50 2021]
SCF: using a fraction 1 of Hartree-Fock exchange.
DevINFO: screened away 100 out of 637 symmetry unique quadruples ABCD.
 Fock build F = F(D) performed in 0 seconds (with 0 seconds used for Coulomb and exchange).
 Total energy: -2.633505037 Hartree
 Fock matrix inversion D = D(Fmix) performed in 0 seconds.
  Nuclear repulsion:  0
  Kinetic:            4.213437282
  Nuclear attraction: -8.124022987
  Spin Zeeman effect: -1.776356839e-16
  Coulomb:            2.554161337
  Exchange:           -1.277080668
  Total:              -2.633505037

 Ehomo(Down) = -1.124535817, Elumo(Down) = 0.09313913914
 Ehomo( Up ) = -0.3245358167, Elumo( Up ) = 0.8931391391
 DIIS error norm: 1.070656543

SCF iteration 2:       [wall time: Tue Dec 14 18:52:50 2021]
SCF: using a fraction 1 of Hartree-Fock exchange.
DevINFO: screened away 101 out of 637 symmetry unique quadruples ABCD.
 Fock build F = F(D) performed in 0 seconds (with 0 seconds used for Coulomb and exchange).
 Total energy: -2.735841046 Hartree
 Fock matrix inversion D = D(Fmix) performed in 0 seconds.
  Nuclear repulsion:  0
  Kinetic:            3.245440785
  Nuclear attraction: -7.073384231
  Spin Zeeman effect: -8.881784197e-17
  Coulomb:            2.184204801
  Exchange:           -1.0921024
  Total:              -2.735841046

 Ehomo(Down) = -1.228308779, Elumo(Down) = 0.06612538168
 Ehomo( Up ) = -0.4283087789, Elumo( Up ) = 0.8661253817
 DIIS error norm: 0.09139057802

SCF iteration 3:       [wall time: Tue Dec 14 18:52:50 2021]
SCF: using a fraction 1 of Hartree-Fock exchange.
DevINFO: screened away 102 out of 637 symmetry unique quadruples ABCD.
 Fock build F = F(D) performed in 0 seconds (with 0 seconds used for Coulomb and exchange).
 Total energy: -2.736922594 Hartree
 Fock matrix inversion D = D(Fmix) performed in 0 seconds.
  Nuclear repulsion:  0
  Kinetic:            3.165705785
  Nuclear attraction: -6.975951983
  Spin Zeeman effect: 0
  Coulomb:            2.146647208
  Exchange:           -1.073323604
  Total:              -2.736922594

 Ehomo(Down) = -1.232223438, Elumo(Down) = 0.06406239416
 Ehomo( Up ) = -0.432223438, Elumo( Up ) = 0.8640623942
 DIIS error norm: 0.008760611291

SCF iteration 4:       [wall time: Tue Dec 14 18:52:50 2021]
SCF: using a fraction 1 of Hartree-Fock exchange.
DevINFO: screened away 101 out of 637 symmetry unique quadruples ABCD.
 Fock build F = F(D) performed in 0 seconds (with 0 seconds used for Coulomb and exchange).
 Total energy: -2.736928963 Hartree
 Fock matrix inversion D = D(Fmix) performed in 0 seconds.
  Nuclear repulsion:  0
  Kinetic:            3.162522077
  Nuclear attraction: -6.971662802
  Spin Zeeman effect: 0
  Coulomb:            2.144423523
  Exchange:           -1.072211762
  Total:              -2.736928963

 Ehomo(Down) = -1.232378157, Elumo(Down) = 0.06404668879
 Ehomo( Up ) = -0.4323781565, Elumo( Up ) = 0.8640466888
 DIIS error norm: 0.0001940764014

SCF iteration 5:       [wall time: Tue Dec 14 18:52:50 2021]
SCF: using a fraction 1 of Hartree-Fock exchange.
DevINFO: screened away 102 out of 637 symmetry unique quadruples ABCD.
 Fock build F = F(D) performed in 0 seconds (with 0 seconds used for Coulomb and exchange).
 Total energy: -2.736928969 Hartree
 Fock matrix inversion D = D(Fmix) performed in 0 seconds.
  Nuclear repulsion:  0
  Kinetic:            3.162418936
  Nuclear attraction: -6.971530422
  Spin Zeeman effect: 0
  Coulomb:            2.144365034
  Exchange:           -1.072182517
  Total:              -2.736928969

 Ehomo(Down) = -1.232372923, Elumo(Down) = 0.06404469668
 Ehomo( Up ) = -0.432372923, Elumo( Up ) = 0.8640446967
 DIIS error norm: 1.195223026e-05

SCF iteration 6:       [wall time: Tue Dec 14 18:52:50 2021]
SCF: using a fraction 1 of Hartree-Fock exchange.
DevINFO: screened away 96 out of 637 symmetry unique quadruples ABCD.
 Fock build F = F(D) performed in 0 seconds (with 0 seconds used for Coulomb and exchange).
 Total energy: -2.736928969 Hartree
 Fock matrix inversion D = D(Fmix) performed in 0 seconds.
  Nuclear repulsion:  0
  Kinetic:            3.162421716
  Nuclear attraction: -6.971533525
  Spin Zeeman effect: 0
  Coulomb:            2.144365679
  Exchange:           -1.072182839
  Total:              -2.736928969

 Ehomo(Down) = -1.232373078, Elumo(Down) = 0.06404471446
 Ehomo( Up ) = -0.4323730777, Elumo( Up ) = 0.8640447145
 DIIS error norm: 1.20036451e-07

SCF iteration 7:       [wall time: Tue Dec 14 18:52:50 2021]
SCF: using a fraction 1 of Hartree-Fock exchange.
DevINFO: screened away 96 out of 637 symmetry unique quadruples ABCD.
 Fock build F = F(D) performed in 0 seconds (with 0 seconds used for Coulomb and exchange).
 Total energy: -2.736928969 Hartree
 Fock matrix inversion D = D(Fmix) performed in 0 seconds.
  Nuclear repulsion:  0
  Kinetic:            3.162421607
  Nuclear attraction: -6.971533391
  Spin Zeeman effect: 8.881784197e-17
  Coulomb:            2.144365629
  Exchange:           -1.072182814
  Total:              -2.736928969

 Ehomo(Down) = -1.232373077, Elumo(Down) = 0.06404471437
 Ehomo( Up ) = -0.4323730775, Elumo( Up ) = 0.8640447144
 DIIS error norm: 5.715814903e-10

SCF iteration 8:       [wall time: Tue Dec 14 18:52:50 2021]
SCF: using a fraction 1 of Hartree-Fock exchange.
DevINFO: screened away 98 out of 637 symmetry unique quadruples ABCD.
 Fock build F = F(D) performed in 0 seconds (with 0 seconds used for Coulomb and exchange).
 Total energy: -2.736928969 Hartree
 Fock matrix inversion D = D(Fmix) performed in 0 seconds.
  Nuclear repulsion:  0
  Kinetic:            3.162421608
  Nuclear attraction: -6.971533392
  Spin Zeeman effect: -1.776356839e-16
  Coulomb:            2.144365629
  Exchange:           -1.072182815
  Total:              -2.736928969

 Ehomo(Down) = -1.232373077, Elumo(Down) = 0.06404471437
 Ehomo( Up ) = -0.4323730775, Elumo( Up ) = 0.8640447144
 DIIS error norm: 1.199520939e-14

Converged SCF results:
-----------------------
(pre-RSP) Nuclear repulsion:  0
(pre-RSP) Kinetic:            3.162421607593674
(pre-RSP) Nuclear attraction: -6.971533391622729
(pre-RSP) Spin Zeeman effect: -1.776356839400251e-16
(pre-RSP) Coulomb:            2.144365629115622
(pre-RSP) Exchange:           -1.072182814557811
(pre-RSP) Total electronic:   -2.736928969471244
(pre-RSP) Total:              -2.736928969471244

(pre-RSP) E(LUMO, Down): 0.0640447143740934
(pre-RSP) E(HOMO, Down): -1.232373077456715
(pre-RSP) E(GAP, Down):  1.296417791830809

(pre-RSP) E(LUMO,  Up ): 0.8640447143740929
(pre-RSP) E(HOMO,  Up ): -0.4323730774567146
(pre-RSP) E(GAP,  Up ):  1.296417791830808

Orbital energies (Eorb), orbital contributions to the total energy (Econtrib), and reflection symmetry properties for the molecular orbitals:

Orbital analysis (pre-RSP)
    Eorb      Econtrib  Occ  Reflection(xy)  Reflection(xz)  Reflection(yz)
---------------------------------------------------------------------------
Spin Down
  -1.23237    -1.56846   1  (1.0000,0.0000)  (0.9985,-0.0000)  (1.0000,0.0000)
 0.0640447   -0.233428   0  (-0.0000,0.0000)  (0.0044,0.0000)  (1.0000,-0.0000)
  0.303677   0.0129397   0  (1.0000,0.0000)  (0.9956,0.0000)  (-1.0000,-0.0000)
  0.479847    0.288816   0  (1.0000,-0.0000)  (0.9835,-0.0000)  (1.0000,-0.0000)
  0.864045    0.566572   0  (0.0000,-0.0000)  (0.0044,0.0000)  (1.0000,-0.0000)
   1.38273     1.00458   0  (1.0000,0.0000)  (0.9883,0.0000)  (1.0000,0.0000)
   2.36978     1.71838   0  (-0.0000,0.0000)  (0.0016,0.0000)  (1.0000,0.0000)
   2.71242     2.05428   0  (1.0000,-0.0000)  (0.9985,0.0000)  (-1.0000,0.0000)
   3.16978     2.51838   0  (0.0000,-0.0000)  (0.0016,-0.0000)  (1.0000,-0.0000)
   8.51355     7.54815   0  (1.0000,-0.0000)  (0.9985,0.0000)  (1.0000,-0.0000)
     62.19     60.8285   0  (1.0000,-0.0000)  (0.9998,0.0000)  (1.0000,-0.0000)
Spin Up
 -0.432373    -1.16846   1  (1.0000,-0.0000)  (0.9985,0.0000)  (1.0000,-0.0000)
  0.864045    0.166572   0  (-0.0000,-0.0000)  (0.0044,0.0000)  (1.0000,0.0000)
   1.10368     0.41294   0  (1.0000,-0.0000)  (0.9956,0.0000)  (-1.0000,0.0000)
   1.27985    0.688816   0  (1.0000,0.0000)  (0.9835,0.0000)  (1.0000,0.0000)
   1.66404    0.966572   0  (0.0000,-0.0000)  (0.0044,-0.0000)  (1.0000,0.0000)
   2.18273     1.40458   0  (1.0000,-0.0000)  (0.9883,-0.0000)  (1.0000,-0.0000)
   3.16978     2.11838   0  (-0.0000,0.0000)  (0.0016,-0.0000)  (1.0000,0.0000)
   3.51242     2.45428   0  (1.0000,-0.0000)  (0.9985,0.0000)  (-1.0000,0.0000)
   3.96978     2.91838   0  (0.0000,-0.0000)  (0.0016,0.0000)  (1.0000,-0.0000)
   9.31355     7.94815   0  (1.0000,0.0000)  (0.9985,0.0000)  (1.0000,0.0000)
     62.99     61.2285   0  (1.0000,0.0000)  (0.9998,-0.0000)  (1.0000,0.0000)


Properties:
-----------
Spin-projection on field: <sigma_B> = <2 S_B> = 0
Spin-projection squared: <sigma_B> = <4 S_B^2> = -1.110223024625157e-15
Total spin: <sigma^2> = <4 S^2> = -2.886579864025407e-15 = 4 * -7.216449660063518e-16 * (-7.216449660063518e-16 + 1)
Total spin quantum number: s = -7.216449660063518e-16


(SCF) Traces of the SCF 1-electron density matrix with simple operators
(SCF) Mechanical/kinetic momentum:
(SCF)     <PIx> = -1.291546964091767e-18
(SCF)     <PIy> = 8.35268241862469e-17
(SCF)     <PIz> = 2.07393207148589e-18
(SCF)     B x pi = (0, -1.659145657188712e-18, 6.682145934899752e-17)
(SCF) Angular momentum w.r.t. gauge origin (0, 0, 0.1173):
(SCF)     <Lx> = 0.561491632889103
(SCF)     <Ly> = 1.514984588879703e-19
(SCF)     <Lz> = -3.769978753265609e-32
(SCF) Coordinate derivative contribution to angular momentum w.r.t. C = (0, 0, 0.1173):
(SCF)     <Lcoord_x> = -0.01100743199999997
(SCF)     <Lcoord_y> = 1.514984588879699e-19
(SCF)     <Lcoord_z> = 2.068315883764326e-18
(SCF) Dipole moment:
(SCF)     <x> = -4.408175370341501e-17
(SCF)     <y> = -2.643046854269743e-17
(SCF)     <z> = 3.19752587627296e-16
(SCF) Nuclear dipole moment:
(SCF)     <X> = 0
(SCF)     <Y> = 0
(SCF)     <Z> = 0
(SCF) Total dipole moment: (4.408175370341501e-17, 2.643046854269743e-17, -3.19752587627296e-16)
(SCF) Coordinate derivative contribution to angular momentum w.r.t. center of charge (-2.20408768517075e-17, -1.321523427134871e-17, 1.598762938136479e-16):
(SCF)     <Lambda_x> = -1.61727462249041e-30
(SCF)     <Lambda_y> = 5.462825552282377e-33
(SCF)     <Lambda_z> = 9.799134809339779e-32
(SCF) Electronic quadrupole moments w.r.t. center of electronic charge at (-2.20408768517075e-17, -1.321523427134871e-17, 1.598762938136479e-16):
(SCF)         x         y          z
(SCF) x: 0.7018645411113789  -1.89097457828258e-33  3.38176864693074e-31
(SCF) y: -1.89097457828258e-33  0.7018645411113789  -5.048461513760216e-32
(SCF) z: 3.38176864693074e-31  -5.048461513760216e-32  0.7018645411113789
(SCF) Magnetic quadrupole moments w.r.t. C = (0, 0, 0):
(SCF)         x         y          z
(SCF) Jx: 7.595589459404663e-18  9.204506407791828e-18  -8.690148650424093e-17
(SCF) Jy: -8.774126317176978e-19  -3.797794729702331e-18  1.658906882051185e-19
(SCF) Jz: 2.946310028428195e-18  -1.658906882051185e-19  -3.797794729702331e-18
(SCF) Anapole moment w.r.t. C = (0, 0, 0):
(SCF)     a_x = -3.31781376410237e-19
(SCF)     a_y = -8.984779653266912e-17
(SCF)     a_z = -1.008191903950953e-17
(SCF) Hellmann-Feynman forces:
(SCF) H-F force on He at pos = (0, 0, 0):   F = (9.532257662631799e-17, 2.622944446950862e-17, -6.034064353322371e-16)
(SCF) Total H-F force on center of mass:   Ftot = (9.532257662631799e-17, 2.622944446950862e-17, -6.034064353322371e-16)
(SCF) Scaling pressure w.r.t. center of charge:   9.891800597030271e-32
(SCF) Total H-F torque w.r.t. center of charge: (-3.780691033179015e-33, -1.940213335097544e-33, -6.815902260242411e-34)
(SCF) Nuclear shielding integrals:
(SCF) He at C = (0, 0, 0):
(SCF)    <Lx/|r - C|^3> = 0.9295377855496978
(SCF)    <Ly/|r - C|^3> = 4.333063405462935e-33
(SCF)    <Lz/|r - C|^3> = 3.088943047920855e-32
 
MULLIKEN POPULATION ANALYSIS FOR SUM OF SPIN UP AND SPIN DOWN DENSITY MATRIX

(SCF) Mulliken decomposition of traces of SCF 1-electron density matrix with simple operators

(SCF) Mulliken populations:
(SCF) Nucleus #1 (He):  2.000000000000001   [narrow def.],   2.000000000000001   [wide def.]

(SCF) Total mechanical momentum: <pi> = (-1.291546964091767e-18, 8.352682418624689e-17, 2.073932071485888e-18)

(SCF) Mulliken momenta:
(SCF) Nucleus #1 (He):  (-1.291546964091767e-18, 8.352682418624689e-17, 2.073932071485888e-18)   [narrow def.],   (-1.291546964091767e-18, 8.352682418624689e-17, 2.073932071485888e-18)   [wide def.]

(SCF) Mulliken bond momenta:
(SCF) Nucleus #1 (He):   
 
MULLIKEN POPULATION ANALYSIS FOR SPIN DOWN DENSITY MATRIX:

(SCF) Mulliken decomposition of traces of SCF 1-electron density matrix with simple operators

(SCF) Mulliken populations:
(SCF) Nucleus #1 (He):  1   [narrow def.],   1   [wide def.]

(SCF) Total mechanical momentum: <pi> = (-2.574512973264737e-18, 2.334078585325983e-16, -2.735462581897276e-19)

(SCF) Mulliken momenta:
(SCF) Nucleus #1 (He):  (-2.574512973264737e-18, 2.334078585325983e-16, -2.735462581897276e-19)   [narrow def.],   (-2.574512973264737e-18, 2.334078585325983e-16, -2.735462581897276e-19)   [wide def.]

(SCF) Mulliken bond momenta:
(SCF) Nucleus #1 (He):   
 
MULLIKEN POPULATION ANALYSIS FOR SPIN UP DENSITY MATRIX:

(SCF) Mulliken decomposition of traces of SCF 1-electron density matrix with simple operators

(SCF) Mulliken populations:
(SCF) Nucleus #1 (He):  1   [narrow def.],   1   [wide def.]

(SCF) Total mechanical momentum: <pi> = (1.282966009172969e-18, -1.498810343463514e-16, 2.347478329675618e-18)

(SCF) Mulliken momenta:
(SCF) Nucleus #1 (He):  (1.282966009172969e-18, -1.498810343463514e-16, 2.347478329675618e-18)   [narrow def.],   (1.282966009172969e-18, -1.498810343463514e-16, 2.347478329675618e-18)   [wide def.]

(SCF) Mulliken bond momenta:
(SCF) Nucleus #1 (He):   
 

Orbital symmetry properties for SCF:
                          Inversion           Rot180X           Rot180Y           Rot180Z            ReflXY            ReflXZ            ReflYZ
  can.orb. [Down] 0   (0.9985,-0.0000)   (0.9985,-0.0000)   (1.0000,-0.0000)   (0.9985,-0.0000)   (1.0000,-0.0000)   (0.9985,-0.0000)   (1.0000,-0.0000) 
  can.orb. [Down] 1   (-0.9913,-0.0000)   (-0.9913,-0.0000)   (-0.0000,-0.0000)   (0.0044,-0.0000)   (-0.0000,-0.0000)   (0.0044,-0.0000)   (1.0000,-0.0000) 
  can.orb. [Down] 2   (-0.9956,-0.0000)   (0.9956,0.0000)   (-1.0000,0.0000)   (-0.9956,-0.0000)   (1.0000,-0.0000)   (0.9956,0.0000)   (-1.0000,0.0000) 
  can.orb. [Down] 3   (0.9835,-0.0000)   (0.9835,0.0000)   (1.0000,0.0000)   (0.9835,-0.0000)   (1.0000,0.0000)   (0.9835,0.0000)   (1.0000,0.0000) 
  can.orb. [Down] 4   (-0.9913,-0.0000)   (-0.9913,-0.0000)   (0.0000,0.0000)   (0.0044,0.0000)   (0.0000,0.0000)   (0.0044,0.0000)   (1.0000,-0.0000) 
  can.orb. [Down] 5   (0.9883,0.0000)   (0.9883,0.0000)   (1.0000,0.0000)   (0.9883,0.0000)   (1.0000,0.0000)   (0.9883,0.0000)   (1.0000,-0.0000) 
  can.orb. [Down] 6   (-0.9968,0.0000)   (-0.9968,0.0000)   (-0.0000,-0.0000)   (0.0016,0.0000)   (-0.0000,-0.0000)   (0.0016,0.0000)   (1.0000,-0.0000) 
  can.orb. [Down] 7   (-0.9985,-0.0000)   (0.9985,0.0000)   (-1.0000,0.0000)   (-0.9985,-0.0000)   (1.0000,-0.0000)   (0.9985,0.0000)   (-1.0000,0.0000) 
  can.orb. [Down] 8   (-0.9968,-0.0000)   (-0.9968,-0.0000)   (0.0000,-0.0000)   (0.0016,0.0000)   (0.0000,-0.0000)   (0.0016,0.0000)   (1.0000,-0.0000) 
  can.orb. [Down] 9   (0.9985,0.0000)   (0.9985,0.0000)   (1.0000,-0.0000)   (0.9985,0.0000)   (1.0000,-0.0000)   (0.9985,0.0000)   (1.0000,-0.0000) 
  can.orb. [Down] 10   (0.9998,-0.0000)   (0.9998,-0.0000)   (1.0000,-0.0000)   (0.9998,-0.0000)   (1.0000,-0.0000)   (0.9998,-0.0000)   (1.0000,-0.0000) 



Orbital properties for SCF:
                           Lcoord_x          Lcoord_y          Lcoord_z               x^2               y^2               z^2
  can.orb. [Down] 0   (-0.0055,-0.0000)   (0.0000,0.0000)   (0.0000,0.0000)   (0.3509,0.0000)   (0.3509,0.0000)   (0.3509,-0.0000) 
  can.orb. [Down] 1   (-1.0055,0.0000)   (-0.0000,0.0000)   (0.0000,0.0000)   (0.9929,0.0000)   (1.9857,0.0000)   (1.9857,-0.0000) 
  can.orb. [Down] 2   (-0.0055,-0.0000)   (0.0000,0.0000)   (-0.0000,0.0000)   (3.0340,0.0000)   (1.0113,-0.0000)   (1.0113,-0.0000) 
  can.orb. [Down] 3   (-0.0055,-0.0000)   (0.0000,-0.0000)   (-0.0000,-0.0000)   (3.7691,0.0000)   (3.7691,0.0000)   (3.7691,0.0000) 
  can.orb. [Down] 4   (0.9945,0.0000)   (-0.0000,0.0000)   (0.0000,-0.0000)   (0.9929,0.0000)   (1.9857,-0.0000)   (1.9857,0.0000) 
  can.orb. [Down] 5   (-0.0055,0.0000)   (-0.0000,-0.0000)   (-0.0000,-0.0000)   (2.6861,0.0000)   (2.6861,0.0000)   (2.6861,-0.0000) 
  can.orb. [Down] 6   (-1.0055,0.0000)   (-0.0000,-0.0000)   (0.0000,-0.0000)   (0.3679,-0.0000)   (0.7359,-0.0000)   (0.7359,-0.0000) 
  can.orb. [Down] 7   (-0.0055,0.0000)   (0.0000,-0.0000)   (-0.0000,0.0000)   (1.0485,0.0000)   (0.3495,0.0000)   (0.3495,0.0000) 
  can.orb. [Down] 8   (0.9945,-0.0000)   (-0.0000,0.0000)   (0.0000,0.0000)   (0.3679,0.0000)   (0.7359,-0.0000)   (0.7359,-0.0000) 
  can.orb. [Down] 9   (-0.0055,0.0000)   (-0.0000,-0.0000)   (-0.0000,0.0000)   (0.3369,-0.0000)   (0.3369,-0.0000)   (0.3369,-0.0000) 
  can.orb. [Down] 10   (-0.0055,0.0000)   (-0.0000,-0.0000)   (-0.0000,0.0000)   (0.0466,-0.0000)   (0.0466,-0.0000)   (0.0466,-0.0000) 



Orbital symmetry properties for SCF:
                          Inversion           Rot180X           Rot180Y           Rot180Z            ReflXY            ReflXZ            ReflYZ
  can.orb. [ Up ] 0   (0.9985,0.0000)   (0.9985,0.0000)   (1.0000,0.0000)   (0.9985,0.0000)   (1.0000,0.0000)   (0.9985,0.0000)   (1.0000,0.0000) 
  can.orb. [ Up ] 1   (-0.9913,0.0000)   (-0.9913,0.0000)   (-0.0000,-0.0000)   (0.0044,0.0000)   (-0.0000,-0.0000)   (0.0044,0.0000)   (1.0000,-0.0000) 
  can.orb. [ Up ] 2   (-0.9956,0.0000)   (0.9956,-0.0000)   (-1.0000,0.0000)   (-0.9956,0.0000)   (1.0000,-0.0000)   (0.9956,-0.0000)   (-1.0000,0.0000) 
  can.orb. [ Up ] 3   (0.9835,-0.0000)   (0.9835,-0.0000)   (1.0000,-0.0000)   (0.9835,-0.0000)   (1.0000,-0.0000)   (0.9835,-0.0000)   (1.0000,-0.0000) 
  can.orb. [ Up ] 4   (-0.9913,-0.0000)   (-0.9913,-0.0000)   (0.0000,-0.0000)   (0.0044,0.0000)   (0.0000,-0.0000)   (0.0044,0.0000)   (1.0000,-0.0000) 
  can.orb. [ Up ] 5   (0.9883,0.0000)   (0.9883,0.0000)   (1.0000,-0.0000)   (0.9883,0.0000)   (1.0000,-0.0000)   (0.9883,0.0000)   (1.0000,-0.0000) 
  can.orb. [ Up ] 6   (-0.9968,-0.0000)   (-0.9968,-0.0000)   (-0.0000,-0.0000)   (0.0016,0.0000)   (-0.0000,-0.0000)   (0.0016,0.0000)   (1.0000,0.0000) 
  can.orb. [ Up ] 7   (-0.9985,0.0000)   (0.9985,-0.0000)   (-1.0000,-0.0000)   (-0.9985,0.0000)   (1.0000,0.0000)   (0.9985,-0.0000)   (-1.0000,-0.0000) 
  can.orb. [ Up ] 8   (-0.9968,-0.0000)   (-0.9968,-0.0000)   (0.0000,0.0000)   (0.0016,0.0000)   (0.0000,0.0000)   (0.0016,0.0000)   (1.0000,0.0000) 
  can.orb. [ Up ] 9   (0.9985,-0.0000)   (0.9985,-0.0000)   (1.0000,0.0000)   (0.9985,-0.0000)   (1.0000,0.0000)   (0.9985,-0.0000)   (1.0000,0.0000) 
  can.orb. [ Up ] 10   (0.9998,-0.0000)   (0.9998,-0.0000)   (1.0000,0.0000)   (0.9998,-0.0000)   (1.0000,0.0000)   (0.9998,-0.0000)   (1.0000,0.0000) 



Orbital properties for SCF:
                           Lcoord_x          Lcoord_y          Lcoord_z               x^2               y^2               z^2
  can.orb. [ Up ] 0   (-0.0055,-0.0000)   (-0.0000,-0.0000)   (-0.0000,0.0000)   (0.3509,-0.0000)   (0.3509,-0.0000)   (0.3509,-0.0000) 
  can.orb. [ Up ] 1   (-1.0055,-0.0000)   (-0.0000,-0.0000)   (0.0000,0.0000)   (0.9929,-0.0000)   (1.9857,0.0000)   (1.9857,-0.0000) 
  can.orb. [ Up ] 2   (-0.0055,-0.0000)   (0.0000,0.0000)   (-0.0000,0.0000)   (3.0340,-0.0000)   (1.0113,0.0000)   (1.0113,0.0000) 
  can.orb. [ Up ] 3   (-0.0055,0.0000)   (0.0000,-0.0000)   (-0.0000,-0.0000)   (3.7691,0.0000)   (3.7691,-0.0000)   (3.7691,0.0000) 
  can.orb. [ Up ] 4   (0.9945,-0.0000)   (0.0000,0.0000)   (0.0000,0.0000)   (0.9929,0.0000)   (1.9857,-0.0000)   (1.9857,0.0000) 
  can.orb. [ Up ] 5   (-0.0055,-0.0000)   (-0.0000,0.0000)   (0.0000,0.0000)   (2.6861,0.0000)   (2.6861,0.0000)   (2.6861,-0.0000) 
  can.orb. [ Up ] 6   (-1.0055,-0.0000)   (0.0000,-0.0000)   (0.0000,0.0000)   (0.3679,-0.0000)   (0.7359,-0.0000)   (0.7359,0.0000) 
  can.orb. [ Up ] 7   (-0.0055,0.0000)   (-0.0000,-0.0000)   (-0.0000,-0.0000)   (1.0485,-0.0000)   (0.3495,0.0000)   (0.3495,0.0000) 
  can.orb. [ Up ] 8   (0.9945,0.0000)   (-0.0000,0.0000)   (0.0000,-0.0000)   (0.3679,-0.0000)   (0.7359,-0.0000)   (0.7359,0.0000) 
  can.orb. [ Up ] 9   (-0.0055,-0.0000)   (-0.0000,0.0000)   (0.0000,0.0000)   (0.3369,-0.0000)   (0.3369,-0.0000)   (0.3369,-0.0000) 
  can.orb. [ Up ] 10   (-0.0055,-0.0000)   (-0.0000,0.0000)   (0.0000,0.0000)   (0.0466,0.0000)   (0.0466,0.0000)   (0.0466,-0.0000) 


RSP: done run scf2
Number of alpha MOs = 1
Number of beta  MOs = 1


RSP: Hartree-Fock orbitals have been obtained. 
RSP: Hartree-Fock final energy = -2.736928969471244
Entering response module
No. of electrons: (2,1.030893724587917e-32)
DevINFO: screened away 100 out of 637 symmetry unique quadruples ABCD.
Recomputed final SCF electronic energy (-2.736928969471253,1.69119989610138e-32) (-1.664746154913442,1.69093907564593e-32) (1.072182814557811,-2.608204554502964e-36)
unit_vectors():   MO Single-transition excitations in total.
Constructing start guesses for RPA-solver using the 100 lowest ones.
(No spin mixing allowed for UHF excitation operator)
(spin down)1 <- 0 : 1.296417791830809
(spin down)2 <- 0 : 1.536050046937916
(spin down)3 <- 0 : 1.712220563974609
(spin down)4 <- 0 : 2.09641779183081
(spin down)5 <- 0 : 2.615099773093791
(spin down)6 <- 0 : 3.602153931569944
(spin down)7 <- 0 : 3.944791621185208
(spin down)8 <- 0 : 4.402153931569943
(spin down)9 <- 0 : 9.745919920221001
(spin down)10 <- 0 : 63.42234807070106
(spin up)1 <- 0 : 1.296417791830808
(spin up)2 <- 0 : 1.536050046937918
(spin up)3 <- 0 : 1.712220563974625
(spin up)4 <- 0 : 2.096417791830808
(spin up)5 <- 0 : 2.61509977309381
(spin up)6 <- 0 : 3.602153931569944
(spin up)7 <- 0 : 3.944791621185207
(spin up)8 <- 0 : 4.402153931569942
(spin up)9 <- 0 : 9.745919920221004
(spin up)10 <- 0 : 63.42234807070101
Made 20 starting vectors 
DevINFO: screened away 135 out of 637 symmetry unique quadruples ABCD.
DevINFO: screened away 151 out of 637 symmetry unique quadruples ABCD.
DevINFO: screened away 90 out of 637 symmetry unique quadruples ABCD.
DevINFO: screened away 130 out of 637 symmetry unique quadruples ABCD.
DevINFO: screened away 89 out of 637 symmetry unique quadruples ABCD.
DevINFO: screened away 149 out of 637 symmetry unique quadruples ABCD.
DevINFO: screened away 155 out of 637 symmetry unique quadruples ABCD.
DevINFO: screened away 155 out of 637 symmetry unique quadruples ABCD.
DevINFO: screened away 91 out of 637 symmetry unique quadruples ABCD.
DevINFO: screened away 102 out of 637 symmetry unique quadruples ABCD.
DevINFO: screened away 140 out of 637 symmetry unique quadruples ABCD.
DevINFO: screened away 147 out of 637 symmetry unique quadruples ABCD.
DevINFO: screened away 90 out of 637 symmetry unique quadruples ABCD.
DevINFO: screened away 121 out of 637 symmetry unique quadruples ABCD.
DevINFO: screened away 86 out of 637 symmetry unique quadruples ABCD.
DevINFO: screened away 138 out of 637 symmetry unique quadruples ABCD.
DevINFO: screened away 153 out of 637 symmetry unique quadruples ABCD.
DevINFO: screened away 143 out of 637 symmetry unique quadruples ABCD.
DevINFO: screened away 89 out of 637 symmetry unique quadruples ABCD.
DevINFO: screened away 95 out of 637 symmetry unique quadruples ABCD.
The Davidson solver is about to start.
-------
Davidson step #0, 40 RPA trial vectors already in subspace.
The Davidson solver converged to a solution. 1 iterations and 0 restarts were needed.
==============================================================================================================
The Final eigenvalues from the Davidson method
==============================================================================================================
(RSP) 	 Excitation Energy 	0.7570087477245624	0.8666558599316764	1.007514807297227	1.108349842621967	1.210149525679175	1.400993193045678	1.557008747724565	1.666655859931676	2.032321232205904	2.223163981349559	
==============================================================================================================
Root: 0	 with energy 0.7570087477245624
==============================================================================================================
1 Up <-- Up 0 C^2 :  0.4952626185534266 C : (-0.0847037857284121,0.6986328701376009)
1 Down <-- Down 0 C^2 :  0.4952626185535163 C : (0.07961927329168159,-0.6992305698938089)
==============================================================================================================
Root: 1	 with energy 0.8666558599316764
==============================================================================================================
1 Up <-- Up 0 C^2 :  0.499500462877651 C : (-0.6833350806283945,-0.1804262465946588)
1 Down <-- Down 0 C^2 :  0.4995004628776703 C : (-0.684629527298782,-0.1754504865434027)
==============================================================================================================
Root: 2	 with energy 1.007514807297227
==============================================================================================================
2 Up <-- Up 0 C^2 :  0.4960058049126659 C : (-0.6341811569100013,-0.3063006123613832)
2 Down <-- Down 0 C^2 :  0.496005804912686 C : (-0.6452212707275832,-0.2823035896218269)
==============================================================================================================
Root: 3	 with energy 1.108349842621967
==============================================================================================================
2 Up <-- Up 0 C^2 :  0.4995338893615093 C : (-0.3973013146957509,-0.5845387538072538)
2 Down <-- Down 0 C^2 :  0.499533889361485 C : (0.4189418783745608,0.5692289450699778)
==============================================================================================================
Root: 4	 with energy 1.210149525679175
==============================================================================================================
3 Up <-- Up 0 C^2 :  0.4521895432885294 C : (-0.3882051364024948,0.549077695193722)
3 Down <-- Down 0 C^2 :  0.4521895432885277 C : (-0.3882051364024934,0.5490776951937214)
==============================================================================================================
Root: 5	 with energy 1.400993193045678
==============================================================================================================
3 Up <-- Up 0 C^2 :  0.4961120503952208 C : (0.1525955042822814,0.6876239251713521)
3 Down <-- Down 0 C^2 :  0.4961120503952186 C : (-0.1525955042822814,-0.6876239251713504)
==============================================================================================================
Root: 6	 with energy 1.557008747724565
==============================================================================================================
4 Up <-- Up 0 C^2 :  0.4952626185534689 C : (0.7020605960585781,-0.04871896976890155)
4 Down <-- Down 0 C^2 :  0.4952626185534738 C : (0.7012782398091413,0.05891900307766983)
==============================================================================================================
Root: 7	 with energy 1.666655859931676
==============================================================================================================
4 Up <-- Up 0 C^2 :  0.4995004628776623 C : (-0.05215847680665216,-0.70482618862729)
4 Down <-- Down 0 C^2 :  0.4995004628776591 C : (-0.05594149726850276,0.7045360258787461)
==============================================================================================================
Root: 8	 with energy 2.032321232205904
==============================================================================================================
5 Up <-- Up 0 C^2 :  0.4532271737753276 C : (-0.6708453597200397,0.05651262794648869)
5 Down <-- Down 0 C^2 :  0.4532271737752945 C : (0.6708453597200155,-0.05651262794648302)
==============================================================================================================
Root: 9	 with energy 2.223163981349559
==============================================================================================================
5 Up <-- Up 0 C^2 :  0.4962126285021572 C : (0.6792822446657664,-0.186516113470111)
5 Down <-- Down 0 C^2 :  0.4962126285021856 C : (0.6792822446657859,-0.186516113470116)
==============================================================================================================
==============================================================================================================
(RSP) Transition Dipole Moment, <1| coordinate |2>  |  Roots  |              Dipole Moment
==============================================================================================================
(RSP) Transition Dipole Moment, <1|x|2>             |    0    |     (3.316083252482421e-17,-1.739394509604855e-17)
(RSP) Transition Dipole Moment, <1|x|2>             |    1    |     (-1.616343679646155e-17,5.376108053969532e-17)
(RSP) Transition Dipole Moment, <1|x|2>             |    2    |     (6.061123825062964e-15,2.84668122407794e-15)
(RSP) Transition Dipole Moment, <1|x|2>             |    3    |     (-0.3905498748192488,-0.6129350074605345)
(RSP) Transition Dipole Moment, <1|x|2>             |    4    |     (2.554070483144931e-16,1.252881434181447e-15)
(RSP) Transition Dipole Moment, <1|x|2>             |    5    |     (2.209691565665419e-16,-6.220385875391643e-18)
(RSP) Transition Dipole Moment, <1|x|2>             |    6    |     (4.338710430897703e-16,3.668706125176258e-16)
(RSP) Transition Dipole Moment, <1|x|2>             |    7    |     (1.912554586316457e-16,-3.382467547302338e-16)
(RSP) Transition Dipole Moment, <1|x|2>             |    8    |     (2.928362055538039e-16,-1.566939755797642e-16)
(RSP) Transition Dipole Moment, <1|x|2>             |    9    |     (-1.614691622686384e-16,-1.121834337286021e-16)

(RSP) Transition Dipole Moment, <1|y|2>             |    0    |     (-2.319672232076186e-14,-2.443791696782327e-15)
(RSP) Transition Dipole Moment, <1|y|2>             |    1    |     (-0.1289845339589676,0.5053924725537052)
(RSP) Transition Dipole Moment, <1|y|2>             |    2    |     (1.121698509366325e-17,3.355061800925738e-17)
(RSP) Transition Dipole Moment, <1|y|2>             |    3    |     (7.58972189966643e-17,2.368953746591865e-16)
(RSP) Transition Dipole Moment, <1|y|2>             |    4    |     (1.55813479637245e-15,9.132145563248549e-16)
(RSP) Transition Dipole Moment, <1|y|2>             |    5    |     (2.495738593693797e-15,-4.988514761531861e-16)
(RSP) Transition Dipole Moment, <1|y|2>             |    6    |     (3.426512545923188e-15,-9.367506770274758e-16)
(RSP) Transition Dipole Moment, <1|y|2>             |    7    |     (0.5211032574719011,-0.02258221350385797)
(RSP) Transition Dipole Moment, <1|y|2>             |    8    |     (1.13052748862017e-16,4.335313122776964e-16)
(RSP) Transition Dipole Moment, <1|y|2>             |    9    |     (5.898591439657042e-16,3.105312383910823e-16)

(RSP) Transition Dipole Moment, <1|z|2>             |    0    |     (-2.532806776288256e-15,2.34080851999517e-14)
(RSP) Transition Dipole Moment, <1|z|2>             |    1    |     (0.5053924725537052,0.1289845339589676)
(RSP) Transition Dipole Moment, <1|z|2>             |    2    |     (-4.897909819714682e-17,-1.215136741381414e-16)
(RSP) Transition Dipole Moment, <1|z|2>             |    3    |     (-1.054050087033448e-16,-2.537605850406457e-18)
(RSP) Transition Dipole Moment, <1|z|2>             |    4    |     (-1.03405019815974e-15,1.90053025223164e-15)
(RSP) Transition Dipole Moment, <1|z|2>             |    5    |     (6.116778006099535e-16,2.748995004398637e-15)
(RSP) Transition Dipole Moment, <1|z|2>             |    6    |     (1.44653798405049e-15,3.68746138279681e-15)
(RSP) Transition Dipole Moment, <1|z|2>             |    7    |     (0.02258221350385829,0.521103257471901)
(RSP) Transition Dipole Moment, <1|z|2>             |    8    |     (-7.822091184744576e-16,2.46028007767052e-16)
(RSP) Transition Dipole Moment, <1|z|2>             |    9    |     (-3.665054520116471e-16,5.180135717421827e-16)


==============================================================================================================
(RSP) Transition Moment, <1| pi_coordinate |2>      |  Roots  |              Dipole Moment
==============================================================================================================
(RSP) Transition Moment, <1|pi_x|2>                 |    0    |     (-3.682985192726932e-17,-9.097849780167597e-17)
(RSP) Transition Moment, <1|pi_x|2>                 |    1    |     (2.264282117398264e-18,-8.538422998851101e-17)
(RSP) Transition Moment, <1|pi_x|2>                 |    2    |     (3.815957966279981e-15,-7.69566702030211e-15)
(RSP) Transition Moment, <1|pi_x|2>                 |    3    |     (-0.7169650365688232,0.4568357197312824)
(RSP) Transition Moment, <1|pi_x|2>                 |    4    |     (1.72442201914581e-15,-4.689866186251296e-16)
(RSP) Transition Moment, <1|pi_x|2>                 |    5    |     (-2.002794812948982e-16,-4.689211168141093e-16)
(RSP) Transition Moment, <1|pi_x|2>                 |    6    |     (5.168485307155151e-16,-3.084208162868126e-16)
(RSP) Transition Moment, <1|pi_x|2>                 |    7    |     (-1.778842814758095e-16,-2.171074761438871e-16)
(RSP) Transition Moment, <1|pi_x|2>                 |    8    |     (5.162363350829564e-16,-6.607530241810215e-16)
(RSP) Transition Moment, <1|pi_x|2>                 |    9    |     (-7.911771778299013e-16,5.233372465007085e-16)

(RSP) Transition Moment, <1|pi_y|2>                 |    0    |     (-1.875778178617171e-15,1.810921204659088e-14)
(RSP) Transition Moment, <1|pi_y|2>                 |    1    |     (0.3993780351293632,0.1019278927410918)
(RSP) Transition Moment, <1|pi_y|2>                 |    2    |     (5.683925906354506e-16,-6.418901874634132e-17)
(RSP) Transition Moment, <1|pi_y|2>                 |    3    |     (3.477688559640461e-16,5.439412394212493e-17)
(RSP) Transition Moment, <1|pi_y|2>                 |    4    |     (1.186845883660925e-15,-2.606340919385011e-15)
(RSP) Transition Moment, <1|pi_y|2>                 |    5    |     (-8.332022205439119e-16,-3.870347399278748e-15)
(RSP) Transition Moment, <1|pi_y|2>                 |    6    |     (-2.469595708487482e-15,-5.616329883800786e-15)
(RSP) Transition Moment, <1|pi_y|2>                 |    7    |     (-0.03591099119679603,-0.8286758288109353)
(RSP) Transition Moment, <1|pi_y|2>                 |    8    |     (8.258087634418953e-16,-3.020353516791735e-16)
(RSP) Transition Moment, <1|pi_y|2>                 |    9    |     (3.764083388860099e-16,-4.168268332791073e-16)

(RSP) Transition Moment, <1|pi_z|2>                 |    0    |     (1.85788884277116e-14,2.12644572089582e-15)
(RSP) Transition Moment, <1|pi_z|2>                 |    1    |     (0.1019278927410917,-0.3993780351293634)
(RSP) Transition Moment, <1|pi_z|2>                 |    2    |     (-2.639556873143219e-17,5.803245976116415e-16)
(RSP) Transition Moment, <1|pi_z|2>                 |    3    |     (-1.02947675544393e-16,1.968000247743358e-16)
(RSP) Transition Moment, <1|pi_z|2>                 |    4    |     (1.49636970405064e-15,3.309636231784023e-16)
(RSP) Transition Moment, <1|pi_z|2>                 |    5    |     (4.044975781552816e-15,-9.026935760260024e-16)
(RSP) Transition Moment, <1|pi_z|2>                 |    6    |     (5.900878743969606e-15,-2.665402620838364e-15)
(RSP) Transition Moment, <1|pi_z|2>                 |    7    |     (0.8286758288109353,-0.03591099119679649)
(RSP) Transition Moment, <1|pi_z|2>                 |    8    |     (3.155482806150155e-16,1.077613414267623e-15)
(RSP) Transition Moment, <1|pi_z|2>                 |    9    |     (3.532835040138426e-16,3.320957462674386e-16)


==============================================================================================================
(RSP) Electric Dipole Oscillator Strength
(length gauge):            	5.543398471490942e-28	0.314374861877126	3.013089365870796e-29	0.390300614987166	7.727179520870558e-30	1.350328912815648e-29	2.971932327476764e-29	0.6045706606126574	1.332413176469658e-30	1.312682260315229e-30	
(magnetic-velocity gauge): 	5.998773522847403e-28	0.2613757365017975	4.926279281814173e-29	0.4347229912983605	7.571436315713365e-30	1.575572660202683e-29	3.42233406758051e-29	0.55039815163956	8.978571972120033e-31	4.349260417083683e-31	
(mixed gauge):             	(5.766294075581265e-28,-1.31760851908822e-30)	(0.2866530325337318,-1.942890293094024e-16)	(3.837241849928575e-29,-7.712536389873719e-31)	(0.4119134021281785,1.480297366166875e-16)	(7.074188750948326e-30,1.064235131476974e-30)	(1.456777219332037e-29,1.315622559946977e-31)	(3.166408019059786e-29,2.921752514394972e-30)	(0.5768488312692627,2.197316402903955e-16)	(9.50209281371518e-31,-1.569501434553367e-31)	(5.604906781978387e-31,-1.361205786542187e-31)	

