
Running the London Hartree-Fock program at /home/sangita.sen/packages/london/london.x.
Founded by Erik Tellgren, Alessandro Soncini and Trygve Helgaker.
Programming by:
  Erik Tellgren (main programmer)
  Kai Kaarvann Lange
  Andrew M. Teale
  Ulf Ekstrom
  Stella Stopkowicz
  Jon H. Austad


Basis file /home/sangita.sen/packages/london/baslib/aug-cc-pVDZ opened for reading.
User input successfully read from file_x1.inp.

london-input{
  analysis{
    analysis-only = no
    xml-print-potential-basis-overlap = no
    xml-print-potential-basis-kinetic = no
    export-operators = no
    # decypher-density-matrix-file = binary-file, plain-text-file
    # density-matrix-binary-to-text = binary-input-file, text-output-file
    # density-matrix-text-to-binary = text-input-file, binary-output-file
    # density-matrix-for-plotting = filename
    # density-plot-data = {filename,(x0,y0,z0),(x1,y1,z1),(x2,y2,z2),(x3,y3,z3),(N1xN2xN3),precision=N,scolon={y/n},fields{rho,grad(rho),jp,j,A,B,rho2nu,rho2omega,tau_p,tau_pi,laplacian(rho),grad(rho)^2,jp^2,tau_tensor}}
    # streamline-data = {filename,(x0,y0,z0),(x1,y1,z1),(x2,y2,z2),(x3,y3,z3),(N1xN2xN3),precision=N,scolon={y/n},fields{rho,grad(rho),jp,j,A,B,rho2nu,rho2omega,tau_p,tau_pi,laplacian(rho),grad(rho)^2,jp^2,tau_tensor}}
    # vortexline-data = {filename,(x0,y0,z0),(x1,y1,z1),(x2,y2,z2),(x3,y3,z3),(N1xN2xN3),precision=N,scolon={y/n},fields{rho,grad(rho),jp,j,A,B,rho2nu,rho2omega,tau_p,tau_pi,laplacian(rho),grad(rho)^2,jp^2,tau_tensor}}
    # current-through-plane = {density_matrix_file,(x0,y0,z0),(x1,y1,z1),(x2,y2,z2),(x3,y3,z3),(N1xN2xN3),precision=N,scolon={y/n},fields{rho,grad(rho),jp,j,A,B,rho2nu,rho2omega,tau_p,tau_pi,laplacian(rho),grad(rho)^2,jp^2,tau_tensor}}
    # linearly-combine-density-matrices = file : 0.6 * infile1, 0.4 * infile2, ...
    # spin-rotate-2c-density-matrix = file : infile, angle_degrees, (ux, uy, uz)
    linear-dependence-tol = 1e-06
    # overlap-for-ci-state-files = file1, file2
  }

  scf{
    spin-symmetry-constraint = Unrestricted Hartree-Fock
    linear-dependence-tol = 1e-10
    uhf-spin-projection = 0
    disable-spin-zeeman-in-fock-matrix = no
    noisy-init-guess = no
    # density-matrix-input-file = 
    # density-matrix-output-file = 
    # density-plot-data = {filename,(x0,y0,z0),(x1,y1,z1),(x2,y2,z2),(x3,y3,z3),(N1xN2xN3),precision=N,scolon={y/n},fields{rho,grad(rho),jp,j,A,B,rho2nu,rho2omega,tau_p,tau_pi,laplacian(rho),grad(rho)^2,jp^2,tau_tensor}}
    # molecular-orbitals-to-plot = (1,2,3,...)
    min-scf-iterations = 0
    max-scf-iterations = 160
    use-density-fitting = no
    use-admm = no
    analyze-using-dft-grid = no

    diis{
      convergence-tolerance = 1e-10
      subspace-dimension = 7
      diagonalization-temperature = 0
    }
  }

  casscf{
    max-active-orbitals = 2000
    number-of-frozen-orbitals = 0
    number-of-states-in-casscf-optimization = 1
    number-of-ci-states = 1
    spin-projection = default
    num-1exc-init-vec = 0
    num-2exc-init-vec = 0
    use-noisy-init-vec = no
    ci-max-subspace-dim = default
    ci-convergence-tol = 1e-06
    # density-matrix-input-file = 
    # density-matrix-output-file = 
    # ci-states-output-file = 
    # density-plot-data = {filename,(x0,y0,z0),(x1,y1,z1),(x2,y2,z2),(x3,y3,z3),(N1xN2xN3),precision=N,scolon={y/n},fields{rho,grad(rho),jp,j,A,B,rho2nu,rho2omega,tau_p,tau_pi,laplacian(rho),grad(rho)^2,jp^2,tau_tensor}}
    # analysis-weights = (w0, w1, ...)
  }

  mp2{
    spin-projection = default
    number-of-weights = 8
    basis-functions-per-block = 20
    cs-tolerance = 0
    print-mp2-components = 0
    # density-matrix-input-file = 
    # density-matrix-output-file = 
    #property-request = relaxed-density-matrix
  }

  rsp{
    number-of-roots-requested = 10
    root-selection-method = energy
    excitation-basis = MObasis
    starting-guess = UnitGuess
    solver_choice = GenEig
    method_choice = RPA
    precondition = false
    initial-subspace-dimension = 100
    maximum-subspace-dimension = 800
    convergence-tolerance = 1e-10
    max-rsp-iterations = 200
    # density-matrix-input-file = 
    # density-matrix-output-file = 
  }

  coupled-cluster{
    truncation-level = CCSD
    property-request = off
    spin-projection = default
    max-it = 150
    write-t-amplitudes = yes
    read-t-amplitudes = no
    # density-matrix-output-file = 
    # memory-in-gb = 
    # interface = 
    # molecular-orbitals-to-freeze = (1,3,5,...)
    diis{
      convergence-tolerance = 1e-06
      subspace-dimension = 7
      diagonalization-temperature = 0
    }
  }

  finite-difference{
    run-finite-difference = false
    run-type = gradient
    use-ref-density = false
    step-size = 0.0005
  }

  system{
    molecular-charge = 0
    correlation-model = RSP

    hamiltonian{
      electron-mass = 1
      speed-of-light = 137.036
      adiabatic-connection-lambda = 1
      nuclear-charge-distribution = point charge

      magnetic-field = (0.1, 0, 0)
      gauge-origin = (0, 0, 0.1173)

      linear-magnetic-field = {(0, 0, 0), (0, 0, 0), (0, 0, 0)}
      linear-magnetic-origin = (0, 0, 0)

      electric-field = (0, 0, 0)
      electric-origin = (0, 0, 0)
      linear-electric-field = {(0, 0, 0), (0, 0, 0), (0, 0, 0)}

      include-basis-expanded-scalar-potential = no
      scalar-potential-coefficients = (empty)
      include-basis-expanded-vector-potential = no
      vector-potential-coefficients-x = (empty)
      vector-potential-coefficients-y = (empty)
      vector-potential-coefficients-z = (empty)
      include-repulsion-from-external-density = no
      external-charge-density-scale-factor = 1
      include-coulomb-distance-to-external-density = no
      external-charge-density-distance-factor = 1
      # external-charge-density-file = filename
      # lieb-ref-density-file = filename
      # potential-plot-data = {filename,(x0,y0,z0),(x1,y1,z1),(x2,y2,z2),(x3,y3,z3),(N1xN2xN3),precision=N,scolon={y/n},fields{rho,grad(rho),jp,j,A,B,rho2nu,rho2omega,tau_p,tau_pi,laplacian(rho),grad(rho)^2,jp^2,tau_tensor}}

      integral{
        use-coulomb-integral-permutation-symmetry = yes
        use-cauchy-schwarz-screening = yes
        cauchy-schwarz-tol = 1e-15
        boys-function-tol = 1e-17
      }

      dft{
        # xc-functional = 0.7 * lda + 0.54 * lyp
        # xc-fun-parameter = {param1 = 0.1, param2 = 0.2, param3 = 0.3}
        jp-functional = none
        vrg-functional = none
        tau-correction = none
        vrg-hard-rs-cutoff = 62035.049
        vrg-soft-density-cutoff = 1e-14
        exact-exchange-fraction = default
        # gridfile = 
        radial-grid-type = LMG
        allow-grid-pruning = yes
        gc2-radial-grid-threshold = 1e-13
        lebedev-angular-target-degree = 35
        lebedev-angular-minimal-degree = 15
        weight-screen-threshold = 1e-20
        becke-hardness = 3
        allow-becke-atom-size-correction = yes
      }
    }

    # data on state flags lost, output incomplete here
    use-london-orbitals = yes
    gto-contraction-type = all, normalizedprimitive
    basis = aug-cc-pVDZ
    # density-fitting-basis = 
    # admm-basis = 
    # scalar-potential-basis = 
    # vector-potential-basis = 
    # if you really want to: # orbital-wave-vector-offset = (0, 0, 0)
    charge = 2
    He            0            0            0
  }
}

Basis set information:
The orbital basis consists of 11 basis functions formed from linear combinations of 11 primitive basis functions.
The density-fitting basis consists of 0 basis functions formed from linear combinations of 0 primitive basis functions.
The scalar potential basis consists of 0 basis functions formed from linear combinations of 0 primitive basis functions.
The vector potential basis consists of 0 basis functions formed from linear combinations of 0 primitive basis functions.
UHF Spin type 2

RSP: Running Hartree-Fock to determine orbital space.
RSP: run scf2


SCF: Running SCF optimization.

SCF: The SCF basis contains 11 basis functions.
 Fock build F = F(D) performed in 0 seconds (with 0 seconds used for Coulomb and exchange).
SCF-SD: Initial density by diagonalizing the one-electron part of the Fock matrix.
Initial trace: Tr(D) = (2,-1.50463e-35)

SCF iteration 1:       [wall time: Tue Dec 14 18:52:50 2021]
SCF: using a fraction 1 of Hartree-Fock exchange.
DevINFO: screened away 102 out of 637 symmetry unique quadruples ABCD.
 Fock build F = F(D) performed in 0 seconds (with 0 seconds used for Coulomb and exchange).
 Total energy: -2.741538001 Hartree
 Fock matrix inversion D = D(Fmix) performed in 0 seconds.
  Nuclear repulsion:  0
  Kinetic:            3.983182332
  Nuclear attraction: -7.971547758
  Spin Zeeman effect: 0
  Coulomb:            2.493654849
  Exchange:           -1.246827425
  Total:              -2.741538001

 Ehomo(Down) = -0.8473835065, Elumo(Down) = 0.1354979989
 Ehomo( Up ) = -0.7473835065, Elumo( Up ) = 0.2354979989
 DIIS error norm: 1.060525678

SCF iteration 2:       [wall time: Tue Dec 14 18:52:50 2021]
SCF: using a fraction 1 of Hartree-Fock exchange.
DevINFO: screened away 102 out of 637 symmetry unique quadruples ABCD.
 Fock build F = F(D) performed in 0 seconds (with 0 seconds used for Coulomb and exchange).
 Total energy: -2.852472409 Hartree
 Fock matrix inversion D = D(Fmix) performed in 0 seconds.
  Nuclear repulsion:  0
  Kinetic:            2.94001025
  Nuclear attraction: -6.838141509
  Spin Zeeman effect: -2.220446049e-17
  Coulomb:            2.091317699
  Exchange:           -1.045658849
  Total:              -2.852472409

 Ehomo(Down) = -0.9599029178, Elumo(Down) = 0.1351556012
 Ehomo( Up ) = -0.8599029178, Elumo( Up ) = 0.2351556012
 DIIS error norm: 0.09144032307

SCF iteration 3:       [wall time: Tue Dec 14 18:52:50 2021]
SCF: using a fraction 1 of Hartree-Fock exchange.
DevINFO: screened away 99 out of 637 symmetry unique quadruples ABCD.
 Fock build F = F(D) performed in 0 seconds (with 0 seconds used for Coulomb and exchange).
 Total energy: -2.853724936 Hartree
 Fock matrix inversion D = D(Fmix) performed in 0 seconds.
  Nuclear repulsion:  0
  Kinetic:            2.852477949
  Nuclear attraction: -6.730801711
  Spin Zeeman effect: 2.220446049e-17
  Coulomb:            2.049197653
  Exchange:           -1.024598826
  Total:              -2.853724936

 Ehomo(Down) = -0.9650921999, Elumo(Down) = 0.1346893495
 Ehomo( Up ) = -0.8650921999, Elumo( Up ) = 0.2346893495
 DIIS error norm: 0.01044428923

SCF iteration 4:       [wall time: Tue Dec 14 18:52:50 2021]
SCF: using a fraction 1 of Hartree-Fock exchange.
DevINFO: screened away 100 out of 637 symmetry unique quadruples ABCD.
 Fock build F = F(D) performed in 0 seconds (with 0 seconds used for Coulomb and exchange).
 Total energy: -2.853739497 Hartree
 Fock matrix inversion D = D(Fmix) performed in 0 seconds.
  Nuclear repulsion:  0
  Kinetic:            2.847992326
  Nuclear attraction: -6.724701235
  Spin Zeeman effect: -1.110223025e-17
  Coulomb:            2.045938826
  Exchange:           -1.022969413
  Total:              -2.853739497

 Ehomo(Down) = -0.9654581826, Elumo(Down) = 0.1347028779
 Ehomo( Up ) = -0.8654581826, Elumo( Up ) = 0.2347028779
 DIIS error norm: 0.0007082371924

SCF iteration 5:       [wall time: Tue Dec 14 18:52:50 2021]
SCF: using a fraction 1 of Hartree-Fock exchange.
DevINFO: screened away 102 out of 637 symmetry unique quadruples ABCD.
 Fock build F = F(D) performed in 0 seconds (with 0 seconds used for Coulomb and exchange).
 Total energy: -2.853739634 Hartree
 Fock matrix inversion D = D(Fmix) performed in 0 seconds.
  Nuclear repulsion:  0
  Kinetic:            2.847679111
  Nuclear attraction: -6.72427484
  Spin Zeeman effect: -3.330669074e-17
  Coulomb:            2.04571219
  Exchange:           -1.022856095
  Total:              -2.853739634

 Ehomo(Down) = -0.9654413933, Elumo(Down) = 0.1346971995
 Ehomo( Up ) = -0.8654413933, Elumo( Up ) = 0.2346971995
 DIIS error norm: 3.383068184e-05

SCF iteration 6:       [wall time: Tue Dec 14 18:52:50 2021]
SCF: using a fraction 1 of Hartree-Fock exchange.
DevINFO: screened away 100 out of 637 symmetry unique quadruples ABCD.
 Fock build F = F(D) performed in 0 seconds (with 0 seconds used for Coulomb and exchange).
 Total energy: -2.853739634 Hartree
 Fock matrix inversion D = D(Fmix) performed in 0 seconds.
  Nuclear repulsion:  0
  Kinetic:            2.847687097
  Nuclear attraction: -6.724283033
  Spin Zeeman effect: -1.110223025e-17
  Coulomb:            2.045712604
  Exchange:           -1.022856302
  Total:              -2.853739634

 Ehomo(Down) = -0.9654417003, Elumo(Down) = 0.1346972819
 Ehomo( Up ) = -0.8654417003, Elumo( Up ) = 0.2346972819
 DIIS error norm: 2.565024167e-07

SCF iteration 7:       [wall time: Tue Dec 14 18:52:50 2021]
SCF: using a fraction 1 of Hartree-Fock exchange.
DevINFO: screened away 98 out of 637 symmetry unique quadruples ABCD.
 Fock build F = F(D) performed in 0 seconds (with 0 seconds used for Coulomb and exchange).
 Total energy: -2.853739634 Hartree
 Fock matrix inversion D = D(Fmix) performed in 0 seconds.
  Nuclear repulsion:  0
  Kinetic:            2.84768682
  Nuclear attraction: -6.724282688
  Spin Zeeman effect: 0
  Coulomb:            2.045712468
  Exchange:           -1.022856234
  Total:              -2.853739634

 Ehomo(Down) = -0.9654416997, Elumo(Down) = 0.1346972813
 Ehomo( Up ) = -0.8654416997, Elumo( Up ) = 0.2346972813
 DIIS error norm: 1.830328994e-09

SCF iteration 8:       [wall time: Tue Dec 14 18:52:50 2021]
SCF: using a fraction 1 of Hartree-Fock exchange.
DevINFO: screened away 93 out of 637 symmetry unique quadruples ABCD.
 Fock build F = F(D) performed in 0 seconds (with 0 seconds used for Coulomb and exchange).
 Total energy: -2.853739634 Hartree
 Fock matrix inversion D = D(Fmix) performed in 0 seconds.
  Nuclear repulsion:  0
  Kinetic:            2.847686822
  Nuclear attraction: -6.724282691
  Spin Zeeman effect: 0
  Coulomb:            2.045712469
  Exchange:           -1.022856235
  Total:              -2.853739634

 Ehomo(Down) = -0.9654416997, Elumo(Down) = 0.1346972813
 Ehomo( Up ) = -0.8654416997, Elumo( Up ) = 0.2346972813
 DIIS error norm: 4.67487129e-14

Converged SCF results:
-----------------------
(pre-RSP) Nuclear repulsion:  0
(pre-RSP) Kinetic:            2.847686821847521
(pre-RSP) Nuclear attraction: -6.724282690699
(pre-RSP) Spin Zeeman effect: 0
(pre-RSP) Coulomb:            2.045712469478853
(pre-RSP) Exchange:           -1.022856234739427
(pre-RSP) Total electronic:   -2.853739634112053
(pre-RSP) Total:              -2.853739634112053

(pre-RSP) E(LUMO, Down): 0.1346972812603572
(pre-RSP) E(HOMO, Down): -0.9654416996863157
(pre-RSP) E(GAP, Down):  1.100138980946673

(pre-RSP) E(LUMO,  Up ): 0.2346972812603387
(pre-RSP) E(HOMO,  Up ): -0.8654416996863171
(pre-RSP) E(GAP,  Up ):  1.100138980946656

Orbital energies (Eorb), orbital contributions to the total energy (Econtrib), and reflection symmetry properties for the molecular orbitals:

Orbital analysis (pre-RSP)
    Eorb      Econtrib  Occ  Reflection(xy)  Reflection(xz)  Reflection(yz)
---------------------------------------------------------------------------
Spin Down
 -0.965442    -1.45187   1  (1.0000,0.0000)  (1.0000,0.0000)  (1.0000,0.0000)
  0.134697   -0.151098   0  (1.0000,0.0000)  (0.9997,0.0000)  (1.0000,0.0000)
  0.435873   -0.020216   0  (0.0000,0.0000)  (0.0001,0.0000)  (1.0000,-0.0000)
  0.483312    0.027305   0  (1.0000,0.0000)  (0.9999,0.0000)  (-1.0000,0.0000)
  0.535873    0.079784   0  (-0.0000,0.0000)  (0.0001,0.0000)  (1.0000,0.0000)
   1.39545    0.761791   0  (1.0000,-0.0000)  (0.9999,-0.0000)  (1.0000,-0.0000)
   2.92754     2.10563   0  (0.0000,0.0000)  (0.0000,-0.0000)  (1.0000,0.0000)
    2.9767     2.15471   0  (1.0000,0.0000)  (1.0000,0.0000)  (-1.0000,0.0000)
   3.02754     2.20563   0  (-0.0000,-0.0000)  (0.0000,0.0000)  (1.0000,0.0000)
   8.75169      7.6381   0  (1.0000,-0.0000)  (1.0000,-0.0000)  (1.0000,-0.0000)
   62.4299     60.9448   0  (1.0000,0.0000)  (1.0000,-0.0000)  (1.0000,0.0000)
Spin Up
 -0.865442    -1.40187   1  (1.0000,0.0000)  (1.0000,0.0000)  (1.0000,0.0000)
  0.234697   -0.101098   0  (1.0000,0.0000)  (0.9997,0.0000)  (1.0000,0.0000)
  0.535873    0.029784   0  (-0.0000,-0.0000)  (0.0001,-0.0000)  (1.0000,-0.0000)
  0.583312    0.077305   0  (1.0000,0.0000)  (0.9999,0.0000)  (-1.0000,-0.0000)
  0.635873    0.129784   0  (0.0000,-0.0000)  (0.0001,-0.0000)  (1.0000,0.0000)
   1.49545    0.811791   0  (1.0000,-0.0000)  (0.9999,-0.0000)  (1.0000,-0.0000)
   3.02754     2.15563   0  (-0.0000,0.0000)  (0.0000,-0.0000)  (1.0000,-0.0000)
    3.0767     2.20471   0  (1.0000,0.0000)  (1.0000,0.0000)  (-1.0000,-0.0000)
   3.12754     2.25563   0  (0.0000,-0.0000)  (0.0000,0.0000)  (1.0000,-0.0000)
   8.85169      7.6881   0  (1.0000,0.0000)  (1.0000,-0.0000)  (1.0000,0.0000)
   62.5299     60.9948   0  (1.0000,0.0000)  (1.0000,0.0000)  (1.0000,0.0000)


Properties:
-----------
Spin-projection on field: <sigma_B> = <2 S_B> = -2.220446049250313e-16
Spin-projection squared: <sigma_B> = <4 S_B^2> = -1.332267629550188e-15
Total spin: <sigma^2> = <4 S^2> = -4.440892098500626e-15 = 4 * -1.110223024625157e-15 * (-1.110223024625157e-15 + 1)
Total spin quantum number: s = -1.110223024625157e-15


(SCF) Traces of the SCF 1-electron density matrix with simple operators
(SCF) Mechanical/kinetic momentum:
(SCF)     <PIx> = -2.219983190547178e-20
(SCF)     <PIy> = -3.641383395768223e-17
(SCF)     <PIz> = -4.964070383947124e-19
(SCF)     B x pi = (0, 4.964070383947124e-20, -3.641383395768223e-18)
(SCF) Angular momentum w.r.t. gauge origin (0, 0, 0.1173):
(SCF)     <Lx> = 0.07947380396529993
(SCF)     <Ly> = 2.604040282512025e-21
(SCF)     <Lz> = -5.736609597156556e-33
(SCF) Coordinate derivative contribution to angular momentum w.r.t. C = (0, 0, 0.1173):
(SCF)     <Lcoord_x> = -0.001375929000000014
(SCF)     <Lcoord_y> = 2.604040282511587e-21
(SCF)     <Lcoord_z> = -1.066901582273974e-18
(SCF) Dipole moment:
(SCF)     <x> = 1.819099032010166e-16
(SCF)     <y> = -5.752769032555856e-17
(SCF)     <z> = -7.936860969272004e-16
(SCF) Nuclear dipole moment:
(SCF)     <X> = 0
(SCF)     <Y> = 0
(SCF)     <Z> = 0
(SCF) Total dipole moment: (-1.819099032010166e-16, 5.752769032555856e-17, 7.936860969272004e-16)
(SCF) Coordinate derivative contribution to angular momentum w.r.t. center of charge (9.095495160050819e-17, -2.876384516277926e-17, -3.968430484635999e-16):
(SCF)     <Lambda_x> = -5.010103440568967e-32
(SCF)     <Lambda_y> = -4.479437721030058e-35
(SCF)     <Lambda_z> = -4.925864025422966e-33
(SCF) Electronic quadrupole moments w.r.t. center of electronic charge at (9.095495160050819e-17, -2.876384516277926e-17, -3.968430484635999e-16):
(SCF)         x         y          z
(SCF) x: 0.7947380396529993  -3.516920269736337e-33  -4.888317467014176e-32
(SCF) y: -3.516920269736337e-33  0.7947380396529993  4.027798785263767e-32
(SCF) z: -4.888317467014176e-32  4.027798785263767e-32  0.7947380396529993
(SCF) Magnetic quadrupole moments w.r.t. C = (0, 0, 0):
(SCF)         x         y          z
(SCF) Jx: -4.770294043379468e-18  2.648595677878456e-18  2.976222323507899e-17
(SCF) Jy: -3.610214519563149e-19  2.385147021689734e-18  2.907427327459516e-21
(SCF) Jz: 1.354961515489583e-18  -2.907427327459515e-21  2.385147021689734e-18
(SCF) Anapole moment w.r.t. C = (0, 0, 0):
(SCF)     a_x = -5.814854654919031e-21
(SCF)     a_y = 2.840726171958941e-17
(SCF)     a_z = -3.009617129834771e-18
(SCF) Hellmann-Feynman forces:
(SCF) H-F force on He at pos = (0, 0, 0):   F = (-2.728454343376483e-16, 8.275427844857091e-17, 1.2127933451225e-15)
(SCF) Total H-F force on center of mass:   Ftot = (-2.728454343376483e-16, 8.275427844857091e-17, 1.2127933451225e-15)
(SCF) Scaling pressure w.r.t. center of charge:   5.084855827612322e-31
(SCF) Total H-F torque w.r.t. center of charge: (2.044139860616219e-33, 2.032746085108046e-33, 3.211724356346274e-34)
(SCF) Nuclear shielding integrals:
(SCF) He at C = (0, 0, 0):
(SCF)    <Lx/|r - C|^3> = 0.1120713781783158
(SCF)    <Ly/|r - C|^3> = 8.690410758929152e-36
(SCF)    <Lz/|r - C|^3> = -3.586596145435647e-33
 
MULLIKEN POPULATION ANALYSIS FOR SUM OF SPIN UP AND SPIN DOWN DENSITY MATRIX

(SCF) Mulliken decomposition of traces of SCF 1-electron density matrix with simple operators

(SCF) Mulliken populations:
(SCF) Nucleus #1 (He):  2.000000000000002   [narrow def.],   2.000000000000002   [wide def.]

(SCF) Total mechanical momentum: <pi> = (-2.219983190547178e-20, -3.641383395768223e-17, -4.964070383947125e-19)

(SCF) Mulliken momenta:
(SCF) Nucleus #1 (He):  (-2.219983190547178e-20, -3.641383395768223e-17, -4.964070383947125e-19)   [narrow def.],   (-2.219983190547178e-20, -3.641383395768223e-17, -4.964070383947125e-19)   [wide def.]

(SCF) Mulliken bond momenta:
(SCF) Nucleus #1 (He):   
 
MULLIKEN POPULATION ANALYSIS FOR SPIN DOWN DENSITY MATRIX:

(SCF) Mulliken decomposition of traces of SCF 1-electron density matrix with simple operators

(SCF) Mulliken populations:
(SCF) Nucleus #1 (He):  1.000000000000001   [narrow def.],   1.000000000000001   [wide def.]

(SCF) Total mechanical momentum: <pi> = (9.394269612765109e-20, -1.401098554857539e-17, 8.010320894543553e-20)

(SCF) Mulliken momenta:
(SCF) Nucleus #1 (He):  (9.394269612765109e-20, -1.401098554857539e-17, 8.010320894543553e-20)   [narrow def.],   (9.394269612765109e-20, -1.401098554857539e-17, 8.010320894543553e-20)   [wide def.]

(SCF) Mulliken bond momenta:
(SCF) Nucleus #1 (He):   
 
MULLIKEN POPULATION ANALYSIS FOR SPIN UP DENSITY MATRIX:

(SCF) Mulliken decomposition of traces of SCF 1-electron density matrix with simple operators

(SCF) Mulliken populations:
(SCF) Nucleus #1 (He):  1.000000000000001   [narrow def.],   1.000000000000001   [wide def.]

(SCF) Total mechanical momentum: <pi> = (-1.161425280331229e-19, -2.240284840910684e-17, -5.765102473401476e-19)

(SCF) Mulliken momenta:
(SCF) Nucleus #1 (He):  (-1.161425280331229e-19, -2.240284840910684e-17, -5.765102473401476e-19)   [narrow def.],   (-1.161425280331229e-19, -2.240284840910684e-17, -5.765102473401476e-19)   [wide def.]

(SCF) Mulliken bond momenta:
(SCF) Nucleus #1 (He):   
 

Orbital symmetry properties for SCF:
                          Inversion           Rot180X           Rot180Y           Rot180Z            ReflXY            ReflXZ            ReflYZ
  can.orb. [Down] 0   (1.0000,0.0000)   (1.0000,0.0000)   (1.0000,-0.0000)   (1.0000,0.0000)   (1.0000,-0.0000)   (1.0000,0.0000)   (1.0000,0.0000) 
  can.orb. [Down] 1   (0.9997,-0.0000)   (0.9997,-0.0000)   (1.0000,0.0000)   (0.9997,-0.0000)   (1.0000,0.0000)   (0.9997,-0.0000)   (1.0000,0.0000) 
  can.orb. [Down] 2   (-0.9999,-0.0000)   (-0.9999,-0.0000)   (0.0000,0.0000)   (0.0001,-0.0000)   (0.0000,0.0000)   (0.0001,-0.0000)   (1.0000,-0.0000) 
  can.orb. [Down] 3   (-0.9999,-0.0000)   (0.9999,0.0000)   (-1.0000,0.0000)   (-0.9999,-0.0000)   (1.0000,-0.0000)   (0.9999,0.0000)   (-1.0000,0.0000) 
  can.orb. [Down] 4   (-0.9999,0.0000)   (-0.9999,0.0000)   (-0.0000,-0.0000)   (0.0001,-0.0000)   (-0.0000,-0.0000)   (0.0001,-0.0000)   (1.0000,-0.0000) 
  can.orb. [Down] 5   (0.9999,0.0000)   (0.9999,0.0000)   (1.0000,-0.0000)   (0.9999,0.0000)   (1.0000,-0.0000)   (0.9999,0.0000)   (1.0000,-0.0000) 
  can.orb. [Down] 6   (-1.0000,0.0000)   (-1.0000,0.0000)   (0.0000,0.0000)   (0.0000,0.0000)   (0.0000,0.0000)   (0.0000,0.0000)   (1.0000,-0.0000) 
  can.orb. [Down] 7   (-1.0000,0.0000)   (1.0000,-0.0000)   (-1.0000,0.0000)   (-1.0000,0.0000)   (1.0000,-0.0000)   (1.0000,-0.0000)   (-1.0000,0.0000) 
  can.orb. [Down] 8   (-1.0000,-0.0000)   (-1.0000,-0.0000)   (-0.0000,0.0000)   (0.0000,0.0000)   (-0.0000,0.0000)   (0.0000,0.0000)   (1.0000,-0.0000) 
  can.orb. [Down] 9   (1.0000,-0.0000)   (1.0000,-0.0000)   (1.0000,-0.0000)   (1.0000,-0.0000)   (1.0000,-0.0000)   (1.0000,-0.0000)   (1.0000,-0.0000) 
  can.orb. [Down] 10   (1.0000,0.0000)   (1.0000,0.0000)   (1.0000,0.0000)   (1.0000,0.0000)   (1.0000,0.0000)   (1.0000,0.0000)   (1.0000,0.0000) 



Orbital properties for SCF:
                           Lcoord_x          Lcoord_y          Lcoord_z               x^2               y^2               z^2
  can.orb. [Down] 0   (-0.0007,0.0000)   (-0.0000,0.0000)   (-0.0000,-0.0000)   (0.3974,0.0000)   (0.3974,0.0000)   (0.3974,0.0000) 
  can.orb. [Down] 1   (-0.0007,0.0000)   (0.0000,0.0000)   (-0.0000,-0.0000)   (4.8460,-0.0000)   (4.8460,0.0000)   (4.8460,0.0000) 
  can.orb. [Down] 2   (-1.0007,-0.0000)   (-0.0000,-0.0000)   (0.0000,0.0000)   (1.0246,0.0000)   (2.0491,-0.0000)   (2.0491,-0.0000) 
  can.orb. [Down] 3   (-0.0007,-0.0000)   (0.0000,0.0000)   (-0.0000,0.0000)   (3.0744,-0.0000)   (1.0248,0.0000)   (1.0248,0.0000) 
  can.orb. [Down] 4   (0.9993,-0.0000)   (-0.0000,-0.0000)   (0.0000,0.0000)   (1.0246,-0.0000)   (2.0491,-0.0000)   (2.0491,-0.0000) 
  can.orb. [Down] 5   (-0.0007,0.0000)   (0.0000,-0.0000)   (-0.0000,0.0000)   (1.5823,0.0000)   (1.5823,0.0000)   (1.5823,0.0000) 
  can.orb. [Down] 6   (-1.0007,0.0000)   (0.0000,0.0000)   (-0.0000,0.0000)   (0.3363,0.0000)   (0.6725,-0.0000)   (0.6725,0.0000) 
  can.orb. [Down] 7   (-0.0007,-0.0000)   (-0.0000,-0.0000)   (-0.0000,0.0000)   (1.0080,0.0000)   (0.3360,-0.0000)   (0.3360,0.0000) 
  can.orb. [Down] 8   (0.9993,-0.0000)   (0.0000,0.0000)   (0.0000,0.0000)   (0.3363,-0.0000)   (0.6725,0.0000)   (0.6725,0.0000) 
  can.orb. [Down] 9   (-0.0007,-0.0000)   (0.0000,-0.0000)   (-0.0000,-0.0000)   (0.3176,-0.0000)   (0.3176,-0.0000)   (0.3176,-0.0000) 
  can.orb. [Down] 10   (-0.0007,-0.0000)   (0.0000,-0.0000)   (-0.0000,-0.0000)   (0.0464,-0.0000)   (0.0464,-0.0000)   (0.0464,-0.0000) 



Orbital symmetry properties for SCF:
                          Inversion           Rot180X           Rot180Y           Rot180Z            ReflXY            ReflXZ            ReflYZ
  can.orb. [ Up ] 0   (1.0000,0.0000)   (1.0000,-0.0000)   (1.0000,0.0000)   (1.0000,0.0000)   (1.0000,0.0000)   (1.0000,-0.0000)   (1.0000,0.0000) 
  can.orb. [ Up ] 1   (0.9997,0.0000)   (0.9997,-0.0000)   (1.0000,0.0000)   (0.9997,0.0000)   (1.0000,0.0000)   (0.9997,-0.0000)   (1.0000,0.0000) 
  can.orb. [ Up ] 2   (-0.9999,-0.0000)   (-0.9999,-0.0000)   (-0.0000,0.0000)   (0.0001,-0.0000)   (-0.0000,0.0000)   (0.0001,-0.0000)   (1.0000,-0.0000) 
  can.orb. [ Up ] 3   (-0.9999,-0.0000)   (0.9999,0.0000)   (-1.0000,-0.0000)   (-0.9999,-0.0000)   (1.0000,0.0000)   (0.9999,0.0000)   (-1.0000,-0.0000) 
  can.orb. [ Up ] 4   (-0.9999,-0.0000)   (-0.9999,-0.0000)   (0.0000,-0.0000)   (0.0001,0.0000)   (0.0000,-0.0000)   (0.0001,0.0000)   (1.0000,0.0000) 
  can.orb. [ Up ] 5   (0.9999,0.0000)   (0.9999,-0.0000)   (1.0000,-0.0000)   (0.9999,0.0000)   (1.0000,-0.0000)   (0.9999,-0.0000)   (1.0000,-0.0000) 
  can.orb. [ Up ] 6   (-1.0000,0.0000)   (-1.0000,0.0000)   (-0.0000,-0.0000)   (0.0000,0.0000)   (-0.0000,-0.0000)   (0.0000,0.0000)   (1.0000,-0.0000) 
  can.orb. [ Up ] 7   (-1.0000,-0.0000)   (1.0000,0.0000)   (-1.0000,-0.0000)   (-1.0000,-0.0000)   (1.0000,0.0000)   (1.0000,0.0000)   (-1.0000,-0.0000) 
  can.orb. [ Up ] 8   (-1.0000,0.0000)   (-1.0000,0.0000)   (0.0000,0.0000)   (0.0000,0.0000)   (0.0000,0.0000)   (0.0000,0.0000)   (1.0000,-0.0000) 
  can.orb. [ Up ] 9   (1.0000,-0.0000)   (1.0000,0.0000)   (1.0000,-0.0000)   (1.0000,0.0000)   (1.0000,-0.0000)   (1.0000,0.0000)   (1.0000,-0.0000) 
  can.orb. [ Up ] 10   (1.0000,0.0000)   (1.0000,0.0000)   (1.0000,-0.0000)   (1.0000,0.0000)   (1.0000,-0.0000)   (1.0000,0.0000)   (1.0000,-0.0000) 



Orbital properties for SCF:
                           Lcoord_x          Lcoord_y          Lcoord_z               x^2               y^2               z^2
  can.orb. [ Up ] 0   (-0.0007,-0.0000)   (0.0000,0.0000)   (-0.0000,0.0000)   (0.3974,0.0000)   (0.3974,-0.0000)   (0.3974,-0.0000) 
  can.orb. [ Up ] 1   (-0.0007,-0.0000)   (0.0000,-0.0000)   (-0.0000,-0.0000)   (4.8460,0.0000)   (4.8460,0.0000)   (4.8460,0.0000) 
  can.orb. [ Up ] 2   (-1.0007,0.0000)   (-0.0000,0.0000)   (0.0000,-0.0000)   (1.0246,-0.0000)   (2.0491,0.0000)   (2.0491,-0.0000) 
  can.orb. [ Up ] 3   (-0.0007,-0.0000)   (0.0000,0.0000)   (-0.0000,-0.0000)   (3.0744,0.0000)   (1.0248,0.0000)   (1.0248,0.0000) 
  can.orb. [ Up ] 4   (0.9993,0.0000)   (-0.0000,0.0000)   (0.0000,0.0000)   (1.0246,-0.0000)   (2.0491,-0.0000)   (2.0491,-0.0000) 
  can.orb. [ Up ] 5   (-0.0007,0.0000)   (-0.0000,0.0000)   (0.0000,0.0000)   (1.5823,-0.0000)   (1.5823,-0.0000)   (1.5823,-0.0000) 
  can.orb. [ Up ] 6   (-1.0007,-0.0000)   (0.0000,-0.0000)   (0.0000,-0.0000)   (0.3363,0.0000)   (0.6725,0.0000)   (0.6725,-0.0000) 
  can.orb. [ Up ] 7   (-0.0007,0.0000)   (-0.0000,0.0000)   (-0.0000,0.0000)   (1.0080,0.0000)   (0.3360,0.0000)   (0.3360,0.0000) 
  can.orb. [ Up ] 8   (0.9993,0.0000)   (0.0000,0.0000)   (0.0000,-0.0000)   (0.3363,-0.0000)   (0.6725,0.0000)   (0.6725,-0.0000) 
  can.orb. [ Up ] 9   (-0.0007,-0.0000)   (-0.0000,0.0000)   (0.0000,0.0000)   (0.3176,0.0000)   (0.3176,0.0000)   (0.3176,0.0000) 
  can.orb. [ Up ] 10   (-0.0007,-0.0000)   (-0.0000,0.0000)   (0.0000,0.0000)   (0.0464,-0.0000)   (0.0464,-0.0000)   (0.0464,0.0000) 


RSP: done run scf2
Number of alpha MOs = 1
Number of beta  MOs = 1


RSP: Hartree-Fock orbitals have been obtained. 
RSP: Hartree-Fock final energy = -2.853739634112053
Entering response module
No. of electrons: (2.000000000000003,1.222136433279348e-33)
DevINFO: screened away 100 out of 637 symmetry unique quadruples ABCD.
Recomputed final SCF electronic energy (-2.853739634112035,4.256326329571648e-33) (-1.830883399372616,4.264472220098743e-33) (1.022856234739419,8.145890527095463e-36)
unit_vectors():   MO Single-transition excitations in total.
Constructing start guesses for RPA-solver using the 100 lowest ones.
(No spin mixing allowed for UHF excitation operator)
(spin down)1 <- 0 : 1.100138980946673
(spin down)2 <- 0 : 1.401315065907211
(spin down)3 <- 0 : 1.448753364963065
(spin down)4 <- 0 : 1.501315065907211
(spin down)5 <- 0 : 2.360887819114221
(spin down)6 <- 0 : 3.892984891966857
(spin down)7 <- 0 : 3.942144560797292
(spin down)8 <- 0 : 3.992984891966857
(spin down)9 <- 0 : 9.717134061229507
(spin down)10 <- 0 : 63.39533825174807
(spin up)1 <- 0 : 1.100138980946656
(spin up)2 <- 0 : 1.401315065907209
(spin up)3 <- 0 : 1.448753364963066
(spin up)4 <- 0 : 1.50131506590721
(spin up)5 <- 0 : 2.360887819114226
(spin up)6 <- 0 : 3.89298489196686
(spin up)7 <- 0 : 3.942144560797292
(spin up)8 <- 0 : 3.99298489196686
(spin up)9 <- 0 : 9.717134061229489
(spin up)10 <- 0 : 63.3953382517481
Made 20 starting vectors 
DevINFO: screened away 87 out of 637 symmetry unique quadruples ABCD.
DevINFO: screened away 127 out of 637 symmetry unique quadruples ABCD.
DevINFO: screened away 155 out of 637 symmetry unique quadruples ABCD.
DevINFO: screened away 136 out of 637 symmetry unique quadruples ABCD.
DevINFO: screened away 98 out of 637 symmetry unique quadruples ABCD.
DevINFO: screened away 154 out of 637 symmetry unique quadruples ABCD.
DevINFO: screened away 168 out of 637 symmetry unique quadruples ABCD.
DevINFO: screened away 155 out of 637 symmetry unique quadruples ABCD.
DevINFO: screened away 102 out of 637 symmetry unique quadruples ABCD.
DevINFO: screened away 102 out of 637 symmetry unique quadruples ABCD.
DevINFO: screened away 95 out of 637 symmetry unique quadruples ABCD.
DevINFO: screened away 145 out of 637 symmetry unique quadruples ABCD.
DevINFO: screened away 165 out of 637 symmetry unique quadruples ABCD.
DevINFO: screened away 147 out of 637 symmetry unique quadruples ABCD.
DevINFO: screened away 93 out of 637 symmetry unique quadruples ABCD.
DevINFO: screened away 161 out of 637 symmetry unique quadruples ABCD.
DevINFO: screened away 175 out of 637 symmetry unique quadruples ABCD.
DevINFO: screened away 160 out of 637 symmetry unique quadruples ABCD.
DevINFO: screened away 96 out of 637 symmetry unique quadruples ABCD.
DevINFO: screened away 102 out of 637 symmetry unique quadruples ABCD.
The Davidson solver is about to start.
-------
Davidson step #0, 40 RPA trial vectors already in subspace.
The Davidson solver converged to a solution. 1 iterations and 0 restarts were needed.
==============================================================================================================
The Final eigenvalues from the Davidson method
==============================================================================================================
(RSP) 	 Excitation Energy 	0.7432468752543999	0.8317636517563516	0.8840513269252991	0.9316226232841925	0.9840513269252982	0.9858830365454805	1.033341405777894	1.085883036545481	1.625532406178395	1.940872450171195	
==============================================================================================================
Root: 0	 with energy 0.7432468752543999
==============================================================================================================
1 Up <-- Up 0 C^2 :  0.4825689276282625 C : (0.4730397070228632,-0.5087262163560929)
1 Down <-- Down 0 C^2 :  0.4825689276282687 C : (0.4730397070228652,-0.5087262163560973)
==============================================================================================================
Root: 1	 with energy 0.8317636517563516
==============================================================================================================
1 Up <-- Up 0 C^2 :  0.4993103685980933 C : (0.6889164888192378,0.1571764614408473)
1 Down <-- Down 0 C^2 :  0.4993103685980884 C : (-0.6889164888192338,-0.1571764614408491)
==============================================================================================================
Root: 2	 with energy 0.8840513269252991
==============================================================================================================
2 Up <-- Up 0 C^2 :  0.4967002619492714 C : (-0.6632954762627709,-0.2382002794259812)
2 Down <-- Down 0 C^2 :  0.4967002619492897 C : (0.669204698118028,0.2210550473661455)
==============================================================================================================
Root: 3	 with energy 0.9316226232841925
==============================================================================================================
3 Up <-- Up 0 C^2 :  0.4967078598006738 C : (0.4699973078145393,0.5251765326514114)
3 Down <-- Down 0 C^2 :  0.4967078598006971 C : (-0.4733128751226159,-0.5221903695433878)
==============================================================================================================
Root: 4	 with energy 0.9840513269252982
==============================================================================================================
4 Up <-- Up 0 C^2 :  0.4967002619492734 C : (-0.5476621183868801,0.443583662946764)
4 Down <-- Down 0 C^2 :  0.4967002619492876 C : (-0.568824154436431,0.416100160152537)
==============================================================================================================
Root: 5	 with energy 0.9858830365454805
==============================================================================================================
2 Up <-- Up 0 C^2 :  0.4995569291204381 C : (0.7026217116173809,-0.07667893768369673)
2 Down <-- Down 0 C^2 :  0.499556929120415 C : (0.7004161760986791,-0.09473177597680317)
==============================================================================================================
Root: 6	 with energy 1.033341405777894
==============================================================================================================
3 Up <-- Up 0 C^2 :  0.4995566931095342 C : (-0.3932007856694705,0.5873243016072511)
3 Down <-- Down 0 C^2 :  0.4995566931095153 C : (-0.3894744493430742,0.5898019552514424)
==============================================================================================================
Root: 7	 with energy 1.085883036545481
==============================================================================================================
4 Up <-- Up 0 C^2 :  0.4995569291204288 C : (-0.7045409758135084,0.05638211170378618)
4 Down <-- Down 0 C^2 :  0.4995569291204244 C : (0.7064617893754717,-0.02164877070023278)
==============================================================================================================
Root: 8	 with energy 1.625532406178395
==============================================================================================================
5 Up <-- Up 0 C^2 :  0.4822521762667114 C : (-0.6918585321346792,-0.05986608204282728)
5 Down <-- Down 0 C^2 :  0.4822521762667071 C : (0.691858532134676,0.05986608204282839)
==============================================================================================================
Root: 9	 with energy 1.940872450171195
==============================================================================================================
5 Up <-- Up 0 C^2 :  0.4986100606199225 C : (0.70000918084029,-0.09272112682247186)
5 Down <-- Down 0 C^2 :  0.4986100606199262 C : (0.7000091808402926,-0.09272112682247163)
==============================================================================================================
==============================================================================================================
(RSP) Transition Dipole Moment, <1| coordinate |2>  |  Roots  |              Dipole Moment
==============================================================================================================
(RSP) Transition Dipole Moment, <1|x|2>             |    0    |     (-9.122118765757706e-17,2.973170249812938e-17)
(RSP) Transition Dipole Moment, <1|x|2>             |    1    |     (5.429759345683657e-17,-1.331647302803948e-17)
(RSP) Transition Dipole Moment, <1|x|2>             |    2    |     (-7.892074885764181e-16,-5.901790195018889e-16)
(RSP) Transition Dipole Moment, <1|x|2>             |    3    |     (7.350023367713732e-15,7.509617927503598e-15)
(RSP) Transition Dipole Moment, <1|x|2>             |    4    |     (1.728096250451636e-15,-1.906718570023649e-15)
(RSP) Transition Dipole Moment, <1|x|2>             |    5    |     (3.864473693187451e-15,7.406560590332243e-16)
(RSP) Transition Dipole Moment, <1|x|2>             |    6    |     (0.443336522185073,-0.663545508046478)
(RSP) Transition Dipole Moment, <1|x|2>             |    7    |     (1.714506800468032e-15,-8.129811288963593e-17)
(RSP) Transition Dipole Moment, <1|x|2>             |    8    |     (4.615237204185887e-17,4.310389552598904e-18)
(RSP) Transition Dipole Moment, <1|x|2>             |    9    |     (-1.01770091336322e-16,1.313945677838983e-17)

(RSP) Transition Dipole Moment, <1|y|2>             |    0    |     (5.235964364729451e-19,-5.714986404822952e-17)
(RSP) Transition Dipole Moment, <1|y|2>             |    1    |     (8.22004634274721e-19,-3.214525619580757e-17)
(RSP) Transition Dipole Moment, <1|y|2>             |    2    |     (1.714774156003074e-15,-5.464378949326942e-15)
(RSP) Transition Dipole Moment, <1|y|2>             |    3    |     (4.405932771595505e-16,-1.861686369248553e-16)
(RSP) Transition Dipole Moment, <1|y|2>             |    4    |     (1.874195243445342e-14,2.881549165945074e-14)
(RSP) Transition Dipole Moment, <1|y|2>             |    5    |     (-0.07363169300902436,-0.5595771129768751)
(RSP) Transition Dipole Moment, <1|y|2>             |    6    |     (1.011391109751926e-15,1.240500913527151e-15)
(RSP) Transition Dipole Moment, <1|y|2>             |    7    |     (-0.02032373378494752,-0.5640346775048043)
(RSP) Transition Dipole Moment, <1|y|2>             |    8    |     (1.01652003715038e-16,8.011685613270829e-18)
(RSP) Transition Dipole Moment, <1|y|2>             |    9    |     (-7.199521846847021e-17,-2.289540251455255e-17)

(RSP) Transition Dipole Moment, <1|z|2>             |    0    |     (4.023834075645423e-16,-5.389616860609976e-16)
(RSP) Transition Dipole Moment, <1|z|2>             |    1    |     (-1.622720985775132e-16,-6.366299998303235e-17)
(RSP) Transition Dipole Moment, <1|z|2>             |    2    |     (-6.005946424018661e-15,-1.216611065469738e-15)
(RSP) Transition Dipole Moment, <1|z|2>             |    3    |     (-1.715136376481725e-16,-2.114699279590111e-16)
(RSP) Transition Dipole Moment, <1|z|2>             |    4    |     (2.365979491784467e-14,-9.033413040442898e-15)
(RSP) Transition Dipole Moment, <1|z|2>             |    5    |     (-0.5595771129768746,0.07363169300902371)
(RSP) Transition Dipole Moment, <1|z|2>             |    6    |     (-7.753966613660403e-16,8.771747989493628e-16)
(RSP) Transition Dipole Moment, <1|z|2>             |    7    |     (0.5640346775048029,-0.02032373378494634)
(RSP) Transition Dipole Moment, <1|z|2>             |    8    |     (6.752001209690958e-19,4.346386363850789e-18)
(RSP) Transition Dipole Moment, <1|z|2>             |    9    |     (3.647038166712874e-16,-4.858008624201307e-17)


==============================================================================================================
(RSP) Transition Moment, <1| pi_coordinate |2>      |  Roots  |              Dipole Moment
==============================================================================================================
(RSP) Transition Moment, <1|pi_x|2>                 |    0    |     (9.063189673071675e-17,2.824334320734066e-16)
(RSP) Transition Moment, <1|pi_x|2>                 |    1    |     (-1.420237547742634e-16,2.378935788339025e-16)
(RSP) Transition Moment, <1|pi_x|2>                 |    2    |     (-4.685246291760643e-16,6.329223954463272e-16)
(RSP) Transition Moment, <1|pi_x|2>                 |    3    |     (6.947133840418118e-15,-6.420211584590163e-15)
(RSP) Transition Moment, <1|pi_x|2>                 |    4    |     (-1.995088133920967e-15,-1.782432784752263e-15)
(RSP) Transition Moment, <1|pi_x|2>                 |    5    |     (6.577498430009428e-16,-4.050525874066018e-15)
(RSP) Transition Moment, <1|pi_x|2>                 |    6    |     (-0.6821096811719309,-0.4557398552660394)
(RSP) Transition Moment, <1|pi_x|2>                 |    7    |     (-8.131574503042763e-17,-1.795517558287441e-15)
(RSP) Transition Moment, <1|pi_x|2>                 |    8    |     (2.6870107939259e-18,-4.042432198741483e-17)
(RSP) Transition Moment, <1|pi_x|2>                 |    9    |     (8.12447100711197e-18,6.531964900980886e-17)

(RSP) Transition Moment, <1|pi_y|2>                 |    0    |     (-1.238127555025597e-16,1.328285212481136e-16)
(RSP) Transition Moment, <1|pi_y|2>                 |    1    |     (-1.416859192221049e-15,-5.034175183416113e-16)
(RSP) Transition Moment, <1|pi_y|2>                 |    2    |     (-4.808653475407709e-15,-1.488067481736355e-15)
(RSP) Transition Moment, <1|pi_y|2>                 |    3    |     (1.367824180577402e-16,-1.845939937197499e-16)
(RSP) Transition Moment, <1|pi_y|2>                 |    4    |     (2.767209204834753e-14,-1.812807716439213e-14)
(RSP) Transition Moment, <1|pi_y|2>                 |    5    |     (-0.5473918234558581,0.07202829737966333)
(RSP) Transition Moment, <1|pi_y|2>                 |    6    |     (1.203989937194242e-15,-1.005752665263926e-15)
(RSP) Transition Moment, <1|pi_y|2>                 |    7    |     (-0.608155788300537,0.02191353977715261)
(RSP) Transition Moment, <1|pi_y|2>                 |    8    |     (-1.240525999410935e-17,-9.824060308666059e-17)
(RSP) Transition Moment, <1|pi_y|2>                 |    9    |     (-1.396450596435155e-17,8.34540633192283e-17)

(RSP) Transition Moment, <1|pi_z|2>                 |    0    |     (-2.894118144358993e-16,-1.894372655196167e-16)
(RSP) Transition Moment, <1|pi_z|2>                 |    1    |     (-7.170967268442495e-16,3.474668616440279e-15)
(RSP) Transition Moment, <1|pi_z|2>                 |    2    |     (-7.78619790170465e-16,5.129143637594424e-15)
(RSP) Transition Moment, <1|pi_z|2>                 |    3    |     (8.405643110487445e-17,7.881265377713891e-18)
(RSP) Transition Moment, <1|pi_z|2>                 |    4    |     (-9.147088468608455e-15,-2.352794608445619e-14)
(RSP) Transition Moment, <1|pi_z|2>                 |    5    |     (0.0720282973796627,0.5473918234558581)
(RSP) Transition Moment, <1|pi_z|2>                 |    6    |     (1.028016049514561e-15,1.031697296771209e-15)
(RSP) Transition Moment, <1|pi_z|2>                 |    7    |     (-0.02191353977715141,-0.6081557883005362)
(RSP) Transition Moment, <1|pi_z|2>                 |    8    |     (3.522821091354818e-17,-1.785277896117961e-16)
(RSP) Transition Moment, <1|pi_z|2>                 |    9    |     (-3.960038607927463e-17,-2.385283087645917e-16)


==============================================================================================================
(RSP) Electric Dipole Oscillator Strength
(length gauge):            	2.303390276904472e-31	1.915538483817936e-32	4.203521572606377e-29	6.876624736468446e-29	1.200282619171452e-27	0.4187349849148925	0.4387153674078451	0.4612080744592806	1.361685179851977e-32	1.961655395534609e-31	
(magnetic-velocity gauge): 	2.158111771947858e-31	1.196271957651649e-29	3.987095981569402e-29	6.407580002175388e-29	1.17796211785219e-27	0.4122542907697556	0.4341723713405083	0.4547250530740449	1.827489493861827e-32	2.402912372072044e-32	
(mixed gauge):             	(1.784487861308255e-31,1.458757759003164e-32)	(4.296184113938439e-31,6.713644571133464e-32)	(4.09044428847552e-29,1.121325744466058e-30)	(6.62656457457005e-29,-1.951205068560303e-30)	(1.188880394678931e-27,5.113408214674666e-30)	(0.4154820022895978,3.060944658279447e-31)	(0.4364379582609497,1.850371707708594e-16)	(0.4579550918339859,-3.932039878880763e-17)	(8.02525661249718e-33,1.900326448524089e-33)	(6.79988860324614e-32,2.485724199195093e-33)	

