
Running the London Hartree-Fock program at /home/sangita.sen/packages/london/london.x.
Founded by Erik Tellgren, Alessandro Soncini and Trygve Helgaker.
Programming by:
  Erik Tellgren (main programmer)
  Kai Kaarvann Lange
  Andrew M. Teale
  Ulf Ekstrom
  Stella Stopkowicz
  Jon H. Austad


Basis file /home/sangita.sen/packages/london/baslib/aug-cc-pVDZ opened for reading.
User input successfully read from file_x2.inp.

london-input{
  analysis{
    analysis-only = no
    xml-print-potential-basis-overlap = no
    xml-print-potential-basis-kinetic = no
    export-operators = no
    # decypher-density-matrix-file = binary-file, plain-text-file
    # density-matrix-binary-to-text = binary-input-file, text-output-file
    # density-matrix-text-to-binary = text-input-file, binary-output-file
    # density-matrix-for-plotting = filename
    # density-plot-data = {filename,(x0,y0,z0),(x1,y1,z1),(x2,y2,z2),(x3,y3,z3),(N1xN2xN3),precision=N,scolon={y/n},fields{rho,grad(rho),jp,j,A,B,rho2nu,rho2omega,tau_p,tau_pi,laplacian(rho),grad(rho)^2,jp^2,tau_tensor}}
    # streamline-data = {filename,(x0,y0,z0),(x1,y1,z1),(x2,y2,z2),(x3,y3,z3),(N1xN2xN3),precision=N,scolon={y/n},fields{rho,grad(rho),jp,j,A,B,rho2nu,rho2omega,tau_p,tau_pi,laplacian(rho),grad(rho)^2,jp^2,tau_tensor}}
    # vortexline-data = {filename,(x0,y0,z0),(x1,y1,z1),(x2,y2,z2),(x3,y3,z3),(N1xN2xN3),precision=N,scolon={y/n},fields{rho,grad(rho),jp,j,A,B,rho2nu,rho2omega,tau_p,tau_pi,laplacian(rho),grad(rho)^2,jp^2,tau_tensor}}
    # current-through-plane = {density_matrix_file,(x0,y0,z0),(x1,y1,z1),(x2,y2,z2),(x3,y3,z3),(N1xN2xN3),precision=N,scolon={y/n},fields{rho,grad(rho),jp,j,A,B,rho2nu,rho2omega,tau_p,tau_pi,laplacian(rho),grad(rho)^2,jp^2,tau_tensor}}
    # linearly-combine-density-matrices = file : 0.6 * infile1, 0.4 * infile2, ...
    # spin-rotate-2c-density-matrix = file : infile, angle_degrees, (ux, uy, uz)
    linear-dependence-tol = 1e-06
    # overlap-for-ci-state-files = file1, file2
  }

  scf{
    spin-symmetry-constraint = Unrestricted Hartree-Fock
    linear-dependence-tol = 1e-10
    uhf-spin-projection = 0
    disable-spin-zeeman-in-fock-matrix = no
    noisy-init-guess = no
    # density-matrix-input-file = 
    # density-matrix-output-file = 
    # density-plot-data = {filename,(x0,y0,z0),(x1,y1,z1),(x2,y2,z2),(x3,y3,z3),(N1xN2xN3),precision=N,scolon={y/n},fields{rho,grad(rho),jp,j,A,B,rho2nu,rho2omega,tau_p,tau_pi,laplacian(rho),grad(rho)^2,jp^2,tau_tensor}}
    # molecular-orbitals-to-plot = (1,2,3,...)
    min-scf-iterations = 0
    max-scf-iterations = 160
    use-density-fitting = no
    use-admm = no
    analyze-using-dft-grid = no

    diis{
      convergence-tolerance = 1e-10
      subspace-dimension = 7
      diagonalization-temperature = 0
    }
  }

  casscf{
    max-active-orbitals = 2000
    number-of-frozen-orbitals = 0
    number-of-states-in-casscf-optimization = 1
    number-of-ci-states = 1
    spin-projection = default
    num-1exc-init-vec = 0
    num-2exc-init-vec = 0
    use-noisy-init-vec = no
    ci-max-subspace-dim = default
    ci-convergence-tol = 1e-06
    # density-matrix-input-file = 
    # density-matrix-output-file = 
    # ci-states-output-file = 
    # density-plot-data = {filename,(x0,y0,z0),(x1,y1,z1),(x2,y2,z2),(x3,y3,z3),(N1xN2xN3),precision=N,scolon={y/n},fields{rho,grad(rho),jp,j,A,B,rho2nu,rho2omega,tau_p,tau_pi,laplacian(rho),grad(rho)^2,jp^2,tau_tensor}}
    # analysis-weights = (w0, w1, ...)
  }

  mp2{
    spin-projection = default
    number-of-weights = 8
    basis-functions-per-block = 20
    cs-tolerance = 0
    print-mp2-components = 0
    # density-matrix-input-file = 
    # density-matrix-output-file = 
    #property-request = relaxed-density-matrix
  }

  rsp{
    number-of-roots-requested = 10
    root-selection-method = energy
    excitation-basis = MObasis
    starting-guess = UnitGuess
    solver_choice = GenEig
    method_choice = RPA
    precondition = false
    initial-subspace-dimension = 100
    maximum-subspace-dimension = 800
    convergence-tolerance = 1e-10
    max-rsp-iterations = 200
    # density-matrix-input-file = 
    # density-matrix-output-file = 
  }

  coupled-cluster{
    truncation-level = CCSD
    property-request = off
    spin-projection = default
    max-it = 150
    write-t-amplitudes = yes
    read-t-amplitudes = no
    # density-matrix-output-file = 
    # memory-in-gb = 
    # interface = 
    # molecular-orbitals-to-freeze = (1,3,5,...)
    diis{
      convergence-tolerance = 1e-06
      subspace-dimension = 7
      diagonalization-temperature = 0
    }
  }

  finite-difference{
    run-finite-difference = false
    run-type = gradient
    use-ref-density = false
    step-size = 0.0005
  }

  system{
    molecular-charge = 0
    correlation-model = RSP

    hamiltonian{
      electron-mass = 1
      speed-of-light = 137.036
      adiabatic-connection-lambda = 1
      nuclear-charge-distribution = point charge

      magnetic-field = (0.2, 0, 0)
      gauge-origin = (0, 0, 0.1173)

      linear-magnetic-field = {(0, 0, 0), (0, 0, 0), (0, 0, 0)}
      linear-magnetic-origin = (0, 0, 0)

      electric-field = (0, 0, 0)
      electric-origin = (0, 0, 0)
      linear-electric-field = {(0, 0, 0), (0, 0, 0), (0, 0, 0)}

      include-basis-expanded-scalar-potential = no
      scalar-potential-coefficients = (empty)
      include-basis-expanded-vector-potential = no
      vector-potential-coefficients-x = (empty)
      vector-potential-coefficients-y = (empty)
      vector-potential-coefficients-z = (empty)
      include-repulsion-from-external-density = no
      external-charge-density-scale-factor = 1
      include-coulomb-distance-to-external-density = no
      external-charge-density-distance-factor = 1
      # external-charge-density-file = filename
      # lieb-ref-density-file = filename
      # potential-plot-data = {filename,(x0,y0,z0),(x1,y1,z1),(x2,y2,z2),(x3,y3,z3),(N1xN2xN3),precision=N,scolon={y/n},fields{rho,grad(rho),jp,j,A,B,rho2nu,rho2omega,tau_p,tau_pi,laplacian(rho),grad(rho)^2,jp^2,tau_tensor}}

      integral{
        use-coulomb-integral-permutation-symmetry = yes
        use-cauchy-schwarz-screening = yes
        cauchy-schwarz-tol = 1e-15
        boys-function-tol = 1e-17
      }

      dft{
        # xc-functional = 0.7 * lda + 0.54 * lyp
        # xc-fun-parameter = {param1 = 0.1, param2 = 0.2, param3 = 0.3}
        jp-functional = none
        vrg-functional = none
        tau-correction = none
        vrg-hard-rs-cutoff = 62035.049
        vrg-soft-density-cutoff = 1e-14
        exact-exchange-fraction = default
        # gridfile = 
        radial-grid-type = LMG
        allow-grid-pruning = yes
        gc2-radial-grid-threshold = 1e-13
        lebedev-angular-target-degree = 35
        lebedev-angular-minimal-degree = 15
        weight-screen-threshold = 1e-20
        becke-hardness = 3
        allow-becke-atom-size-correction = yes
      }
    }

    # data on state flags lost, output incomplete here
    use-london-orbitals = yes
    gto-contraction-type = all, normalizedprimitive
    basis = aug-cc-pVDZ
    # density-fitting-basis = 
    # admm-basis = 
    # scalar-potential-basis = 
    # vector-potential-basis = 
    # if you really want to: # orbital-wave-vector-offset = (0, 0, 0)
    charge = 2
    He            0            0            0
  }
}

Basis set information:
The orbital basis consists of 11 basis functions formed from linear combinations of 11 primitive basis functions.
The density-fitting basis consists of 0 basis functions formed from linear combinations of 0 primitive basis functions.
The scalar potential basis consists of 0 basis functions formed from linear combinations of 0 primitive basis functions.
The vector potential basis consists of 0 basis functions formed from linear combinations of 0 primitive basis functions.
UHF Spin type 2

RSP: Running Hartree-Fock to determine orbital space.
RSP: run scf2


SCF: Running SCF optimization.

SCF: The SCF basis contains 11 basis functions.
 Fock build F = F(D) performed in 0 seconds (with 0 seconds used for Coulomb and exchange).
SCF-SD: Initial density by diagonalizing the one-electron part of the Fock matrix.
Initial trace: Tr(D) = (2,-3.38542e-35)

SCF iteration 1:       [wall time: Tue Dec 14 18:52:50 2021]
SCF: using a fraction 1 of Hartree-Fock exchange.
DevINFO: screened away 102 out of 637 symmetry unique quadruples ABCD.
 Fock build F = F(D) performed in 0 seconds (with 0 seconds used for Coulomb and exchange).
 Total energy: -2.736169105 Hartree
 Fock matrix inversion D = D(Fmix) performed in 0 seconds.
  Nuclear repulsion:  0
  Kinetic:            3.994810996
  Nuclear attraction: -7.979360936
  Spin Zeeman effect: 0
  Coulomb:            2.49676167
  Exchange:           -1.248380835
  Total:              -2.736169105

 Ehomo(Down) = -0.8936944224, Elumo(Down) = 0.1219357328
 Ehomo( Up ) = -0.6936944224, Elumo( Up ) = 0.3219357328
 DIIS error norm: 1.06104605

SCF iteration 2:       [wall time: Tue Dec 14 18:52:50 2021]
SCF: using a fraction 1 of Hartree-Fock exchange.
DevINFO: screened away 96 out of 637 symmetry unique quadruples ABCD.
 Fock build F = F(D) performed in 0 seconds (with 0 seconds used for Coulomb and exchange).
 Total energy: -2.846556006 Hartree
 Fock matrix inversion D = D(Fmix) performed in 0 seconds.
  Nuclear repulsion:  0
  Kinetic:            2.956504364
  Nuclear attraction: -6.851391205
  Spin Zeeman effect: 2.220446049e-17
  Coulomb:            2.096661671
  Exchange:           -1.048330836
  Total:              -2.846556006

 Ehomo(Down) = -1.005613026, Elumo(Down) = 0.1214858387
 Ehomo( Up ) = -0.805613026, Elumo( Up ) = 0.3214858387
 DIIS error norm: 0.09143889639

SCF iteration 3:       [wall time: Tue Dec 14 18:52:50 2021]
SCF: using a fraction 1 of Hartree-Fock exchange.
DevINFO: screened away 100 out of 637 symmetry unique quadruples ABCD.
 Fock build F = F(D) performed in 0 seconds (with 0 seconds used for Coulomb and exchange).
 Total energy: -2.847792143 Hartree
 Fock matrix inversion D = D(Fmix) performed in 0 seconds.
  Nuclear repulsion:  0
  Kinetic:            2.869616568
  Nuclear attraction: -6.744890897
  Spin Zeeman effect: 4.440892099e-17
  Coulomb:            2.054964371
  Exchange:           -1.027482186
  Total:              -2.847792143

 Ehomo(Down) = -1.010673093, Elumo(Down) = 0.1210192357
 Ehomo( Up ) = -0.810673093, Elumo( Up ) = 0.3210192357
 DIIS error norm: 0.01027171572

SCF iteration 4:       [wall time: Tue Dec 14 18:52:50 2021]
SCF: using a fraction 1 of Hartree-Fock exchange.
DevINFO: screened away 102 out of 637 symmetry unique quadruples ABCD.
 Fock build F = F(D) performed in 0 seconds (with 0 seconds used for Coulomb and exchange).
 Total energy: -2.847805601 Hartree
 Fock matrix inversion D = D(Fmix) performed in 0 seconds.
  Nuclear repulsion:  0
  Kinetic:            2.865273934
  Nuclear attraction: -6.738991505
  Spin Zeeman effect: -2.220446049e-17
  Coulomb:            2.051823939
  Exchange:           -1.02591197
  Total:              -2.847805601

 Ehomo(Down) = -1.011012985, Elumo(Down) = 0.1210340873
 Ehomo( Up ) = -0.811012985, Elumo( Up ) = 0.3210340873
 DIIS error norm: 0.0006499858977

SCF iteration 5:       [wall time: Tue Dec 14 18:52:50 2021]
SCF: using a fraction 1 of Hartree-Fock exchange.
DevINFO: screened away 100 out of 637 symmetry unique quadruples ABCD.
 Fock build F = F(D) performed in 0 seconds (with 0 seconds used for Coulomb and exchange).
 Total energy: -2.847805713 Hartree
 Fock matrix inversion D = D(Fmix) performed in 0 seconds.
  Nuclear repulsion:  0
  Kinetic:            2.864989703
  Nuclear attraction: -6.738606001
  Spin Zeeman effect: 2.220446049e-17
  Coulomb:            2.051621169
  Exchange:           -1.025810585
  Total:              -2.847805713

 Ehomo(Down) = -1.010997181, Elumo(Down) = 0.1210286981
 Ehomo( Up ) = -0.8109971805, Elumo( Up ) = 0.3210286981
 DIIS error norm: 3.224668889e-05

SCF iteration 6:       [wall time: Tue Dec 14 18:52:50 2021]
SCF: using a fraction 1 of Hartree-Fock exchange.
DevINFO: screened away 100 out of 637 symmetry unique quadruples ABCD.
 Fock build F = F(D) performed in 0 seconds (with 0 seconds used for Coulomb and exchange).
 Total energy: -2.847805713 Hartree
 Fock matrix inversion D = D(Fmix) performed in 0 seconds.
  Nuclear repulsion:  0
  Kinetic:            2.864997245
  Nuclear attraction: -6.738613783
  Spin Zeeman effect: -2.220446049e-17
  Coulomb:            2.051621649
  Exchange:           -1.025810824
  Total:              -2.847805713

 Ehomo(Down) = -1.010997476, Elumo(Down) = 0.1210287771
 Ehomo( Up ) = -0.8109974762, Elumo( Up ) = 0.3210287771
 DIIS error norm: 2.430329139e-07

SCF iteration 7:       [wall time: Tue Dec 14 18:52:50 2021]
SCF: using a fraction 1 of Hartree-Fock exchange.
DevINFO: screened away 100 out of 637 symmetry unique quadruples ABCD.
 Fock build F = F(D) performed in 0 seconds (with 0 seconds used for Coulomb and exchange).
 Total energy: -2.847805713 Hartree
 Fock matrix inversion D = D(Fmix) performed in 0 seconds.
  Nuclear repulsion:  0
  Kinetic:            2.864996986
  Nuclear attraction: -6.738613462
  Spin Zeeman effect: 2.220446049e-17
  Coulomb:            2.051621523
  Exchange:           -1.025810762
  Total:              -2.847805713

 Ehomo(Down) = -1.010997476, Elumo(Down) = 0.1210287766
 Ehomo( Up ) = -0.8109974757, Elumo( Up ) = 0.3210287766
 DIIS error norm: 1.668103043e-09

SCF iteration 8:       [wall time: Tue Dec 14 18:52:50 2021]
SCF: using a fraction 1 of Hartree-Fock exchange.
DevINFO: screened away 100 out of 637 symmetry unique quadruples ABCD.
 Fock build F = F(D) performed in 0 seconds (with 0 seconds used for Coulomb and exchange).
 Total energy: -2.847805713 Hartree
 Fock matrix inversion D = D(Fmix) performed in 0 seconds.
  Nuclear repulsion:  0
  Kinetic:            2.864996988
  Nuclear attraction: -6.738613464
  Spin Zeeman effect: 0
  Coulomb:            2.051621524
  Exchange:           -1.025810762
  Total:              -2.847805713

 Ehomo(Down) = -1.010997476, Elumo(Down) = 0.1210287766
 Ehomo( Up ) = -0.8109974757, Elumo( Up ) = 0.3210287766
 DIIS error norm: 3.958599935e-14

Converged SCF results:
-----------------------
(pre-RSP) Nuclear repulsion:  0
(pre-RSP) Kinetic:            2.864996988319207
(pre-RSP) Nuclear attraction: -6.738613463843809
(pre-RSP) Spin Zeeman effect: 0
(pre-RSP) Coulomb:            2.051621524212486
(pre-RSP) Exchange:           -1.025810762106243
(pre-RSP) Total electronic:   -2.847805713418359
(pre-RSP) Total:              -2.847805713418359

(pre-RSP) E(LUMO, Down): 0.1210287765680318
(pre-RSP) E(HOMO, Down): -1.010997475656063
(pre-RSP) E(GAP, Down):  1.132026252224095

(pre-RSP) E(LUMO,  Up ): 0.3210287765680239
(pre-RSP) E(HOMO,  Up ): -0.8109974756560625
(pre-RSP) E(GAP,  Up ):  1.132026252224086

Orbital energies (Eorb), orbital contributions to the total energy (Econtrib), and reflection symmetry properties for the molecular orbitals:

Orbital analysis (pre-RSP)
    Eorb      Econtrib  Occ  Reflection(xy)  Reflection(xz)  Reflection(yz)
---------------------------------------------------------------------------
Spin Down
    -1.011     -1.4739   1  (1.0000,0.0000)  (0.9999,-0.0000)  (1.0000,0.0000)
  0.121029   -0.141478   0  (1.0000,0.0000)  (0.9987,-0.0000)  (1.0000,0.0000)
  0.351899  -0.0799735   0  (-0.0000,0.0000)  (0.0003,-0.0000)  (1.0000,0.0000)
  0.441662   0.0101239   0  (1.0000,-0.0000)  (0.9997,-0.0000)  (-1.0000,0.0000)
  0.551899    0.120027   0  (0.0000,-0.0000)  (0.0003,0.0000)  (1.0000,0.0000)
   1.35852    0.751584   0  (1.0000,0.0000)  (0.9996,-0.0000)  (1.0000,0.0000)
   2.83458     2.03713   0  (-0.0000,0.0000)  (0.0001,-0.0000)  (1.0000,-0.0000)
   2.93121     2.13342   0  (1.0000,0.0000)  (0.9999,0.0000)  (-1.0000,-0.0000)
   3.03458     2.23713   0  (0.0000,-0.0000)  (0.0001,0.0000)  (1.0000,-0.0000)
   8.70773     7.61745   0  (1.0000,-0.0000)  (0.9999,0.0000)  (1.0000,-0.0000)
   62.3863     60.9231   0  (1.0000,0.0000)  (1.0000,0.0000)  (1.0000,0.0000)
Spin Up
 -0.810997     -1.3739   1  (1.0000,-0.0000)  (0.9999,0.0000)  (1.0000,-0.0000)
  0.321029  -0.0414775   0  (1.0000,-0.0000)  (0.9987,0.0000)  (1.0000,-0.0000)
  0.551899   0.0200265   0  (0.0000,0.0000)  (0.0003,0.0000)  (1.0000,0.0000)
  0.641662    0.110124   0  (1.0000,0.0000)  (0.9997,-0.0000)  (-1.0000,0.0000)
  0.751899    0.220027   0  (-0.0000,-0.0000)  (0.0003,-0.0000)  (1.0000,-0.0000)
   1.55852    0.851584   0  (1.0000,0.0000)  (0.9996,-0.0000)  (1.0000,0.0000)
   3.03458     2.13713   0  (-0.0000,0.0000)  (0.0001,-0.0000)  (1.0000,-0.0000)
   3.13121     2.23342   0  (1.0000,0.0000)  (0.9999,0.0000)  (-1.0000,-0.0000)
   3.23458     2.33713   0  (0.0000,-0.0000)  (0.0001,0.0000)  (1.0000,0.0000)
   8.90773     7.71745   0  (1.0000,0.0000)  (0.9999,-0.0000)  (1.0000,0.0000)
   62.5863     61.0231   0  (1.0000,0.0000)  (1.0000,-0.0000)  (1.0000,0.0000)


Properties:
-----------
Spin-projection on field: <sigma_B> = <2 S_B> = -4.440892098500626e-16
Spin-projection squared: <sigma_B> = <4 S_B^2> = -1.110223024625157e-15
Total spin: <sigma^2> = <4 S^2> = -3.774758283725532e-15 = 4 * -9.436895709313831e-16 * (-9.436895709313831e-16 + 1)
Total spin quantum number: s = -9.436895709313831e-16


(SCF) Traces of the SCF 1-electron density matrix with simple operators
(SCF) Mechanical/kinetic momentum:
(SCF)     <PIx> = -5.873330772703164e-20
(SCF)     <PIy> = -5.956392971589789e-17
(SCF)     <PIz> = 4.616499048229837e-19
(SCF)     B x pi = (0, -9.232998096459675e-20, -1.191278594317958e-17)
(SCF) Angular momentum w.r.t. gauge origin (0, 0, 0.1173):
(SCF)     <Lx> = 0.1575456442348336
(SCF)     <Ly> = 6.889416996381598e-21
(SCF)     <Lz> = -3.312009077386461e-32
(SCF) Coordinate derivative contribution to angular momentum w.r.t. C = (0, 0, 0.1173):
(SCF)     <Lcoord_x> = -0.002751857999999988
(SCF)     <Lcoord_y> = 6.889416996384354e-21
(SCF)     <Lcoord_z> = -5.569677251270747e-18
(SCF) Dipole moment:
(SCF)     <x> = 4.748232950785041e-16
(SCF)     <y> = 2.090576365239192e-17
(SCF)     <z> = 9.501323622625656e-16
(SCF) Nuclear dipole moment:
(SCF)     <X> = 0
(SCF)     <Y> = 0
(SCF)     <Z> = 0
(SCF) Total dipole moment: (-4.748232950785041e-16, -2.090576365239192e-17, -9.501323622625656e-16)
(SCF) Coordinate derivative contribution to angular momentum w.r.t. center of charge (2.37411647539252e-16, 1.045288182619596e-17, 4.750661811312827e-16):
(SCF)     <Lambda_x> = -1.121331931875205e-30
(SCF)     <Lambda_y> = 3.182655366811835e-33
(SCF)     <Lambda_z> = 1.004536371564403e-31
(SCF) Electronic quadrupole moments w.r.t. center of electronic charge at (2.37411647539252e-16, 1.045288182619596e-17, 4.750661811312827e-16):
(SCF)         x         y          z
(SCF) x: 0.787728221174168  2.259660049646634e-32  1.154358430539064e-30
(SCF) y: 2.259660049646634e-32  0.787728221174168  2.373705147588363e-31
(SCF) z: 1.154358430539064e-30  2.373705147588363e-31  0.7877282211741679
(SCF) Magnetic quadrupole moments w.r.t. C = (0, 0, 0):
(SCF)         x         y          z
(SCF) Jx: -2.329837998325212e-17  -2.4228909879803e-18  -8.503651436616669e-17
(SCF) Jy: 3.905760424060726e-19  1.164918999162606e-17  7.978726693964244e-21
(SCF) Jz: 1.591331987755511e-17  -7.978726693964244e-21  1.164918999162606e-17
(SCF) Anapole moment w.r.t. C = (0, 0, 0):
(SCF)     a_x = -1.595745338792849e-20
(SCF)     a_y = -1.009498342437218e-16
(SCF)     a_z = 2.813467030386372e-18
(SCF) Hellmann-Feynman forces:
(SCF) H-F force on He at pos = (0, 0, 0):   F = (-8.700332322014029e-16, -2.692360772191153e-18, -1.840105601791827e-15)
(SCF) Total H-F force on center of mass:   Ftot = (-8.700332322014029e-16, -2.692360772191153e-18, -1.840105601791827e-15)
(SCF) Scaling pressure w.r.t. center of charge:   1.080756107121345e-30
(SCF) Total H-F torque w.r.t. center of charge: (1.795535685297864e-32, -2.353913748837731e-32, -8.455156754368618e-33)
(SCF) Nuclear shielding integrals:
(SCF) He at C = (0, 0, 0):
(SCF)    <Lx/|r - C|^3> = 0.2246204487947919
(SCF)    <Ly/|r - C|^3> = 1.410624109268472e-33
(SCF)    <Lz/|r - C|^3> = 3.01706707448756e-32
 
MULLIKEN POPULATION ANALYSIS FOR SUM OF SPIN UP AND SPIN DOWN DENSITY MATRIX

(SCF) Mulliken decomposition of traces of SCF 1-electron density matrix with simple operators

(SCF) Mulliken populations:
(SCF) Nucleus #1 (He):  2   [narrow def.],   2   [wide def.]

(SCF) Total mechanical momentum: <pi> = (-5.873330772703164e-20, -5.956392971589789e-17, 4.616499048229836e-19)

(SCF) Mulliken momenta:
(SCF) Nucleus #1 (He):  (-5.873330772703164e-20, -5.956392971589789e-17, 4.616499048229836e-19)   [narrow def.],   (-5.873330772703164e-20, -5.956392971589789e-17, 4.616499048229836e-19)   [wide def.]

(SCF) Mulliken bond momenta:
(SCF) Nucleus #1 (He):   
 
MULLIKEN POPULATION ANALYSIS FOR SPIN DOWN DENSITY MATRIX:

(SCF) Mulliken decomposition of traces of SCF 1-electron density matrix with simple operators

(SCF) Mulliken populations:
(SCF) Nucleus #1 (He):  1.000000000000001   [narrow def.],   1.000000000000001   [wide def.]

(SCF) Total mechanical momentum: <pi> = (-1.49392072488042e-19, 4.525208717117928e-17, 6.289419457884888e-19)

(SCF) Mulliken momenta:
(SCF) Nucleus #1 (He):  (-1.49392072488042e-19, 4.525208717117928e-17, 6.289419457884888e-19)   [narrow def.],   (-1.49392072488042e-19, 4.525208717117928e-17, 6.289419457884888e-19)   [wide def.]

(SCF) Mulliken bond momenta:
(SCF) Nucleus #1 (He):   
 
MULLIKEN POPULATION ANALYSIS FOR SPIN UP DENSITY MATRIX:

(SCF) Mulliken decomposition of traces of SCF 1-electron density matrix with simple operators

(SCF) Mulliken populations:
(SCF) Nucleus #1 (He):  1   [narrow def.],   1   [wide def.]

(SCF) Total mechanical momentum: <pi> = (9.065876476101033e-20, -1.048160168870772e-16, -1.672920409655037e-19)

(SCF) Mulliken momenta:
(SCF) Nucleus #1 (He):  (9.065876476101033e-20, -1.048160168870772e-16, -1.672920409655037e-19)   [narrow def.],   (9.065876476101033e-20, -1.048160168870772e-16, -1.672920409655037e-19)   [wide def.]

(SCF) Mulliken bond momenta:
(SCF) Nucleus #1 (He):   
 

Orbital symmetry properties for SCF:
                          Inversion           Rot180X           Rot180Y           Rot180Z            ReflXY            ReflXZ            ReflYZ
  can.orb. [Down] 0   (0.9999,0.0000)   (0.9999,-0.0000)   (1.0000,0.0000)   (0.9999,0.0000)   (1.0000,0.0000)   (0.9999,-0.0000)   (1.0000,0.0000) 
  can.orb. [Down] 1   (0.9987,-0.0000)   (0.9987,-0.0000)   (1.0000,0.0000)   (0.9987,-0.0000)   (1.0000,0.0000)   (0.9987,-0.0000)   (1.0000,0.0000) 
  can.orb. [Down] 2   (-0.9994,0.0000)   (-0.9994,0.0000)   (-0.0000,0.0000)   (0.0003,0.0000)   (-0.0000,0.0000)   (0.0003,0.0000)   (1.0000,-0.0000) 
  can.orb. [Down] 3   (-0.9997,0.0000)   (0.9997,-0.0000)   (-1.0000,0.0000)   (-0.9997,0.0000)   (1.0000,-0.0000)   (0.9997,-0.0000)   (-1.0000,0.0000) 
  can.orb. [Down] 4   (-0.9994,0.0000)   (-0.9994,0.0000)   (0.0000,-0.0000)   (0.0003,0.0000)   (0.0000,-0.0000)   (0.0003,0.0000)   (1.0000,-0.0000) 
  can.orb. [Down] 5   (0.9996,0.0000)   (0.9996,0.0000)   (1.0000,-0.0000)   (0.9996,0.0000)   (1.0000,-0.0000)   (0.9996,0.0000)   (1.0000,-0.0000) 
  can.orb. [Down] 6   (-0.9998,-0.0000)   (-0.9998,-0.0000)   (-0.0000,0.0000)   (0.0001,0.0000)   (-0.0000,0.0000)   (0.0001,0.0000)   (1.0000,0.0000) 
  can.orb. [Down] 7   (-0.9999,0.0000)   (0.9999,-0.0000)   (-1.0000,-0.0000)   (-0.9999,0.0000)   (1.0000,0.0000)   (0.9999,-0.0000)   (-1.0000,-0.0000) 
  can.orb. [Down] 8   (-0.9998,0.0000)   (-0.9998,0.0000)   (0.0000,-0.0000)   (0.0001,0.0000)   (0.0000,-0.0000)   (0.0001,0.0000)   (1.0000,0.0000) 
  can.orb. [Down] 9   (0.9999,0.0000)   (0.9999,0.0000)   (1.0000,-0.0000)   (0.9999,0.0000)   (1.0000,-0.0000)   (0.9999,0.0000)   (1.0000,-0.0000) 
  can.orb. [Down] 10   (1.0000,-0.0000)   (1.0000,0.0000)   (1.0000,0.0000)   (1.0000,-0.0000)   (1.0000,0.0000)   (1.0000,0.0000)   (1.0000,0.0000) 



Orbital properties for SCF:
                           Lcoord_x          Lcoord_y          Lcoord_z               x^2               y^2               z^2
  can.orb. [Down] 0   (-0.0014,-0.0000)   (0.0000,-0.0000)   (-0.0000,0.0000)   (0.3939,-0.0000)   (0.3939,-0.0000)   (0.3939,-0.0000) 
  can.orb. [Down] 1   (-0.0014,0.0000)   (-0.0000,-0.0000)   (-0.0000,0.0000)   (4.8185,-0.0000)   (4.8185,-0.0000)   (4.8185,0.0000) 
  can.orb. [Down] 2   (-1.0014,-0.0000)   (-0.0000,-0.0000)   (0.0000,0.0000)   (1.0232,-0.0000)   (2.0465,-0.0000)   (2.0465,0.0000) 
  can.orb. [Down] 3   (-0.0014,-0.0000)   (0.0000,0.0000)   (-0.0000,-0.0000)   (3.0727,0.0000)   (1.0242,-0.0000)   (1.0242,-0.0000) 
  can.orb. [Down] 4   (0.9986,-0.0000)   (-0.0000,0.0000)   (0.0000,0.0000)   (1.0232,0.0000)   (2.0465,0.0000)   (2.0465,0.0000) 
  can.orb. [Down] 5   (-0.0014,0.0000)   (-0.0000,0.0000)   (-0.0000,-0.0000)   (1.6125,-0.0000)   (1.6125,-0.0000)   (1.6125,-0.0000) 
  can.orb. [Down] 6   (-1.0014,-0.0000)   (0.0000,-0.0000)   (0.0000,0.0000)   (0.3376,-0.0000)   (0.6751,-0.0000)   (0.6751,-0.0000) 
  can.orb. [Down] 7   (-0.0014,-0.0000)   (-0.0000,-0.0000)   (-0.0000,0.0000)   (1.0098,0.0000)   (0.3366,-0.0000)   (0.3366,0.0000) 
  can.orb. [Down] 8   (0.9986,-0.0000)   (0.0000,0.0000)   (0.0000,-0.0000)   (0.3376,-0.0000)   (0.6751,0.0000)   (0.6751,-0.0000) 
  can.orb. [Down] 9   (-0.0014,-0.0000)   (-0.0000,0.0000)   (0.0000,0.0000)   (0.3184,-0.0000)   (0.3184,-0.0000)   (0.3184,-0.0000) 
  can.orb. [Down] 10   (-0.0014,0.0000)   (-0.0000,0.0000)   (0.0000,0.0000)   (0.0464,-0.0000)   (0.0464,-0.0000)   (0.0464,0.0000) 



Orbital symmetry properties for SCF:
                          Inversion           Rot180X           Rot180Y           Rot180Z            ReflXY            ReflXZ            ReflYZ
  can.orb. [ Up ] 0   (0.9999,0.0000)   (0.9999,0.0000)   (1.0000,-0.0000)   (0.9999,0.0000)   (1.0000,-0.0000)   (0.9999,0.0000)   (1.0000,-0.0000) 
  can.orb. [ Up ] 1   (0.9987,-0.0000)   (0.9987,-0.0000)   (1.0000,0.0000)   (0.9987,-0.0000)   (1.0000,0.0000)   (0.9987,-0.0000)   (1.0000,-0.0000) 
  can.orb. [ Up ] 2   (-0.9994,-0.0000)   (-0.9994,-0.0000)   (0.0000,-0.0000)   (0.0003,0.0000)   (0.0000,-0.0000)   (0.0003,0.0000)   (1.0000,-0.0000) 
  can.orb. [ Up ] 3   (-0.9997,0.0000)   (0.9997,-0.0000)   (-1.0000,0.0000)   (-0.9997,0.0000)   (1.0000,-0.0000)   (0.9997,-0.0000)   (-1.0000,0.0000) 
  can.orb. [ Up ] 4   (-0.9994,-0.0000)   (-0.9994,-0.0000)   (-0.0000,0.0000)   (0.0003,0.0000)   (-0.0000,0.0000)   (0.0003,0.0000)   (1.0000,0.0000) 
  can.orb. [ Up ] 5   (0.9996,-0.0000)   (0.9996,-0.0000)   (1.0000,-0.0000)   (0.9996,-0.0000)   (1.0000,-0.0000)   (0.9996,-0.0000)   (1.0000,-0.0000) 
  can.orb. [ Up ] 6   (-0.9998,0.0000)   (-0.9998,0.0000)   (-0.0000,-0.0000)   (0.0001,-0.0000)   (-0.0000,-0.0000)   (0.0001,-0.0000)   (1.0000,0.0000) 
  can.orb. [ Up ] 7   (-0.9999,-0.0000)   (0.9999,0.0000)   (-1.0000,0.0000)   (-0.9999,-0.0000)   (1.0000,-0.0000)   (0.9999,0.0000)   (-1.0000,0.0000) 
  can.orb. [ Up ] 8   (-0.9998,0.0000)   (-0.9998,0.0000)   (0.0000,-0.0000)   (0.0001,-0.0000)   (0.0000,-0.0000)   (0.0001,-0.0000)   (1.0000,-0.0000) 
  can.orb. [ Up ] 9   (0.9999,-0.0000)   (0.9999,-0.0000)   (1.0000,0.0000)   (0.9999,-0.0000)   (1.0000,0.0000)   (0.9999,-0.0000)   (1.0000,0.0000) 
  can.orb. [ Up ] 10   (1.0000,-0.0000)   (1.0000,-0.0000)   (1.0000,0.0000)   (1.0000,-0.0000)   (1.0000,0.0000)   (1.0000,-0.0000)   (1.0000,0.0000) 



Orbital properties for SCF:
                           Lcoord_x          Lcoord_y          Lcoord_z               x^2               y^2               z^2
  can.orb. [ Up ] 0   (-0.0014,-0.0000)   (-0.0000,-0.0000)   (-0.0000,-0.0000)   (0.3939,-0.0000)   (0.3939,-0.0000)   (0.3939,-0.0000) 
  can.orb. [ Up ] 1   (-0.0014,0.0000)   (0.0000,0.0000)   (0.0000,0.0000)   (4.8185,-0.0000)   (4.8185,-0.0000)   (4.8185,-0.0000) 
  can.orb. [ Up ] 2   (-1.0014,0.0000)   (0.0000,0.0000)   (-0.0000,0.0000)   (1.0232,0.0000)   (2.0465,0.0000)   (2.0465,-0.0000) 
  can.orb. [ Up ] 3   (-0.0014,-0.0000)   (-0.0000,0.0000)   (0.0000,0.0000)   (3.0727,-0.0000)   (1.0242,-0.0000)   (1.0242,-0.0000) 
  can.orb. [ Up ] 4   (0.9986,-0.0000)   (0.0000,-0.0000)   (-0.0000,0.0000)   (1.0232,-0.0000)   (2.0465,0.0000)   (2.0465,0.0000) 
  can.orb. [ Up ] 5   (-0.0014,-0.0000)   (-0.0000,-0.0000)   (-0.0000,-0.0000)   (1.6125,0.0000)   (1.6125,0.0000)   (1.6125,-0.0000) 
  can.orb. [ Up ] 6   (-1.0014,-0.0000)   (-0.0000,0.0000)   (-0.0000,-0.0000)   (0.3376,-0.0000)   (0.6751,-0.0000)   (0.6751,-0.0000) 
  can.orb. [ Up ] 7   (-0.0014,-0.0000)   (-0.0000,-0.0000)   (-0.0000,-0.0000)   (1.0098,0.0000)   (0.3366,-0.0000)   (0.3366,-0.0000) 
  can.orb. [ Up ] 8   (0.9986,-0.0000)   (0.0000,0.0000)   (0.0000,0.0000)   (0.3376,-0.0000)   (0.6751,-0.0000)   (0.6751,0.0000) 
  can.orb. [ Up ] 9   (-0.0014,0.0000)   (-0.0000,0.0000)   (0.0000,0.0000)   (0.3184,0.0000)   (0.3184,0.0000)   (0.3184,0.0000) 
  can.orb. [ Up ] 10   (-0.0014,0.0000)   (-0.0000,-0.0000)   (-0.0000,0.0000)   (0.0464,-0.0000)   (0.0464,-0.0000)   (0.0464,-0.0000) 


RSP: done run scf2
Number of alpha MOs = 1
Number of beta  MOs = 1


RSP: Hartree-Fock orbitals have been obtained. 
RSP: Hartree-Fock final energy = -2.847805713418359
Entering response module
No. of electrons: (2.000000000000004,-6.603332785529322e-33)
DevINFO: screened away 93 out of 637 symmetry unique quadruples ABCD.
Recomputed final SCF electronic energy (-2.84780571341834,-9.657107508688956e-33) (-1.821994951312102,-9.666750277834708e-33) (1.025810762106238,-9.642769145751429e-36)
unit_vectors():   MO Single-transition excitations in total.
Constructing start guesses for RPA-solver using the 100 lowest ones.
(No spin mixing allowed for UHF excitation operator)
(spin down)1 <- 0 : 1.132026252224095
(spin down)2 <- 0 : 1.362896541046908
(spin down)3 <- 0 : 1.45265921091491
(spin down)4 <- 0 : 1.562896541046908
(spin down)5 <- 0 : 2.369513407742609
(spin down)6 <- 0 : 3.845579470615522
(spin down)7 <- 0 : 3.942208672292671
(spin down)8 <- 0 : 4.045579470615521
(spin down)9 <- 0 : 9.718723338678295
(spin down)10 <- 0 : 63.39725479254228
(spin up)1 <- 0 : 1.132026252224086
(spin up)2 <- 0 : 1.36289654104691
(spin up)3 <- 0 : 1.452659210914909
(spin up)4 <- 0 : 1.56289654104691
(spin up)5 <- 0 : 2.369513407742611
(spin up)6 <- 0 : 3.845579470615521
(spin up)7 <- 0 : 3.942208672292667
(spin up)8 <- 0 : 4.04557947061552
(spin up)9 <- 0 : 9.718723338678272
(spin up)10 <- 0 : 63.39725479254236
Made 20 starting vectors 
DevINFO: screened away 95 out of 637 symmetry unique quadruples ABCD.
DevINFO: screened away 136 out of 637 symmetry unique quadruples ABCD.
DevINFO: screened away 159 out of 637 symmetry unique quadruples ABCD.
DevINFO: screened away 133 out of 637 symmetry unique quadruples ABCD.
DevINFO: screened away 88 out of 637 symmetry unique quadruples ABCD.
DevINFO: screened away 151 out of 637 symmetry unique quadruples ABCD.
DevINFO: screened away 166 out of 637 symmetry unique quadruples ABCD.
DevINFO: screened away 154 out of 637 symmetry unique quadruples ABCD.
DevINFO: screened away 88 out of 637 symmetry unique quadruples ABCD.
DevINFO: screened away 97 out of 637 symmetry unique quadruples ABCD.
DevINFO: screened away 90 out of 637 symmetry unique quadruples ABCD.
DevINFO: screened away 130 out of 637 symmetry unique quadruples ABCD.
DevINFO: screened away 141 out of 637 symmetry unique quadruples ABCD.
DevINFO: screened away 126 out of 637 symmetry unique quadruples ABCD.
DevINFO: screened away 86 out of 637 symmetry unique quadruples ABCD.
DevINFO: screened away 144 out of 637 symmetry unique quadruples ABCD.
DevINFO: screened away 165 out of 637 symmetry unique quadruples ABCD.
DevINFO: screened away 146 out of 637 symmetry unique quadruples ABCD.
DevINFO: screened away 85 out of 637 symmetry unique quadruples ABCD.
DevINFO: screened away 94 out of 637 symmetry unique quadruples ABCD.
The Davidson solver is about to start.
-------
Davidson step #0, 40 RPA trial vectors already in subspace.
The Davidson solver converged to a solution. 1 iterations and 0 restarts were needed.
==============================================================================================================
The Final eigenvalues from the Davidson method
==============================================================================================================
(RSP) 	 Excitation Energy 	0.771586889118608	0.8446492970228306	0.862334043917287	0.9349505292410982	0.9466691639512383	1.036514192463311	1.044649297022831	1.14666916395124	1.638217915341912	1.949859677158765	
==============================================================================================================
Root: 0	 with energy 0.771586889118608
==============================================================================================================
1 Up <-- Up 0 C^2 :  0.4813357056281281 C : (0.5417059484972818,-0.4334632291103692)
1 Down <-- Down 0 C^2 :  0.4813357056281215 C : (-0.5417059484972816,0.4334632291103618)
==============================================================================================================
Root: 1	 with energy 0.8446492970228306
==============================================================================================================
2 Up <-- Up 0 C^2 :  0.4966458768893978 C : (-0.7026743257595507,-0.05380212642413629)
2 Down <-- Down 0 C^2 :  0.4966458768894049 C : (0.7045877749007765,0.0142107125007038)
==============================================================================================================
Root: 2	 with energy 0.862334043917287
==============================================================================================================
1 Up <-- Up 0 C^2 :  0.49927009532252 C : (0.5313297150666195,0.4657883953145945)
1 Down <-- Down 0 C^2 :  0.4992700953225161 C : (0.5313297150666214,0.4657883953145881)
==============================================================================================================
Root: 3	 with energy 0.9349505292410982
==============================================================================================================
3 Up <-- Up 0 C^2 :  0.4966770470235659 C : (0.1624042736970325,-0.6857856071021797)
3 Down <-- Down 0 C^2 :  0.4966770470235845 C : (0.1871432354473885,-0.6794515850668594)
==============================================================================================================
Root: 4	 with energy 0.9466691639512383
==============================================================================================================
2 Up <-- Up 0 C^2 :  0.499557456139979 C : (-0.6887061819012622,0.1588749544483477)
2 Down <-- Down 0 C^2 :  0.499557456139971 C : (-0.678684425952729,0.1973446379033025)
==============================================================================================================
Root: 5	 with energy 1.036514192463311
==============================================================================================================
3 Up <-- Up 0 C^2 :  0.4995566729954262 C : (0.1456150150035612,-0.6916306387089417)
3 Down <-- Down 0 C^2 :  0.499556672995403 C : (-0.1705767606955961,0.6859010436688373)
==============================================================================================================
Root: 6	 with energy 1.044649297022831
==============================================================================================================
4 Up <-- Up 0 C^2 :  0.4966458768893949 C : (-0.5152904131870828,-0.4807511486901311)
4 Down <-- Down 0 C^2 :  0.4966458768894079 C : (0.4908659252941464,0.505664434456814)
==============================================================================================================
Root: 7	 with energy 1.14666916395124
==============================================================================================================
4 Up <-- Up 0 C^2 :  0.499557456139981 C : (0.4798735241793021,0.5189208580619186)
4 Down <-- Down 0 C^2 :  0.4995574561399689 C : (0.4536033671658881,0.5420345389693699)
==============================================================================================================
Root: 8	 with energy 1.638217915341912
==============================================================================================================
5 Up <-- Up 0 C^2 :  0.4810616403355792 C : (-0.6450736711435061,-0.2548364164184916)
5 Down <-- Down 0 C^2 :  0.4810616403355839 C : (0.6450736711435099,0.2548364164184912)
==============================================================================================================
Root: 9	 with energy 1.949859677158765
==============================================================================================================
5 Up <-- Up 0 C^2 :  0.4985896756288703 C : (0.696597351689619,-0.1155067324785855)
5 Down <-- Down 0 C^2 :  0.4985896756288742 C : (0.6965973516896219,-0.1155067324785853)
==============================================================================================================
==============================================================================================================
(RSP) Transition Dipole Moment, <1| coordinate |2>  |  Roots  |              Dipole Moment
==============================================================================================================
(RSP) Transition Dipole Moment, <1|x|2>             |    0    |     (-1.837845268133623e-16,1.545404189774953e-16)
(RSP) Transition Dipole Moment, <1|x|2>             |    1    |     (1.018982632655606e-15,-5.980925184294136e-16)
(RSP) Transition Dipole Moment, <1|x|2>             |    2    |     (-1.31214657860985e-16,-1.589023558507854e-16)
(RSP) Transition Dipole Moment, <1|x|2>             |    3    |     (-3.953434801751143e-15,6.83481049534862e-15)
(RSP) Transition Dipole Moment, <1|x|2>             |    4    |     (5.366038276693373e-16,-1.01019692817353e-15)
(RSP) Transition Dipole Moment, <1|x|2>             |    5    |     (0.1886393463688032,-0.770263503219763)
(RSP) Transition Dipole Moment, <1|x|2>             |    6    |     (-1.312992978406799e-14,3.554195247702571e-14)
(RSP) Transition Dipole Moment, <1|x|2>             |    7    |     (1.707705127910412e-15,1.323269268368577e-15)
(RSP) Transition Dipole Moment, <1|x|2>             |    8    |     (1.631838882283638e-16,5.041553410119829e-17)
(RSP) Transition Dipole Moment, <1|x|2>             |    9    |     (-1.14011073003266e-16,1.572084968495832e-17)

(RSP) Transition Dipole Moment, <1|y|2>             |    0    |     (-1.618585179966702e-16,-1.442925152020592e-16)
(RSP) Transition Dipole Moment, <1|y|2>             |    1    |     (7.180670988371496e-16,-2.123301534595612e-15)
(RSP) Transition Dipole Moment, <1|y|2>             |    2    |     (1.242496737551961e-16,-1.376754010675416e-16)
(RSP) Transition Dipole Moment, <1|y|2>             |    3    |     (9.202000210282913e-15,5.437976047021464e-15)
(RSP) Transition Dipole Moment, <1|y|2>             |    4    |     (0.1326226894646205,0.5453144365583407)
(RSP) Transition Dipole Moment, <1|y|2>             |    5    |     (4.075038790947834e-16,7.659364743477641e-16)
(RSP) Transition Dipole Moment, <1|y|2>             |    6    |     (2.269018306577664e-15,-2.30891694652513e-15)
(RSP) Transition Dipole Moment, <1|y|2>             |    7    |     (0.4225695770067826,-0.3693122866465171)
(RSP) Transition Dipole Moment, <1|y|2>             |    8    |     (1.242246163999678e-17,-1.353173839124e-16)
(RSP) Transition Dipole Moment, <1|y|2>             |    9    |     (1.266532502238062e-16,-1.725196088776785e-17)

(RSP) Transition Dipole Moment, <1|z|2>             |    0    |     (-3.351261755344854e-15,2.507606883296738e-15)
(RSP) Transition Dipole Moment, <1|z|2>             |    1    |     (-2.006788811417733e-15,-9.868158260320873e-16)
(RSP) Transition Dipole Moment, <1|z|2>             |    2    |     (-6.345610511961182e-16,-5.426895926048549e-16)
(RSP) Transition Dipole Moment, <1|z|2>             |    3    |     (5.342319764014381e-15,-6.27660111822765e-15)
(RSP) Transition Dipole Moment, <1|z|2>             |    4    |     (0.5453144365583418,-0.1326226894646209)
(RSP) Transition Dipole Moment, <1|z|2>             |    5    |     (-1.078714494446052e-15,2.836738484364568e-15)
(RSP) Transition Dipole Moment, <1|z|2>             |    6    |     (3.011628764833168e-15,3.423599162984746e-15)
(RSP) Transition Dipole Moment, <1|z|2>             |    7    |     (0.3693122866465178,0.4225695770067825)
(RSP) Transition Dipole Moment, <1|z|2>             |    8    |     (5.060161963482575e-16,2.332977586689462e-16)
(RSP) Transition Dipole Moment, <1|z|2>             |    9    |     (-2.249485143867322e-16,6.118636107686407e-17)


==============================================================================================================
(RSP) Transition Moment, <1| pi_coordinate |2>      |  Roots  |              Dipole Moment
==============================================================================================================
(RSP) Transition Moment, <1|pi_x|2>                 |    0    |     (1.250506206216993e-16,1.020880467633348e-16)
(RSP) Transition Moment, <1|pi_x|2>                 |    1    |     (-3.042641154340157e-16,-9.919205197483842e-16)
(RSP) Transition Moment, <1|pi_x|2>                 |    2    |     (-2.540211888141031e-16,1.465493677425502e-16)
(RSP) Transition Moment, <1|pi_x|2>                 |    3    |     (6.36730251857287e-15,4.026076347307672e-15)
(RSP) Transition Moment, <1|pi_x|2>                 |    4    |     (-7.005389111684685e-16,-8.136040076734616e-16)
(RSP) Transition Moment, <1|pi_x|2>                 |    5    |     (-0.7984892189180919,-0.195551890631731)
(RSP) Transition Moment, <1|pi_x|2>                 |    6    |     (3.662222021784594e-14,1.334640230780857e-14)
(RSP) Transition Moment, <1|pi_x|2>                 |    7    |     (1.315569770805142e-15,-1.61008716599547e-15)
(RSP) Transition Moment, <1|pi_x|2>                 |    8    |     (7.96115929426337e-17,-3.277961259711698e-16)
(RSP) Transition Moment, <1|pi_x|2>                 |    9    |     (1.101178437011943e-18,2.56135571925786e-17)

(RSP) Transition Moment, <1|pi_y|2>                 |    0    |     (4.956760742024316e-17,-7.826960144572595e-17)
(RSP) Transition Moment, <1|pi_y|2>                 |    1    |     (-2.058899925549973e-15,-3.097159030976404e-16)
(RSP) Transition Moment, <1|pi_y|2>                 |    2    |     (-4.573537298054929e-18,-1.869892738064299e-16)
(RSP) Transition Moment, <1|pi_y|2>                 |    3    |     (5.041214657558437e-15,-8.850346131536211e-15)
(RSP) Transition Moment, <1|pi_y|2>                 |    4    |     (0.5113115036138802,-0.1243530378389621)
(RSP) Transition Moment, <1|pi_y|2>                 |    5    |     (1.098320357633165e-15,-1.038974758532448e-15)
(RSP) Transition Moment, <1|pi_y|2>                 |    6    |     (-2.781845934163307e-15,-2.349032426907094e-15)
(RSP) Transition Moment, <1|pi_y|2>                 |    7    |     (-0.4201463770804508,-0.4807342816995139)
(RSP) Transition Moment, <1|pi_y|2>                 |    8    |     (-3.06621196347174e-16,-2.013506394207392e-16)
(RSP) Transition Moment, <1|pi_y|2>                 |    9    |     (-8.468612686474219e-18,-1.252896355501564e-16)

(RSP) Transition Moment, <1|pi_z|2>                 |    0    |     (1.087133576970214e-15,1.348341102247614e-15)
(RSP) Transition Moment, <1|pi_z|2>                 |    1    |     (-5.370188885592264e-16,2.370499629922307e-15)
(RSP) Transition Moment, <1|pi_z|2>                 |    2    |     (-4.577679612059502e-16,3.914410848776623e-16)
(RSP) Transition Moment, <1|pi_z|2>                 |    3    |     (-6.025510464345298e-15,-5.275210790272587e-15)
(RSP) Transition Moment, <1|pi_z|2>                 |    4    |     (-0.1243530378389626,-0.5113115036138809)
(RSP) Transition Moment, <1|pi_z|2>                 |    5    |     (3.065115990581318e-15,1.187522238274072e-15)
(RSP) Transition Moment, <1|pi_z|2>                 |    6    |     (3.960482115872299e-15,-2.852210655157617e-15)
(RSP) Transition Moment, <1|pi_z|2>                 |    7    |     (0.4807342816995142,-0.4201463770804527)
(RSP) Transition Moment, <1|pi_z|2>                 |    8    |     (-6.514089735951045e-18,3.653646800148862e-16)
(RSP) Transition Moment, <1|pi_z|2>                 |    9    |     (1.067760821927925e-17,-1.351279114450011e-16)


==============================================================================================================
(RSP) Electric Dipole Oscillator Strength
(length gauge):            	9.065490426047416e-30	6.431203015898378e-30	4.449870542311634e-31	1.524148715191411e-28	0.3975462840228512	0.4345694015055466	1.021594529567337e-27	0.4815347140174577	3.911147575731234e-31	1.091010844300831e-31	
(magnetic-velocity gauge): 	2.621891662673188e-30	8.933990817670882e-30	3.739981584194531e-31	1.601717040644062e-28	0.3900033820923859	0.4346784505040217	9.932460058046877e-28	0.4739855116481944	1.554049365342825e-31	1.189830607113686e-32	
(mixed gauge):             	(4.842009568017355e-30,1.77396407909329e-31)	(7.382547278714948e-30,1.199433803306107e-30)	(3.86850790006912e-31,-7.551369475471838e-32)	(1.561950776858274e-28,-1.017487916269863e-30)	(0.3937567717604005,-1.757853122323167e-16)	(0.4346239225846767,3.700743415417207e-17)	(1.007176324977374e-27,3.477097436501232e-30)	(0.4777452017550062,5.551115123125775e-17)	(-5.660200806606249e-32,-6.789672685105049e-32)	(-7.194345735685091e-33,6.202574912994326e-33)	

