
Running the London Hartree-Fock program at /home/sangita.sen/packages/london/london.x.
Founded by Erik Tellgren, Alessandro Soncini and Trygve Helgaker.
Programming by:
  Erik Tellgren (main programmer)
  Kai Kaarvann Lange
  Andrew M. Teale
  Ulf Ekstrom
  Stella Stopkowicz
  Jon H. Austad


Basis file /home/sangita.sen/packages/london/baslib/aug-cc-pVDZ opened for reading.
User input successfully read from file_x4.inp.

london-input{
  analysis{
    analysis-only = no
    xml-print-potential-basis-overlap = no
    xml-print-potential-basis-kinetic = no
    export-operators = no
    # decypher-density-matrix-file = binary-file, plain-text-file
    # density-matrix-binary-to-text = binary-input-file, text-output-file
    # density-matrix-text-to-binary = text-input-file, binary-output-file
    # density-matrix-for-plotting = filename
    # density-plot-data = {filename,(x0,y0,z0),(x1,y1,z1),(x2,y2,z2),(x3,y3,z3),(N1xN2xN3),precision=N,scolon={y/n},fields{rho,grad(rho),jp,j,A,B,rho2nu,rho2omega,tau_p,tau_pi,laplacian(rho),grad(rho)^2,jp^2,tau_tensor}}
    # streamline-data = {filename,(x0,y0,z0),(x1,y1,z1),(x2,y2,z2),(x3,y3,z3),(N1xN2xN3),precision=N,scolon={y/n},fields{rho,grad(rho),jp,j,A,B,rho2nu,rho2omega,tau_p,tau_pi,laplacian(rho),grad(rho)^2,jp^2,tau_tensor}}
    # vortexline-data = {filename,(x0,y0,z0),(x1,y1,z1),(x2,y2,z2),(x3,y3,z3),(N1xN2xN3),precision=N,scolon={y/n},fields{rho,grad(rho),jp,j,A,B,rho2nu,rho2omega,tau_p,tau_pi,laplacian(rho),grad(rho)^2,jp^2,tau_tensor}}
    # current-through-plane = {density_matrix_file,(x0,y0,z0),(x1,y1,z1),(x2,y2,z2),(x3,y3,z3),(N1xN2xN3),precision=N,scolon={y/n},fields{rho,grad(rho),jp,j,A,B,rho2nu,rho2omega,tau_p,tau_pi,laplacian(rho),grad(rho)^2,jp^2,tau_tensor}}
    # linearly-combine-density-matrices = file : 0.6 * infile1, 0.4 * infile2, ...
    # spin-rotate-2c-density-matrix = file : infile, angle_degrees, (ux, uy, uz)
    linear-dependence-tol = 1e-06
    # overlap-for-ci-state-files = file1, file2
  }

  scf{
    spin-symmetry-constraint = Unrestricted Hartree-Fock
    linear-dependence-tol = 1e-10
    uhf-spin-projection = 0
    disable-spin-zeeman-in-fock-matrix = no
    noisy-init-guess = no
    # density-matrix-input-file = 
    # density-matrix-output-file = 
    # density-plot-data = {filename,(x0,y0,z0),(x1,y1,z1),(x2,y2,z2),(x3,y3,z3),(N1xN2xN3),precision=N,scolon={y/n},fields{rho,grad(rho),jp,j,A,B,rho2nu,rho2omega,tau_p,tau_pi,laplacian(rho),grad(rho)^2,jp^2,tau_tensor}}
    # molecular-orbitals-to-plot = (1,2,3,...)
    min-scf-iterations = 0
    max-scf-iterations = 160
    use-density-fitting = no
    use-admm = no
    analyze-using-dft-grid = no

    diis{
      convergence-tolerance = 1e-10
      subspace-dimension = 7
      diagonalization-temperature = 0
    }
  }

  casscf{
    max-active-orbitals = 2000
    number-of-frozen-orbitals = 0
    number-of-states-in-casscf-optimization = 1
    number-of-ci-states = 1
    spin-projection = default
    num-1exc-init-vec = 0
    num-2exc-init-vec = 0
    use-noisy-init-vec = no
    ci-max-subspace-dim = default
    ci-convergence-tol = 1e-06
    # density-matrix-input-file = 
    # density-matrix-output-file = 
    # ci-states-output-file = 
    # density-plot-data = {filename,(x0,y0,z0),(x1,y1,z1),(x2,y2,z2),(x3,y3,z3),(N1xN2xN3),precision=N,scolon={y/n},fields{rho,grad(rho),jp,j,A,B,rho2nu,rho2omega,tau_p,tau_pi,laplacian(rho),grad(rho)^2,jp^2,tau_tensor}}
    # analysis-weights = (w0, w1, ...)
  }

  mp2{
    spin-projection = default
    number-of-weights = 8
    basis-functions-per-block = 20
    cs-tolerance = 0
    print-mp2-components = 0
    # density-matrix-input-file = 
    # density-matrix-output-file = 
    #property-request = relaxed-density-matrix
  }

  rsp{
    number-of-roots-requested = 10
    root-selection-method = energy
    excitation-basis = MObasis
    starting-guess = UnitGuess
    solver_choice = GenEig
    method_choice = RPA
    precondition = false
    initial-subspace-dimension = 100
    maximum-subspace-dimension = 800
    convergence-tolerance = 1e-10
    max-rsp-iterations = 200
    # density-matrix-input-file = 
    # density-matrix-output-file = 
  }

  coupled-cluster{
    truncation-level = CCSD
    property-request = off
    spin-projection = default
    max-it = 150
    write-t-amplitudes = yes
    read-t-amplitudes = no
    # density-matrix-output-file = 
    # memory-in-gb = 
    # interface = 
    # molecular-orbitals-to-freeze = (1,3,5,...)
    diis{
      convergence-tolerance = 1e-06
      subspace-dimension = 7
      diagonalization-temperature = 0
    }
  }

  finite-difference{
    run-finite-difference = false
    run-type = gradient
    use-ref-density = false
    step-size = 0.0005
  }

  system{
    molecular-charge = 0
    correlation-model = RSP

    hamiltonian{
      electron-mass = 1
      speed-of-light = 137.036
      adiabatic-connection-lambda = 1
      nuclear-charge-distribution = point charge

      magnetic-field = (0.4, 0, 0)
      gauge-origin = (0, 0, 0.1173)

      linear-magnetic-field = {(0, 0, 0), (0, 0, 0), (0, 0, 0)}
      linear-magnetic-origin = (0, 0, 0)

      electric-field = (0, 0, 0)
      electric-origin = (0, 0, 0)
      linear-electric-field = {(0, 0, 0), (0, 0, 0), (0, 0, 0)}

      include-basis-expanded-scalar-potential = no
      scalar-potential-coefficients = (empty)
      include-basis-expanded-vector-potential = no
      vector-potential-coefficients-x = (empty)
      vector-potential-coefficients-y = (empty)
      vector-potential-coefficients-z = (empty)
      include-repulsion-from-external-density = no
      external-charge-density-scale-factor = 1
      include-coulomb-distance-to-external-density = no
      external-charge-density-distance-factor = 1
      # external-charge-density-file = filename
      # lieb-ref-density-file = filename
      # potential-plot-data = {filename,(x0,y0,z0),(x1,y1,z1),(x2,y2,z2),(x3,y3,z3),(N1xN2xN3),precision=N,scolon={y/n},fields{rho,grad(rho),jp,j,A,B,rho2nu,rho2omega,tau_p,tau_pi,laplacian(rho),grad(rho)^2,jp^2,tau_tensor}}

      integral{
        use-coulomb-integral-permutation-symmetry = yes
        use-cauchy-schwarz-screening = yes
        cauchy-schwarz-tol = 1e-15
        boys-function-tol = 1e-17
      }

      dft{
        # xc-functional = 0.7 * lda + 0.54 * lyp
        # xc-fun-parameter = {param1 = 0.1, param2 = 0.2, param3 = 0.3}
        jp-functional = none
        vrg-functional = none
        tau-correction = none
        vrg-hard-rs-cutoff = 62035.049
        vrg-soft-density-cutoff = 1e-14
        exact-exchange-fraction = default
        # gridfile = 
        radial-grid-type = LMG
        allow-grid-pruning = yes
        gc2-radial-grid-threshold = 1e-13
        lebedev-angular-target-degree = 35
        lebedev-angular-minimal-degree = 15
        weight-screen-threshold = 1e-20
        becke-hardness = 3
        allow-becke-atom-size-correction = yes
      }
    }

    # data on state flags lost, output incomplete here
    use-london-orbitals = yes
    gto-contraction-type = all, normalizedprimitive
    basis = aug-cc-pVDZ
    # density-fitting-basis = 
    # admm-basis = 
    # scalar-potential-basis = 
    # vector-potential-basis = 
    # if you really want to: # orbital-wave-vector-offset = (0, 0, 0)
    charge = 2
    He            0            0            0
  }
}

Basis set information:
The orbital basis consists of 11 basis functions formed from linear combinations of 11 primitive basis functions.
The density-fitting basis consists of 0 basis functions formed from linear combinations of 0 primitive basis functions.
The scalar potential basis consists of 0 basis functions formed from linear combinations of 0 primitive basis functions.
The vector potential basis consists of 0 basis functions formed from linear combinations of 0 primitive basis functions.
UHF Spin type 2

RSP: Running Hartree-Fock to determine orbital space.
RSP: run scf2


SCF: Running SCF optimization.

SCF: The SCF basis contains 11 basis functions.
 Fock build F = F(D) performed in 0 seconds (with 0 seconds used for Coulomb and exchange).
SCF-SD: Initial density by diagonalizing the one-electron part of the Fock matrix.
Initial trace: Tr(D) = (2,6.01853e-35)

SCF iteration 1:       [wall time: Tue Dec 14 18:52:50 2021]
SCF: using a fraction 1 of Hartree-Fock exchange.
DevINFO: screened away 102 out of 637 symmetry unique quadruples ABCD.
 Fock build F = F(D) performed in 0 seconds (with 0 seconds used for Coulomb and exchange).
 Total energy: -2.714937522 Hartree
 Fock matrix inversion D = D(Fmix) performed in 0 seconds.
  Nuclear repulsion:  0
  Kinetic:            4.040598303
  Nuclear attraction: -8.010005069
  Spin Zeeman effect: 0
  Coulomb:            2.508938487
  Exchange:           -1.254469244
  Total:              -2.714937522

 Ehomo(Down) = -0.9792011353, Elumo(Down) = 0.1654627217
 Ehomo( Up ) = -0.5792011353, Elumo( Up ) = 0.5654627217
 DIIS error norm: 1.06309014

SCF iteration 2:       [wall time: Tue Dec 14 18:52:50 2021]
SCF: using a fraction 1 of Hartree-Fock exchange.
DevINFO: screened away 100 out of 637 symmetry unique quadruples ABCD.
 Fock build F = F(D) performed in 0 seconds (with 0 seconds used for Coulomb and exchange).
 Total energy: -2.8233496 Hartree
 Fock matrix inversion D = D(Fmix) performed in 0 seconds.
  Nuclear repulsion:  0
  Kinetic:            3.019747857
  Nuclear attraction: -6.901432548
  Spin Zeeman effect: -8.881784197e-17
  Coulomb:            2.116670181
  Exchange:           -1.058335091
  Total:              -2.8233496

 Ehomo(Down) = -1.089013335, Elumo(Down) = 0.1645239125
 Ehomo( Up ) = -0.6890133354, Elumo( Up ) = 0.5645239125
 DIIS error norm: 0.09143724229

SCF iteration 3:       [wall time: Tue Dec 14 18:52:50 2021]
SCF: using a fraction 1 of Hartree-Fock exchange.
DevINFO: screened away 102 out of 637 symmetry unique quadruples ABCD.
 Fock build F = F(D) performed in 0 seconds (with 0 seconds used for Coulomb and exchange).
 Total energy: -2.824534556 Hartree
 Fock matrix inversion D = D(Fmix) performed in 0 seconds.
  Nuclear repulsion:  0
  Kinetic:            2.934970109
  Nuclear attraction: -6.797660407
  Spin Zeeman effect: 8.881784197e-17
  Coulomb:            2.076311484
  Exchange:           -1.038155742
  Total:              -2.824534556

 Ehomo(Down) = -1.093673796, Elumo(Down) = 0.164032774
 Ehomo( Up ) = -0.6936737956, Elumo( Up ) = 0.564032774
 DIIS error norm: 0.009739174947

SCF iteration 4:       [wall time: Tue Dec 14 18:52:50 2021]
SCF: using a fraction 1 of Hartree-Fock exchange.
DevINFO: screened away 98 out of 637 symmetry unique quadruples ABCD.
 Fock build F = F(D) performed in 0 seconds (with 0 seconds used for Coulomb and exchange).
 Total energy: -2.824544966 Hartree
 Fock matrix inversion D = D(Fmix) performed in 0 seconds.
  Nuclear repulsion:  0
  Kinetic:            2.931054081
  Nuclear attraction: -6.792359516
  Spin Zeeman effect: 4.440892099e-17
  Coulomb:            2.073520938
  Exchange:           -1.036760469
  Total:              -2.824544966

 Ehomo(Down) = -1.093938831, Elumo(Down) = 0.1640518541
 Ehomo( Up ) = -0.6939388308, Elumo( Up ) = 0.5640518541
 DIIS error norm: 0.0004740613779

SCF iteration 5:       [wall time: Tue Dec 14 18:52:50 2021]
SCF: using a fraction 1 of Hartree-Fock exchange.
DevINFO: screened away 102 out of 637 symmetry unique quadruples ABCD.
 Fock build F = F(D) performed in 0 seconds (with 0 seconds used for Coulomb and exchange).
 Total energy: -2.824545018 Hartree
 Fock matrix inversion D = D(Fmix) performed in 0 seconds.
  Nuclear repulsion:  0
  Kinetic:            2.930849176
  Nuclear attraction: -6.792085634
  Spin Zeeman effect: 1.33226763e-16
  Coulomb:            2.07338288
  Exchange:           -1.03669144
  Total:              -2.824545018

 Ehomo(Down) = -1.093926396, Elumo(Down) = 0.1640473286
 Ehomo( Up ) = -0.6939263957, Elumo( Up ) = 0.5640473286
 DIIS error norm: 2.656086483e-05

SCF iteration 6:       [wall time: Tue Dec 14 18:52:50 2021]
SCF: using a fraction 1 of Hartree-Fock exchange.
DevINFO: screened away 100 out of 637 symmetry unique quadruples ABCD.
 Fock build F = F(D) performed in 0 seconds (with 0 seconds used for Coulomb and exchange).
 Total energy: -2.824545018 Hartree
 Fock matrix inversion D = D(Fmix) performed in 0 seconds.
  Nuclear repulsion:  0
  Kinetic:            2.930855223
  Nuclear attraction: -6.792092006
  Spin Zeeman effect: 4.440892099e-17
  Coulomb:            2.073383528
  Exchange:           -1.036691764
  Total:              -2.824545018

 Ehomo(Down) = -1.093926652, Elumo(Down) = 0.1640473992
 Ehomo( Up ) = -0.6939266519, Elumo( Up ) = 0.5640473992
 DIIS error norm: 2.014001774e-07

SCF iteration 7:       [wall time: Tue Dec 14 18:52:50 2021]
SCF: using a fraction 1 of Hartree-Fock exchange.
DevINFO: screened away 96 out of 637 symmetry unique quadruples ABCD.
 Fock build F = F(D) performed in 0 seconds (with 0 seconds used for Coulomb and exchange).
 Total energy: -2.824545018 Hartree
 Fock matrix inversion D = D(Fmix) performed in 0 seconds.
  Nuclear repulsion:  0
  Kinetic:            2.930855019
  Nuclear attraction: -6.792091752
  Spin Zeeman effect: 0
  Coulomb:            2.073383431
  Exchange:           -1.036691715
  Total:              -2.824545018

 Ehomo(Down) = -1.093926651, Elumo(Down) = 0.1640473988
 Ehomo( Up ) = -0.6939266514, Elumo( Up ) = 0.5640473988
 DIIS error norm: 1.218601528e-09

SCF iteration 8:       [wall time: Tue Dec 14 18:52:50 2021]
SCF: using a fraction 1 of Hartree-Fock exchange.
DevINFO: screened away 89 out of 637 symmetry unique quadruples ABCD.
 Fock build F = F(D) performed in 0 seconds (with 0 seconds used for Coulomb and exchange).
 Total energy: -2.824545018 Hartree
 Fock matrix inversion D = D(Fmix) performed in 0 seconds.
  Nuclear repulsion:  0
  Kinetic:            2.93085502
  Nuclear attraction: -6.792091754
  Spin Zeeman effect: -8.881784197e-17
  Coulomb:            2.073383431
  Exchange:           -1.036691716
  Total:              -2.824545018

 Ehomo(Down) = -1.093926651, Elumo(Down) = 0.1640473988
 Ehomo( Up ) = -0.6939266514, Elumo( Up ) = 0.5640473988
 DIIS error norm: 1.738572417e-14

Converged SCF results:
-----------------------
(pre-RSP) Nuclear repulsion:  0
(pre-RSP) Kinetic:            2.930855019845924
(pre-RSP) Nuclear attraction: -6.792091753918278
(pre-RSP) Spin Zeeman effect: -8.881784197001253e-17
(pre-RSP) Coulomb:            2.073383431280443
(pre-RSP) Exchange:           -1.036691715640222
(pre-RSP) Total electronic:   -2.824545018432133
(pre-RSP) Total:              -2.824545018432133

(pre-RSP) E(LUMO, Down): 0.1640473987659415
(pre-RSP) E(HOMO, Down): -1.093926651395956
(pre-RSP) E(GAP, Down):  1.257974050161898

(pre-RSP) E(LUMO,  Up ): 0.5640473987659538
(pre-RSP) E(HOMO,  Up ): -0.6939266513959558
(pre-RSP) E(GAP,  Up ):  1.25797405016191

Orbital energies (Eorb), orbital contributions to the total energy (Econtrib), and reflection symmetry properties for the molecular orbitals:

Orbital analysis (pre-RSP)
    Eorb      Econtrib  Occ  Reflection(xy)  Reflection(xz)  Reflection(yz)
---------------------------------------------------------------------------
Spin Down
  -1.09393    -1.51227   1  (1.0000,0.0000)  (0.9996,0.0000)  (1.0000,0.0000)
  0.164047  -0.0570049   0  (1.0000,0.0000)  (0.9949,0.0000)  (1.0000,0.0000)
  0.215509   -0.169437   0  (0.0000,0.0000)  (0.0011,0.0000)  (1.0000,-0.0000)
  0.374716  -0.00882724   0  (1.0000,-0.0000)  (0.9989,0.0000)  (-1.0000,0.0000)
  0.615509    0.230563   0  (-0.0000,0.0000)  (0.0011,0.0000)  (1.0000,0.0000)
   1.31272    0.764399   0  (1.0000,-0.0000)  (0.9981,-0.0000)  (1.0000,-0.0000)
    2.6622     1.91303   0  (0.0000,0.0000)  (0.0004,-0.0000)  (1.0000,0.0000)
   2.84856     2.09799   0  (1.0000,-0.0000)  (0.9996,0.0000)  (-1.0000,0.0000)
    3.0622     2.31303   0  (-0.0000,-0.0000)  (0.0004,0.0000)  (1.0000,0.0000)
   8.63075     7.58433   0  (1.0000,-0.0000)  (0.9996,-0.0000)  (1.0000,-0.0000)
     62.31     60.8857   0  (1.0000,-0.0000)  (0.9999,-0.0000)  (1.0000,-0.0000)
Spin Up
 -0.693927    -1.31227   1  (1.0000,-0.0000)  (0.9996,-0.0000)  (1.0000,-0.0000)
  0.564047    0.142995   0  (1.0000,-0.0000)  (0.9949,0.0000)  (1.0000,-0.0000)
  0.615509    0.030563   0  (0.0000,0.0000)  (0.0011,-0.0000)  (1.0000,-0.0000)
  0.774716    0.191173   0  (1.0000,0.0000)  (0.9989,-0.0000)  (-1.0000,0.0000)
   1.01551    0.430563   0  (-0.0000,0.0000)  (0.0011,-0.0000)  (1.0000,-0.0000)
   1.71272    0.964399   0  (1.0000,0.0000)  (0.9981,-0.0000)  (1.0000,0.0000)
    3.0622     2.11303   0  (0.0000,0.0000)  (0.0004,-0.0000)  (1.0000,-0.0000)
   3.24856     2.29799   0  (1.0000,0.0000)  (0.9996,0.0000)  (-1.0000,-0.0000)
    3.4622     2.51303   0  (0.0000,-0.0000)  (0.0004,0.0000)  (1.0000,0.0000)
   9.03075     7.78433   0  (1.0000,0.0000)  (0.9996,0.0000)  (1.0000,0.0000)
     62.71     61.0857   0  (1.0000,-0.0000)  (0.9999,0.0000)  (1.0000,-0.0000)


Properties:
-----------
Spin-projection on field: <sigma_B> = <2 S_B> = -2.220446049250313e-16
Spin-projection squared: <sigma_B> = <4 S_B^2> = -1.554312234475219e-15
Total spin: <sigma^2> = <4 S^2> = -5.551115123125783e-15 = 4 * -1.387778780781446e-15 * (-1.387778780781446e-15 + 1)
Total spin quantum number: s = -1.387778780781446e-15


(SCF) Traces of the SCF 1-electron density matrix with simple operators
(SCF) Mechanical/kinetic momentum:
(SCF)     <PIx> = -6.417985542816285e-20
(SCF)     <PIy> = 7.626440748014499e-17
(SCF)     <PIz> = 6.07878983170656e-18
(SCF)     B x pi = (0, -2.431515932682624e-18, 3.0505762992058e-17)
(SCF) Angular momentum w.r.t. gauge origin (0, 0, 0.1173):
(SCF)     <Lx> = 0.3055912978879448
(SCF)     <Ly> = 7.528297041724658e-21
(SCF)     <Lz> = -2.795656963704404e-32
(SCF) Coordinate derivative contribution to angular momentum w.r.t. C = (0, 0, 0.1173):
(SCF)     <Lcoord_x> = -0.005503715999999928
(SCF)     <Lcoord_y> = 7.528297041724984e-21
(SCF)     <Lcoord_z> = 8.877167891894436e-18
(SCF) Dipole moment:
(SCF)     <x> = -3.783959033203123e-16
(SCF)     <y> = 2.13409835073497e-17
(SCF)     <z> = 1.515307850268564e-15
(SCF) Nuclear dipole moment:
(SCF)     <X> = 0
(SCF)     <Y> = 0
(SCF)     <Z> = 0
(SCF) Total dipole moment: (3.783959033203123e-16, -2.13409835073497e-17, -1.515307850268564e-15)
(SCF) Coordinate derivative contribution to angular momentum w.r.t. center of charge (-1.89197951660156e-16, 1.067049175367484e-17, 7.576539251342815e-16):
(SCF)     <Lambda_x> = -1.488209365943532e-31
(SCF)     <Lambda_y> = 1.190048286276358e-33
(SCF)     <Lambda_z> = -2.040454288846302e-32
(SCF) Electronic quadrupole moments w.r.t. center of electronic charge at (-1.89197951660156e-16, 1.067049175367484e-17, 7.576539251342815e-16):
(SCF)         x         y          z
(SCF) x: 0.7639782447198622  5.662374007418541e-33  -1.052791321115364e-32
(SCF) y: 5.662374007418541e-33  0.7639782447198622  1.129683875961767e-32
(SCF) z: -1.052791321115364e-32  1.129683875961767e-32  0.7639782447198622
(SCF) Magnetic quadrupole moments w.r.t. C = (0, 0, 0):
(SCF)         x         y          z
(SCF) Jx: 3.540593104777835e-17  -3.789730295063029e-18  -2.359930082293618e-16
(SCF) Jy: 1.141396282125915e-18  -1.770296552388918e-17  7.888742879185535e-21
(SCF) Jz: 1.419044688598259e-17  -7.888742879185534e-21  -1.770296552388918e-17
(SCF) Anapole moment w.r.t. C = (0, 0, 0):
(SCF)     a_x = -1.577748575837107e-20
(SCF)     a_y = -2.501834551153444e-16
(SCF)     a_z = 4.931126577188944e-18
(SCF) Hellmann-Feynman forces:
(SCF) H-F force on He at pos = (0, 0, 0):   F = (7.49806744847661e-16, -5.525934970211151e-17, -2.649782163239299e-15)
(SCF) Total H-F force on center of mass:   Ftot = (7.49806744847661e-16, -5.525934970211151e-17, -2.649782163239299e-15)
(SCF) Scaling pressure w.r.t. center of charge:   2.150069401430519e-30
(SCF) Total H-F torque w.r.t. center of charge: (-1.359298448029306e-32, -6.676066569549655e-32, -2.454149085965008e-33)
(SCF) Nuclear shielding integrals:
(SCF) He at C = (0, 0, 0):
(SCF)    <Lx/|r - C|^3> = 0.4528061169278847
(SCF)    <Ly/|r - C|^3> = 7.935377132704149e-34
(SCF)    <Lz/|r - C|^3> = -3.396450647874584e-32
 
MULLIKEN POPULATION ANALYSIS FOR SUM OF SPIN UP AND SPIN DOWN DENSITY MATRIX

(SCF) Mulliken decomposition of traces of SCF 1-electron density matrix with simple operators

(SCF) Mulliken populations:
(SCF) Nucleus #1 (He):  2.000000000000001   [narrow def.],   2.000000000000001   [wide def.]

(SCF) Total mechanical momentum: <pi> = (-6.417985542816285e-20, 7.626440748014498e-17, 6.078789831706561e-18)

(SCF) Mulliken momenta:
(SCF) Nucleus #1 (He):  (-6.417985542816285e-20, 7.626440748014498e-17, 6.078789831706561e-18)   [narrow def.],   (-6.417985542816285e-20, 7.626440748014498e-17, 6.078789831706561e-18)   [wide def.]

(SCF) Mulliken bond momenta:
(SCF) Nucleus #1 (He):   
 
MULLIKEN POPULATION ANALYSIS FOR SPIN DOWN DENSITY MATRIX:

(SCF) Mulliken decomposition of traces of SCF 1-electron density matrix with simple operators

(SCF) Mulliken populations:
(SCF) Nucleus #1 (He):  1.000000000000001   [narrow def.],   1.000000000000001   [wide def.]

(SCF) Total mechanical momentum: <pi> = (-1.730715460641724e-19, 3.648442079052311e-17, 3.081093214819464e-18)

(SCF) Mulliken momenta:
(SCF) Nucleus #1 (He):  (-1.730715460641724e-19, 3.648442079052311e-17, 3.081093214819464e-18)   [narrow def.],   (-1.730715460641724e-19, 3.648442079052311e-17, 3.081093214819464e-18)   [wide def.]

(SCF) Mulliken bond momenta:
(SCF) Nucleus #1 (He):   
 
MULLIKEN POPULATION ANALYSIS FOR SPIN UP DENSITY MATRIX:

(SCF) Mulliken decomposition of traces of SCF 1-electron density matrix with simple operators

(SCF) Mulliken populations:
(SCF) Nucleus #1 (He):  1.000000000000001   [narrow def.],   1.000000000000001   [wide def.]

(SCF) Total mechanical momentum: <pi> = (1.088916906360095e-19, 3.977998668962183e-17, 2.997696616887097e-18)

(SCF) Mulliken momenta:
(SCF) Nucleus #1 (He):  (1.088916906360095e-19, 3.977998668962183e-17, 2.997696616887097e-18)   [narrow def.],   (1.088916906360095e-19, 3.977998668962183e-17, 2.997696616887097e-18)   [wide def.]

(SCF) Mulliken bond momenta:
(SCF) Nucleus #1 (He):   
 

Orbital symmetry properties for SCF:
                          Inversion           Rot180X           Rot180Y           Rot180Z            ReflXY            ReflXZ            ReflYZ
  can.orb. [Down] 0   (0.9996,0.0000)   (0.9996,0.0000)   (1.0000,0.0000)   (0.9996,0.0000)   (1.0000,0.0000)   (0.9996,0.0000)   (1.0000,0.0000) 
  can.orb. [Down] 1   (0.9949,0.0000)   (0.9949,0.0000)   (1.0000,-0.0000)   (0.9949,0.0000)   (1.0000,-0.0000)   (0.9949,0.0000)   (1.0000,-0.0000) 
  can.orb. [Down] 2   (-0.9978,-0.0000)   (-0.9978,-0.0000)   (0.0000,0.0000)   (0.0011,0.0000)   (0.0000,0.0000)   (0.0011,0.0000)   (1.0000,0.0000) 
  can.orb. [Down] 3   (-0.9989,0.0000)   (0.9989,-0.0000)   (-1.0000,0.0000)   (-0.9989,0.0000)   (1.0000,-0.0000)   (0.9989,-0.0000)   (-1.0000,0.0000) 
  can.orb. [Down] 4   (-0.9978,0.0000)   (-0.9978,0.0000)   (-0.0000,-0.0000)   (0.0011,0.0000)   (-0.0000,-0.0000)   (0.0011,0.0000)   (1.0000,-0.0000) 
  can.orb. [Down] 5   (0.9981,-0.0000)   (0.9981,-0.0000)   (1.0000,0.0000)   (0.9981,-0.0000)   (1.0000,0.0000)   (0.9981,-0.0000)   (1.0000,0.0000) 
  can.orb. [Down] 6   (-0.9992,-0.0000)   (-0.9992,-0.0000)   (0.0000,-0.0000)   (0.0004,-0.0000)   (0.0000,-0.0000)   (0.0004,-0.0000)   (1.0000,0.0000) 
  can.orb. [Down] 7   (-0.9996,0.0000)   (0.9996,-0.0000)   (-1.0000,-0.0000)   (-0.9996,0.0000)   (1.0000,0.0000)   (0.9996,-0.0000)   (-1.0000,-0.0000) 
  can.orb. [Down] 8   (-0.9992,-0.0000)   (-0.9992,-0.0000)   (-0.0000,0.0000)   (0.0004,-0.0000)   (-0.0000,0.0000)   (0.0004,-0.0000)   (1.0000,-0.0000) 
  can.orb. [Down] 9   (0.9996,0.0000)   (0.9996,0.0000)   (1.0000,0.0000)   (0.9996,0.0000)   (1.0000,0.0000)   (0.9996,0.0000)   (1.0000,0.0000) 
  can.orb. [Down] 10   (0.9999,0.0000)   (0.9999,0.0000)   (1.0000,-0.0000)   (0.9999,0.0000)   (1.0000,-0.0000)   (0.9999,0.0000)   (1.0000,-0.0000) 



Orbital properties for SCF:
                           Lcoord_x          Lcoord_y          Lcoord_z               x^2               y^2               z^2
  can.orb. [Down] 0   (-0.0028,-0.0000)   (0.0000,0.0000)   (0.0000,0.0000)   (0.3820,0.0000)   (0.3820,0.0000)   (0.3820,0.0000) 
  can.orb. [Down] 1   (-0.0028,-0.0000)   (0.0000,-0.0000)   (-0.0000,-0.0000)   (4.6882,-0.0000)   (4.6882,-0.0000)   (4.6882,0.0000) 
  can.orb. [Down] 2   (-1.0028,-0.0000)   (0.0000,0.0000)   (-0.0000,-0.0000)   (1.0178,0.0000)   (2.0356,-0.0000)   (2.0356,0.0000) 
  can.orb. [Down] 3   (-0.0028,-0.0000)   (-0.0000,0.0000)   (-0.0000,0.0000)   (3.0655,0.0000)   (1.0218,-0.0000)   (1.0218,-0.0000) 
  can.orb. [Down] 4   (0.9972,-0.0000)   (0.0000,-0.0000)   (0.0000,0.0000)   (1.0178,-0.0000)   (2.0356,-0.0000)   (2.0356,0.0000) 
  can.orb. [Down] 5   (-0.0028,-0.0000)   (-0.0000,-0.0000)   (-0.0000,-0.0000)   (1.7513,-0.0000)   (1.7513,0.0000)   (1.7513,0.0000) 
  can.orb. [Down] 6   (-1.0028,-0.0000)   (0.0000,0.0000)   (-0.0000,0.0000)   (0.3430,0.0000)   (0.6861,-0.0000)   (0.6861,-0.0000) 
  can.orb. [Down] 7   (-0.0028,0.0000)   (-0.0000,-0.0000)   (0.0000,0.0000)   (1.0170,-0.0000)   (0.3390,-0.0000)   (0.3390,0.0000) 
  can.orb. [Down] 8   (0.9972,-0.0000)   (0.0000,0.0000)   (0.0000,-0.0000)   (0.3430,0.0000)   (0.6861,-0.0000)   (0.6861,-0.0000) 
  can.orb. [Down] 9   (-0.0028,0.0000)   (-0.0000,-0.0000)   (-0.0000,0.0000)   (0.3217,-0.0000)   (0.3217,-0.0000)   (0.3217,0.0000) 
  can.orb. [Down] 10   (-0.0028,-0.0000)   (-0.0000,-0.0000)   (-0.0000,0.0000)   (0.0464,0.0000)   (0.0464,0.0000)   (0.0464,0.0000) 



Orbital symmetry properties for SCF:
                          Inversion           Rot180X           Rot180Y           Rot180Z            ReflXY            ReflXZ            ReflYZ
  can.orb. [ Up ] 0   (0.9996,0.0000)   (0.9996,0.0000)   (1.0000,0.0000)   (0.9996,0.0000)   (1.0000,0.0000)   (0.9996,0.0000)   (1.0000,0.0000) 
  can.orb. [ Up ] 1   (0.9949,0.0000)   (0.9949,0.0000)   (1.0000,-0.0000)   (0.9949,0.0000)   (1.0000,-0.0000)   (0.9949,0.0000)   (1.0000,-0.0000) 
  can.orb. [ Up ] 2   (-0.9978,0.0000)   (-0.9978,0.0000)   (0.0000,-0.0000)   (0.0011,-0.0000)   (0.0000,-0.0000)   (0.0011,-0.0000)   (1.0000,-0.0000) 
  can.orb. [ Up ] 3   (-0.9989,0.0000)   (0.9989,-0.0000)   (-1.0000,-0.0000)   (-0.9989,0.0000)   (1.0000,0.0000)   (0.9989,-0.0000)   (-1.0000,-0.0000) 
  can.orb. [ Up ] 4   (-0.9978,0.0000)   (-0.9978,0.0000)   (-0.0000,0.0000)   (0.0011,0.0000)   (-0.0000,0.0000)   (0.0011,0.0000)   (1.0000,0.0000) 
  can.orb. [ Up ] 5   (0.9981,-0.0000)   (0.9981,-0.0000)   (1.0000,0.0000)   (0.9981,-0.0000)   (1.0000,0.0000)   (0.9981,-0.0000)   (1.0000,0.0000) 
  can.orb. [ Up ] 6   (-0.9992,0.0000)   (-0.9992,0.0000)   (0.0000,0.0000)   (0.0004,-0.0000)   (0.0000,0.0000)   (0.0004,-0.0000)   (1.0000,0.0000) 
  can.orb. [ Up ] 7   (-0.9996,0.0000)   (0.9996,-0.0000)   (-1.0000,0.0000)   (-0.9996,0.0000)   (1.0000,-0.0000)   (0.9996,-0.0000)   (-1.0000,0.0000) 
  can.orb. [ Up ] 8   (-0.9992,-0.0000)   (-0.9992,-0.0000)   (0.0000,-0.0000)   (0.0004,-0.0000)   (0.0000,-0.0000)   (0.0004,-0.0000)   (1.0000,-0.0000) 
  can.orb. [ Up ] 9   (0.9996,-0.0000)   (0.9996,-0.0000)   (1.0000,0.0000)   (0.9996,-0.0000)   (1.0000,0.0000)   (0.9996,-0.0000)   (1.0000,0.0000) 
  can.orb. [ Up ] 10   (0.9999,0.0000)   (0.9999,0.0000)   (1.0000,0.0000)   (0.9999,0.0000)   (1.0000,0.0000)   (0.9999,0.0000)   (1.0000,0.0000) 



Orbital properties for SCF:
                           Lcoord_x          Lcoord_y          Lcoord_z               x^2               y^2               z^2
  can.orb. [ Up ] 0   (-0.0028,-0.0000)   (-0.0000,0.0000)   (0.0000,0.0000)   (0.3820,0.0000)   (0.3820,0.0000)   (0.3820,0.0000) 
  can.orb. [ Up ] 1   (-0.0028,-0.0000)   (0.0000,0.0000)   (0.0000,-0.0000)   (4.6882,-0.0000)   (4.6882,-0.0000)   (4.6882,-0.0000) 
  can.orb. [ Up ] 2   (-1.0028,0.0000)   (-0.0000,0.0000)   (0.0000,-0.0000)   (1.0178,-0.0000)   (2.0356,-0.0000)   (2.0356,0.0000) 
  can.orb. [ Up ] 3   (-0.0028,-0.0000)   (0.0000,-0.0000)   (-0.0000,0.0000)   (3.0655,-0.0000)   (1.0218,-0.0000)   (1.0218,-0.0000) 
  can.orb. [ Up ] 4   (0.9972,0.0000)   (-0.0000,-0.0000)   (0.0000,0.0000)   (1.0178,0.0000)   (2.0356,-0.0000)   (2.0356,0.0000) 
  can.orb. [ Up ] 5   (-0.0028,0.0000)   (0.0000,-0.0000)   (-0.0000,-0.0000)   (1.7513,-0.0000)   (1.7513,-0.0000)   (1.7513,-0.0000) 
  can.orb. [ Up ] 6   (-1.0028,-0.0000)   (-0.0000,-0.0000)   (0.0000,-0.0000)   (0.3430,0.0000)   (0.6861,0.0000)   (0.6861,-0.0000) 
  can.orb. [ Up ] 7   (-0.0028,0.0000)   (0.0000,0.0000)   (-0.0000,-0.0000)   (1.0170,-0.0000)   (0.3390,0.0000)   (0.3390,0.0000) 
  can.orb. [ Up ] 8   (0.9972,-0.0000)   (0.0000,0.0000)   (0.0000,0.0000)   (0.3430,-0.0000)   (0.6861,-0.0000)   (0.6861,-0.0000) 
  can.orb. [ Up ] 9   (-0.0028,-0.0000)   (0.0000,-0.0000)   (-0.0000,-0.0000)   (0.3217,-0.0000)   (0.3217,-0.0000)   (0.3217,0.0000) 
  can.orb. [ Up ] 10   (-0.0028,0.0000)   (-0.0000,-0.0000)   (0.0000,0.0000)   (0.0464,0.0000)   (0.0464,0.0000)   (0.0464,0.0000) 


RSP: done run scf2
Number of alpha MOs = 1
Number of beta  MOs = 1


RSP: Hartree-Fock orbitals have been obtained. 
RSP: Hartree-Fock final energy = -2.824545018432133
Entering response module
No. of electrons: (2.000000000000004,-1.296103404673135e-32)
DevINFO: screened away 100 out of 637 symmetry unique quadruples ABCD.
Recomputed final SCF electronic energy (-2.824545018432132,-2.660611386227174e-32) (-1.787853302791906,-2.696846646944069e-32) (1.036691715640226,-3.623526071689467e-34)
unit_vectors():   MO Single-transition excitations in total.
Constructing start guesses for RPA-solver using the 100 lowest ones.
(No spin mixing allowed for UHF excitation operator)
(spin down)1 <- 0 : 1.257974050161898
(spin down)2 <- 0 : 1.309435278753255
(spin down)3 <- 0 : 1.468642588503608
(spin down)4 <- 0 : 1.709435278753243
(spin down)5 <- 0 : 2.406643429580027
(spin down)6 <- 0 : 3.756124837428446
(spin down)7 <- 0 : 3.942485013858679
(spin down)8 <- 0 : 4.156124837428446
(spin down)9 <- 0 : 9.72467205877391
(spin down)10 <- 0 : 63.40393888366789
(spin up)1 <- 0 : 1.25797405016191
(spin up)2 <- 0 : 1.309435278753256
(spin up)3 <- 0 : 1.468642588503606
(spin up)4 <- 0 : 1.709435278753253
(spin up)5 <- 0 : 2.406643429580023
(spin up)6 <- 0 : 3.756124837428446
(spin up)7 <- 0 : 3.942485013858681
(spin up)8 <- 0 : 4.156124837428447
(spin up)9 <- 0 : 9.724672058773908
(spin up)10 <- 0 : 63.40393888366788
Made 20 starting vectors 
DevINFO: screened away 69 out of 637 symmetry unique quadruples ABCD.
DevINFO: screened away 92 out of 637 symmetry unique quadruples ABCD.
DevINFO: screened away 145 out of 637 symmetry unique quadruples ABCD.
DevINFO: screened away 120 out of 637 symmetry unique quadruples ABCD.
DevINFO: screened away 90 out of 637 symmetry unique quadruples ABCD.
DevINFO: screened away 150 out of 637 symmetry unique quadruples ABCD.
DevINFO: screened away 162 out of 637 symmetry unique quadruples ABCD.
DevINFO: screened away 153 out of 637 symmetry unique quadruples ABCD.
DevINFO: screened away 96 out of 637 symmetry unique quadruples ABCD.
DevINFO: screened away 102 out of 637 symmetry unique quadruples ABCD.
DevINFO: screened away 76 out of 637 symmetry unique quadruples ABCD.
DevINFO: screened away 110 out of 637 symmetry unique quadruples ABCD.
DevINFO: screened away 147 out of 637 symmetry unique quadruples ABCD.
DevINFO: screened away 130 out of 637 symmetry unique quadruples ABCD.
DevINFO: screened away 96 out of 637 symmetry unique quadruples ABCD.
DevINFO: screened away 148 out of 637 symmetry unique quadruples ABCD.
DevINFO: screened away 158 out of 637 symmetry unique quadruples ABCD.
DevINFO: screened away 154 out of 637 symmetry unique quadruples ABCD.
DevINFO: screened away 98 out of 637 symmetry unique quadruples ABCD.
DevINFO: screened away 102 out of 637 symmetry unique quadruples ABCD.
The Davidson solver is about to start.
-------
Davidson step #0, 40 RPA trial vectors already in subspace.
The Davidson solver converged to a solution. 1 iterations and 0 restarts were needed.
==============================================================================================================
The Final eigenvalues from the Davidson method
==============================================================================================================
(RSP) 	 Excitation Energy 	0.787233640156083	0.87973346700783	0.8902238503182472	0.9487018242407829	0.9826909055820962	1.049794765783893	1.187233640156083	1.290223850318249	1.694958637322259	1.989175789541039	
==============================================================================================================
Root: 0	 with energy 0.787233640156083
==============================================================================================================
2 Up <-- Up 0 C^2 :  0.4964150062852688 C : (0.07389169958885546,0.7006818272348293)
2 Down <-- Down 0 C^2 :  0.4964150062852588 C : (-0.07002630814573126,-0.7010786849225542)
==============================================================================================================
Root: 1	 with energy 0.87973346700783
==============================================================================================================
1 Up <-- Up 0 C^2 :  0.4753991210331436 C : (-0.6821078656892371,-0.1006378686082803)
1 Down <-- Down 0 C^2 :  0.4753991210331233 C : (-0.6821078656892223,-0.100637868608279)
==============================================================================================================
Root: 2	 with energy 0.8902238503182472
==============================================================================================================
2 Up <-- Up 0 C^2 :  0.4995560640594593 C : (-0.6956144080996371,-0.1252064667006086)
2 Down <-- Down 0 C^2 :  0.4995560640594626 C : (-0.6949133143513773,-0.1290408834309748)
==============================================================================================================
Root: 3	 with energy 0.9487018242407829
==============================================================================================================
3 Up <-- Up 0 C^2 :  0.4965520150242389 C : (0.7046386305516499,0.006034513943513417)
3 Down <-- Down 0 C^2 :  0.4965520150242297 C : (-0.7046410763818989,0.005741820233050507)
==============================================================================================================
Root: 4	 with energy 0.9826909055820962
==============================================================================================================
1 Up <-- Up 0 C^2 :  0.4990051538165375 C : (-0.7051317501799679,0.04235998943192601)
1 Down <-- Down 0 C^2 :  0.4990051538165524 C : (0.7051317501799785,-0.04235998943192476)
==============================================================================================================
Root: 5	 with energy 1.049794765783893
==============================================================================================================
3 Up <-- Up 0 C^2 :  0.4995554058370548 C : (0.2209188099021387,0.6713793899640335)
3 Down <-- Down 0 C^2 :  0.4995554058370636 C : (0.2321076430073526,0.6675937746074592)
==============================================================================================================
Root: 6	 with energy 1.187233640156083
==============================================================================================================
4 Up <-- Up 0 C^2 :  0.4964150062852617 C : (0.6830898682465522,-0.1726361439101609)
4 Down <-- Down 0 C^2 :  0.4964150062852658 C : (-0.7009488088750555,0.07131461015743401)
==============================================================================================================
Root: 7	 with energy 1.290223850318249
==============================================================================================================
4 Up <-- Up 0 C^2 :  0.4995560640594644 C : (-0.7067925529636181,-0.0005925661443814368)
4 Down <-- Down 0 C^2 :  0.4995560640594573 C : (-0.699170830783065,-0.1035191452900191)
==============================================================================================================
Root: 8	 with energy 1.694958637322259
==============================================================================================================
5 Up <-- Up 0 C^2 :  0.475369638399068 C : (0.6641300352480515,-0.1852051151574656)
5 Down <-- Down 0 C^2 :  0.4753696383990651 C : (-0.6641300352480493,0.185205115157466)
==============================================================================================================
Root: 9	 with energy 1.989175789541039
==============================================================================================================
5 Up <-- Up 0 C^2 :  0.4984300333058111 C : (0.7054820817091122,0.02692704389992906)
5 Down <-- Down 0 C^2 :  0.4984300333058176 C : (0.7054820817091167,0.02692704389993027)
==============================================================================================================
==============================================================================================================
(RSP) Transition Dipole Moment, <1| coordinate |2>  |  Roots  |              Dipole Moment
==============================================================================================================
(RSP) Transition Dipole Moment, <1|x|2>             |    0    |     (-9.991553267168847e-17,1.917409704693586e-16)
(RSP) Transition Dipole Moment, <1|x|2>             |    1    |     (-1.795452944435681e-16,-4.018767666243245e-17)
(RSP) Transition Dipole Moment, <1|x|2>             |    2    |     (1.62516800658426e-15,-6.471335329000864e-16)
(RSP) Transition Dipole Moment, <1|x|2>             |    3    |     (4.403595543767125e-15,1.006613954517011e-15)
(RSP) Transition Dipole Moment, <1|x|2>             |    4    |     (-4.975532602452547e-16,6.391842647731564e-18)
(RSP) Transition Dipole Moment, <1|x|2>             |    5    |     (0.2561949501891398,0.7318651495870129)
(RSP) Transition Dipole Moment, <1|x|2>             |    6    |     (2.251754960289826e-15,-5.621759926523928e-16)
(RSP) Transition Dipole Moment, <1|x|2>             |    7    |     (-1.376738756866585e-15,1.252087770045488e-16)
(RSP) Transition Dipole Moment, <1|x|2>             |    8    |     (-9.599895787188738e-17,6.131969383123374e-17)
(RSP) Transition Dipole Moment, <1|x|2>             |    9    |     (6.766225483145745e-17,3.100921158628521e-17)

(RSP) Transition Dipole Moment, <1|y|2>             |    0    |     (-3.671542236904912e-15,1.07856432118858e-15)
(RSP) Transition Dipole Moment, <1|y|2>             |    1    |     (-4.023261962644451e-16,-1.655957116224458e-15)
(RSP) Transition Dipole Moment, <1|y|2>             |    2    |     (0.0841754335283879,-0.5436634039229181)
(RSP) Transition Dipole Moment, <1|y|2>             |    3    |     (5.932651492042027e-17,-1.242678985078612e-15)
(RSP) Transition Dipole Moment, <1|y|2>             |    4    |     (1.75963321808965e-17,1.763815316290807e-15)
(RSP) Transition Dipole Moment, <1|y|2>             |    5    |     (1.962598948102835e-15,-4.751266634223983e-16)
(RSP) Transition Dipole Moment, <1|y|2>             |    6    |     (9.771914180611851e-16,-5.325601071248798e-16)
(RSP) Transition Dipole Moment, <1|y|2>             |    7    |     (0.08025235669730545,-0.5442563363152283)
(RSP) Transition Dipole Moment, <1|y|2>             |    8    |     (-6.702762302435096e-17,9.486176421032366e-17)
(RSP) Transition Dipole Moment, <1|y|2>             |    9    |     (4.761751979628949e-17,1.998271656887796e-16)

(RSP) Transition Dipole Moment, <1|z|2>             |    0    |     (1.049544809894601e-15,2.823815037046411e-15)
(RSP) Transition Dipole Moment, <1|z|2>             |    1    |     (-1.927758339148538e-15,2.666864410181811e-16)
(RSP) Transition Dipole Moment, <1|z|2>             |    2    |     (-0.5436634039229186,-0.08417543352838824)
(RSP) Transition Dipole Moment, <1|z|2>             |    3    |     (-7.440679649148435e-16,9.796447976218143e-17)
(RSP) Transition Dipole Moment, <1|z|2>             |    4    |     (1.927862733394551e-15,-3.716510056688003e-17)
(RSP) Transition Dipole Moment, <1|z|2>             |    5    |     (-2.277059755078591e-16,-1.120496888084279e-15)
(RSP) Transition Dipole Moment, <1|z|2>             |    6    |     (6.543730738406057e-16,9.318389860020397e-16)
(RSP) Transition Dipole Moment, <1|z|2>             |    7    |     (0.5442563363152284,0.08025235669730507)
(RSP) Transition Dipole Moment, <1|z|2>             |    8    |     (-1.231273718728737e-16,5.158923795164468e-17)
(RSP) Transition Dipole Moment, <1|z|2>             |    9    |     (-1.129353420866341e-15,-3.847438944216791e-19)


==============================================================================================================
(RSP) Transition Moment, <1| pi_coordinate |2>      |  Roots  |              Dipole Moment
==============================================================================================================
(RSP) Transition Moment, <1|pi_x|2>                 |    0    |     (7.712855198512574e-17,1.313535663525207e-16)
(RSP) Transition Moment, <1|pi_x|2>                 |    1    |     (-5.630309904965217e-17,1.179799865129333e-16)
(RSP) Transition Moment, <1|pi_x|2>                 |    2    |     (-7.252334237431154e-16,-1.628747159550329e-15)
(RSP) Transition Moment, <1|pi_x|2>                 |    3    |     (7.887536923514155e-16,-3.513248719722029e-15)
(RSP) Transition Moment, <1|pi_x|2>                 |    4    |     (-1.012372234571585e-17,8.012592286626663e-17)
(RSP) Transition Moment, <1|pi_x|2>                 |    5    |     (0.7819576874505072,-0.2737302232514346)
(RSP) Transition Moment, <1|pi_x|2>                 |    6    |     (-5.81149886970864e-16,-2.211255825763069e-15)
(RSP) Transition Moment, <1|pi_x|2>                 |    7    |     (6.57888725693424e-17,1.495136308261009e-15)
(RSP) Transition Moment, <1|pi_x|2>                 |    8    |     (6.106455868394936e-17,9.14917889736485e-17)
(RSP) Transition Moment, <1|pi_x|2>                 |    9    |     (2.660201084968027e-17,-5.097869168284795e-17)

(RSP) Transition Moment, <1|pi_y|2>                 |    0    |     (6.519036612612217e-16,2.459404208066118e-15)
(RSP) Transition Moment, <1|pi_y|2>                 |    1    |     (-1.360648030872141e-15,3.954910276932176e-16)
(RSP) Transition Moment, <1|pi_y|2>                 |    2    |     (-0.4744387339245786,-0.07345737421830052)
(RSP) Transition Moment, <1|pi_y|2>                 |    3    |     (-1.066664272957787e-15,-7.579748099216577e-17)
(RSP) Transition Moment, <1|pi_y|2>                 |    4    |     (1.772086642527466e-15,-5.903059044757649e-17)
(RSP) Transition Moment, <1|pi_y|2>                 |    5    |     (-3.32666989049111e-16,-1.697110905611811e-15)
(RSP) Transition Moment, <1|pi_y|2>                 |    6    |     (-1.843143693225358e-15,-1.03202494293464e-15)
(RSP) Transition Moment, <1|pi_y|2>                 |    7    |     (-0.6926587027518954,-0.1021347655023756)
(RSP) Transition Moment, <1|pi_y|2>                 |    8    |     (3.767238791127213e-16,7.088875798861071e-17)
(RSP) Transition Moment, <1|pi_y|2>                 |    9    |     (2.991365991304867e-16,-4.079649554702756e-17)

(RSP) Transition Moment, <1|pi_z|2>                 |    0    |     (1.094610513341365e-15,-8.258096897278966e-16)
(RSP) Transition Moment, <1|pi_z|2>                 |    1    |     (1.752614020934233e-16,1.437386579350842e-15)
(RSP) Transition Moment, <1|pi_z|2>                 |    2    |     (-0.07345737421830084,0.4744387339245788)
(RSP) Transition Moment, <1|pi_z|2>                 |    3    |     (9.736585002724274e-17,1.118130399522935e-16)
(RSP) Transition Moment, <1|pi_z|2>                 |    4    |     (-7.454808174706732e-17,-1.418083701996448e-15)
(RSP) Transition Moment, <1|pi_z|2>                 |    5    |     (-2.911435195193911e-16,8.532557826148593e-17)
(RSP) Transition Moment, <1|pi_z|2>                 |    6    |     (1.006600401989854e-15,-1.735590837714795e-15)
(RSP) Transition Moment, <1|pi_z|2>                 |    7    |     (0.1021347655023753,-0.692658702751895)
(RSP) Transition Moment, <1|pi_z|2>                 |    8    |     (3.179278641464729e-17,4.269265603506429e-16)
(RSP) Transition Moment, <1|pi_z|2>                 |    9    |     (4.452365352072292e-18,1.107638355086623e-15)


==============================================================================================================
(RSP) Electric Dipole Oscillator Strength
(length gauge):            	1.247279689761252e-29	3.944305979839149e-30	0.3592414077882899	1.424060272722809e-29	4.636329250560494e-30	0.420801448359349	6.269775787135806e-30	0.5206576213214886	5.004553008410208e-32	1.754688264451263e-30	
(magnetic-velocity gauge): 	7.094025972644335e-30	3.123417432829681e-30	0.3452136942749207	9.929743843466613e-30	3.5052168866206e-30	0.4358858718266983	7.701467308072346e-30	0.5065866037651768	1.346435193334737e-31	4.4284207530876e-31	
(mixed gauge):             	(9.145694215653984e-30,6.043184753599169e-31)	(3.502273624587059e-30,3.776955883451039e-32)	(0.3521577111453316,-4.625929269271402e-18)	(1.179176656811321e-29,6.247705529261736e-32)	(3.935410531695339e-30,1.056018908301722e-31)	(0.4282772538718957,-3.700743415417197e-17)	(6.246465945463592e-30,1.517053396041112e-30)	(0.51357392467853,4.62592926927142e-18)	(7.148152277323338e-32,4.452702283565663e-34)	(8.779372931216619e-31,-5.710578135944019e-34)	

