
Running the London Hartree-Fock program at /home/rahul/Documents/london-master/./london.x.
Founded by Erik Tellgren, Alessandro Soncini and Trygve Helgaker.
Programming by:
  Erik Tellgren (main programmer)
  Kai Kaarvann Lange
  Andrew M. Teale
  Ulf Ekstrom
  Stella Stopkowicz
  Jon H. Austad


Basis file /home/rahul/Documents/london-master/./baslib/aug-cc-pVDZ opened for reading.
Basis file /home/rahul/Documents/london-master/./baslib/aug-cc-pVDZ opened for reading.
User input successfully read from file_z0.inp.

london-input{
  analysis{
    analysis-only = no
    xml-print-potential-basis-overlap = no
    xml-print-potential-basis-kinetic = no
    export-operators = no
    # decypher-density-matrix-file = binary-file, plain-text-file
    # density-matrix-binary-to-text = binary-input-file, text-output-file
    # density-matrix-text-to-binary = text-input-file, binary-output-file
    # density-matrix-for-plotting = filename
    # density-plot-data = {filename,(x0,y0,z0),(x1,y1,z1),(x2,y2,z2),(x3,y3,z3),(N1xN2xN3),precision=N,scolon={y/n},fields{rho,grad(rho),jp,j,A,B,rho2nu,rho2omega,tau_p,tau_pi,laplacian(rho),grad(rho)^2,jp^2,tau_tensor}}
    # streamline-data = {filename,(x0,y0,z0),(x1,y1,z1),(x2,y2,z2),(x3,y3,z3),(N1xN2xN3),precision=N,scolon={y/n},fields{rho,grad(rho),jp,j,A,B,rho2nu,rho2omega,tau_p,tau_pi,laplacian(rho),grad(rho)^2,jp^2,tau_tensor}}
    # vortexline-data = {filename,(x0,y0,z0),(x1,y1,z1),(x2,y2,z2),(x3,y3,z3),(N1xN2xN3),precision=N,scolon={y/n},fields{rho,grad(rho),jp,j,A,B,rho2nu,rho2omega,tau_p,tau_pi,laplacian(rho),grad(rho)^2,jp^2,tau_tensor}}
    # current-through-plane = {density_matrix_file,(x0,y0,z0),(x1,y1,z1),(x2,y2,z2),(x3,y3,z3),(N1xN2xN3),precision=N,scolon={y/n},fields{rho,grad(rho),jp,j,A,B,rho2nu,rho2omega,tau_p,tau_pi,laplacian(rho),grad(rho)^2,jp^2,tau_tensor}}
    # linearly-combine-density-matrices = file : 0.6 * infile1, 0.4 * infile2, ...
    # spin-rotate-2c-density-matrix = file : infile, angle_degrees, (ux, uy, uz)
    linear-dependence-tol = 1e-06
    # overlap-for-ci-state-files = file1, file2
  }

  scf{
    spin-symmetry-constraint = Restricted Hartree-Fock
    linear-dependence-tol = 1e-10
    uhf-spin-projection = 0
    disable-spin-zeeman-in-fock-matrix = no
    noisy-init-guess = no
    # density-matrix-input-file = 
    # density-matrix-output-file = 
    # density-plot-data = {filename,(x0,y0,z0),(x1,y1,z1),(x2,y2,z2),(x3,y3,z3),(N1xN2xN3),precision=N,scolon={y/n},fields{rho,grad(rho),jp,j,A,B,rho2nu,rho2omega,tau_p,tau_pi,laplacian(rho),grad(rho)^2,jp^2,tau_tensor}}
    # molecular-orbitals-to-plot = (1,2,3,...)
    min-scf-iterations = 0
    max-scf-iterations = 160
    use-density-fitting = no
    use-admm = no
    analyze-using-dft-grid = no

    diis{
      convergence-tolerance = 1e-10
      subspace-dimension = 7
      diagonalization-temperature = 0
    }
  }

  casscf{
    max-active-orbitals = 2000
    number-of-frozen-orbitals = 0
    number-of-states-in-casscf-optimization = 1
    number-of-ci-states = 1
    spin-projection = default
    num-1exc-init-vec = 0
    num-2exc-init-vec = 0
    use-noisy-init-vec = no
    ci-max-subspace-dim = default
    ci-convergence-tol = 1e-06
    # density-matrix-input-file = 
    # density-matrix-output-file = 
    # ci-states-output-file = 
    # density-plot-data = {filename,(x0,y0,z0),(x1,y1,z1),(x2,y2,z2),(x3,y3,z3),(N1xN2xN3),precision=N,scolon={y/n},fields{rho,grad(rho),jp,j,A,B,rho2nu,rho2omega,tau_p,tau_pi,laplacian(rho),grad(rho)^2,jp^2,tau_tensor}}
    # analysis-weights = (w0, w1, ...)
  }

  mp2{
    spin-projection = default
    number-of-weights = 8
    basis-functions-per-block = 20
    cs-tolerance = 0
    print-mp2-components = 0
    # density-matrix-input-file = 
    # density-matrix-output-file = 
    #property-request = relaxed-density-matrix
  }

  rsp{
    number-of-roots-requested = 5
    root-selection-method = energy
    excitation-basis = MObasis
    starting-guess = UnitGuess
    solver_choice = GenEig
    method_choice = RPA
    precondition = false
    initial-subspace-dimension = 100
    maximum-subspace-dimension = 800
    convergence-tolerance = 1e-10
    max-rsp-iterations = 200
    # density-matrix-input-file = 
    # density-matrix-output-file = 
  }

  coupled-cluster{
    truncation-level = CCSD
    property-request = off
    spin-projection = default
    max-it = 150
    write-t-amplitudes = yes
    read-t-amplitudes = no
    # density-matrix-output-file = 
    # memory-in-gb = 
    # interface = 
    # molecular-orbitals-to-freeze = (1,3,5,...)
    diis{
      convergence-tolerance = 1e-06
      subspace-dimension = 7
      diagonalization-temperature = 0
    }
  }

  finite-difference{
    run-finite-difference = false
    run-type = gradient
    use-ref-density = false
    step-size = 0.0005
  }

  system{
    molecular-charge = 0
    correlation-model = RSP

    hamiltonian{
      electron-mass = 1
      speed-of-light = 137.036
      adiabatic-connection-lambda = 1
      nuclear-charge-distribution = point charge

      magnetic-field = (0, 0, 0)
      gauge-origin = (0, 0, 0.1173)

      linear-magnetic-field = {(0, 0, 0), (0, 0, 0), (0, 0, 0)}
      linear-magnetic-origin = (0, 0, 0)

      electric-field = (0, 0, 0)
      electric-origin = (0, 0, 0)
      linear-electric-field = {(0, 0, 0), (0, 0, 0), (0, 0, 0)}

      include-basis-expanded-scalar-potential = no
      scalar-potential-coefficients = (empty)
      include-basis-expanded-vector-potential = no
      vector-potential-coefficients-x = (empty)
      vector-potential-coefficients-y = (empty)
      vector-potential-coefficients-z = (empty)
      include-repulsion-from-external-density = no
      external-charge-density-scale-factor = 1
      include-coulomb-distance-to-external-density = no
      external-charge-density-distance-factor = 1
      # external-charge-density-file = filename
      # lieb-ref-density-file = filename
      # potential-plot-data = {filename,(x0,y0,z0),(x1,y1,z1),(x2,y2,z2),(x3,y3,z3),(N1xN2xN3),precision=N,scolon={y/n},fields{rho,grad(rho),jp,j,A,B,rho2nu,rho2omega,tau_p,tau_pi,laplacian(rho),grad(rho)^2,jp^2,tau_tensor}}

      integral{
        use-coulomb-integral-permutation-symmetry = yes
        use-cauchy-schwarz-screening = yes
        cauchy-schwarz-tol = 1e-15
        boys-function-tol = 1e-17
      }

      dft{
        # xc-functional = 0.7 * lda + 0.54 * lyp
        # xc-fun-parameter = {param1 = 0.1, param2 = 0.2, param3 = 0.3}
        jp-functional = none
        vrg-functional = none
        tau-correction = none
        vrg-hard-rs-cutoff = 62035.049
        vrg-soft-density-cutoff = 1e-14
        exact-exchange-fraction = default
        # gridfile = 
        radial-grid-type = LMG
        allow-grid-pruning = yes
        gc2-radial-grid-threshold = 1e-13
        lebedev-angular-target-degree = 35
        lebedev-angular-minimal-degree = 15
        weight-screen-threshold = 1e-20
        becke-hardness = 3
        allow-becke-atom-size-correction = yes
      }
    }

    # data on state flags lost, output incomplete here
    use-london-orbitals = yes
    gto-contraction-type = all, normalizedprimitive
    basis = aug-cc-pVDZ
    # density-fitting-basis = 
    # admm-basis = 
    # scalar-potential-basis = 
    # vector-potential-basis = 
    # if you really want to: # orbital-wave-vector-offset = (0, 0, 0)
    charge = 1
    H       0.1643            0            0
    H      -0.1643            0            0
  }
}

Basis set information:
The orbital basis consists of 22 basis functions formed from linear combinations of 22 primitive basis functions.
The density-fitting basis consists of 0 basis functions formed from linear combinations of 0 primitive basis functions.
The scalar potential basis consists of 0 basis functions formed from linear combinations of 0 primitive basis functions.
The vector potential basis consists of 0 basis functions formed from linear combinations of 0 primitive basis functions.
RHF Spin type 3

RSP: Running Hartree-Fock to determine orbital space.
RSP: run scf2


SCF: Running SCF optimization.

SCF: The SCF basis contains 22 basis functions.
 Fock build F = F(D) performed in 0 seconds (with 0 seconds used for Coulomb and exchange).
SCF-SD: Initial density by diagonalizing the one-electron part of the Fock matrix.
Initial trace: Tr(D) = (2,0)

SCF iteration 1:       [wall time: Tue May 17 11:25:46 2022]
SCF: using a fraction 1 of Hartree-Fock exchange.
DevINFO: screened away 0 out of 9751 symmetry unique quadruples ABCD.
 Fock build F = F(D) performed in 0 seconds (with 0 seconds used for Coulomb and exchange).
 Total energy: 0.5010971642 Hartree
 Fock matrix inversion D = D(Fmix) performed in 0 seconds.
  Nuclear repulsion:  3.043213634
  Kinetic:            3.224549577
  Nuclear attraction: -6.907758439
  Spin Zeeman effect: 0
  Coulomb:            2.282184784
  Exchange:           -1.141092392
  Total:              0.5010971642

 Ehomo = -0.743289297, Elumo = 0.05787806259
 DIIS error norm: 0.9361743465

SCF iteration 2:       [wall time: Tue May 17 11:25:46 2022]
SCF: using a fraction 1 of Hartree-Fock exchange.
DevINFO: screened away 0 out of 9751 symmetry unique quadruples ABCD.
 Fock build F = F(D) performed in 0 seconds (with 0 seconds used for Coulomb and exchange).
 Total energy: 0.4050916078 Hartree
 Fock matrix inversion D = D(Fmix) performed in 0 seconds.
  Nuclear repulsion:  3.043213634
  Kinetic:            2.407389721
  Nuclear attraction: -6.013680214
  Spin Zeeman effect: 0
  Coulomb:            1.936336936
  Exchange:           -0.9681684679
  Total:              0.4050916078

 Ehomo = -0.8424581322, Elumo = 0.05806759774
 DIIS error norm: 0.0896964474

SCF iteration 3:       [wall time: Tue May 17 11:25:46 2022]
SCF: using a fraction 1 of Hartree-Fock exchange.
DevINFO: screened away 0 out of 9751 symmetry unique quadruples ABCD.
 Fock build F = F(D) performed in 0 seconds (with 0 seconds used for Coulomb and exchange).
 Total energy: 0.4036634425 Hartree
 Fock matrix inversion D = D(Fmix) performed in 0 seconds.
  Nuclear repulsion:  3.043213634
  Kinetic:            2.323964003
  Nuclear attraction: -5.910129353
  Spin Zeeman effect: 0
  Coulomb:            1.893230318
  Exchange:           -0.9466151588
  Total:              0.4036634425

 Ehomo = -0.8469653738, Elumo = 0.05796416334
 DIIS error norm: 0.01046740354

SCF iteration 4:       [wall time: Tue May 17 11:25:46 2022]
SCF: using a fraction 1 of Hartree-Fock exchange.
DevINFO: screened away 0 out of 9751 symmetry unique quadruples ABCD.
 Fock build F = F(D) performed in 0 seconds (with 0 seconds used for Coulomb and exchange).
 Total energy: 0.4036426041 Hartree
 Fock matrix inversion D = D(Fmix) performed in 0 seconds.
  Nuclear repulsion:  3.043213634
  Kinetic:            2.319414116
  Nuclear attraction: -5.903816549
  Spin Zeeman effect: 0
  Coulomb:            1.889662809
  Exchange:           -0.9448314043
  Total:              0.4036426041

 Ehomo = -0.847465462, Elumo = 0.05797076234
 DIIS error norm: 0.0008972640012

SCF iteration 5:       [wall time: Tue May 17 11:25:46 2022]
SCF: using a fraction 1 of Hartree-Fock exchange.
DevINFO: screened away 0 out of 9751 symmetry unique quadruples ABCD.
 Fock build F = F(D) performed in 0 seconds (with 0 seconds used for Coulomb and exchange).
 Total energy: 0.4036424121 Hartree
 Fock matrix inversion D = D(Fmix) performed in 0 seconds.
  Nuclear repulsion:  3.043213634
  Kinetic:            2.318981575
  Nuclear attraction: -5.903217543
  Spin Zeeman effect: 0
  Coulomb:            1.889329494
  Exchange:           -0.9446647472
  Total:              0.4036424121

 Ehomo = -0.847451082, Elumo = 0.05796952577
 DIIS error norm: 3.61792253e-05

SCF iteration 6:       [wall time: Tue May 17 11:25:46 2022]
SCF: using a fraction 1 of Hartree-Fock exchange.
DevINFO: screened away 0 out of 9751 symmetry unique quadruples ABCD.
 Fock build F = F(D) performed in 0 seconds (with 0 seconds used for Coulomb and exchange).
 Total energy: 0.4036424118 Hartree
 Fock matrix inversion D = D(Fmix) performed in 0 seconds.
  Nuclear repulsion:  3.043213634
  Kinetic:            2.318988426
  Nuclear attraction: -5.903225239
  Spin Zeeman effect: 0
  Coulomb:            1.889331183
  Exchange:           -0.9446655916
  Total:              0.4036424118

 Ehomo = -0.8474530321, Elumo = 0.05796962776
 DIIS error norm: 2.621477138e-06

SCF iteration 7:       [wall time: Tue May 17 11:25:46 2022]
SCF: using a fraction 1 of Hartree-Fock exchange.
DevINFO: screened away 0 out of 9751 symmetry unique quadruples ABCD.
 Fock build F = F(D) performed in 0 seconds (with 0 seconds used for Coulomb and exchange).
 Total energy: 0.4036424118 Hartree
 Fock matrix inversion D = D(Fmix) performed in 0 seconds.
  Nuclear repulsion:  3.043213634
  Kinetic:            2.318987045
  Nuclear attraction: -5.903223454
  Spin Zeeman effect: 0
  Coulomb:            1.889330374
  Exchange:           -0.944665187
  Total:              0.4036424118

 Ehomo = -0.8474530148, Elumo = 0.05796962515
 DIIS error norm: 2.01539271e-07

SCF iteration 8:       [wall time: Tue May 17 11:25:46 2022]
SCF: using a fraction 1 of Hartree-Fock exchange.
DevINFO: screened away 0 out of 9751 symmetry unique quadruples ABCD.
 Fock build F = F(D) performed in 0 seconds (with 0 seconds used for Coulomb and exchange).
 Total energy: 0.4036424118 Hartree
 Fock matrix inversion D = D(Fmix) performed in 0 seconds.
  Nuclear repulsion:  3.043213634
  Kinetic:            2.318987069
  Nuclear attraction: -5.903223483
  Spin Zeeman effect: 0
  Coulomb:            1.889330384
  Exchange:           -0.9446651919
  Total:              0.4036424118

 Ehomo = -0.8474530154, Elumo = 0.05796962541
 DIIS error norm: 5.741341515e-09

SCF iteration 9:       [wall time: Tue May 17 11:25:46 2022]
SCF: using a fraction 1 of Hartree-Fock exchange.
DevINFO: screened away 0 out of 9751 symmetry unique quadruples ABCD.
 Fock build F = F(D) performed in 0 seconds (with 0 seconds used for Coulomb and exchange).
 Total energy: 0.4036424118 Hartree
 Fock matrix inversion D = D(Fmix) performed in 0 seconds.
  Nuclear repulsion:  3.043213634
  Kinetic:            2.318987066
  Nuclear attraction: -5.903223479
  Spin Zeeman effect: 0
  Coulomb:            1.889330382
  Exchange:           -0.9446651911
  Total:              0.4036424118

 Ehomo = -0.8474530152, Elumo = 0.05796962537
 DIIS error norm: 5.300204819e-10

SCF iteration 10:       [wall time: Tue May 17 11:25:46 2022]
SCF: using a fraction 1 of Hartree-Fock exchange.
DevINFO: screened away 0 out of 9751 symmetry unique quadruples ABCD.
 Fock build F = F(D) performed in 0 seconds (with 0 seconds used for Coulomb and exchange).
 Total energy: 0.4036424118 Hartree
 Fock matrix inversion D = D(Fmix) performed in 0 seconds.
  Nuclear repulsion:  3.043213634
  Kinetic:            2.318987066
  Nuclear attraction: -5.90322348
  Spin Zeeman effect: 0
  Coulomb:            1.889330383
  Exchange:           -0.9446651913
  Total:              0.4036424118

 Ehomo = -0.8474530152, Elumo = 0.05796962537
 DIIS error norm: 6.463751313e-13

Converged SCF results:
-----------------------
(pre-RSP) Nuclear repulsion:  3.043213633597079
(pre-RSP) Kinetic:            2.318987066478003
(pre-RSP) Nuclear attraction: -5.903223479528795
(pre-RSP) Spin Zeeman effect: 0
(pre-RSP) Coulomb:            1.889330382579536
(pre-RSP) Exchange:           -0.9446651912897684
(pre-RSP) Total electronic:   -2.639571221761024
(pre-RSP) Total:              0.4036424118360543

(pre-RSP) E(LUMO): 0.05796962536655861
(pre-RSP) E(HOMO): -0.847453015235611
(pre-RSP) E(GAP):  0.9054226406021696

Orbital energies (Eorb), orbital contributions to the total energy (Econtrib), and reflection symmetry properties for the molecular orbitals:

Orbital analysis (pre-RSP)
    Eorb      Econtrib  Occ  Reflection(xy)  Reflection(xz)  Reflection(yz)
---------------------------------------------------------------------------
 -0.847453    -1.31979   2  (1.0000,0.0000)  (1.0000,0.0000)  (1.0000,0.0000)
 0.0579696   -0.139297   0  (1.0000,0.0000)  (1.0000,0.0000)  (1.0000,0.0000)
 0.0652005  -0.0959396   0  (1.0000,0.0000)  (1.0000,0.0000)  (-1.0000,0.0000)
  0.255935  -0.0104646   0  (1.0000,0.0000)  (1.0000,0.0000)  (-1.0000,0.0000)
  0.311911  -0.0623851   0  (-0.9618,0.0000)  (0.9618,0.0000)  (1.0000,0.0000)
  0.311911  -0.0623851   0  (0.9618,0.0000)  (-0.9618,0.0000)  (1.0000,0.0000)
  0.395645   0.0631804   0  (1.0000,0.0000)  (1.0000,0.0000)  (1.0000,0.0000)
   0.48077    0.171495   0  (-0.9008,0.0000)  (0.9008,0.0000)  (-1.0000,0.0000)
   0.48077    0.171495   0  (0.9008,0.0000)  (-0.9008,0.0000)  (-1.0000,0.0000)
  0.574187    0.202053   0  (1.0000,0.0000)  (1.0000,0.0000)  (1.0000,0.0000)
  0.646913    0.281763   0  (1.0000,0.0000)  (1.0000,0.0000)  (-1.0000,0.0000)
   1.47661    0.989332   0  (1.0000,0.0000)  (1.0000,0.0000)  (-1.0000,0.0000)
   1.70776     1.02032   0  (-0.9677,0.0000)  (0.9677,0.0000)  (1.0000,0.0000)
   1.70776     1.02032   0  (0.9677,0.0000)  (-0.9677,0.0000)  (1.0000,0.0000)
   2.24118     1.57366   0  (1.0000,0.0000)  (1.0000,0.0000)  (1.0000,0.0000)
   2.56247     1.92068   0  (-0.9701,0.0000)  (0.9701,0.0000)  (-1.0000,0.0000)


Properties:
-----------
Spin-projection on field: <sigma_B> = <2 S_B> = 0
Spin-projection squared: <sigma_B> = <4 S_B^2> = 0
Total spin: <sigma^2> = <4 S^2> = 0 = 4 * 0 * (0 + 1)
Total spin quantum number: s = 0


SimpleEnergies (SCF)

(SCF) Traces of the SCF 1-electron density matrix with simple operators
(SCF)     <pi^2/2m> = 2.31898706647815
(SCF)     <nucl.attr.> = -5.903223479528974
(SCF)     <hom.el.field> = 0
(SCF)     <lin.el.field> = 0
(SCF)     <bas.exp.scal.pot.> = 0
(SCF)     <ext.charge repulsion> = 0
(SCF)     <ext.charge repulsion> * fac = 0

SimpleProp (SCF)

(SCF) Traces of the SCF 1-electron density matrix with simple operators
(SCF) Mechanical/kinetic momentum:
(SCF)     <PIx> = 0
(SCF)     <PIy> = 0
(SCF)     <PIz> = 0
(SCF)     B x pi = (0, 0, 0)
(SCF) Angular momentum w.r.t. gauge origin (0, 0, 0.1173):
(SCF)     <Lx> = 0
(SCF)     <Ly> = 0
(SCF)     <Lz> = 0
(SCF) Coordinate derivative contribution to angular momentum w.r.t. C = (0, 0, 0.1173):
(SCF)     <Lcoord_x> = 0
(SCF)     <Lcoord_y> = 0
(SCF)     <Lcoord_z> = 0
(SCF) Dipole moment:
(SCF)     <x> = -3.444545453853759e-15
(SCF)     <y> = -3.236644810019452e-16
(SCF)     <z> = 1.253476755230523e-16
(SCF) Nuclear dipole moment:
(SCF)     <X> = 0
(SCF)     <Y> = 0
(SCF)     <Z> = 0
(SCF) Total dipole moment: (3.444545453853759e-15, 3.236644810019452e-16, -1.253476755230523e-16)
(SCF) Coordinate derivative contribution to angular momentum w.r.t. center of charge (-1.722272726926879e-15, -1.618322405009726e-16, 6.267383776152617e-17):
(SCF)     <Lambda_x> = 0
(SCF)     <Lambda_y> = 0
(SCF)     <Lambda_z> = 0
(SCF) Electronic quadrupole moments w.r.t. center of electronic charge at (-1.722272726926879e-15, -1.618322405009726e-16, 6.267383776152617e-17):
(SCF)         x         y          z
(SCF) x: 0.9222639007727299  2.315014004384964e-15  -2.257671304443736e-15
(SCF) y: 2.315014004384964e-15  0.9022832823327569  -1.073789183559943e-29
(SCF) z: -2.257671304443736e-15  -1.073789183559943e-29  0.9022832823327569
(SCF) Magnetic quadrupole moments w.r.t. C = (0, 0, 0):
(SCF)         x         y          z
(SCF) Jx: 0  0  0
(SCF) Jy: 0  0  0
(SCF) Jz: 0  0  0
(SCF) Anapole moment w.r.t. C = (0, 0, 0):
(SCF)     a_x = -0
(SCF)     a_y = -0
(SCF)     a_z = -0
(SCF) Hellmann-Feynman forces:
(SCF) H-F force on H at pos = (0.1643, 0, 0):   F = (0.8952010497078573, 1.28509074259967e-16, -5.809733414951407e-17)
(SCF) H-F force on H at pos = (-0.1643, 0, 0):   F = (-0.8952010497078496, 5.418368447730979e-17, -6.999547454901747e-17)
(SCF) Total H-F force on center of mass:   Ftot = (7.66053886991358e-15, 1.826927587372768e-16, -1.280928086985315e-16)
(SCF) Scaling pressure w.r.t. center of charge:   0.2941630649340007
(SCF) Total H-F torque w.r.t. center of charge: (-9.279489902440098e-33, -1.954864467638671e-18, 1.221166154128968e-17)
(SCF) Nuclear shielding integrals:
(SCF) H at C = (0.1643, 0, 0):
(SCF)    <Lx/|r - C|^3> = 0
(SCF)    <Ly/|r - C|^3> = 0
(SCF)    <Lz/|r - C|^3> = 0
(SCF) H at C = (-0.1643, 0, 0):
(SCF)    <Lx/|r - C|^3> = 0
(SCF)    <Ly/|r - C|^3> = 0
(SCF)    <Lz/|r - C|^3> = 0
 

Mulliken (SCF)

(SCF) Mulliken decomposition of traces of SCF 1-electron density matrix with simple operators

(SCF) Mulliken populations:
(SCF) Nucleus #1 (H):  0.5074984890399289   [narrow def.],   0.9999999999795376   [wide def.]
(SCF) Nucleus #2 (H):  0.5074984890808557   [narrow def.],   1.000000000020465   [wide def.]

(SCF) Total mechanical momentum: <pi> = (0, 0, 0)

(SCF) Mulliken momenta:
(SCF) Nucleus #1 (H):  (0, 0, 0)   [narrow def.],   (0, 0, 0)   [wide def.]
(SCF) Nucleus #2 (H):  (0, 0, 0)   [narrow def.],   (0, 0, 0)   [wide def.]

(SCF) Mulliken bond momenta:
(SCF) Nucleus #1 (H):  Nuc. #2  (0, 0, 0) 
(SCF) Nucleus #2 (H):  Nuc. #1  (0, 0, 0) 
 

Orbital symmetry properties for SCF:
                          Inversion           Rot180X           Rot180Y           Rot180Z            ReflXY            ReflXZ            ReflYZ
  can.orb. 0   (1.0000,0.0000)   (1.0000,0.0000)   (1.0000,0.0000)   (1.0000,0.0000)   (1.0000,0.0000)   (1.0000,0.0000)   (1.0000,0.0000) 
  can.orb. 1   (1.0000,0.0000)   (1.0000,0.0000)   (1.0000,0.0000)   (1.0000,0.0000)   (1.0000,0.0000)   (1.0000,0.0000)   (1.0000,0.0000) 
  can.orb. 2   (-1.0000,0.0000)   (1.0000,0.0000)   (-1.0000,0.0000)   (-1.0000,0.0000)   (1.0000,0.0000)   (1.0000,0.0000)   (-1.0000,0.0000) 
  can.orb. 3   (-1.0000,0.0000)   (1.0000,0.0000)   (-1.0000,0.0000)   (-1.0000,0.0000)   (1.0000,0.0000)   (1.0000,0.0000)   (-1.0000,0.0000) 
  can.orb. 4   (-1.0000,0.0000)   (-1.0000,0.0000)   (-0.9618,0.0000)   (0.9618,0.0000)   (-0.9618,0.0000)   (0.9618,0.0000)   (1.0000,0.0000) 
  can.orb. 5   (-1.0000,0.0000)   (-1.0000,0.0000)   (0.9618,0.0000)   (-0.9618,0.0000)   (0.9618,0.0000)   (-0.9618,0.0000)   (1.0000,0.0000) 
  can.orb. 6   (1.0000,0.0000)   (1.0000,0.0000)   (1.0000,0.0000)   (1.0000,0.0000)   (1.0000,0.0000)   (1.0000,0.0000)   (1.0000,0.0000) 
  can.orb. 7   (1.0000,0.0000)   (-1.0000,0.0000)   (0.9008,0.0000)   (-0.9008,0.0000)   (-0.9008,0.0000)   (0.9008,0.0000)   (-1.0000,0.0000) 
  can.orb. 8   (1.0000,0.0000)   (-1.0000,0.0000)   (-0.9008,0.0000)   (0.9008,0.0000)   (0.9008,0.0000)   (-0.9008,0.0000)   (-1.0000,0.0000) 
  can.orb. 9   (1.0000,0.0000)   (1.0000,0.0000)   (1.0000,0.0000)   (1.0000,0.0000)   (1.0000,0.0000)   (1.0000,0.0000)   (1.0000,0.0000) 
  can.orb. 10   (-1.0000,0.0000)   (1.0000,0.0000)   (-1.0000,0.0000)   (-1.0000,0.0000)   (1.0000,0.0000)   (1.0000,0.0000)   (-1.0000,0.0000) 
  can.orb. 11   (-1.0000,0.0000)   (1.0000,0.0000)   (-1.0000,0.0000)   (-1.0000,0.0000)   (1.0000,0.0000)   (1.0000,0.0000)   (-1.0000,0.0000) 
  can.orb. 12   (-1.0000,0.0000)   (-1.0000,0.0000)   (-0.9677,0.0000)   (0.9677,0.0000)   (-0.9677,0.0000)   (0.9677,0.0000)   (1.0000,0.0000) 
  can.orb. 13   (-1.0000,0.0000)   (-1.0000,0.0000)   (0.9677,0.0000)   (-0.9677,0.0000)   (0.9677,0.0000)   (-0.9677,0.0000)   (1.0000,0.0000) 
  can.orb. 14   (1.0000,0.0000)   (1.0000,0.0000)   (1.0000,0.0000)   (1.0000,0.0000)   (1.0000,0.0000)   (1.0000,0.0000)   (1.0000,0.0000) 
  can.orb. 15   (1.0000,0.0000)   (-1.0000,0.0000)   (0.9701,0.0000)   (-0.9701,0.0000)   (-0.9701,0.0000)   (0.9701,0.0000)   (-1.0000,0.0000) 
  can.orb. 16   (1.0000,0.0000)   (-1.0000,0.0000)   (-0.9701,0.0000)   (0.9701,0.0000)   (0.9701,0.0000)   (-0.9701,0.0000)   (-1.0000,0.0000) 
  can.orb. 17   (1.0000,0.0000)   (1.0000,0.0000)   (1.0000,0.0000)   (1.0000,0.0000)   (1.0000,0.0000)   (1.0000,0.0000)   (1.0000,0.0000) 
  can.orb. 18   (-1.0000,0.0000)   (1.0000,0.0000)   (-1.0000,0.0000)   (-1.0000,0.0000)   (1.0000,0.0000)   (1.0000,0.0000)   (-1.0000,0.0000) 
  can.orb. 19   (-1.0000,0.0000)   (1.0000,0.0000)   (-1.0000,0.0000)   (-1.0000,0.0000)   (1.0000,0.0000)   (1.0000,0.0000)   (-1.0000,0.0000) 



Orbital properties for SCF:
                           Lcoord_x          Lcoord_y          Lcoord_z               x^2               y^2               z^2
  can.orb. 0   (0.0000,-0.0000)   (0.0000,-0.0000)   (0.0000,-0.0000)   (0.4611,0.0000)   (0.4511,0.0000)   (0.4511,0.0000) 
  can.orb. 1   (0.0000,0.0000)   (0.0000,-0.0000)   (0.0000,0.0000)   (11.4485,0.0000)   (11.8265,0.0000)   (11.8265,0.0000) 
  can.orb. 2   (0.0000,0.0000)   (0.0000,0.0000)   (0.0000,-0.0000)   (30.1069,0.0000)   (10.0128,0.0000)   (10.0128,0.0000) 
  can.orb. 3   (0.0000,0.0000)   (0.0000,-0.0000)   (0.0000,0.0000)   (16.0357,0.0000)   (5.4116,0.0000)   (5.4116,0.0000) 
  can.orb. 4   (0.0000,-0.0000)   (0.0000,-0.0000)   (0.0000,0.0000)   (1.8132,0.0000)   (1.8685,0.0000)   (5.3307,0.0000) 
  can.orb. 5   (0.0000,-0.0000)   (0.0000,0.0000)   (0.0000,0.0000)   (1.8132,0.0000)   (5.3307,0.0000)   (1.8685,0.0000) 
  can.orb. 6   (0.0000,-0.0000)   (0.0000,-0.0000)   (0.0000,0.0000)   (8.0534,0.0000)   (4.5319,0.0000)   (4.5319,0.0000) 
  can.orb. 7   (0.0000,0.0000)   (0.0000,-0.0000)   (0.0000,-0.0000)   (5.4491,0.0000)   (1.9917,0.0000)   (5.2561,0.0000) 
  can.orb. 8   (0.0000,-0.0000)   (0.0000,0.0000)   (0.0000,-0.0000)   (5.4491,0.0000)   (5.2561,0.0000)   (1.9917,0.0000) 
  can.orb. 9   (0.0000,0.0000)   (0.0000,-0.0000)   (0.0000,-0.0000)   (4.5801,0.0000)   (3.0813,0.0000)   (3.0813,0.0000) 
  can.orb. 10   (0.0000,-0.0000)   (0.0000,0.0000)   (0.0000,-0.0000)   (10.0983,0.0000)   (3.4389,0.0000)   (3.4389,0.0000) 
  can.orb. 11   (0.0000,-0.0000)   (0.0000,-0.0000)   (0.0000,0.0000)   (5.8771,0.0000)   (1.9760,0.0000)   (1.9760,0.0000) 
  can.orb. 12   (0.0000,-0.0000)   (0.0000,0.0000)   (0.0000,-0.0000)   (0.6010,0.0000)   (0.6096,0.0000)   (1.7525,0.0000) 
  can.orb. 13   (0.0000,-0.0000)   (0.0000,-0.0000)   (0.0000,-0.0000)   (0.6010,0.0000)   (1.7525,0.0000)   (0.6096,0.0000) 
  can.orb. 14   (0.0000,0.0000)   (0.0000,0.0000)   (0.0000,0.0000)   (2.1165,0.0000)   (0.9086,0.0000)   (0.9086,0.0000) 
  can.orb. 15   (0.0000,-0.0000)   (0.0000,0.0000)   (0.0000,-0.0000)   (1.3225,0.0000)   (0.4498,0.0000)   (1.2973,0.0000) 
  can.orb. 16   (0.0000,-0.0000)   (0.0000,0.0000)   (0.0000,-0.0000)   (1.3225,0.0000)   (1.2973,0.0000)   (0.4498,0.0000) 
  can.orb. 17   (0.0000,-0.0000)   (0.0000,0.0000)   (0.0000,-0.0000)   (0.7860,0.0000)   (0.8728,0.0000)   (0.8728,0.0000) 
  can.orb. 18   (0.0000,-0.0000)   (0.0000,0.0000)   (0.0000,0.0000)   (3.0972,0.0000)   (1.0671,0.0000)   (1.0671,0.0000) 
  can.orb. 19   (0.0000,-0.0000)   (0.0000,0.0000)   (0.0000,-0.0000)   (1.3797,0.0000)   (0.4649,0.0000)   (0.4649,0.0000) 


RSP: done run scf2
Number of MOs = 22


RSP: Hartree-Fock orbitals have been obtained. 
RSP: Hartree-Fock final energy = 0.4036424118360543
Entering response module
No. of electrons: (2.00000000000712,0)
DevINFO: screened away 0 out of 9751 symmetry unique quadruples ABCD.
Recomputed final SCF electronic energy (-2.639571221748364,0) (-1.694906030454452,0) (0.9446651912939115,0)
unit_vectors():   MO Single-transition excitations in total.
Constructing start guesses for RPA-solver using the 100 lowest ones.
1 <- 0 : 0.9054226406021696
2 <- 0 : 0.9126535600877763
3 <- 0 : 1.103387935606526
4 <- 0 : 1.159364085102852
5 <- 0 : 1.159364085102853
6 <- 0 : 1.24309816804431
7 <- 0 : 1.328222646123115
8 <- 0 : 1.328222646123141
9 <- 0 : 1.421640028604745
10 <- 0 : 1.494366440850323
11 <- 0 : 2.32406780807094
12 <- 0 : 2.555217039356558
13 <- 0 : 2.555217039356561
14 <- 0 : 3.088637535783325
15 <- 0 : 3.409926188204758
16 <- 0 : 3.409926188204762
17 <- 0 : 4.089793726008555
18 <- 0 : 4.104806916062397
19 <- 0 : 8.299045231056802
20 <- 0 : 19.41951110731912
21 <- 0 : 30.10062434298528
Made 21 starting vectors 
DevINFO: screened away 0 out of 9751 symmetry unique quadruples ABCD.
DevINFO: screened away 0 out of 9751 symmetry unique quadruples ABCD.
DevINFO: screened away 0 out of 9751 symmetry unique quadruples ABCD.
DevINFO: screened away 284 out of 9751 symmetry unique quadruples ABCD.
DevINFO: screened away 300 out of 9751 symmetry unique quadruples ABCD.
DevINFO: screened away 0 out of 9751 symmetry unique quadruples ABCD.
DevINFO: screened away 23 out of 9751 symmetry unique quadruples ABCD.
DevINFO: screened away 93 out of 9751 symmetry unique quadruples ABCD.
DevINFO: screened away 0 out of 9751 symmetry unique quadruples ABCD.
DevINFO: screened away 0 out of 9751 symmetry unique quadruples ABCD.
DevINFO: screened away 0 out of 9751 symmetry unique quadruples ABCD.
DevINFO: screened away 107 out of 9751 symmetry unique quadruples ABCD.
DevINFO: screened away 201 out of 9751 symmetry unique quadruples ABCD.
DevINFO: screened away 0 out of 9751 symmetry unique quadruples ABCD.
DevINFO: screened away 37 out of 9751 symmetry unique quadruples ABCD.
DevINFO: screened away 85 out of 9751 symmetry unique quadruples ABCD.
DevINFO: screened away 0 out of 9751 symmetry unique quadruples ABCD.
DevINFO: screened away 0 out of 9751 symmetry unique quadruples ABCD.
DevINFO: screened away 0 out of 9751 symmetry unique quadruples ABCD.
DevINFO: screened away 0 out of 9751 symmetry unique quadruples ABCD.
DevINFO: screened away 0 out of 9751 symmetry unique quadruples ABCD.
The Davidson solver is about to start.
-------
Davidson step #0, 42 RPA trial vectors already in subspace.
The Davidson solver converged to a solution. 1 iterations and 0 restarts were needed.
==============================================================================================================
The Final eigenvalues from the Davidson method
==============================================================================================================
(RSP) 	 Excitation Energy 	0.7108287329365582	0.7268664025674341	0.8166442783280612	-0.8166442783280599	0.8583947473453429	
==============================================================================================================
Root: 0	 with energy 0.7108287329365582
==============================================================================================================
1 <-- 0 C^2 :  0.9746609297561525 C : (-0.9872491730845625,0)
==============================================================================================================
Root: 1	 with energy 0.7268664025674341
==============================================================================================================
2 <-- 0 C^2 :  0.8043780725437677 C : (0.8968712686577534,0)
3 <-- 0 C^2 :  0.1876742264707654 C : (-0.4332138345791435,0)
==============================================================================================================
Root: 2	 with energy 0.8166442783280612
==============================================================================================================
4 <-- 0 C^2 :  0.87717932073939 C : (0.9365785181923566,0)
5 <-- 0 C^2 :  0.1211708634902171 C : (0.348096054976521,0)
==============================================================================================================
Root: 3	 with energy -0.8166442783280599
==============================================================================================================
0 <-- 4 C^2 :  0.3923728989687624 C : (0.6263967584277256,0)
0 <-- 5 C^2 :  0.605977285260845 C : (-0.7784454285695594,0)
==============================================================================================================
Root: 4	 with energy 0.8583947473453429
==============================================================================================================
2 <-- 0 C^2 :  0.1950699535138593 C : (-0.4416672429712887,0)
3 <-- 0 C^2 :  0.7603479088200065 C : (-0.8719793052704902,0)
==============================================================================================================
Final vector orthonormalization resulted in NaN value (cnt=0).
