
Running the London Hartree-Fock program at /home/sangita.sen/packages/london/london.x.
Founded by Erik Tellgren, Alessandro Soncini and Trygve Helgaker.
Programming by:
  Erik Tellgren (main programmer)
  Kai Kaarvann Lange
  Andrew M. Teale
  Ulf Ekstrom
  Stella Stopkowicz
  Jon H. Austad


Basis file /home/sangita.sen/packages/london/baslib/aug-cc-pVDZ opened for reading.
Basis file /home/sangita.sen/packages/london/baslib/aug-cc-pVDZ opened for reading.
Basis file /home/sangita.sen/packages/london/baslib/aug-cc-pVDZ opened for reading.
User input successfully read from file_y1.inp.

london-input{
  analysis{
    analysis-only = no
    xml-print-potential-basis-overlap = no
    xml-print-potential-basis-kinetic = no
    export-operators = no
    # decypher-density-matrix-file = binary-file, plain-text-file
    # density-matrix-binary-to-text = binary-input-file, text-output-file
    # density-matrix-text-to-binary = text-input-file, binary-output-file
    # density-matrix-for-plotting = filename
    # density-plot-data = {filename,(x0,y0,z0),(x1,y1,z1),(x2,y2,z2),(x3,y3,z3),(N1xN2xN3),precision=N,scolon={y/n},fields{rho,grad(rho),jp,j,A,B,rho2nu,rho2omega,tau_p,tau_pi,laplacian(rho),grad(rho)^2,jp^2,tau_tensor}}
    # streamline-data = {filename,(x0,y0,z0),(x1,y1,z1),(x2,y2,z2),(x3,y3,z3),(N1xN2xN3),precision=N,scolon={y/n},fields{rho,grad(rho),jp,j,A,B,rho2nu,rho2omega,tau_p,tau_pi,laplacian(rho),grad(rho)^2,jp^2,tau_tensor}}
    # vortexline-data = {filename,(x0,y0,z0),(x1,y1,z1),(x2,y2,z2),(x3,y3,z3),(N1xN2xN3),precision=N,scolon={y/n},fields{rho,grad(rho),jp,j,A,B,rho2nu,rho2omega,tau_p,tau_pi,laplacian(rho),grad(rho)^2,jp^2,tau_tensor}}
    # current-through-plane = {density_matrix_file,(x0,y0,z0),(x1,y1,z1),(x2,y2,z2),(x3,y3,z3),(N1xN2xN3),precision=N,scolon={y/n},fields{rho,grad(rho),jp,j,A,B,rho2nu,rho2omega,tau_p,tau_pi,laplacian(rho),grad(rho)^2,jp^2,tau_tensor}}
    # linearly-combine-density-matrices = file : 0.6 * infile1, 0.4 * infile2, ...
    # spin-rotate-2c-density-matrix = file : infile, angle_degrees, (ux, uy, uz)
    linear-dependence-tol = 1e-06
    # overlap-for-ci-state-files = file1, file2
  }

  scf{
    spin-symmetry-constraint = Unrestricted Hartree-Fock
    linear-dependence-tol = 1e-10
    uhf-spin-projection = 0
    disable-spin-zeeman-in-fock-matrix = no
    noisy-init-guess = no
    # density-matrix-input-file = 
    # density-matrix-output-file = 
    # density-plot-data = {filename,(x0,y0,z0),(x1,y1,z1),(x2,y2,z2),(x3,y3,z3),(N1xN2xN3),precision=N,scolon={y/n},fields{rho,grad(rho),jp,j,A,B,rho2nu,rho2omega,tau_p,tau_pi,laplacian(rho),grad(rho)^2,jp^2,tau_tensor}}
    # molecular-orbitals-to-plot = (1,2,3,...)
    min-scf-iterations = 0
    max-scf-iterations = 160
    use-density-fitting = no
    use-admm = no
    analyze-using-dft-grid = no

    diis{
      convergence-tolerance = 1e-10
      subspace-dimension = 7
      diagonalization-temperature = 0
    }
  }

  casscf{
    max-active-orbitals = 2000
    number-of-frozen-orbitals = 0
    number-of-states-in-casscf-optimization = 1
    number-of-ci-states = 1
    spin-projection = default
    num-1exc-init-vec = 0
    num-2exc-init-vec = 0
    use-noisy-init-vec = no
    ci-max-subspace-dim = default
    ci-convergence-tol = 1e-06
    # density-matrix-input-file = 
    # density-matrix-output-file = 
    # ci-states-output-file = 
    # density-plot-data = {filename,(x0,y0,z0),(x1,y1,z1),(x2,y2,z2),(x3,y3,z3),(N1xN2xN3),precision=N,scolon={y/n},fields{rho,grad(rho),jp,j,A,B,rho2nu,rho2omega,tau_p,tau_pi,laplacian(rho),grad(rho)^2,jp^2,tau_tensor}}
    # analysis-weights = (w0, w1, ...)
  }

  mp2{
    spin-projection = default
    number-of-weights = 8
    basis-functions-per-block = 20
    cs-tolerance = 0
    print-mp2-components = 0
    # density-matrix-input-file = 
    # density-matrix-output-file = 
    #property-request = relaxed-density-matrix
  }

  rsp{
    number-of-roots-requested = 6
    root-selection-method = energy
    excitation-basis = MObasis
    starting-guess = UnitGuess
    solver_choice = GenEig
    method_choice = RPA
    precondition = false
    initial-subspace-dimension = 100
    maximum-subspace-dimension = 800
    convergence-tolerance = 1e-10
    max-rsp-iterations = 200
    # density-matrix-input-file = 
    # density-matrix-output-file = 
  }

  coupled-cluster{
    truncation-level = CCSD
    property-request = off
    spin-projection = default
    max-it = 150
    write-t-amplitudes = yes
    read-t-amplitudes = no
    # density-matrix-output-file = 
    # memory-in-gb = 
    # interface = 
    # molecular-orbitals-to-freeze = (1,3,5,...)
    diis{
      convergence-tolerance = 1e-06
      subspace-dimension = 7
      diagonalization-temperature = 0
    }
  }

  finite-difference{
    run-finite-difference = false
    run-type = gradient
    use-ref-density = false
    step-size = 0.0005
  }

  system{
    molecular-charge = 0
    correlation-model = RSP

    hamiltonian{
      electron-mass = 1
      speed-of-light = 137.036
      adiabatic-connection-lambda = 1
      nuclear-charge-distribution = point charge

      magnetic-field = (0, 0.01, 0)
      gauge-origin = (0, 0, 0.1173)

      linear-magnetic-field = {(0, 0, 0), (0, 0, 0), (0, 0, 0)}
      linear-magnetic-origin = (0, 0, 0)

      electric-field = (0, 0, 0)
      electric-origin = (0, 0, 0)
      linear-electric-field = {(0, 0, 0), (0, 0, 0), (0, 0, 0)}

      include-basis-expanded-scalar-potential = no
      scalar-potential-coefficients = (empty)
      include-basis-expanded-vector-potential = no
      vector-potential-coefficients-x = (empty)
      vector-potential-coefficients-y = (empty)
      vector-potential-coefficients-z = (empty)
      include-repulsion-from-external-density = no
      external-charge-density-scale-factor = 1
      include-coulomb-distance-to-external-density = no
      external-charge-density-distance-factor = 1
      # external-charge-density-file = filename
      # lieb-ref-density-file = filename
      # potential-plot-data = {filename,(x0,y0,z0),(x1,y1,z1),(x2,y2,z2),(x3,y3,z3),(N1xN2xN3),precision=N,scolon={y/n},fields{rho,grad(rho),jp,j,A,B,rho2nu,rho2omega,tau_p,tau_pi,laplacian(rho),grad(rho)^2,jp^2,tau_tensor}}

      integral{
        use-coulomb-integral-permutation-symmetry = yes
        use-cauchy-schwarz-screening = yes
        cauchy-schwarz-tol = 1e-15
        boys-function-tol = 1e-17
      }

      dft{
        # xc-functional = 0.7 * lda + 0.54 * lyp
        # xc-fun-parameter = {param1 = 0.1, param2 = 0.2, param3 = 0.3}
        jp-functional = none
        vrg-functional = none
        tau-correction = none
        vrg-hard-rs-cutoff = 62035.049
        vrg-soft-density-cutoff = 1e-14
        exact-exchange-fraction = default
        # gridfile = 
        radial-grid-type = LMG
        allow-grid-pruning = yes
        gc2-radial-grid-threshold = 1e-13
        lebedev-angular-target-degree = 35
        lebedev-angular-minimal-degree = 15
        weight-screen-threshold = 1e-20
        becke-hardness = 3
        allow-becke-atom-size-correction = yes
      }
    }

    # data on state flags lost, output incomplete here
    use-london-orbitals = yes
    gto-contraction-type = all, normalizedprimitive
    basis = aug-cc-pVDZ
    # density-fitting-basis = 
    # admm-basis = 
    # scalar-potential-basis = 
    # vector-potential-basis = 
    # if you really want to: # orbital-wave-vector-offset = (0, 0, 0)
    charge = 1
    H            0       0.7572      -0.4692
    H            0      -0.7572      -0.4692
    charge = 8
    O            0            0       0.1173
  }
}

Basis set information:
The orbital basis consists of 59 basis functions formed from linear combinations of 59 primitive basis functions.
The density-fitting basis consists of 0 basis functions formed from linear combinations of 0 primitive basis functions.
The scalar potential basis consists of 0 basis functions formed from linear combinations of 0 primitive basis functions.
The vector potential basis consists of 0 basis functions formed from linear combinations of 0 primitive basis functions.
UHF Spin type 2

RSP: Running Hartree-Fock to determine orbital space.
RSP: run scf2


SCF: Running SCF optimization.

SCF: The SCF basis contains 59 basis functions.
 Fock build F = F(D) performed in 0 seconds (with 0 seconds used for Coulomb and exchange).
SCF-SD: Initial density by diagonalizing the one-electron part of the Fock matrix.
Initial trace: Tr(D) = (10,4.80692e-18)

SCF iteration 1:       [wall time: Thu Sep 16 23:15:35 2021]
SCF: using a fraction 1 of Hartree-Fock exchange.
DevINFO: screened away 289 out of 231601 symmetry unique quadruples ABCD.
 Fock build F = F(D) performed in 1 seconds (with 1 seconds used for Coulomb and exchange).
 Total energy: -60.76300756 Hartree
 Fock matrix inversion D = D(Fmix) performed in 0 seconds.
  Nuclear repulsion:  17.36570202
  Kinetic:            128.7187584
  Nuclear attraction: -277.290437
  Spin Zeeman effect: -1.33226763e-17
  Coulomb:            84.48451736
  Exchange:           -14.04154828
  Total:              -60.76300756

 Ehomo(Down) = 3804.496831, Elumo(Down) = 22783.17372
 Ehomo( Up ) = 3804.506831, Elumo( Up ) = 22783.18372
 DIIS error norm: 20.72012302

SCF iteration 2:       [wall time: Thu Sep 16 23:15:36 2021]
SCF: using a fraction 1 of Hartree-Fock exchange.
DevINFO: screened away 377 out of 231601 symmetry unique quadruples ABCD.
 Fock build F = F(D) performed in 1 seconds (with 1 seconds used for Coulomb and exchange).
 Total energy: -61.50756504 Hartree
 Fock matrix inversion D = D(Fmix) performed in 0 seconds.
  Nuclear repulsion:  17.36570202
  Kinetic:            59.53035315
  Nuclear attraction: -153.7643839
  Spin Zeeman effect: 4.440892099e-17
  Coulomb:            21.36003566
  Exchange:           -5.999271931
  Total:              -61.50756504

 Ehomo(Down) = -0.01166235102, Elumo(Down) = 0.02103468325
 Ehomo( Up ) = -0.001662351021, Elumo( Up ) = 0.03103468325
 DIIS error norm: 6.239479082

SCF iteration 3:       [wall time: Thu Sep 16 23:15:37 2021]
SCF: using a fraction 1 of Hartree-Fock exchange.
DevINFO: screened away 323 out of 231601 symmetry unique quadruples ABCD.
 Fock build F = F(D) performed in 1 seconds (with 1 seconds used for Coulomb and exchange).
 Total energy: -72.40746604 Hartree
 Fock matrix inversion D = D(Fmix) performed in 0 seconds.
  Nuclear repulsion:  17.36570202
  Kinetic:            94.08302848
  Nuclear attraction: -237.7142621
  Spin Zeeman effect: -3.996802889e-17
  Coulomb:            65.20319916
  Exchange:           -11.34513359
  Total:              -72.40746604

 Ehomo(Down) = -0.04602745708, Elumo(Down) = 0.01876393732
 Ehomo( Up ) = -0.03602745708, Elumo( Up ) = 0.02876393732
 DIIS error norm: 6.059535853

SCF iteration 4:       [wall time: Thu Sep 16 23:15:38 2021]
SCF: using a fraction 1 of Hartree-Fock exchange.
DevINFO: screened away 344 out of 231601 symmetry unique quadruples ABCD.
 Fock build F = F(D) performed in 2 seconds (with 1 seconds used for Coulomb and exchange).
 Total energy: -74.20377415 Hartree
 Fock matrix inversion D = D(Fmix) performed in 0 seconds.
  Nuclear repulsion:  17.36570202
  Kinetic:            85.39243287
  Nuclear attraction: -224.5586869
  Spin Zeeman effect: -7.105427358e-17
  Coulomb:            58.00461
  Exchange:           -10.40783216
  Total:              -74.20377415

 Ehomo(Down) = -0.6248162254, Elumo(Down) = 0.01188494
 Ehomo( Up ) = -0.6148162254, Elumo( Up ) = 0.02188494
 DIIS error norm: 2.196333719

SCF iteration 5:       [wall time: Thu Sep 16 23:15:40 2021]
SCF: using a fraction 1 of Hartree-Fock exchange.
DevINFO: screened away 359 out of 231601 symmetry unique quadruples ABCD.
 Fock build F = F(D) performed in 1 seconds (with 1 seconds used for Coulomb and exchange).
 Total energy: -74.59388185 Hartree
 Fock matrix inversion D = D(Fmix) performed in 0 seconds.
  Nuclear repulsion:  17.36570202
  Kinetic:            80.72859961
  Nuclear attraction: -216.1141955
  Spin Zeeman effect: 4.884981308e-17
  Coulomb:            53.20553339
  Exchange:           -9.779521356
  Total:              -74.59388185

 Ehomo(Down) = -0.560580178, Elumo(Down) = 0.03448392432
 Ehomo( Up ) = -0.550580178, Elumo( Up ) = 0.04448392432
 DIIS error norm: 0.1980391255

SCF iteration 6:       [wall time: Thu Sep 16 23:15:41 2021]
SCF: using a fraction 1 of Hartree-Fock exchange.
DevINFO: screened away 363 out of 231601 symmetry unique quadruples ABCD.
 Fock build F = F(D) performed in 1 seconds (with 1 seconds used for Coulomb and exchange).
 Total energy: -74.60081407 Hartree
 Fock matrix inversion D = D(Fmix) performed in 0 seconds.
  Nuclear repulsion:  17.36570202
  Kinetic:            80.27306572
  Nuclear attraction: -215.0867787
  Spin Zeeman effect: 7.993605777e-17
  Coulomb:            52.5362389
  Exchange:           -9.689042002
  Total:              -74.60081407

 Ehomo(Down) = -0.5736040787, Elumo(Down) = 0.03376126447
 Ehomo( Up ) = -0.5636040787, Elumo( Up ) = 0.04376126447
 DIIS error norm: 0.05723094592

SCF iteration 7:       [wall time: Thu Sep 16 23:15:42 2021]
SCF: using a fraction 1 of Hartree-Fock exchange.
DevINFO: screened away 358 out of 231601 symmetry unique quadruples ABCD.
 Fock build F = F(D) performed in 2 seconds (with 2 seconds used for Coulomb and exchange).
 Total energy: -74.60106426 Hartree
 Fock matrix inversion D = D(Fmix) performed in 0 seconds.
  Nuclear repulsion:  17.36570202
  Kinetic:            80.34908109
  Nuclear attraction: -215.2083035
  Spin Zeeman effect: 1.33226763e-17
  Coulomb:            52.5878896
  Exchange:           -9.695433455
  Total:              -74.60106426

 Ehomo(Down) = -0.5769926687, Elumo(Down) = 0.03322558564
 Ehomo( Up ) = -0.5669926687, Elumo( Up ) = 0.04322558564
 DIIS error norm: 0.01205534265

SCF iteration 8:       [wall time: Thu Sep 16 23:15:44 2021]
SCF: using a fraction 1 of Hartree-Fock exchange.
DevINFO: screened away 360 out of 231601 symmetry unique quadruples ABCD.
 Fock build F = F(D) performed in 1 seconds (with 1 seconds used for Coulomb and exchange).
 Total energy: -74.601079 Hartree
 Fock matrix inversion D = D(Fmix) performed in 0 seconds.
  Nuclear repulsion:  17.36570202
  Kinetic:            80.36836932
  Nuclear attraction: -215.2411869
  Spin Zeeman effect: 8.881784197e-18
  Coulomb:            52.60356201
  Exchange:           -9.697525504
  Total:              -74.601079

 Ehomo(Down) = -0.5770833604, Elumo(Down) = 0.03317234656
 Ehomo( Up ) = -0.5670833604, Elumo( Up ) = 0.04317234656
 DIIS error norm: 0.001432069925

SCF iteration 9:       [wall time: Thu Sep 16 23:15:45 2021]
SCF: using a fraction 1 of Hartree-Fock exchange.
DevINFO: screened away 360 out of 231601 symmetry unique quadruples ABCD.
 Fock build F = F(D) performed in 1 seconds (with 1 seconds used for Coulomb and exchange).
 Total energy: -74.60107933 Hartree
 Fock matrix inversion D = D(Fmix) performed in 0 seconds.
  Nuclear repulsion:  17.36570202
  Kinetic:            80.37053208
  Nuclear attraction: -215.2453227
  Spin Zeeman effect: 2.220446049e-17
  Coulomb:            52.60585225
  Exchange:           -9.697842978
  Total:              -74.60107933

 Ehomo(Down) = -0.5769874889, Elumo(Down) = 0.0331825708
 Ehomo( Up ) = -0.5669874889, Elumo( Up ) = 0.0431825708
 DIIS error norm: 0.0002334302265

SCF iteration 10:       [wall time: Thu Sep 16 23:15:46 2021]
SCF: using a fraction 1 of Hartree-Fock exchange.
DevINFO: screened away 360 out of 231601 symmetry unique quadruples ABCD.
 Fock build F = F(D) performed in 1 seconds (with 1 seconds used for Coulomb and exchange).
 Total energy: -74.60107934 Hartree
 Fock matrix inversion D = D(Fmix) performed in 0 seconds.
  Nuclear repulsion:  17.36570202
  Kinetic:            80.37022359
  Nuclear attraction: -215.2448088
  Spin Zeeman effect: 7.105427358e-17
  Coulomb:            52.60561777
  Exchange:           -9.69781394
  Total:              -74.60107934

 Ehomo(Down) = -0.5769860717, Elumo(Down) = 0.03318280844
 Ehomo( Up ) = -0.5669860717, Elumo( Up ) = 0.04318280844
 DIIS error norm: 3.321147289e-05

SCF iteration 11:       [wall time: Thu Sep 16 23:15:47 2021]
SCF: using a fraction 1 of Hartree-Fock exchange.
DevINFO: screened away 360 out of 231601 symmetry unique quadruples ABCD.
 Fock build F = F(D) performed in 2 seconds (with 2 seconds used for Coulomb and exchange).
 Total energy: -74.60107934 Hartree
 Fock matrix inversion D = D(Fmix) performed in 0 seconds.
  Nuclear repulsion:  17.36570202
  Kinetic:            80.37019623
  Nuclear attraction: -215.2447497
  Spin Zeeman effect: 7.993605777e-17
  Coulomb:            52.60558099
  Exchange:           -9.697808853
  Total:              -74.60107934

 Ehomo(Down) = -0.5769857194, Elumo(Down) = 0.0331827714
 Ehomo( Up ) = -0.5669857194, Elumo( Up ) = 0.04318277141
 DIIS error norm: 4.059706722e-06

SCF iteration 12:       [wall time: Thu Sep 16 23:15:49 2021]
SCF: using a fraction 1 of Hartree-Fock exchange.
DevINFO: screened away 360 out of 231601 symmetry unique quadruples ABCD.
 Fock build F = F(D) performed in 1 seconds (with 1 seconds used for Coulomb and exchange).
 Total energy: -74.60107934 Hartree
 Fock matrix inversion D = D(Fmix) performed in 0 seconds.
  Nuclear repulsion:  17.36570202
  Kinetic:            80.37019836
  Nuclear attraction: -215.2447525
  Spin Zeeman effect: -3.996802889e-17
  Coulomb:            52.60558179
  Exchange:           -9.697808993
  Total:              -74.60107934

 Ehomo(Down) = -0.5769856873, Elumo(Down) = 0.03318277096
 Ehomo( Up ) = -0.5669856873, Elumo( Up ) = 0.04318277096
 DIIS error norm: 5.883524866e-07

SCF iteration 13:       [wall time: Thu Sep 16 23:15:50 2021]
SCF: using a fraction 1 of Hartree-Fock exchange.
DevINFO: screened away 360 out of 231601 symmetry unique quadruples ABCD.
 Fock build F = F(D) performed in 1 seconds (with 1 seconds used for Coulomb and exchange).
 Total energy: -74.60107934 Hartree
 Fock matrix inversion D = D(Fmix) performed in 0 seconds.
  Nuclear repulsion:  17.36570202
  Kinetic:            80.37019843
  Nuclear attraction: -215.2447526
  Spin Zeeman effect: 3.108624469e-17
  Coulomb:            52.60558178
  Exchange:           -9.697809
  Total:              -74.60107934

 Ehomo(Down) = -0.576985686, Elumo(Down) = 0.0331827709
 Ehomo( Up ) = -0.566985686, Elumo( Up ) = 0.0431827709
 DIIS error norm: 1.232697638e-07

SCF iteration 14:       [wall time: Thu Sep 16 23:15:51 2021]
SCF: using a fraction 1 of Hartree-Fock exchange.
DevINFO: screened away 360 out of 231601 symmetry unique quadruples ABCD.
 Fock build F = F(D) performed in 1 seconds (with 1 seconds used for Coulomb and exchange).
 Total energy: -74.60107934 Hartree
 Fock matrix inversion D = D(Fmix) performed in 1 seconds.
  Nuclear repulsion:  17.36570202
  Kinetic:            80.37019845
  Nuclear attraction: -215.2447526
  Spin Zeeman effect: -2.664535259e-17
  Coulomb:            52.60558179
  Exchange:           -9.697809002
  Total:              -74.60107934

 Ehomo(Down) = -0.5769856861, Elumo(Down) = 0.033182771
 Ehomo( Up ) = -0.5669856861, Elumo( Up ) = 0.043182771
 DIIS error norm: 2.413793794e-08

SCF iteration 15:       [wall time: Thu Sep 16 23:15:53 2021]
SCF: using a fraction 1 of Hartree-Fock exchange.
DevINFO: screened away 360 out of 231601 symmetry unique quadruples ABCD.
 Fock build F = F(D) performed in 1 seconds (with 1 seconds used for Coulomb and exchange).
 Total energy: -74.60107934 Hartree
 Fock matrix inversion D = D(Fmix) performed in 0 seconds.
  Nuclear repulsion:  17.36570202
  Kinetic:            80.37019844
  Nuclear attraction: -215.2447526
  Spin Zeeman effect: -2.664535259e-17
  Coulomb:            52.60558179
  Exchange:           -9.697809002
  Total:              -74.60107934

 Ehomo(Down) = -0.5769856868, Elumo(Down) = 0.03318277098
 Ehomo( Up ) = -0.5669856868, Elumo( Up ) = 0.04318277098
 DIIS error norm: 3.214993515e-09

SCF iteration 16:       [wall time: Thu Sep 16 23:15:54 2021]
SCF: using a fraction 1 of Hartree-Fock exchange.
DevINFO: screened away 360 out of 231601 symmetry unique quadruples ABCD.
 Fock build F = F(D) performed in 1 seconds (with 1 seconds used for Coulomb and exchange).
 Total energy: -74.60107934 Hartree
 Fock matrix inversion D = D(Fmix) performed in 0 seconds.
  Nuclear repulsion:  17.36570202
  Kinetic:            80.37019844
  Nuclear attraction: -215.2447526
  Spin Zeeman effect: -1.776356839e-17
  Coulomb:            52.60558179
  Exchange:           -9.697809002
  Total:              -74.60107934

 Ehomo(Down) = -0.5769856867, Elumo(Down) = 0.03318277098
 Ehomo( Up ) = -0.5669856867, Elumo( Up ) = 0.04318277098
 DIIS error norm: 7.994184645e-10

SCF iteration 17:       [wall time: Thu Sep 16 23:15:55 2021]
SCF: using a fraction 1 of Hartree-Fock exchange.
DevINFO: screened away 360 out of 231601 symmetry unique quadruples ABCD.
 Fock build F = F(D) performed in 1 seconds (with 1 seconds used for Coulomb and exchange).
 Total energy: -74.60107934 Hartree
 Fock matrix inversion D = D(Fmix) performed in 0 seconds.
  Nuclear repulsion:  17.36570202
  Kinetic:            80.37019844
  Nuclear attraction: -215.2447526
  Spin Zeeman effect: -1.33226763e-17
  Coulomb:            52.60558179
  Exchange:           -9.697809002
  Total:              -74.60107934

 Ehomo(Down) = -0.5769856867, Elumo(Down) = 0.03318277098
 Ehomo( Up ) = -0.5669856867, Elumo( Up ) = 0.04318277098
 DIIS error norm: 1.163825204e-10

SCF iteration 18:       [wall time: Thu Sep 16 23:15:56 2021]
SCF: using a fraction 1 of Hartree-Fock exchange.
DevINFO: screened away 360 out of 231601 symmetry unique quadruples ABCD.
 Fock build F = F(D) performed in 2 seconds (with 2 seconds used for Coulomb and exchange).
 Total energy: -74.60107934 Hartree
 Fock matrix inversion D = D(Fmix) performed in 0 seconds.
  Nuclear repulsion:  17.36570202
  Kinetic:            80.37019844
  Nuclear attraction: -215.2447526
  Spin Zeeman effect: -3.108624469e-17
  Coulomb:            52.60558179
  Exchange:           -9.697809002
  Total:              -74.60107934

 Ehomo(Down) = -0.5769856867, Elumo(Down) = 0.03318277098
 Ehomo( Up ) = -0.5669856867, Elumo( Up ) = 0.04318277098
 DIIS error norm: 2.954864546e-11

Converged SCF results:
-----------------------
(pre-RSP) Nuclear repulsion:  17.36570202439076
(pre-RSP) Kinetic:            80.37019844116401
(pre-RSP) Nuclear attraction: -215.2447525956372
(pre-RSP) Spin Zeeman effect: -3.108624468950439e-17
(pre-RSP) Coulomb:            52.60558179146707
(pre-RSP) Exchange:           -9.697809001816914
(pre-RSP) Total electronic:   -91.96678136482302
(pre-RSP) Total:              -74.60107934043225

(pre-RSP) E(LUMO, Down): 0.03318277097943834
(pre-RSP) E(HOMO, Down): -0.5769856867083438
(pre-RSP) E(GAP, Down):  0.6101684576877822

(pre-RSP) E(LUMO,  Up ): 0.04318277097958044
(pre-RSP) E(HOMO,  Up ): -0.5669856867083738
(pre-RSP) E(GAP,  Up ):  0.6101684576879542

Orbital energies (Eorb), orbital contributions to the total energy (Econtrib), and reflection symmetry properties for the molecular orbitals:

Orbital analysis (pre-RSP)
    Eorb      Econtrib  Occ  Reflection(xy)  Reflection(xz)  Reflection(yz)
---------------------------------------------------------------------------
Spin Down
  -20.5204    -27.2618   1  (0.6528,-0.0000)  (1.0000,-0.0000)  (1.0000,-0.0000)
  -1.73199    -5.52237   1  (0.7356,-0.0000)  (1.0000,-0.0000)  (1.0000,-0.0000)
  -1.04983    -4.85615   1  (0.9774,0.0000)  (-1.0000,-0.0000)  (1.0000,-0.0000)
 -0.675324    -4.22908   1  (-0.6905,-0.0000)  (1.0000,0.0000)  (0.9956,0.0000)
 -0.576986    -4.12651   1  (0.9873,0.0000)  (1.0000,0.0000)  (-0.9956,-0.0000)
 0.0331828   -0.846234   0  (0.9235,-0.0000)  (1.0000,0.0000)  (0.9996,0.0000)
 0.0529383   -0.675593   0  (0.9446,-0.0000)  (-1.0000,-0.0000)  (0.9996,-0.0000)
  0.146466   -0.951885   0  (-0.4742,-0.0000)  (1.0000,-0.0000)  (0.9232,-0.0000)
  0.166377   -0.980146   0  (0.9013,-0.0000)  (1.0000,-0.0000)  (-0.9152,0.0000)
  0.205647   -0.833599   0  (0.8477,-0.0000)  (-1.0000,-0.0000)  (0.9993,0.0000)
  0.207893   -0.994431   0  (0.5869,-0.0000)  (1.0000,0.0000)  (0.9921,0.0000)
  0.365739    -1.01929   0  (-0.4861,0.0000)  (-1.0000,-0.0000)  (0.9700,0.0000)
  0.389792    -1.03303   0  (0.9154,0.0000)  (1.0000,0.0000)  (0.9998,-0.0000)
  0.408595    -1.02266   0  (0.8795,-0.0000)  (-1.0000,0.0000)  (-0.9696,-0.0000)
  0.448991    -1.05704   0  (-0.1823,0.0000)  (1.0000,0.0000)  (0.9597,0.0000)
  0.501441    -1.13662   0  (0.3300,-0.0000)  (1.0000,-0.0000)  (-0.9541,-0.0000)
   0.55718   -0.908915   0  (0.6297,-0.0000)  (-1.0000,-0.0000)  (0.9996,-0.0000)
  0.578439   -0.967071   0  (0.8325,-0.0000)  (1.0000,0.0000)  (0.9942,0.0000)
  0.626208    -0.76756   0  (0.6432,-0.0000)  (-1.0000,-0.0000)  (0.9998,-0.0000)
  0.969889    -1.24902   0  (0.2398,0.0000)  (1.0000,-0.0000)  (0.9618,-0.0000)
Spin Up
  -20.5104    -27.2568   1  (0.6528,0.0000)  (1.0000,-0.0000)  (1.0000,0.0000)
  -1.72199    -5.51737   1  (0.7356,-0.0000)  (1.0000,0.0000)  (1.0000,-0.0000)
  -1.03983    -4.85115   1  (0.9774,0.0000)  (-1.0000,-0.0000)  (1.0000,0.0000)
 -0.665324    -4.22408   1  (-0.6905,-0.0000)  (1.0000,-0.0000)  (0.9956,-0.0000)
 -0.566986    -4.12151   1  (0.9873,-0.0000)  (1.0000,0.0000)  (-0.9956,-0.0000)
 0.0431828   -0.841234   0  (0.9235,-0.0000)  (1.0000,-0.0000)  (0.9996,-0.0000)
 0.0629383   -0.670593   0  (0.9446,-0.0000)  (-1.0000,-0.0000)  (0.9996,-0.0000)
  0.156466   -0.946885   0  (-0.4742,0.0000)  (1.0000,0.0000)  (0.9232,-0.0000)
  0.176377   -0.975146   0  (0.9013,0.0000)  (1.0000,-0.0000)  (-0.9152,0.0000)
  0.215647   -0.828599   0  (0.8477,0.0000)  (-1.0000,0.0000)  (0.9993,0.0000)
  0.217893   -0.989431   0  (0.5869,0.0000)  (1.0000,0.0000)  (0.9921,-0.0000)
  0.375739    -1.01429   0  (-0.4861,0.0000)  (-1.0000,-0.0000)  (0.9700,-0.0000)
  0.399792    -1.02803   0  (0.9154,0.0000)  (1.0000,-0.0000)  (0.9998,-0.0000)
  0.418595    -1.01766   0  (0.8795,0.0000)  (-1.0000,-0.0000)  (-0.9696,0.0000)
  0.458991    -1.05204   0  (-0.1823,-0.0000)  (1.0000,0.0000)  (0.9597,-0.0000)
  0.511441    -1.13162   0  (0.3300,0.0000)  (1.0000,0.0000)  (-0.9541,0.0000)
   0.56718   -0.903915   0  (0.6297,0.0000)  (-1.0000,-0.0000)  (0.9996,0.0000)
  0.588439   -0.962071   0  (0.8325,0.0000)  (1.0000,0.0000)  (0.9942,0.0000)
  0.636208    -0.76256   0  (0.6432,0.0000)  (-1.0000,0.0000)  (0.9998,0.0000)
  0.979889    -1.24402   0  (0.2398,-0.0000)  (1.0000,-0.0000)  (0.9618,-0.0000)


Properties:
-----------
Spin-projection on field: <sigma_B> = <2 S_B> = 9.769962616701378e-15
Spin-projection squared: <sigma_B> = <4 S_B^2> = 7.993605777301127e-15
Total spin: <sigma^2> = <4 S^2> = 5.240252676230739e-14 = 4 * 1.310063169057685e-14 * (1.310063169057685e-14 + 1)
Total spin quantum number: s = 1.310063169057685e-14


(SCF) Traces of the SCF 1-electron density matrix with simple operators
(SCF) Mechanical/kinetic momentum:
(SCF)     <PIx> = 2.875097990292275e-05
(SCF)     <PIy> = -7.717741406779932e-15
(SCF)     <PIz> = 4.418904203311747e-16
(SCF)     B x pi = (4.418904203311748e-18, 0, -2.875097990292275e-07)
(SCF) Angular momentum w.r.t. gauge origin (0, 0, 0.1173):
(SCF)     <Lx> = -1.126766317738586e-16
(SCF)     <Ly> = 0.04522507506166652
(SCF)     <Lz> = 1.657663343822212e-14
(SCF) Coordinate derivative contribution to angular momentum w.r.t. C = (0, 0, 0.1173):
(SCF)     <Lcoord_x> = -8.93762801825621e-17
(SCF)     <Lcoord_y> = -0.001626335089122692
(SCF)     <Lcoord_z> = 1.760800532921462e-14
(SCF) Dipole moment:
(SCF)     <x> = -3.902119629621088e-15
(SCF)     <y> = -4.537860792708535e-13
(SCF)     <z> = 0.6406219300664453
(SCF) Nuclear dipole moment:
(SCF)     <X> = 0
(SCF)     <Y> = 0
(SCF)     <Z> = 0
(SCF) Total dipole moment: (3.902119629621088e-15, 4.537860792708535e-13, -0.6406219300664453)
(SCF) Coordinate derivative contribution to angular momentum w.r.t. center of charge (-3.902119629621092e-16, -4.537860792708539e-14, 0.06406219300664459):
(SCF)     <Lambda_x> = 3.214993472560735e-16
(SCF)     <Lambda_y> = -0.001483091245330666
(SCF)     <Lambda_z> = 1.748719289787128e-14
(SCF) Electronic quadrupole moments w.r.t. center of electronic charge at (-3.902119629621092e-16, -4.537860792708539e-14, 0.06406219300664459):
(SCF)         x         y          z
(SCF) x: 4.707668633362498  4.660070318246461e-15  5.673307877063998e-16
(SCF) y: 4.660070318246461e-15  4.667372267306238  1.829086961677286e-13
(SCF) z: 5.673307877063998e-16  1.829086961677286e-13  4.634270755860728
(SCF) Magnetic quadrupole moments w.r.t. C = (0, 0, 0):
(SCF)         x         y          z
(SCF) Jx: -1.959531364029326e-16  -4.092785596082626e-17  -1.920078555419772e-15
(SCF) Jy: 2.212135982026024e-16  -1.22364615090671e-14  -0.004625194578320556
(SCF) Jz: 2.428208285153334e-15  0.0008579578939909269  1.243241464547003e-14
(SCF) Anapole moment w.r.t. C = (0, 0, 0):
(SCF)     a_x = 0.005483152472311483
(SCF)     a_y = -4.348286840573106e-15
(SCF)     a_z = 2.621414541634286e-16
(SCF) Hellmann-Feynman forces:
(SCF) H-F force on H at pos = (0, 0.7572, -0.4692):   F = (3.809113367735637e-15, 4.745008703189945, -3.432901473994765)
(SCF) H-F force on H at pos = (0, -0.7572, -0.4692):   F = (1.174120870415927e-15, -4.745008703189803, -3.43290147399517)
(SCF) H-F force on O at pos = (0, 0, 0.1173):   F = (2.165140884919948e-14, 1.193226168106145e-12, 6.39910985273408)
(SCF) Total H-F force on center of mass:   Ftot = (2.663464308735104e-14, 1.335334715258165e-12, -0.466693095255855)
(SCF) Scaling pressure w.r.t. center of charge:   11.18778889217648
(SCF) Total H-F torque w.r.t. center of charge: (2.965799585989728e-13, -1.322587663853939e-15, -1.995216318971172e-15)
(SCF) Nuclear shielding integrals:
(SCF) H at C = (0, 0.7572, -0.4692):
(SCF)    <Lx/|r - C|^3> = 1.860993281776934e-15
(SCF)    <Ly/|r - C|^3> = 0.01610785829597493
(SCF)    <Lz/|r - C|^3> = -0.004598907617770995
(SCF) H at C = (0, -0.7572, -0.4692):
(SCF)    <Lx/|r - C|^3> = 2.670788754995051e-15
(SCF)    <Ly/|r - C|^3> = 0.01610785829586569
(SCF)    <Lz/|r - C|^3> = 0.004598907617776058
(SCF) O at C = (0, 0, 0.1173):
(SCF)    <Lx/|r - C|^3> = -3.460459954374183e-14
(SCF)    <Ly/|r - C|^3> = 0.0823964962370016
(SCF)    <Lz/|r - C|^3> = -6.288180157197215e-13
 
MULLIKEN POPULATION ANALYSIS FOR SUM OF SPIN UP AND SPIN DOWN DENSITY MATRIX

(SCF) Mulliken decomposition of traces of SCF 1-electron density matrix with simple operators

(SCF) Mulliken populations:
(SCF) Nucleus #1 (H):  0.2763535093808032   [narrow def.],   0.8457932407999021   [wide def.]
(SCF) Nucleus #2 (H):  0.2763535093765097   [narrow def.],   0.8457932408068287   [wide def.]
(SCF) Nucleus #3 (O):  7.364550217183688   [narrow def.],   8.308413518393266   [wide def.]

(SCF) Total mechanical momentum: <pi> = (2.875097990291833e-05, -7.717741406780014e-15, 4.41890420331177e-16)

(SCF) Mulliken momenta:
(SCF) Nucleus #1 (H):  (8.144758084194505e-05, -2.040510428850556e-14, 1.668957611462667e-14)   [narrow def.],   (-0.0006524934959350394, -1.496095054954655e-13, -4.615262942062907e-14)   [wide def.]
(SCF) Nucleus #2 (H):  (8.144758085207784e-05, 2.775251595001658e-14, 2.261059794637709e-14)   [narrow def.],   (-0.0006524934956744784, 1.382796894385308e-13, 4.597922480008906e-14)   [wide def.]
(SCF) Nucleus #3 (O):  (0.002538612516967218, -1.64698297067771e-15, 9.675108516295679e-15)   [narrow def.],   (0.001333737971512439, 3.612074650154888e-15, 6.152950408711072e-16)   [wide def.]

(SCF) Mulliken bond momenta:
(SCF) Nucleus #1 (H):  Nuc. #2  (-0.000131503803924383, -1.19699993843678e-14, -1.520748808509527e-14); Nuc. #3  (-0.0006024372728526015, -1.172344018225921e-13, -4.763471745016047e-14) 
(SCF) Nucleus #2 (H):  Nuc. #1  (-0.0001315038039243823, -1.19709585486323e-14, -1.520469469771028e-14); Nuc. #3  (-0.000602437272602174, 1.224981320371465e-13, 3.857332155142226e-14) 
(SCF) Nucleus #3 (O):  Nuc. #1  (-0.0006024372728526035, -1.172357791645301e-13, -4.763573180178936e-14); Nuc. #2  (-0.000602437272602175, 1.224948367853627e-13, 3.857591832636479e-14) 
 
MULLIKEN POPULATION ANALYSIS FOR SPIN DOWN DENSITY MATRIX:

(SCF) Mulliken decomposition of traces of SCF 1-electron density matrix with simple operators

(SCF) Mulliken populations:
(SCF) Nucleus #1 (H):  0.138176754690694   [narrow def.],   0.4228966204002452   [wide def.]
(SCF) Nucleus #2 (H):  0.1381767546883864   [narrow def.],   0.422896620404264   [wide def.]
(SCF) Nucleus #3 (O):  3.682275108590361   [narrow def.],   4.15420675919549   [wide def.]

(SCF) Total mechanical momentum: <pi> = (1.437549007434065e-05, -8.117823099324674e-15, 6.180766459049816e-16)

(SCF) Mulliken momenta:
(SCF) Nucleus #1 (H):  (4.072379041973823e-05, -1.009614277100238e-14, 1.169404862767633e-14)   [narrow def.],   (-0.0003262467479169334, -8.461814764982444e-14, 5.326069794112803e-15)   [wide def.]
(SCF) Nucleus #2 (H):  (4.072379043286103e-05, 1.421032418158738e-14, 8.134646622605684e-15)   [narrow def.],   (-0.0003262467477764915, 6.012543300136131e-14, -5.314122160890159e-15)   [wide def.]
(SCF) Nucleus #3 (O):  (0.001269306258389324, 2.474136816051978e-14, 5.165945757069916e-15)   [narrow def.],   (0.0006668689857677636, 1.637489154913826e-14, 6.061290126823468e-16)   [wide def.]

(SCF) Mulliken bond momenta:
(SCF) Nucleus #1 (H):  Nuc. #2  (-6.575190196223323e-05, -1.011956877927384e-14, -7.628641277237912e-15); Nuc. #3  (-0.0003012186363744384, -6.440243609954822e-14, 1.260662443674388e-15) 
(SCF) Nucleus #2 (H):  Nuc. #1  (-6.575190196223309e-05, -1.012018166541868e-14, -7.627054125581412e-15); Nuc. #3  (-0.0003012186362471195, 5.603529048519261e-14, -5.821714657914431e-15) 
(SCF) Nucleus #3 (O):  Nuc. #1  (-0.0003012186363744396, -6.440262999515902e-14, 1.260553719697781e-15); Nuc. #2  (-0.0003012186362471211, 5.603615338377749e-14, -5.82037046408535e-15) 
 
MULLIKEN POPULATION ANALYSIS FOR SPIN UP DENSITY MATRIX:

(SCF) Mulliken decomposition of traces of SCF 1-electron density matrix with simple operators

(SCF) Mulliken populations:
(SCF) Nucleus #1 (H):  0.1381767546901093   [narrow def.],   0.4228966203996573   [wide def.]
(SCF) Nucleus #2 (H):  0.1381767546881233   [narrow def.],   0.4228966204025648   [wide def.]
(SCF) Nucleus #3 (O):  3.682275108593327   [narrow def.],   4.154206759197775   [wide def.]

(SCF) Total mechanical momentum: <pi> = (1.437548982858163e-05, 4.000816925448144e-16, -1.761862255737941e-16)

(SCF) Mulliken momenta:
(SCF) Nucleus #1 (H):  (4.072379042220684e-05, -1.030896151750318e-14, 4.995527486950349e-15)   [narrow def.],   (-0.0003262467480181064, -6.499135784564105e-14, -5.147869921474185e-14)   [wide def.]
(SCF) Nucleus #2 (H):  (4.07237904192168e-05, 1.354219176842919e-14, 1.44759513237714e-14)   [narrow def.],   (-0.0003262467478979863, 7.815425643716943e-14, 5.129334696097925e-14)   [wide def.]
(SCF) Nucleus #3 (O):  (0.001269306258577889, -2.638835113119749e-14, 4.509162759225767e-15)   [narrow def.],   (0.0006668689857446713, -1.276281689898348e-14, 9.166028188761196e-18)   [wide def.]

(SCF) Mulliken bond momenta:
(SCF) Nucleus #1 (H):  Nuc. #2  (-6.575190196214987e-05, -1.850430605093956e-15, -7.578846807857366e-15); Nuc. #3  (-0.0003012186364781633, -5.283196572304392e-14, -4.889537989383484e-14) 
(SCF) Nucleus #2 (H):  Nuc. #1  (-6.575190196214922e-05, -1.85077688321362e-15, -7.577640572128878e-15); Nuc. #3  (-0.0003012186363550539, 6.646284155195385e-14, 4.439503620933673e-14) 
(SCF) Nucleus #3 (O):  Nuc. #1  (-0.0003012186364781638, -5.28331491693712e-14, -4.889628552148713e-14); Nuc. #2  (-0.0003012186363550538, 6.645868340158521e-14, 4.439628879045012e-14) 
 

Orbital symmetry properties for SCF:
                          Inversion           Rot180X           Rot180Y           Rot180Z            ReflXY            ReflXZ            ReflYZ
  can.orb. [Down] 0   (0.6528,-0.0000)   (0.6528,-0.0000)   (0.6528,-0.0000)   (1.0000,0.0000)   (0.6528,-0.0000)   (1.0000,0.0000)   (1.0000,-0.0000) 
  can.orb. [Down] 1   (0.7356,-0.0000)   (0.7356,-0.0000)   (0.7356,-0.0000)   (1.0000,-0.0000)   (0.7356,-0.0000)   (1.0000,-0.0000)   (1.0000,-0.0000) 
  can.orb. [Down] 2   (-0.9774,-0.0000)   (-0.9774,-0.0000)   (0.9774,0.0000)   (-1.0000,0.0000)   (0.9774,0.0000)   (-1.0000,-0.0000)   (1.0000,-0.0000) 
  can.orb. [Down] 3   (-0.6949,0.0000)   (-0.6905,0.0000)   (-0.6949,-0.0000)   (0.9956,0.0000)   (-0.6905,0.0000)   (1.0000,0.0000)   (0.9956,-0.0000) 
  can.orb. [Down] 4   (-0.9905,0.0000)   (0.9873,-0.0000)   (-0.9905,0.0000)   (-0.9956,-0.0000)   (0.9873,-0.0000)   (1.0000,0.0000)   (-0.9956,-0.0000) 
  can.orb. [Down] 5   (0.9231,0.0000)   (0.9235,0.0000)   (0.9231,0.0000)   (0.9996,-0.0000)   (0.9235,-0.0000)   (1.0000,-0.0000)   (0.9996,-0.0000) 
  can.orb. [Down] 6   (-0.9442,0.0000)   (-0.9446,0.0000)   (0.9442,-0.0000)   (-0.9996,0.0000)   (0.9446,-0.0000)   (-1.0000,0.0000)   (0.9996,-0.0000) 
  can.orb. [Down] 7   (-0.5461,-0.0000)   (-0.4742,-0.0000)   (-0.5461,-0.0000)   (0.9232,0.0000)   (-0.4742,0.0000)   (1.0000,0.0000)   (0.9232,-0.0000) 
  can.orb. [Down] 8   (-0.9040,-0.0000)   (0.9013,-0.0000)   (-0.9040,-0.0000)   (-0.9152,0.0000)   (0.9013,-0.0000)   (1.0000,0.0000)   (-0.9152,-0.0000) 
  can.orb. [Down] 9   (-0.8470,0.0000)   (-0.8477,-0.0000)   (0.8470,-0.0000)   (-0.9993,0.0000)   (0.8477,0.0000)   (-1.0000,0.0000)   (0.9993,-0.0000) 
  can.orb. [Down] 10   (0.5793,-0.0000)   (0.5869,-0.0000)   (0.5793,0.0000)   (0.9921,0.0000)   (0.5869,0.0000)   (1.0000,0.0000)   (0.9921,0.0000) 
  can.orb. [Down] 11   (0.5128,-0.0000)   (0.4861,0.0000)   (-0.5128,0.0000)   (-0.9700,-0.0000)   (-0.4861,-0.0000)   (-1.0000,-0.0000)   (0.9700,0.0000) 
  can.orb. [Down] 12   (0.9154,0.0000)   (0.9154,0.0000)   (0.9154,-0.0000)   (0.9998,-0.0000)   (0.9154,0.0000)   (1.0000,-0.0000)   (0.9998,-0.0000) 
  can.orb. [Down] 13   (0.8971,0.0000)   (-0.8795,-0.0000)   (-0.8971,-0.0000)   (0.9696,-0.0000)   (0.8795,0.0000)   (-1.0000,0.0000)   (-0.9696,0.0000) 
  can.orb. [Down] 14   (-0.1908,-0.0000)   (-0.1823,-0.0000)   (-0.1908,0.0000)   (0.9597,-0.0000)   (-0.1823,-0.0000)   (1.0000,0.0000)   (0.9597,0.0000) 
  can.orb. [Down] 15   (-0.3340,-0.0000)   (0.3300,-0.0000)   (-0.3340,-0.0000)   (-0.9541,0.0000)   (0.3300,-0.0000)   (1.0000,0.0000)   (-0.9541,-0.0000) 
  can.orb. [Down] 16   (-0.6295,0.0000)   (-0.6297,-0.0000)   (0.6295,-0.0000)   (-0.9996,-0.0000)   (0.6297,0.0000)   (-1.0000,-0.0000)   (0.9996,0.0000) 
  can.orb. [Down] 17   (0.8289,-0.0000)   (0.8325,-0.0000)   (0.8289,0.0000)   (0.9942,-0.0000)   (0.8325,0.0000)   (1.0000,-0.0000)   (0.9942,-0.0000) 
  can.orb. [Down] 18   (-0.6431,0.0000)   (-0.6432,-0.0000)   (0.6431,-0.0000)   (-0.9998,0.0000)   (0.6432,0.0000)   (-1.0000,0.0000)   (0.9998,-0.0000) 
  can.orb. [Down] 19   (0.2598,0.0000)   (0.2398,0.0000)   (0.2598,-0.0000)   (0.9618,0.0000)   (0.2398,0.0000)   (1.0000,-0.0000)   (0.9618,0.0000) 



Orbital properties for SCF:
                           Lcoord_x          Lcoord_y          Lcoord_z               x^2               y^2               z^2
  can.orb. [Down] 0   (0.0000,0.0000)   (-0.0000,0.0000)   (0.0000,0.0000)   (0.0179,0.0000)   (0.0179,0.0000)   (0.0314,-0.0000) 
  can.orb. [Down] 1   (0.0000,0.0000)   (-0.0013,0.0000)   (0.0000,0.0000)   (0.3500,0.0000)   (0.4928,-0.0000)   (0.4221,0.0000) 
  can.orb. [Down] 2   (0.0000,-0.0000)   (-0.0002,-0.0000)   (0.0000,0.0000)   (0.2615,-0.0000)   (0.9039,-0.0000)   (0.3031,0.0000) 
  can.orb. [Down] 3   (-0.0000,0.0000)   (-0.0863,0.0000)   (-0.0000,0.0000)   (0.4646,0.0000)   (0.4736,-0.0000)   (1.1456,-0.0000) 
  can.orb. [Down] 4   (-0.0000,-0.0000)   (0.0871,-0.0000)   (0.0000,-0.0000)   (1.2598,0.0000)   (0.4454,0.0000)   (0.4354,0.0000) 
  can.orb. [Down] 5   (-0.0000,0.0000)   (-0.0054,0.0000)   (-0.0000,0.0000)   (14.1076,-0.0000)   (15.1066,0.0000)   (14.8330,0.0000) 
  can.orb. [Down] 6   (-0.0000,0.0000)   (-0.0050,-0.0000)   (0.0000,-0.0000)   (11.6136,-0.0000)   (35.3444,0.0000)   (12.1407,-0.0000) 
  can.orb. [Down] 7   (-0.0000,0.0000)   (-0.3485,-0.0000)   (-0.0000,-0.0000)   (7.9902,0.0000)   (7.4078,-0.0000)   (15.1247,-0.0000) 
  can.orb. [Down] 8   (-0.0000,-0.0000)   (0.2955,-0.0000)   (0.0000,-0.0000)   (15.4927,-0.0000)   (5.0038,0.0000)   (5.6143,0.0000) 
  can.orb. [Down] 9   (0.0000,-0.0000)   (-0.0093,0.0000)   (-0.0000,0.0000)   (7.5301,-0.0000)   (23.8389,0.0000)   (8.8915,-0.0000) 
  can.orb. [Down] 10   (-0.0000,-0.0000)   (0.0530,-0.0000)   (0.0000,-0.0000)   (9.0794,0.0000)   (9.6374,0.0000)   (13.1656,0.0000) 
  can.orb. [Down] 11   (-0.0000,0.0000)   (-0.2250,0.0000)   (-0.0000,-0.0000)   (2.6958,0.0000)   (7.4795,-0.0000)   (6.8644,0.0000) 
  can.orb. [Down] 12   (0.0000,-0.0000)   (-0.0050,0.0000)   (-0.0000,0.0000)   (2.9231,0.0000)   (7.9284,0.0000)   (4.0837,0.0000) 
  can.orb. [Down] 13   (-0.0000,-0.0000)   (0.2248,-0.0000)   (0.0000,-0.0000)   (5.8611,-0.0000)   (6.3210,0.0000)   (2.3459,0.0000) 
  can.orb. [Down] 14   (-0.0000,0.0000)   (-0.3691,0.0000)   (0.0000,0.0000)   (6.0550,-0.0000)   (4.4308,0.0000)   (8.6158,0.0000) 
  can.orb. [Down] 15   (0.0000,-0.0000)   (0.3064,0.0000)   (-0.0000,0.0000)   (8.2743,0.0000)   (3.2534,-0.0000)   (4.2282,-0.0000) 
  can.orb. [Down] 16   (-0.0000,-0.0000)   (-0.0096,-0.0000)   (-0.0000,0.0000)   (4.5556,0.0000)   (13.6859,-0.0000)   (5.6922,0.0000) 
  can.orb. [Down] 17   (-0.0000,-0.0000)   (0.0369,-0.0000)   (0.0000,-0.0000)   (6.9994,-0.0000)   (6.8480,0.0000)   (7.3837,-0.0000) 
  can.orb. [Down] 18   (0.0000,-0.0000)   (-0.0074,0.0000)   (-0.0000,0.0000)   (4.1926,0.0000)   (7.6770,0.0000)   (4.2377,0.0000) 
  can.orb. [Down] 19   (0.0000,0.0000)   (-0.4217,-0.0000)   (-0.0000,0.0000)   (2.0384,0.0000)   (1.3814,-0.0000)   (4.8012,0.0000) 



Orbital symmetry properties for SCF:
                          Inversion           Rot180X           Rot180Y           Rot180Z            ReflXY            ReflXZ            ReflYZ
  can.orb. [ Up ] 0   (0.6528,-0.0000)   (0.6528,0.0000)   (0.6528,-0.0000)   (1.0000,-0.0000)   (0.6528,0.0000)   (1.0000,0.0000)   (1.0000,-0.0000) 
  can.orb. [ Up ] 1   (0.7356,-0.0000)   (0.7356,-0.0000)   (0.7356,-0.0000)   (1.0000,-0.0000)   (0.7356,0.0000)   (1.0000,-0.0000)   (1.0000,0.0000) 
  can.orb. [ Up ] 2   (-0.9774,-0.0000)   (-0.9774,-0.0000)   (0.9774,0.0000)   (-1.0000,0.0000)   (0.9774,-0.0000)   (-1.0000,0.0000)   (1.0000,-0.0000) 
  can.orb. [ Up ] 3   (-0.6949,-0.0000)   (-0.6905,-0.0000)   (-0.6949,-0.0000)   (0.9956,-0.0000)   (-0.6905,-0.0000)   (1.0000,-0.0000)   (0.9956,-0.0000) 
  can.orb. [ Up ] 4   (-0.9905,0.0000)   (0.9873,-0.0000)   (-0.9905,0.0000)   (-0.9956,-0.0000)   (0.9873,-0.0000)   (1.0000,0.0000)   (-0.9956,-0.0000) 
  can.orb. [ Up ] 5   (0.9231,-0.0000)   (0.9235,-0.0000)   (0.9231,-0.0000)   (0.9996,-0.0000)   (0.9235,0.0000)   (1.0000,-0.0000)   (0.9996,0.0000) 
  can.orb. [ Up ] 6   (-0.9442,0.0000)   (-0.9446,-0.0000)   (0.9442,-0.0000)   (-0.9996,0.0000)   (0.9446,0.0000)   (-1.0000,-0.0000)   (0.9996,0.0000) 
  can.orb. [ Up ] 7   (-0.5461,-0.0000)   (-0.4742,0.0000)   (-0.5461,-0.0000)   (0.9232,0.0000)   (-0.4742,-0.0000)   (1.0000,-0.0000)   (0.9232,0.0000) 
  can.orb. [ Up ] 8   (-0.9040,0.0000)   (0.9013,0.0000)   (-0.9040,0.0000)   (-0.9152,-0.0000)   (0.9013,0.0000)   (1.0000,0.0000)   (-0.9152,0.0000) 
  can.orb. [ Up ] 9   (-0.8470,-0.0000)   (-0.8477,-0.0000)   (0.8470,0.0000)   (-0.9993,-0.0000)   (0.8477,0.0000)   (-1.0000,-0.0000)   (0.9993,0.0000) 
  can.orb. [ Up ] 10   (0.5793,0.0000)   (0.5869,-0.0000)   (0.5793,0.0000)   (0.9921,-0.0000)   (0.5869,0.0000)   (1.0000,-0.0000)   (0.9921,-0.0000) 
  can.orb. [ Up ] 11   (0.5128,0.0000)   (0.4861,-0.0000)   (-0.5128,-0.0000)   (-0.9700,-0.0000)   (-0.4861,0.0000)   (-1.0000,-0.0000)   (0.9700,0.0000) 
  can.orb. [ Up ] 12   (0.9154,-0.0000)   (0.9154,-0.0000)   (0.9154,-0.0000)   (0.9998,-0.0000)   (0.9154,-0.0000)   (1.0000,0.0000)   (0.9998,-0.0000) 
  can.orb. [ Up ] 13   (0.8971,-0.0000)   (-0.8795,0.0000)   (-0.8971,0.0000)   (0.9696,-0.0000)   (0.8795,-0.0000)   (-1.0000,-0.0000)   (-0.9696,0.0000) 
  can.orb. [ Up ] 14   (-0.1908,-0.0000)   (-0.1823,-0.0000)   (-0.1908,0.0000)   (0.9597,-0.0000)   (-0.1823,0.0000)   (1.0000,-0.0000)   (0.9597,-0.0000) 
  can.orb. [ Up ] 15   (-0.3340,-0.0000)   (0.3300,0.0000)   (-0.3340,0.0000)   (-0.9541,-0.0000)   (0.3300,-0.0000)   (1.0000,-0.0000)   (-0.9541,-0.0000) 
  can.orb. [ Up ] 16   (-0.6295,0.0000)   (-0.6297,0.0000)   (0.6295,-0.0000)   (-0.9996,0.0000)   (0.6297,-0.0000)   (-1.0000,0.0000)   (0.9996,-0.0000) 
  can.orb. [ Up ] 17   (0.8289,-0.0000)   (0.8325,-0.0000)   (0.8289,-0.0000)   (0.9942,-0.0000)   (0.8325,0.0000)   (1.0000,-0.0000)   (0.9942,-0.0000) 
  can.orb. [ Up ] 18   (-0.6431,0.0000)   (-0.6432,0.0000)   (0.6431,-0.0000)   (-0.9998,0.0000)   (0.6432,-0.0000)   (-1.0000,0.0000)   (0.9998,-0.0000) 
  can.orb. [ Up ] 19   (0.2598,0.0000)   (0.2398,-0.0000)   (0.2598,-0.0000)   (0.9618,-0.0000)   (0.2398,0.0000)   (1.0000,-0.0000)   (0.9618,-0.0000) 



Orbital properties for SCF:
                           Lcoord_x          Lcoord_y          Lcoord_z               x^2               y^2               z^2
  can.orb. [ Up ] 0   (0.0000,0.0000)   (-0.0000,0.0000)   (0.0000,0.0000)   (0.0179,-0.0000)   (0.0179,0.0000)   (0.0314,0.0000) 
  can.orb. [ Up ] 1   (-0.0000,-0.0000)   (-0.0013,0.0000)   (-0.0000,-0.0000)   (0.3500,-0.0000)   (0.4928,0.0000)   (0.4221,0.0000) 
  can.orb. [ Up ] 2   (-0.0000,-0.0000)   (-0.0002,0.0000)   (-0.0000,0.0000)   (0.2615,0.0000)   (0.9039,0.0000)   (0.3031,-0.0000) 
  can.orb. [ Up ] 3   (0.0000,-0.0000)   (-0.0863,-0.0000)   (0.0000,-0.0000)   (0.4646,0.0000)   (0.4736,-0.0000)   (1.1456,-0.0000) 
  can.orb. [ Up ] 4   (0.0000,-0.0000)   (0.0871,-0.0000)   (-0.0000,-0.0000)   (1.2598,0.0000)   (0.4454,-0.0000)   (0.4354,0.0000) 
  can.orb. [ Up ] 5   (-0.0000,0.0000)   (-0.0054,0.0000)   (-0.0000,0.0000)   (14.1076,-0.0000)   (15.1066,0.0000)   (14.8330,-0.0000) 
  can.orb. [ Up ] 6   (0.0000,0.0000)   (-0.0050,-0.0000)   (0.0000,-0.0000)   (11.6136,0.0000)   (35.3444,-0.0000)   (12.1407,0.0000) 
  can.orb. [ Up ] 7   (-0.0000,0.0000)   (-0.3485,0.0000)   (-0.0000,-0.0000)   (7.9902,0.0000)   (7.4078,0.0000)   (15.1247,0.0000) 
  can.orb. [ Up ] 8   (-0.0000,0.0000)   (0.2955,-0.0000)   (0.0000,-0.0000)   (15.4927,-0.0000)   (5.0038,0.0000)   (5.6143,-0.0000) 
  can.orb. [ Up ] 9   (0.0000,0.0000)   (-0.0093,0.0000)   (-0.0000,-0.0000)   (7.5301,0.0000)   (23.8389,-0.0000)   (8.8915,0.0000) 
  can.orb. [ Up ] 10   (-0.0000,0.0000)   (0.0530,0.0000)   (0.0000,-0.0000)   (9.0794,-0.0000)   (9.6374,-0.0000)   (13.1656,0.0000) 
  can.orb. [ Up ] 11   (-0.0000,0.0000)   (-0.2250,0.0000)   (-0.0000,-0.0000)   (2.6958,0.0000)   (7.4795,0.0000)   (6.8644,0.0000) 
  can.orb. [ Up ] 12   (0.0000,-0.0000)   (-0.0050,-0.0000)   (-0.0000,0.0000)   (2.9231,-0.0000)   (7.9284,0.0000)   (4.0837,-0.0000) 
  can.orb. [ Up ] 13   (-0.0000,-0.0000)   (0.2248,0.0000)   (0.0000,0.0000)   (5.8611,-0.0000)   (6.3210,0.0000)   (2.3459,0.0000) 
  can.orb. [ Up ] 14   (0.0000,0.0000)   (-0.3691,-0.0000)   (0.0000,-0.0000)   (6.0550,-0.0000)   (4.4308,-0.0000)   (8.6158,0.0000) 
  can.orb. [ Up ] 15   (0.0000,0.0000)   (0.3064,-0.0000)   (-0.0000,-0.0000)   (8.2743,-0.0000)   (3.2534,-0.0000)   (4.2282,-0.0000) 
  can.orb. [ Up ] 16   (0.0000,-0.0000)   (-0.0096,0.0000)   (-0.0000,-0.0000)   (4.5556,-0.0000)   (13.6859,-0.0000)   (5.6922,0.0000) 
  can.orb. [ Up ] 17   (-0.0000,0.0000)   (0.0369,-0.0000)   (0.0000,-0.0000)   (6.9994,-0.0000)   (6.8480,-0.0000)   (7.3837,-0.0000) 
  can.orb. [ Up ] 18   (0.0000,0.0000)   (-0.0074,-0.0000)   (-0.0000,0.0000)   (4.1926,-0.0000)   (7.6770,0.0000)   (4.2377,0.0000) 
  can.orb. [ Up ] 19   (-0.0000,0.0000)   (-0.4217,-0.0000)   (-0.0000,-0.0000)   (2.0384,-0.0000)   (1.3814,0.0000)   (4.8012,-0.0000) 


RSP: done run scf2
Number of alpha MOs = 5
Number of beta  MOs = 5


RSP: Hartree-Fock orbitals have been obtained. 
RSP: Hartree-Fock final energy = -74.60107934043225
Entering response module
No. of electrons: (9.999999999999755,-1.074433412960758e-15)
DevINFO: screened away 360 out of 231601 symmetry unique quadruples ABCD.
Recomputed final SCF electronic energy (-91.96678136483357,1.144644266862422e-14) (-49.05900857519646,1.142871626838161e-14) (42.9077727896371,-1.772640024260653e-17)
unit_vectors():   MO Single-transition excitations in total.
Constructing start guesses for RPA-solver using the 100 lowest ones.
(No spin mixing allowed for UHF excitation operator)
(spin down)5 <- 4 : 0.6101684576877822
(spin down)6 <- 4 : 0.6299239938134737
(spin down)5 <- 3 : 0.7085068869130811
(spin down)7 <- 4 : 0.7234519239734525
(spin down)6 <- 3 : 0.7282624230387726
(spin down)8 <- 4 : 0.7433628399173624
(spin down)9 <- 4 : 0.7826326280178102
(spin down)10 <- 4 : 0.7848785056648456
(spin down)7 <- 3 : 0.8217903531987514
(spin down)8 <- 3 : 0.8417012691426613
(spin down)9 <- 3 : 0.8809710572431091
(spin down)10 <- 3 : 0.8832169348901445
(spin down)11 <- 4 : 0.9427242037829771
(spin down)12 <- 4 : 0.9667780305233731
(spin down)13 <- 4 : 0.9855807968395178
(spin down)14 <- 4 : 1.025976260504828
(spin down)11 <- 3 : 1.041062633008276
(spin down)12 <- 3 : 1.065116459748672
(spin down)15 <- 4 : 1.078426220038689
(spin down)5 <- 2 : 1.083014746595697
(spin down)13 <- 3 : 1.083919226064817
(spin down)6 <- 2 : 1.102770282721389
(spin down)14 <- 3 : 1.124314689730127
(spin down)16 <- 4 : 1.134165914727627
(spin down)17 <- 4 : 1.155424831390524
(spin down)15 <- 3 : 1.176764649263988
(spin down)7 <- 2 : 1.196298212881368
(spin down)18 <- 4 : 1.20319331649088
(spin down)8 <- 2 : 1.216209128825278
(spin down)16 <- 3 : 1.232504343952926
(spin down)17 <- 3 : 1.253763260615823
(spin down)9 <- 2 : 1.255478916925725
(spin down)10 <- 2 : 1.257724794572761
(spin down)18 <- 3 : 1.301531745716179
(spin down)11 <- 2 : 1.415570492690892
(spin down)12 <- 2 : 1.439624319431288
(spin down)13 <- 2 : 1.458427085747433
(spin down)14 <- 2 : 1.498822549412743
(spin down)19 <- 4 : 1.546874552336793
(spin down)15 <- 2 : 1.551272508946605
(spin down)20 <- 4 : 1.599361413210386
(spin down)16 <- 2 : 1.607012203635542
(spin down)17 <- 2 : 1.628271120298439
(spin down)19 <- 3 : 1.645212981562092
(spin down)18 <- 2 : 1.676039605398795
(spin down)20 <- 3 : 1.697699842435685
(spin down)21 <- 4 : 1.709152990589023
(spin down)22 <- 4 : 1.71414599524702
(spin down)5 <- 1 : 1.765176895206576
(spin down)23 <- 4 : 1.777299327397799
(spin down)24 <- 4 : 1.781723761566062
(spin down)6 <- 1 : 1.784932431332267
(spin down)21 <- 3 : 1.807491419814322
(spin down)22 <- 3 : 1.812484424472319
(spin down)23 <- 3 : 1.875637756623098
(spin down)7 <- 1 : 1.878460361492246
(spin down)24 <- 3 : 1.880062190791361
(spin down)8 <- 1 : 1.898371277436156
(spin down)25 <- 4 : 1.899052009202733
(spin down)9 <- 1 : 1.937641065536604
(spin down)10 <- 1 : 1.939886943183639
(spin down)26 <- 4 : 1.968589610546718
(spin down)25 <- 3 : 1.997390438428032
(spin down)19 <- 2 : 2.019720841244708
(spin down)26 <- 3 : 2.066928039772018
(spin down)20 <- 2 : 2.072207702118301
(spin down)27 <- 4 : 2.084925907072229
(spin down)11 <- 1 : 2.097732641301771
(spin down)12 <- 1 : 2.121786468042167
(spin down)13 <- 1 : 2.140589234358312
(spin down)14 <- 1 : 2.180984698023622
(spin down)21 <- 2 : 2.181999279496938
(spin down)27 <- 3 : 2.183264336297527
(spin down)22 <- 2 : 2.186992284154935
(spin down)15 <- 1 : 2.233434657557483
(spin down)23 <- 2 : 2.250145616305714
(spin down)24 <- 2 : 2.254570050473977
(spin down)16 <- 1 : 2.289174352246421
(spin down)17 <- 1 : 2.310433268909318
(spin down)18 <- 1 : 2.358201754009674
(spin down)25 <- 2 : 2.371898298110648
(spin down)26 <- 2 : 2.441435899454634
(spin down)28 <- 4 : 2.517582271143993
(spin down)27 <- 2 : 2.557772195980144
(spin down)28 <- 3 : 2.615920700369292
(spin down)29 <- 4 : 2.643894347295651
(spin down)19 <- 1 : 2.701882989855586
(spin down)29 <- 3 : 2.74223277652095
(spin down)20 <- 1 : 2.75436985072918
(spin down)21 <- 1 : 2.864161428107817
(spin down)22 <- 1 : 2.869154432765813
(spin down)23 <- 1 : 2.932307764916593
(spin down)24 <- 1 : 2.936732199084855
(spin down)28 <- 2 : 2.990428560051908
(spin down)30 <- 4 : 3.006727741571089
(spin down)25 <- 1 : 3.054060446721527
(spin down)30 <- 3 : 3.105066170796388
(spin down)29 <- 2 : 3.116740636203567
(spin down)26 <- 1 : 3.123598048065512
(spin down)31 <- 4 : 3.201150540507369
(spin up)5 <- 4 : 0.6101684576879542
(spin up)6 <- 4 : 0.6299239938135324
(spin up)5 <- 3 : 0.7085068869119974
(spin up)7 <- 4 : 0.7234519239731249
(spin up)6 <- 3 : 0.7282624230375755
(spin up)8 <- 4 : 0.7433628399173681
(spin up)9 <- 4 : 0.7826326280176769
(spin up)10 <- 4 : 0.7848785056650847
(spin up)7 <- 3 : 0.821790353197168
(spin up)8 <- 3 : 0.8417012691414112
(spin up)9 <- 3 : 0.88097105724172
(spin up)10 <- 3 : 0.8832169348891278
(spin up)11 <- 4 : 0.9427242037826413
(spin up)12 <- 4 : 0.9667780305232286
(spin up)13 <- 4 : 0.9855807968395276
(spin up)14 <- 4 : 1.025976260504638
(spin up)11 <- 3 : 1.041062633006684
(spin up)12 <- 3 : 1.065116459747272
(spin up)15 <- 4 : 1.078426220038705
(spin up)5 <- 2 : 1.083014746593919
(spin up)13 <- 3 : 1.083919226063571
(spin up)6 <- 2 : 1.102770282719497
(spin up)14 <- 3 : 1.124314689728681
(spin up)16 <- 4 : 1.134165914726584
(spin up)17 <- 4 : 1.155424831390336
(spin up)15 <- 3 : 1.176764649262748
(spin up)7 <- 2 : 1.196298212879089
(spin up)18 <- 4 : 1.203193316485731
(spin up)8 <- 2 : 1.216209128823332
(spin up)16 <- 3 : 1.232504343950627
(spin up)17 <- 3 : 1.253763260614379
(spin up)9 <- 2 : 1.255478916923641
(spin up)10 <- 2 : 1.257724794571049
(spin up)18 <- 3 : 1.301531745709775
(spin up)11 <- 2 : 1.415570492688606
(spin up)12 <- 2 : 1.439624319429193
(spin up)13 <- 2 : 1.458427085745492
(spin up)14 <- 2 : 1.498822549410602
(spin up)19 <- 4 : 1.546874552336452
(spin up)15 <- 2 : 1.55127250894467
(spin up)20 <- 4 : 1.599361413210415
(spin up)16 <- 2 : 1.607012203632548
(spin up)17 <- 2 : 1.6282711202963
(spin up)19 <- 3 : 1.645212981560495
(spin up)18 <- 2 : 1.676039605391696
(spin up)20 <- 3 : 1.697699842434458
(spin up)21 <- 4 : 1.709152990588912
(spin up)22 <- 4 : 1.71414599524699
(spin up)5 <- 1 : 1.765176895203053
(spin up)23 <- 4 : 1.777299327396908
(spin up)24 <- 4 : 1.78172376156609
(spin up)6 <- 1 : 1.784932431328631
(spin up)21 <- 3 : 1.807491419812955
(spin up)22 <- 3 : 1.812484424471033
(spin up)23 <- 3 : 1.875637756620951
(spin up)7 <- 1 : 1.878460361488224
(spin up)24 <- 3 : 1.880062190790134
(spin up)8 <- 1 : 1.898371277432467
(spin up)25 <- 4 : 1.899052009201259
(spin up)9 <- 1 : 1.937641065532776
(spin up)10 <- 1 : 1.939886943180184
(spin up)26 <- 4 : 1.968589610545348
(spin up)25 <- 3 : 1.997390438425302
(spin up)19 <- 2 : 2.019720841242417
(spin up)26 <- 3 : 2.066928039769391
(spin up)20 <- 2 : 2.072207702116379
(spin up)27 <- 4 : 2.084925907072273
(spin up)11 <- 1 : 2.09773264129774
(spin up)12 <- 1 : 2.121786468038327
(spin up)13 <- 1 : 2.140589234354627
(spin up)14 <- 1 : 2.180984698019737
(spin up)21 <- 2 : 2.181999279494876
(spin up)27 <- 3 : 2.183264336296317
(spin up)22 <- 2 : 2.186992284152954
(spin up)15 <- 1 : 2.233434657553804
(spin up)23 <- 2 : 2.250145616302873
(spin up)24 <- 2 : 2.254570050472055
(spin up)16 <- 1 : 2.289174352241683
(spin up)17 <- 1 : 2.310433268905435
(spin up)18 <- 1 : 2.35820175400083
(spin up)25 <- 2 : 2.371898298107223
(spin up)26 <- 2 : 2.441435899451312
(spin up)28 <- 4 : 2.51758227114282
(spin up)27 <- 2 : 2.557772195978238
(spin up)28 <- 3 : 2.615920700366864
(spin up)29 <- 4 : 2.643894347295573
(spin up)19 <- 1 : 2.701882989851551
(spin up)29 <- 3 : 2.742232776519617
(spin up)20 <- 1 : 2.754369850725514
(spin up)21 <- 1 : 2.86416142810401
(spin up)22 <- 1 : 2.869154432762088
(spin up)23 <- 1 : 2.932307764912007
(spin up)24 <- 1 : 2.936732199081189
(spin up)28 <- 2 : 2.990428560048785
(spin up)30 <- 4 : 3.006727741571125
(spin up)25 <- 1 : 3.054060446716358
(spin up)30 <- 3 : 3.105066170795168
(spin up)29 <- 2 : 3.116740636201538
(spin up)26 <- 1 : 3.123598048060447
(spin up)31 <- 4 : 3.201150540507221
Made 200 starting vectors 
DevINFO: screened away 1558 out of 231601 symmetry unique quadruples ABCD.
DevINFO: screened away 4367 out of 231601 symmetry unique quadruples ABCD.
DevINFO: screened away 966 out of 231601 symmetry unique quadruples ABCD.
DevINFO: screened away 1518 out of 231601 symmetry unique quadruples ABCD.
DevINFO: screened away 2939 out of 231601 symmetry unique quadruples ABCD.
DevINFO: screened away 1853 out of 231601 symmetry unique quadruples ABCD.
DevINFO: screened away 3405 out of 231601 symmetry unique quadruples ABCD.
DevINFO: screened away 1252 out of 231601 symmetry unique quadruples ABCD.
DevINFO: screened away 881 out of 231601 symmetry unique quadruples ABCD.
DevINFO: screened away 1013 out of 231601 symmetry unique quadruples ABCD.
DevINFO: screened away 2171 out of 231601 symmetry unique quadruples ABCD.
DevINFO: screened away 748 out of 231601 symmetry unique quadruples ABCD.
DevINFO: screened away 3886 out of 231601 symmetry unique quadruples ABCD.
DevINFO: screened away 1668 out of 231601 symmetry unique quadruples ABCD.
DevINFO: screened away 4814 out of 231601 symmetry unique quadruples ABCD.
DevINFO: screened away 1349 out of 231601 symmetry unique quadruples ABCD.
DevINFO: screened away 2612 out of 231601 symmetry unique quadruples ABCD.
DevINFO: screened away 910 out of 231601 symmetry unique quadruples ABCD.
DevINFO: screened away 1780 out of 231601 symmetry unique quadruples ABCD.
DevINFO: screened away 3189 out of 231601 symmetry unique quadruples ABCD.
DevINFO: screened away 3271 out of 231601 symmetry unique quadruples ABCD.
DevINFO: screened away 32924 out of 231601 symmetry unique quadruples ABCD.
DevINFO: screened away 774 out of 231601 symmetry unique quadruples ABCD.
DevINFO: screened away 3347 out of 231601 symmetry unique quadruples ABCD.
DevINFO: screened away 1149 out of 231601 symmetry unique quadruples ABCD.
DevINFO: screened away 953 out of 231601 symmetry unique quadruples ABCD.
DevINFO: screened away 3199 out of 231601 symmetry unique quadruples ABCD.
DevINFO: screened away 3959 out of 231601 symmetry unique quadruples ABCD.
DevINFO: screened away 3522 out of 231601 symmetry unique quadruples ABCD.
DevINFO: screened away 2144 out of 231601 symmetry unique quadruples ABCD.
DevINFO: screened away 660 out of 231601 symmetry unique quadruples ABCD.
DevINFO: screened away 26756 out of 231601 symmetry unique quadruples ABCD.
DevINFO: screened away 2891 out of 231601 symmetry unique quadruples ABCD.
DevINFO: screened away 2517 out of 231601 symmetry unique quadruples ABCD.
DevINFO: screened away 30539 out of 231601 symmetry unique quadruples ABCD.
DevINFO: screened away 3243 out of 231601 symmetry unique quadruples ABCD.
DevINFO: screened away 33888 out of 231601 symmetry unique quadruples ABCD.
DevINFO: screened away 3022 out of 231601 symmetry unique quadruples ABCD.
DevINFO: screened away 1245 out of 231601 symmetry unique quadruples ABCD.
DevINFO: screened away 3452 out of 231601 symmetry unique quadruples ABCD.
DevINFO: screened away 1692 out of 231601 symmetry unique quadruples ABCD.
DevINFO: screened away 27490 out of 231601 symmetry unique quadruples ABCD.
DevINFO: screened away 2702 out of 231601 symmetry unique quadruples ABCD.
DevINFO: screened away 684 out of 231601 symmetry unique quadruples ABCD.
DevINFO: screened away 28506 out of 231601 symmetry unique quadruples ABCD.
DevINFO: screened away 920 out of 231601 symmetry unique quadruples ABCD.
DevINFO: screened away 3617 out of 231601 symmetry unique quadruples ABCD.
DevINFO: screened away 1375 out of 231601 symmetry unique quadruples ABCD.
DevINFO: screened away 787 out of 231601 symmetry unique quadruples ABCD.
DevINFO: screened away 1274 out of 231601 symmetry unique quadruples ABCD.
DevINFO: screened away 4576 out of 231601 symmetry unique quadruples ABCD.
DevINFO: screened away 2543 out of 231601 symmetry unique quadruples ABCD.
DevINFO: screened away 2359 out of 231601 symmetry unique quadruples ABCD.
DevINFO: screened away 766 out of 231601 symmetry unique quadruples ABCD.
DevINFO: screened away 646 out of 231601 symmetry unique quadruples ABCD.
DevINFO: screened away 719 out of 231601 symmetry unique quadruples ABCD.
DevINFO: screened away 3108 out of 231601 symmetry unique quadruples ABCD.
DevINFO: screened away 811 out of 231601 symmetry unique quadruples ABCD.
DevINFO: screened away 3204 out of 231601 symmetry unique quadruples ABCD.
DevINFO: screened away 1894 out of 231601 symmetry unique quadruples ABCD.
DevINFO: screened away 630 out of 231601 symmetry unique quadruples ABCD.
DevINFO: screened away 992 out of 231601 symmetry unique quadruples ABCD.
DevINFO: screened away 2125 out of 231601 symmetry unique quadruples ABCD.
DevINFO: screened away 2805 out of 231601 symmetry unique quadruples ABCD.
DevINFO: screened away 539 out of 231601 symmetry unique quadruples ABCD.
DevINFO: screened away 3436 out of 231601 symmetry unique quadruples ABCD.
DevINFO: screened away 1787 out of 231601 symmetry unique quadruples ABCD.
DevINFO: screened away 2225 out of 231601 symmetry unique quadruples ABCD.
DevINFO: screened away 778 out of 231601 symmetry unique quadruples ABCD.
DevINFO: screened away 2844 out of 231601 symmetry unique quadruples ABCD.
DevINFO: screened away 595 out of 231601 symmetry unique quadruples ABCD.
DevINFO: screened away 28771 out of 231601 symmetry unique quadruples ABCD.
DevINFO: screened away 917 out of 231601 symmetry unique quadruples ABCD.
DevINFO: screened away 3022 out of 231601 symmetry unique quadruples ABCD.
DevINFO: screened away 734 out of 231601 symmetry unique quadruples ABCD.
DevINFO: screened away 3192 out of 231601 symmetry unique quadruples ABCD.
DevINFO: screened away 33371 out of 231601 symmetry unique quadruples ABCD.
DevINFO: screened away 1798 out of 231601 symmetry unique quadruples ABCD.
DevINFO: screened away 520 out of 231601 symmetry unique quadruples ABCD.
DevINFO: screened away 2213 out of 231601 symmetry unique quadruples ABCD.
DevINFO: screened away 28349 out of 231601 symmetry unique quadruples ABCD.
DevINFO: screened away 2591 out of 231601 symmetry unique quadruples ABCD.
DevINFO: screened away 1289 out of 231601 symmetry unique quadruples ABCD.
DevINFO: screened away 3634 out of 231601 symmetry unique quadruples ABCD.
DevINFO: screened away 663 out of 231601 symmetry unique quadruples ABCD.
DevINFO: screened away 3456 out of 231601 symmetry unique quadruples ABCD.
DevINFO: screened away 521 out of 231601 symmetry unique quadruples ABCD.
DevINFO: screened away 2421 out of 231601 symmetry unique quadruples ABCD.
DevINFO: screened away 734 out of 231601 symmetry unique quadruples ABCD.
DevINFO: screened away 1965 out of 231601 symmetry unique quadruples ABCD.
DevINFO: screened away 598 out of 231601 symmetry unique quadruples ABCD.
DevINFO: screened away 481 out of 231601 symmetry unique quadruples ABCD.
DevINFO: screened away 2655 out of 231601 symmetry unique quadruples ABCD.
DevINFO: screened away 3179 out of 231601 symmetry unique quadruples ABCD.
DevINFO: screened away 4795 out of 231601 symmetry unique quadruples ABCD.
DevINFO: screened away 1784 out of 231601 symmetry unique quadruples ABCD.
DevINFO: screened away 3388 out of 231601 symmetry unique quadruples ABCD.
DevINFO: screened away 32057 out of 231601 symmetry unique quadruples ABCD.
DevINFO: screened away 458 out of 231601 symmetry unique quadruples ABCD.
DevINFO: screened away 1290 out of 231601 symmetry unique quadruples ABCD.
DevINFO: screened away 1558 out of 231601 symmetry unique quadruples ABCD.
DevINFO: screened away 4358 out of 231601 symmetry unique quadruples ABCD.
DevINFO: screened away 966 out of 231601 symmetry unique quadruples ABCD.
DevINFO: screened away 1518 out of 231601 symmetry unique quadruples ABCD.
DevINFO: screened away 2921 out of 231601 symmetry unique quadruples ABCD.
DevINFO: screened away 1853 out of 231601 symmetry unique quadruples ABCD.
DevINFO: screened away 3368 out of 231601 symmetry unique quadruples ABCD.
DevINFO: screened away 1252 out of 231601 symmetry unique quadruples ABCD.
DevINFO: screened away 881 out of 231601 symmetry unique quadruples ABCD.
DevINFO: screened away 1013 out of 231601 symmetry unique quadruples ABCD.
DevINFO: screened away 2143 out of 231601 symmetry unique quadruples ABCD.
DevINFO: screened away 748 out of 231601 symmetry unique quadruples ABCD.
DevINFO: screened away 3889 out of 231601 symmetry unique quadruples ABCD.
DevINFO: screened away 1668 out of 231601 symmetry unique quadruples ABCD.
DevINFO: screened away 4815 out of 231601 symmetry unique quadruples ABCD.
DevINFO: screened away 1349 out of 231601 symmetry unique quadruples ABCD.
DevINFO: screened away 2610 out of 231601 symmetry unique quadruples ABCD.
DevINFO: screened away 910 out of 231601 symmetry unique quadruples ABCD.
DevINFO: screened away 1780 out of 231601 symmetry unique quadruples ABCD.
DevINFO: screened away 3203 out of 231601 symmetry unique quadruples ABCD.
DevINFO: screened away 3273 out of 231601 symmetry unique quadruples ABCD.
DevINFO: screened away 32851 out of 231601 symmetry unique quadruples ABCD.
DevINFO: screened away 774 out of 231601 symmetry unique quadruples ABCD.
DevINFO: screened away 3343 out of 231601 symmetry unique quadruples ABCD.
DevINFO: screened away 1149 out of 231601 symmetry unique quadruples ABCD.
DevINFO: screened away 953 out of 231601 symmetry unique quadruples ABCD.
DevINFO: screened away 3221 out of 231601 symmetry unique quadruples ABCD.
DevINFO: screened away 3966 out of 231601 symmetry unique quadruples ABCD.
DevINFO: screened away 3521 out of 231601 symmetry unique quadruples ABCD.
DevINFO: screened away 2142 out of 231601 symmetry unique quadruples ABCD.
DevINFO: screened away 660 out of 231601 symmetry unique quadruples ABCD.
DevINFO: screened away 26468 out of 231601 symmetry unique quadruples ABCD.
DevINFO: screened away 2906 out of 231601 symmetry unique quadruples ABCD.
DevINFO: screened away 2517 out of 231601 symmetry unique quadruples ABCD.
DevINFO: screened away 30426 out of 231601 symmetry unique quadruples ABCD.
DevINFO: screened away 3255 out of 231601 symmetry unique quadruples ABCD.
DevINFO: screened away 33884 out of 231601 symmetry unique quadruples ABCD.
DevINFO: screened away 3029 out of 231601 symmetry unique quadruples ABCD.
DevINFO: screened away 1245 out of 231601 symmetry unique quadruples ABCD.
DevINFO: screened away 3455 out of 231601 symmetry unique quadruples ABCD.
DevINFO: screened away 1692 out of 231601 symmetry unique quadruples ABCD.
DevINFO: screened away 27407 out of 231601 symmetry unique quadruples ABCD.
DevINFO: screened away 2696 out of 231601 symmetry unique quadruples ABCD.
DevINFO: screened away 684 out of 231601 symmetry unique quadruples ABCD.
DevINFO: screened away 28481 out of 231601 symmetry unique quadruples ABCD.
DevINFO: screened away 920 out of 231601 symmetry unique quadruples ABCD.
DevINFO: screened away 3663 out of 231601 symmetry unique quadruples ABCD.
DevINFO: screened away 1375 out of 231601 symmetry unique quadruples ABCD.
DevINFO: screened away 787 out of 231601 symmetry unique quadruples ABCD.
DevINFO: screened away 1274 out of 231601 symmetry unique quadruples ABCD.
DevINFO: screened away 4649 out of 231601 symmetry unique quadruples ABCD.
DevINFO: screened away 2534 out of 231601 symmetry unique quadruples ABCD.
DevINFO: screened away 2411 out of 231601 symmetry unique quadruples ABCD.
DevINFO: screened away 766 out of 231601 symmetry unique quadruples ABCD.
DevINFO: screened away 646 out of 231601 symmetry unique quadruples ABCD.
DevINFO: screened away 719 out of 231601 symmetry unique quadruples ABCD.
DevINFO: screened away 3179 out of 231601 symmetry unique quadruples ABCD.
DevINFO: screened away 811 out of 231601 symmetry unique quadruples ABCD.
DevINFO: screened away 3197 out of 231601 symmetry unique quadruples ABCD.
DevINFO: screened away 1863 out of 231601 symmetry unique quadruples ABCD.
DevINFO: screened away 630 out of 231601 symmetry unique quadruples ABCD.
DevINFO: screened away 992 out of 231601 symmetry unique quadruples ABCD.
DevINFO: screened away 2112 out of 231601 symmetry unique quadruples ABCD.
DevINFO: screened away 2815 out of 231601 symmetry unique quadruples ABCD.
DevINFO: screened away 539 out of 231601 symmetry unique quadruples ABCD.
DevINFO: screened away 3446 out of 231601 symmetry unique quadruples ABCD.
DevINFO: screened away 1787 out of 231601 symmetry unique quadruples ABCD.
DevINFO: screened away 2226 out of 231601 symmetry unique quadruples ABCD.
DevINFO: screened away 778 out of 231601 symmetry unique quadruples ABCD.
DevINFO: screened away 2845 out of 231601 symmetry unique quadruples ABCD.
DevINFO: screened away 595 out of 231601 symmetry unique quadruples ABCD.
DevINFO: screened away 29206 out of 231601 symmetry unique quadruples ABCD.
DevINFO: screened away 917 out of 231601 symmetry unique quadruples ABCD.
DevINFO: screened away 3022 out of 231601 symmetry unique quadruples ABCD.
DevINFO: screened away 734 out of 231601 symmetry unique quadruples ABCD.
DevINFO: screened away 3191 out of 231601 symmetry unique quadruples ABCD.
DevINFO: screened away 34497 out of 231601 symmetry unique quadruples ABCD.
DevINFO: screened away 1794 out of 231601 symmetry unique quadruples ABCD.
DevINFO: screened away 520 out of 231601 symmetry unique quadruples ABCD.
DevINFO: screened away 2213 out of 231601 symmetry unique quadruples ABCD.
DevINFO: screened away 28034 out of 231601 symmetry unique quadruples ABCD.
DevINFO: screened away 2591 out of 231601 symmetry unique quadruples ABCD.
DevINFO: screened away 1289 out of 231601 symmetry unique quadruples ABCD.
DevINFO: screened away 3639 out of 231601 symmetry unique quadruples ABCD.
DevINFO: screened away 663 out of 231601 symmetry unique quadruples ABCD.
DevINFO: screened away 3417 out of 231601 symmetry unique quadruples ABCD.
DevINFO: screened away 521 out of 231601 symmetry unique quadruples ABCD.
DevINFO: screened away 2398 out of 231601 symmetry unique quadruples ABCD.
DevINFO: screened away 734 out of 231601 symmetry unique quadruples ABCD.
DevINFO: screened away 2003 out of 231601 symmetry unique quadruples ABCD.
DevINFO: screened away 598 out of 231601 symmetry unique quadruples ABCD.
DevINFO: screened away 481 out of 231601 symmetry unique quadruples ABCD.
DevINFO: screened away 2806 out of 231601 symmetry unique quadruples ABCD.
DevINFO: screened away 3176 out of 231601 symmetry unique quadruples ABCD.
DevINFO: screened away 4789 out of 231601 symmetry unique quadruples ABCD.
DevINFO: screened away 1766 out of 231601 symmetry unique quadruples ABCD.
DevINFO: screened away 3380 out of 231601 symmetry unique quadruples ABCD.
DevINFO: screened away 31657 out of 231601 symmetry unique quadruples ABCD.
DevINFO: screened away 458 out of 231601 symmetry unique quadruples ABCD.
DevINFO: screened away 1290 out of 231601 symmetry unique quadruples ABCD.
The Davidson solver is about to start.
-------
Davidson step #0, 400 RPA trial vectors already in subspace.
DevINFO: screened away 580 out of 231601 symmetry unique quadruples ABCD.
DevINFO: screened away 497 out of 231601 symmetry unique quadruples ABCD.
DevINFO: screened away 1267 out of 231601 symmetry unique quadruples ABCD.
DevINFO: screened away 836 out of 231601 symmetry unique quadruples ABCD.
DevINFO: screened away 428 out of 231601 symmetry unique quadruples ABCD.
DevINFO: screened away 405 out of 231601 symmetry unique quadruples ABCD.
-------
Davidson step #1, 412 RPA trial vectors already in subspace.
DevINFO: screened away 139 out of 231601 symmetry unique quadruples ABCD.
DevINFO: screened away 112 out of 231601 symmetry unique quadruples ABCD.
DevINFO: screened away 157 out of 231601 symmetry unique quadruples ABCD.
DevINFO: screened away 166 out of 231601 symmetry unique quadruples ABCD.
DevINFO: screened away 76 out of 231601 symmetry unique quadruples ABCD.
DevINFO: screened away 80 out of 231601 symmetry unique quadruples ABCD.
-------
Davidson step #2, 424 RPA trial vectors already in subspace.
DevINFO: screened away 22 out of 231601 symmetry unique quadruples ABCD.
DevINFO: screened away 108 out of 231601 symmetry unique quadruples ABCD.
DevINFO: screened away 30 out of 231601 symmetry unique quadruples ABCD.
DevINFO: screened away 14 out of 231601 symmetry unique quadruples ABCD.
DevINFO: screened away 79 out of 231601 symmetry unique quadruples ABCD.
DevINFO: screened away 98 out of 231601 symmetry unique quadruples ABCD.
-------
Davidson step #3, 436 RPA trial vectors already in subspace.
DevINFO: screened away 86 out of 231601 symmetry unique quadruples ABCD.
DevINFO: screened away 151 out of 231601 symmetry unique quadruples ABCD.
DevINFO: screened away 95 out of 231601 symmetry unique quadruples ABCD.
DevINFO: screened away 58 out of 231601 symmetry unique quadruples ABCD.
DevINFO: screened away 118 out of 231601 symmetry unique quadruples ABCD.
DevINFO: screened away 125 out of 231601 symmetry unique quadruples ABCD.
-------
Davidson step #4, 448 RPA trial vectors already in subspace.
DevINFO: screened away 94 out of 231601 symmetry unique quadruples ABCD.
DevINFO: screened away 165 out of 231601 symmetry unique quadruples ABCD.
DevINFO: screened away 157 out of 231601 symmetry unique quadruples ABCD.
DevINFO: screened away 88 out of 231601 symmetry unique quadruples ABCD.
DevINFO: screened away 123 out of 231601 symmetry unique quadruples ABCD.
DevINFO: screened away 105 out of 231601 symmetry unique quadruples ABCD.
-------
Davidson step #5, 460 RPA trial vectors already in subspace.
DevINFO: screened away 68 out of 231601 symmetry unique quadruples ABCD.
DevINFO: screened away 68 out of 231601 symmetry unique quadruples ABCD.
DevINFO: screened away 169 out of 231601 symmetry unique quadruples ABCD.
DevINFO: screened away 116 out of 231601 symmetry unique quadruples ABCD.
DevINFO: screened away 89 out of 231601 symmetry unique quadruples ABCD.
DevINFO: screened away 104 out of 231601 symmetry unique quadruples ABCD.
-------
Davidson step #6, 472 RPA trial vectors already in subspace.
DevINFO: screened away 116 out of 231601 symmetry unique quadruples ABCD.
DevINFO: screened away 45 out of 231601 symmetry unique quadruples ABCD.
DevINFO: screened away 193 out of 231601 symmetry unique quadruples ABCD.
DevINFO: screened away 112 out of 231601 symmetry unique quadruples ABCD.
DevINFO: screened away 106 out of 231601 symmetry unique quadruples ABCD.
DevINFO: screened away 158 out of 231601 symmetry unique quadruples ABCD.
-------
Davidson step #7, 484 RPA trial vectors already in subspace.
DevINFO: screened away 90 out of 231601 symmetry unique quadruples ABCD.
DevINFO: screened away 102 out of 231601 symmetry unique quadruples ABCD.
DevINFO: screened away 49 out of 231601 symmetry unique quadruples ABCD.
DevINFO: screened away 58 out of 231601 symmetry unique quadruples ABCD.
DevINFO: screened away 128 out of 231601 symmetry unique quadruples ABCD.
DevINFO: screened away 114 out of 231601 symmetry unique quadruples ABCD.
-------
Davidson step #8, 496 RPA trial vectors already in subspace.
DevINFO: screened away 38 out of 231601 symmetry unique quadruples ABCD.
DevINFO: screened away 80 out of 231601 symmetry unique quadruples ABCD.
DevINFO: screened away 4 out of 231601 symmetry unique quadruples ABCD.
DevINFO: screened away 81 out of 231601 symmetry unique quadruples ABCD.
DevINFO: screened away 142 out of 231601 symmetry unique quadruples ABCD.
DevINFO: screened away 158 out of 231601 symmetry unique quadruples ABCD.
-------
Davidson step #9, 508 RPA trial vectors already in subspace.
DevINFO: screened away 181 out of 231601 symmetry unique quadruples ABCD.
DevINFO: screened away 133 out of 231601 symmetry unique quadruples ABCD.
DevINFO: screened away 131 out of 231601 symmetry unique quadruples ABCD.
DevINFO: screened away 189 out of 231601 symmetry unique quadruples ABCD.
DevINFO: screened away 125 out of 231601 symmetry unique quadruples ABCD.
DevINFO: screened away 162 out of 231601 symmetry unique quadruples ABCD.
-------
Davidson step #10, 520 RPA trial vectors already in subspace.
DevINFO: screened away 79 out of 231601 symmetry unique quadruples ABCD.
DevINFO: screened away 126 out of 231601 symmetry unique quadruples ABCD.
DevINFO: screened away 118 out of 231601 symmetry unique quadruples ABCD.
DevINFO: screened away 128 out of 231601 symmetry unique quadruples ABCD.
DevINFO: screened away 134 out of 231601 symmetry unique quadruples ABCD.
DevINFO: screened away 94 out of 231601 symmetry unique quadruples ABCD.
-------
Davidson step #11, 532 RPA trial vectors already in subspace.
DevINFO: screened away 76 out of 231601 symmetry unique quadruples ABCD.
DevINFO: screened away 154 out of 231601 symmetry unique quadruples ABCD.
DevINFO: screened away 98 out of 231601 symmetry unique quadruples ABCD.
DevINFO: screened away 122 out of 231601 symmetry unique quadruples ABCD.
DevINFO: screened away 140 out of 231601 symmetry unique quadruples ABCD.
DevINFO: screened away 99 out of 231601 symmetry unique quadruples ABCD.
-------
Davidson step #12, 544 RPA trial vectors already in subspace.
DevINFO: screened away 145 out of 231601 symmetry unique quadruples ABCD.
DevINFO: screened away 181 out of 231601 symmetry unique quadruples ABCD.
DevINFO: screened away 165 out of 231601 symmetry unique quadruples ABCD.
DevINFO: screened away 151 out of 231601 symmetry unique quadruples ABCD.
DevINFO: screened away 182 out of 231601 symmetry unique quadruples ABCD.
DevINFO: screened away 172 out of 231601 symmetry unique quadruples ABCD.
-------
Davidson step #13, 556 RPA trial vectors already in subspace.
DevINFO: screened away 136 out of 231601 symmetry unique quadruples ABCD.
DevINFO: screened away 139 out of 231601 symmetry unique quadruples ABCD.
DevINFO: screened away 140 out of 231601 symmetry unique quadruples ABCD.
DevINFO: screened away 174 out of 231601 symmetry unique quadruples ABCD.
DevINFO: screened away 155 out of 231601 symmetry unique quadruples ABCD.
DevINFO: screened away 164 out of 231601 symmetry unique quadruples ABCD.
-------
Davidson step #14, 568 RPA trial vectors already in subspace.
DevINFO: screened away 259 out of 231601 symmetry unique quadruples ABCD.
DevINFO: screened away 230 out of 231601 symmetry unique quadruples ABCD.
DevINFO: screened away 203 out of 231601 symmetry unique quadruples ABCD.
DevINFO: screened away 166 out of 231601 symmetry unique quadruples ABCD.
DevINFO: screened away 205 out of 231601 symmetry unique quadruples ABCD.
DevINFO: screened away 174 out of 231601 symmetry unique quadruples ABCD.
-------
Davidson step #15, 580 RPA trial vectors already in subspace.
DevINFO: screened away 219 out of 231601 symmetry unique quadruples ABCD.
DevINFO: screened away 174 out of 231601 symmetry unique quadruples ABCD.
DevINFO: screened away 178 out of 231601 symmetry unique quadruples ABCD.
DevINFO: screened away 188 out of 231601 symmetry unique quadruples ABCD.
DevINFO: screened away 173 out of 231601 symmetry unique quadruples ABCD.
DevINFO: screened away 184 out of 231601 symmetry unique quadruples ABCD.
-------
Davidson step #16, 592 RPA trial vectors already in subspace.
DevINFO: screened away 194 out of 231601 symmetry unique quadruples ABCD.
DevINFO: screened away 187 out of 231601 symmetry unique quadruples ABCD.
DevINFO: screened away 175 out of 231601 symmetry unique quadruples ABCD.
DevINFO: screened away 168 out of 231601 symmetry unique quadruples ABCD.
DevINFO: screened away 173 out of 231601 symmetry unique quadruples ABCD.
DevINFO: screened away 192 out of 231601 symmetry unique quadruples ABCD.
-------
Davidson step #17, 604 RPA trial vectors already in subspace.
DevINFO: screened away 192 out of 231601 symmetry unique quadruples ABCD.
DevINFO: screened away 171 out of 231601 symmetry unique quadruples ABCD.
DevINFO: screened away 183 out of 231601 symmetry unique quadruples ABCD.
DevINFO: screened away 170 out of 231601 symmetry unique quadruples ABCD.
DevINFO: screened away 172 out of 231601 symmetry unique quadruples ABCD.
DevINFO: screened away 200 out of 231601 symmetry unique quadruples ABCD.
-------
Davidson step #18, 616 RPA trial vectors already in subspace.
DevINFO: screened away 178 out of 231601 symmetry unique quadruples ABCD.
DevINFO: screened away 171 out of 231601 symmetry unique quadruples ABCD.
DevINFO: screened away 178 out of 231601 symmetry unique quadruples ABCD.
DevINFO: screened away 177 out of 231601 symmetry unique quadruples ABCD.
DevINFO: screened away 178 out of 231601 symmetry unique quadruples ABCD.
DevINFO: screened away 210 out of 231601 symmetry unique quadruples ABCD.
-------
Davidson step #19, 628 RPA trial vectors already in subspace.
DevINFO: screened away 183 out of 231601 symmetry unique quadruples ABCD.
DevINFO: screened away 197 out of 231601 symmetry unique quadruples ABCD.
DevINFO: screened away 193 out of 231601 symmetry unique quadruples ABCD.
DevINFO: screened away 194 out of 231601 symmetry unique quadruples ABCD.
DevINFO: screened away 177 out of 231601 symmetry unique quadruples ABCD.
DevINFO: screened away 182 out of 231601 symmetry unique quadruples ABCD.
-------
Davidson step #20, 640 RPA trial vectors already in subspace.
DevINFO: screened away 226 out of 231601 symmetry unique quadruples ABCD.
DevINFO: screened away 220 out of 231601 symmetry unique quadruples ABCD.
DevINFO: screened away 244 out of 231601 symmetry unique quadruples ABCD.
DevINFO: screened away 216 out of 231601 symmetry unique quadruples ABCD.
DevINFO: screened away 178 out of 231601 symmetry unique quadruples ABCD.
DevINFO: screened away 174 out of 231601 symmetry unique quadruples ABCD.
-------
Davidson step #21, 652 RPA trial vectors already in subspace.
DevINFO: screened away 181 out of 231601 symmetry unique quadruples ABCD.
DevINFO: screened away 179 out of 231601 symmetry unique quadruples ABCD.
DevINFO: screened away 236 out of 231601 symmetry unique quadruples ABCD.
DevINFO: screened away 200 out of 231601 symmetry unique quadruples ABCD.
DevINFO: screened away 197 out of 231601 symmetry unique quadruples ABCD.
DevINFO: screened away 172 out of 231601 symmetry unique quadruples ABCD.
-------
Davidson step #22, 664 RPA trial vectors already in subspace.
DevINFO: screened away 182 out of 231601 symmetry unique quadruples ABCD.
DevINFO: screened away 190 out of 231601 symmetry unique quadruples ABCD.
DevINFO: screened away 227 out of 231601 symmetry unique quadruples ABCD.
DevINFO: screened away 211 out of 231601 symmetry unique quadruples ABCD.
DevINFO: screened away 191 out of 231601 symmetry unique quadruples ABCD.
-------
Davidson step #23, 674 RPA trial vectors already in subspace.
DevINFO: screened away 203 out of 231601 symmetry unique quadruples ABCD.
DevINFO: screened away 249 out of 231601 symmetry unique quadruples ABCD.
DevINFO: screened away 216 out of 231601 symmetry unique quadruples ABCD.
-------
Davidson step #24, 680 RPA trial vectors already in subspace.
DevINFO: screened away 202 out of 231601 symmetry unique quadruples ABCD.
DevINFO: screened away 235 out of 231601 symmetry unique quadruples ABCD.
DevINFO: screened away 210 out of 231601 symmetry unique quadruples ABCD.
-------
Davidson step #25, 686 RPA trial vectors already in subspace.
DevINFO: screened away 186 out of 231601 symmetry unique quadruples ABCD.
-------
Davidson step #26, 688 RPA trial vectors already in subspace.
The Davidson solver converged to a solution. 27 iterations and 0 restarts were needed.
==============================================================================================================
The Final eigenvalues from the Davidson method
==============================================================================================================
(RSP) 	 Excitation Energy 	0.3873770807174743	0.40256925102052	0.4590467414340939	0.4619091290222478	0.4690546937331004	0.4938939235313139	
==============================================================================================================
Root: 0	 with energy 0.3873770807174743
==============================================================================================================
5 Up <-- Up 4 C^2 :  0.3511501273069529 C : (-0.243096853727551,0.5404202503743902)
5 Down <-- Down 4 C^2 :  0.3511501265932396 C : (0.2430968535046257,-0.5404202498143368)
==============================================================================================================
Root: 1	 with energy 0.40256925102052
==============================================================================================================
5 Up <-- Up 4 C^2 :  0.3837336134559451 C : (0.4200622627979736,-0.4552815709305521)
5 Down <-- Down 4 C^2 :  0.3837336134210723 C : (0.4200622625421698,-0.4552815711282697)
==============================================================================================================
Root: 2	 with energy 0.4590467414340939
==============================================================================================================
6 Up <-- Up 4 C^2 :  0.3940860750592435 C : (0.261393508550691,-0.5707534570607554)
6 Down <-- Down 4 C^2 :  0.3940860755015537 C : (-0.2574116096144156,0.5725603363290803)
==============================================================================================================
Root: 3	 with energy 0.4619091290222478
==============================================================================================================
6 Up <-- Up 4 C^2 :  0.4052561232008133 C : (-0.4948515191464961,0.4004723426145911)
6 Down <-- Down 4 C^2 :  0.4052561224770633 C : (-0.4920500417537448,0.4039094934353504)
==============================================================================================================
Root: 4	 with energy 0.4690546937331004
==============================================================================================================
8 Up <-- Up 4 C^2 :  0.3095543036199646 C : (-0.5075829418177418,0.2278461340370116)
8 Down <-- Down 4 C^2 :  0.3095542768646155 C : (0.5075829197256059,-0.2278461245390072)
==============================================================================================================
Root: 5	 with energy 0.4938939235313139
==============================================================================================================
7 Up <-- Up 4 C^2 :  0.339355542556298 C : (-0.5819628736946745,0.02597606970530189)
7 Down <-- Down 4 C^2 :  0.3393555078558089 C : (-0.5819628436682424,0.02597607447983945)
==============================================================================================================
==============================================================================================================
(RSP) Transition Dipole Moment, <1| coordinate |2>  |  Roots  |              Dipole Moment
==============================================================================================================
(RSP) Transition Dipole Moment, <1|x|2>             |    0    |     (-2.484343016213692e-07,-1.716678279150643e-06)
(RSP) Transition Dipole Moment, <1|x|2>             |    1    |     (0.401089418771469,0.370025870904959)
(RSP) Transition Dipole Moment, <1|x|2>             |    2    |     (1.611818177429731e-07,2.095333682598746e-07)
(RSP) Transition Dipole Moment, <1|x|2>             |    3    |     (1.183920858486923e-07,3.145818449202904e-08)
(RSP) Transition Dipole Moment, <1|x|2>             |    4    |     (5.847459462569363e-08,3.584236377296479e-06)
(RSP) Transition Dipole Moment, <1|x|2>             |    5    |     (-2.068445638858858e-06,1.687730240299851e-06)

(RSP) Transition Dipole Moment, <1|y|2>             |    0    |     (1.147600049521968e-06,1.059422679976553e-05)
(RSP) Transition Dipole Moment, <1|y|2>             |    1    |     (3.075175758715802e-06,1.635249874439557e-06)
(RSP) Transition Dipole Moment, <1|y|2>             |    2    |     (-5.106749102212187e-07,-2.574667195846057e-07)
(RSP) Transition Dipole Moment, <1|y|2>             |    3    |     (-0.01048866947754274,0.008612007672568495)
(RSP) Transition Dipole Moment, <1|y|2>             |    4    |     (3.524664543940495e-06,-2.061708305851468e-06)
(RSP) Transition Dipole Moment, <1|y|2>             |    5    |     (4.107032884199764e-06,-1.819514629792882e-06)

(RSP) Transition Dipole Moment, <1|z|2>             |    0    |     (1.231560836915846e-06,-1.272072374316417e-07)
(RSP) Transition Dipole Moment, <1|z|2>             |    1    |     (-0.007137545188668998,0.007800892275268402)
(RSP) Transition Dipole Moment, <1|z|2>             |    2    |     (3.321943333495875e-07,-1.383416111101852e-07)
(RSP) Transition Dipole Moment, <1|z|2>             |    3    |     (1.197627528941531e-07,-6.424884988280072e-08)
(RSP) Transition Dipole Moment, <1|z|2>             |    4    |     (-2.952143413022248e-07,-4.178400497533493e-07)
(RSP) Transition Dipole Moment, <1|z|2>             |    5    |     (-1.001344060865022e-06,-3.407339693058489e-07)


==============================================================================================================
(RSP) Transition Moment, <1| pi_coordinate |2>      |  Roots  |              Dipole Moment
==============================================================================================================
(RSP) Transition Moment, <1|pi_x|2>                 |    0    |     (3.221776490606731e-05,-3.774834086729043e-06)
(RSP) Transition Moment, <1|pi_x|2>                 |    1    |     (0.1512224878610924,-0.1562220559833062)
(RSP) Transition Moment, <1|pi_x|2>                 |    2    |     (1.243440031643107e-05,-1.703376276346569e-05)
(RSP) Transition Moment, <1|pi_x|2>                 |    3    |     (-1.899248097027941e-06,-6.832342908413909e-06)
(RSP) Transition Moment, <1|pi_x|2>                 |    4    |     (2.537016561306597e-05,-1.614435145135038e-05)
(RSP) Transition Moment, <1|pi_x|2>                 |    5    |     (-2.045201125027972e-05,-1.308125239762321e-06)

(RSP) Transition Moment, <1|pi_y|2>                 |    0    |     (-0.0001707025550321395,-0.0002548283965625299)
(RSP) Transition Moment, <1|pi_y|2>                 |    1    |     (-2.09051768623292e-05,0.0001567896523197708)
(RSP) Transition Moment, <1|pi_y|2>                 |    2    |     (2.706218554283454e-05,6.005625199234594e-05)
(RSP) Transition Moment, <1|pi_y|2>                 |    3    |     (0.003797819704942619,0.004615928970261181)
(RSP) Transition Moment, <1|pi_y|2>                 |    4    |     (-7.903564682613433e-05,0.0003815949809446921)
(RSP) Transition Moment, <1|pi_y|2>                 |    5    |     (-0.0001732334916289976,9.770419293321949e-05)

(RSP) Transition Moment, <1|pi_z|2>                 |    0    |     (-1.546728777109934e-05,1.587068410488162e-05)
(RSP) Transition Moment, <1|pi_z|2>                 |    1    |     (0.003151726879337771,0.002939611630669973)
(RSP) Transition Moment, <1|pi_z|2>                 |    2    |     (1.252707839719054e-07,-3.41024897217358e-06)
(RSP) Transition Moment, <1|pi_z|2>                 |    3    |     (4.462763520544039e-06,1.624720658366342e-06)
(RSP) Transition Moment, <1|pi_z|2>                 |    4    |     (-7.619607392596772e-07,-6.991969893572157e-05)
(RSP) Transition Moment, <1|pi_z|2>                 |    5    |     (-5.305270283345513e-07,-4.539146647186151e-06)


==============================================================================================================
(RSP) Electric Dipole Oscillator Strength
(length gauge):            	3.049852168358525e-11	0.07995123699052893	1.611111032290398e-13	5.671593231164699e-05	9.314116862859476e-12	9.358974710683815e-12	
(magnetic-velocity gauge): 	1.645601114120382e-07	0.07831724390200465	6.964467497251992e-09	5.156902857986793e-05	2.240747832157399e-07	5.398842585437181e-08	
(mixed gauge):             	(-1.059896000221995e-09,1.945466455203948e-09)	(0.07910720918748027,-0.001898649089557657)	(2.011206587033976e-11,2.02226761481654e-11)	(5.408120400448094e-05,5.443994814945606e-08)	(-7.403280434791851e-10,7.281687687670546e-10)	(-8.510746911836729e-11,5.647172418030278e-10)	

