
Running the London Hartree-Fock program at /home/sangita.sen/packages/london/london.x.
Founded by Erik Tellgren, Alessandro Soncini and Trygve Helgaker.
Programming by:
  Erik Tellgren (main programmer)
  Kai Kaarvann Lange
  Andrew M. Teale
  Ulf Ekstrom
  Stella Stopkowicz
  Jon H. Austad


Basis file /home/sangita.sen/packages/london/baslib/aug-cc-pVDZ opened for reading.
Basis file /home/sangita.sen/packages/london/baslib/aug-cc-pVDZ opened for reading.
Basis file /home/sangita.sen/packages/london/baslib/aug-cc-pVDZ opened for reading.
User input successfully read from file_y2.inp.

london-input{
  analysis{
    analysis-only = no
    xml-print-potential-basis-overlap = no
    xml-print-potential-basis-kinetic = no
    export-operators = no
    # decypher-density-matrix-file = binary-file, plain-text-file
    # density-matrix-binary-to-text = binary-input-file, text-output-file
    # density-matrix-text-to-binary = text-input-file, binary-output-file
    # density-matrix-for-plotting = filename
    # density-plot-data = {filename,(x0,y0,z0),(x1,y1,z1),(x2,y2,z2),(x3,y3,z3),(N1xN2xN3),precision=N,scolon={y/n},fields{rho,grad(rho),jp,j,A,B,rho2nu,rho2omega,tau_p,tau_pi,laplacian(rho),grad(rho)^2,jp^2,tau_tensor}}
    # streamline-data = {filename,(x0,y0,z0),(x1,y1,z1),(x2,y2,z2),(x3,y3,z3),(N1xN2xN3),precision=N,scolon={y/n},fields{rho,grad(rho),jp,j,A,B,rho2nu,rho2omega,tau_p,tau_pi,laplacian(rho),grad(rho)^2,jp^2,tau_tensor}}
    # vortexline-data = {filename,(x0,y0,z0),(x1,y1,z1),(x2,y2,z2),(x3,y3,z3),(N1xN2xN3),precision=N,scolon={y/n},fields{rho,grad(rho),jp,j,A,B,rho2nu,rho2omega,tau_p,tau_pi,laplacian(rho),grad(rho)^2,jp^2,tau_tensor}}
    # current-through-plane = {density_matrix_file,(x0,y0,z0),(x1,y1,z1),(x2,y2,z2),(x3,y3,z3),(N1xN2xN3),precision=N,scolon={y/n},fields{rho,grad(rho),jp,j,A,B,rho2nu,rho2omega,tau_p,tau_pi,laplacian(rho),grad(rho)^2,jp^2,tau_tensor}}
    # linearly-combine-density-matrices = file : 0.6 * infile1, 0.4 * infile2, ...
    # spin-rotate-2c-density-matrix = file : infile, angle_degrees, (ux, uy, uz)
    linear-dependence-tol = 1e-06
    # overlap-for-ci-state-files = file1, file2
  }

  scf{
    spin-symmetry-constraint = Unrestricted Hartree-Fock
    linear-dependence-tol = 1e-10
    uhf-spin-projection = 0
    disable-spin-zeeman-in-fock-matrix = no
    noisy-init-guess = no
    # density-matrix-input-file = 
    # density-matrix-output-file = 
    # density-plot-data = {filename,(x0,y0,z0),(x1,y1,z1),(x2,y2,z2),(x3,y3,z3),(N1xN2xN3),precision=N,scolon={y/n},fields{rho,grad(rho),jp,j,A,B,rho2nu,rho2omega,tau_p,tau_pi,laplacian(rho),grad(rho)^2,jp^2,tau_tensor}}
    # molecular-orbitals-to-plot = (1,2,3,...)
    min-scf-iterations = 0
    max-scf-iterations = 160
    use-density-fitting = no
    use-admm = no
    analyze-using-dft-grid = no

    diis{
      convergence-tolerance = 1e-10
      subspace-dimension = 7
      diagonalization-temperature = 0
    }
  }

  casscf{
    max-active-orbitals = 2000
    number-of-frozen-orbitals = 0
    number-of-states-in-casscf-optimization = 1
    number-of-ci-states = 1
    spin-projection = default
    num-1exc-init-vec = 0
    num-2exc-init-vec = 0
    use-noisy-init-vec = no
    ci-max-subspace-dim = default
    ci-convergence-tol = 1e-06
    # density-matrix-input-file = 
    # density-matrix-output-file = 
    # ci-states-output-file = 
    # density-plot-data = {filename,(x0,y0,z0),(x1,y1,z1),(x2,y2,z2),(x3,y3,z3),(N1xN2xN3),precision=N,scolon={y/n},fields{rho,grad(rho),jp,j,A,B,rho2nu,rho2omega,tau_p,tau_pi,laplacian(rho),grad(rho)^2,jp^2,tau_tensor}}
    # analysis-weights = (w0, w1, ...)
  }

  mp2{
    spin-projection = default
    number-of-weights = 8
    basis-functions-per-block = 20
    cs-tolerance = 0
    print-mp2-components = 0
    # density-matrix-input-file = 
    # density-matrix-output-file = 
    #property-request = relaxed-density-matrix
  }

  rsp{
    number-of-roots-requested = 6
    root-selection-method = energy
    excitation-basis = MObasis
    starting-guess = UnitGuess
    solver_choice = GenEig
    method_choice = RPA
    precondition = false
    initial-subspace-dimension = 100
    maximum-subspace-dimension = 800
    convergence-tolerance = 1e-10
    max-rsp-iterations = 200
    # density-matrix-input-file = 
    # density-matrix-output-file = 
  }

  coupled-cluster{
    truncation-level = CCSD
    property-request = off
    spin-projection = default
    max-it = 150
    write-t-amplitudes = yes
    read-t-amplitudes = no
    # density-matrix-output-file = 
    # memory-in-gb = 
    # interface = 
    # molecular-orbitals-to-freeze = (1,3,5,...)
    diis{
      convergence-tolerance = 1e-06
      subspace-dimension = 7
      diagonalization-temperature = 0
    }
  }

  finite-difference{
    run-finite-difference = false
    run-type = gradient
    use-ref-density = false
    step-size = 0.0005
  }

  system{
    molecular-charge = 0
    correlation-model = RSP

    hamiltonian{
      electron-mass = 1
      speed-of-light = 137.036
      adiabatic-connection-lambda = 1
      nuclear-charge-distribution = point charge

      magnetic-field = (0, 0.02, 0)
      gauge-origin = (0, 0, 0.1173)

      linear-magnetic-field = {(0, 0, 0), (0, 0, 0), (0, 0, 0)}
      linear-magnetic-origin = (0, 0, 0)

      electric-field = (0, 0, 0)
      electric-origin = (0, 0, 0)
      linear-electric-field = {(0, 0, 0), (0, 0, 0), (0, 0, 0)}

      include-basis-expanded-scalar-potential = no
      scalar-potential-coefficients = (empty)
      include-basis-expanded-vector-potential = no
      vector-potential-coefficients-x = (empty)
      vector-potential-coefficients-y = (empty)
      vector-potential-coefficients-z = (empty)
      include-repulsion-from-external-density = no
      external-charge-density-scale-factor = 1
      include-coulomb-distance-to-external-density = no
      external-charge-density-distance-factor = 1
      # external-charge-density-file = filename
      # lieb-ref-density-file = filename
      # potential-plot-data = {filename,(x0,y0,z0),(x1,y1,z1),(x2,y2,z2),(x3,y3,z3),(N1xN2xN3),precision=N,scolon={y/n},fields{rho,grad(rho),jp,j,A,B,rho2nu,rho2omega,tau_p,tau_pi,laplacian(rho),grad(rho)^2,jp^2,tau_tensor}}

      integral{
        use-coulomb-integral-permutation-symmetry = yes
        use-cauchy-schwarz-screening = yes
        cauchy-schwarz-tol = 1e-15
        boys-function-tol = 1e-17
      }

      dft{
        # xc-functional = 0.7 * lda + 0.54 * lyp
        # xc-fun-parameter = {param1 = 0.1, param2 = 0.2, param3 = 0.3}
        jp-functional = none
        vrg-functional = none
        tau-correction = none
        vrg-hard-rs-cutoff = 62035.049
        vrg-soft-density-cutoff = 1e-14
        exact-exchange-fraction = default
        # gridfile = 
        radial-grid-type = LMG
        allow-grid-pruning = yes
        gc2-radial-grid-threshold = 1e-13
        lebedev-angular-target-degree = 35
        lebedev-angular-minimal-degree = 15
        weight-screen-threshold = 1e-20
        becke-hardness = 3
        allow-becke-atom-size-correction = yes
      }
    }

    # data on state flags lost, output incomplete here
    use-london-orbitals = yes
    gto-contraction-type = all, normalizedprimitive
    basis = aug-cc-pVDZ
    # density-fitting-basis = 
    # admm-basis = 
    # scalar-potential-basis = 
    # vector-potential-basis = 
    # if you really want to: # orbital-wave-vector-offset = (0, 0, 0)
    charge = 1
    H            0       0.7572      -0.4692
    H            0      -0.7572      -0.4692
    charge = 8
    O            0            0       0.1173
  }
}

Basis set information:
The orbital basis consists of 59 basis functions formed from linear combinations of 59 primitive basis functions.
The density-fitting basis consists of 0 basis functions formed from linear combinations of 0 primitive basis functions.
The scalar potential basis consists of 0 basis functions formed from linear combinations of 0 primitive basis functions.
The vector potential basis consists of 0 basis functions formed from linear combinations of 0 primitive basis functions.
UHF Spin type 2

RSP: Running Hartree-Fock to determine orbital space.
RSP: run scf2


SCF: Running SCF optimization.

SCF: The SCF basis contains 59 basis functions.
 Fock build F = F(D) performed in 0 seconds (with 0 seconds used for Coulomb and exchange).
SCF-SD: Initial density by diagonalizing the one-electron part of the Fock matrix.
Initial trace: Tr(D) = (10,-1.43606e-17)

SCF iteration 1:       [wall time: Thu Sep 16 23:15:35 2021]
SCF: using a fraction 1 of Hartree-Fock exchange.
DevINFO: screened away 289 out of 231601 symmetry unique quadruples ABCD.
 Fock build F = F(D) performed in 1 seconds (with 1 seconds used for Coulomb and exchange).
 Total energy: -60.76281537 Hartree
 Fock matrix inversion D = D(Fmix) performed in 0 seconds.
  Nuclear repulsion:  17.36570202
  Kinetic:            128.7190476
  Nuclear attraction: -277.2906239
  Spin Zeeman effect: 1.065814104e-16
  Coulomb:            84.48462192
  Exchange:           -14.04156295
  Total:              -60.76281537

 Ehomo(Down) = 3804.491796, Elumo(Down) = 22783.1687
 Ehomo( Up ) = 3804.511796, Elumo( Up ) = 22783.1887
 DIIS error norm: 20.72013619

SCF iteration 2:       [wall time: Thu Sep 16 23:15:36 2021]
SCF: using a fraction 1 of Hartree-Fock exchange.
DevINFO: screened away 376 out of 231601 symmetry unique quadruples ABCD.
 Fock build F = F(D) performed in 1 seconds (with 1 seconds used for Coulomb and exchange).
 Total energy: -61.52748919 Hartree
 Fock matrix inversion D = D(Fmix) performed in 0 seconds.
  Nuclear repulsion:  17.36570202
  Kinetic:            59.52299499
  Nuclear attraction: -153.7897848
  Spin Zeeman effect: -3.819167205e-16
  Coulomb:            21.3740167
  Exchange:           -6.000418135
  Total:              -61.52748919

 Ehomo(Down) = -0.01508717935, Elumo(Down) = 0.01994001592
 Ehomo( Up ) = -0.03197838108, Elumo( Up ) = 0.004912820648
 DIIS error norm: 6.244877534

SCF iteration 3:       [wall time: Thu Sep 16 23:15:37 2021]
SCF: using a fraction 1 of Hartree-Fock exchange.
DevINFO: screened away 323 out of 231601 symmetry unique quadruples ABCD.
 Fock build F = F(D) performed in 1 seconds (with 1 seconds used for Coulomb and exchange).
 Total energy: -72.40878702 Hartree
 Fock matrix inversion D = D(Fmix) performed in 0 seconds.
  Nuclear repulsion:  17.36570202
  Kinetic:            94.07860494
  Nuclear attraction: -237.7075971
  Spin Zeeman effect: 3.552713679e-17
  Coulomb:            65.19908968
  Exchange:           -11.34458652
  Total:              -72.40878702

 Ehomo(Down) = -0.04512888232, Elumo(Down) = 0.01556261197
 Ehomo( Up ) = -0.02512888232, Elumo( Up ) = 0.03556261197
 DIIS error norm: 6.057554925

SCF iteration 4:       [wall time: Thu Sep 16 23:15:38 2021]
SCF: using a fraction 1 of Hartree-Fock exchange.
DevINFO: screened away 344 out of 231601 symmetry unique quadruples ABCD.
 Fock build F = F(D) performed in 2 seconds (with 2 seconds used for Coulomb and exchange).
 Total energy: -74.20498301 Hartree
 Fock matrix inversion D = D(Fmix) performed in 0 seconds.
  Nuclear repulsion:  17.36570202
  Kinetic:            85.38270183
  Nuclear attraction: -224.5416306
  Spin Zeeman effect: 1.421085472e-16
  Coulomb:            57.99477966
  Exchange:           -10.40653588
  Total:              -74.20498301

 Ehomo(Down) = -0.6287173555, Elumo(Down) = 0.007938388688
 Ehomo( Up ) = -0.6087173555, Elumo( Up ) = 0.02793838869
 DIIS error norm: 2.191945879

SCF iteration 5:       [wall time: Thu Sep 16 23:15:40 2021]
SCF: using a fraction 1 of Hartree-Fock exchange.
DevINFO: screened away 359 out of 231601 symmetry unique quadruples ABCD.
 Fock build F = F(D) performed in 1 seconds (with 1 seconds used for Coulomb and exchange).
 Total energy: -74.59360933 Hartree
 Fock matrix inversion D = D(Fmix) performed in 0 seconds.
  Nuclear repulsion:  17.36570202
  Kinetic:            80.72749364
  Nuclear attraction: -216.110975
  Spin Zeeman effect: -3.552713679e-17
  Coulomb:            53.20340589
  Exchange:           -9.779235928
  Total:              -74.59360933

 Ehomo(Down) = -0.5649510342, Elumo(Down) = 0.03052659794
 Ehomo( Up ) = -0.5449510342, Elumo( Up ) = 0.05052659794
 DIIS error norm: 0.1972395827

SCF iteration 6:       [wall time: Thu Sep 16 23:15:41 2021]
SCF: using a fraction 1 of Hartree-Fock exchange.
DevINFO: screened away 363 out of 231601 symmetry unique quadruples ABCD.
 Fock build F = F(D) performed in 1 seconds (with 1 seconds used for Coulomb and exchange).
 Total energy: -74.60047877 Hartree
 Fock matrix inversion D = D(Fmix) performed in 0 seconds.
  Nuclear repulsion:  17.36570202
  Kinetic:            80.27473732
  Nuclear attraction: -215.089434
  Spin Zeeman effect: 2.664535259e-17
  Coulomb:            52.53776047
  Exchange:           -9.689244595
  Total:              -74.60047877

 Ehomo(Down) = -0.5778872906, Elumo(Down) = 0.02980307807
 Ehomo( Up ) = -0.5578872906, Elumo( Up ) = 0.04980307807
 DIIS error norm: 0.05683419866

SCF iteration 7:       [wall time: Thu Sep 16 23:15:42 2021]
SCF: using a fraction 1 of Hartree-Fock exchange.
DevINFO: screened away 358 out of 231601 symmetry unique quadruples ABCD.
 Fock build F = F(D) performed in 2 seconds (with 2 seconds used for Coulomb and exchange).
 Total energy: -74.60072518 Hartree
 Fock matrix inversion D = D(Fmix) performed in 0 seconds.
  Nuclear repulsion:  17.36570202
  Kinetic:            80.35020142
  Nuclear attraction: -215.2100348
  Spin Zeeman effect: -1.776356839e-17
  Coulomb:            52.58898862
  Exchange:           -9.695582457
  Total:              -74.60072518

 Ehomo(Down) = -0.5812273693, Elumo(Down) = 0.02926895417
 Ehomo( Up ) = -0.5612273693, Elumo( Up ) = 0.04926895417
 DIIS error norm: 0.01193167709

SCF iteration 8:       [wall time: Thu Sep 16 23:15:44 2021]
SCF: using a fraction 1 of Hartree-Fock exchange.
DevINFO: screened away 360 out of 231601 symmetry unique quadruples ABCD.
 Fock build F = F(D) performed in 1 seconds (with 1 seconds used for Coulomb and exchange).
 Total energy: -74.60073959 Hartree
 Fock matrix inversion D = D(Fmix) performed in 0 seconds.
  Nuclear repulsion:  17.36570202
  Kinetic:            80.369269
  Nuclear attraction: -215.242538
  Spin Zeeman effect: 0
  Coulomb:            52.60447752
  Exchange:           -9.69765015
  Total:              -74.60073959

 Ehomo(Down) = -0.5813148189, Elumo(Down) = 0.02921598923
 Ehomo( Up ) = -0.5613148189, Elumo( Up ) = 0.04921598923
 DIIS error norm: 0.001417193478

SCF iteration 9:       [wall time: Thu Sep 16 23:15:45 2021]
SCF: using a fraction 1 of Hartree-Fock exchange.
DevINFO: screened away 360 out of 231601 symmetry unique quadruples ABCD.
 Fock build F = F(D) performed in 1 seconds (with 1 seconds used for Coulomb and exchange).
 Total energy: -74.60073992 Hartree
 Fock matrix inversion D = D(Fmix) performed in 0 seconds.
  Nuclear repulsion:  17.36570202
  Kinetic:            80.37140589
  Nuclear attraction: -215.2466242
  Spin Zeeman effect: -7.993605777e-17
  Coulomb:            52.60674011
  Exchange:           -9.697963739
  Total:              -74.60073992

 Ehomo(Down) = -0.5812195943, Elumo(Down) = 0.02922614254
 Ehomo( Up ) = -0.5612195943, Elumo( Up ) = 0.04922614254
 DIIS error norm: 0.0002299621083

SCF iteration 10:       [wall time: Thu Sep 16 23:15:46 2021]
SCF: using a fraction 1 of Hartree-Fock exchange.
DevINFO: screened away 360 out of 231601 symmetry unique quadruples ABCD.
 Fock build F = F(D) performed in 1 seconds (with 1 seconds used for Coulomb and exchange).
 Total energy: -74.60073992 Hartree
 Fock matrix inversion D = D(Fmix) performed in 0 seconds.
  Nuclear repulsion:  17.36570202
  Kinetic:            80.37110078
  Nuclear attraction: -215.2461149
  Spin Zeeman effect: -1.776356839e-17
  Coulomb:            52.60650707
  Exchange:           -9.69793487
  Total:              -74.60073992

 Ehomo(Down) = -0.5812179492, Elumo(Down) = 0.02922637873
 Ehomo( Up ) = -0.5612179492, Elumo( Up ) = 0.04922637873
 DIIS error norm: 3.249719966e-05

SCF iteration 11:       [wall time: Thu Sep 16 23:15:47 2021]
SCF: using a fraction 1 of Hartree-Fock exchange.
DevINFO: screened away 360 out of 231601 symmetry unique quadruples ABCD.
 Fock build F = F(D) performed in 2 seconds (with 2 seconds used for Coulomb and exchange).
 Total energy: -74.60073992 Hartree
 Fock matrix inversion D = D(Fmix) performed in 0 seconds.
  Nuclear repulsion:  17.36570202
  Kinetic:            80.37107386
  Nuclear attraction: -215.2460568
  Spin Zeeman effect: -8.881784197e-18
  Coulomb:            52.60647086
  Exchange:           -9.697929866
  Total:              -74.60073992

 Ehomo(Down) = -0.5812175642, Elumo(Down) = 0.02922634299
 Ehomo( Up ) = -0.5612175642, Elumo( Up ) = 0.04922634299
 DIIS error norm: 3.856549578e-06

SCF iteration 12:       [wall time: Thu Sep 16 23:15:49 2021]
SCF: using a fraction 1 of Hartree-Fock exchange.
DevINFO: screened away 360 out of 231601 symmetry unique quadruples ABCD.
 Fock build F = F(D) performed in 1 seconds (with 1 seconds used for Coulomb and exchange).
 Total energy: -74.60073992 Hartree
 Fock matrix inversion D = D(Fmix) performed in 0 seconds.
  Nuclear repulsion:  17.36570202
  Kinetic:            80.37107593
  Nuclear attraction: -215.2460595
  Spin Zeeman effect: 7.993605777e-17
  Coulomb:            52.6064716
  Exchange:           -9.697929999
  Total:              -74.60073992

 Ehomo(Down) = -0.5812175257, Elumo(Down) = 0.02922634254
 Ehomo( Up ) = -0.5612175257, Elumo( Up ) = 0.04922634254
 DIIS error norm: 4.790812644e-07

SCF iteration 13:       [wall time: Thu Sep 16 23:15:50 2021]
SCF: using a fraction 1 of Hartree-Fock exchange.
DevINFO: screened away 360 out of 231601 symmetry unique quadruples ABCD.
 Fock build F = F(D) performed in 1 seconds (with 1 seconds used for Coulomb and exchange).
 Total energy: -74.60073992 Hartree
 Fock matrix inversion D = D(Fmix) performed in 0 seconds.
  Nuclear repulsion:  17.36570202
  Kinetic:            80.37107602
  Nuclear attraction: -215.2460596
  Spin Zeeman effect: 5.329070518e-17
  Coulomb:            52.6064716
  Exchange:           -9.697930006
  Total:              -74.60073992

 Ehomo(Down) = -0.5812175204, Elumo(Down) = 0.02922634252
 Ehomo( Up ) = -0.5612175204, Elumo( Up ) = 0.04922634252
 DIIS error norm: 9.172518336e-08

SCF iteration 14:       [wall time: Thu Sep 16 23:15:51 2021]
SCF: using a fraction 1 of Hartree-Fock exchange.
DevINFO: screened away 360 out of 231601 symmetry unique quadruples ABCD.
 Fock build F = F(D) performed in 2 seconds (with 2 seconds used for Coulomb and exchange).
 Total energy: -74.60073992 Hartree
 Fock matrix inversion D = D(Fmix) performed in 0 seconds.
  Nuclear repulsion:  17.36570202
  Kinetic:            80.37107603
  Nuclear attraction: -215.2460596
  Spin Zeeman effect: -7.993605777e-17
  Coulomb:            52.60647161
  Exchange:           -9.697930008
  Total:              -74.60073992

 Ehomo(Down) = -0.5812175194, Elumo(Down) = 0.02922634261
 Ehomo( Up ) = -0.5612175194, Elumo( Up ) = 0.04922634261
 DIIS error norm: 2.084201051e-08

SCF iteration 15:       [wall time: Thu Sep 16 23:15:53 2021]
SCF: using a fraction 1 of Hartree-Fock exchange.
DevINFO: screened away 360 out of 231601 symmetry unique quadruples ABCD.
 Fock build F = F(D) performed in 1 seconds (with 1 seconds used for Coulomb and exchange).
 Total energy: -74.60073992 Hartree
 Fock matrix inversion D = D(Fmix) performed in 0 seconds.
  Nuclear repulsion:  17.36570202
  Kinetic:            80.37107603
  Nuclear attraction: -215.2460596
  Spin Zeeman effect: -2.664535259e-17
  Coulomb:            52.60647161
  Exchange:           -9.697930008
  Total:              -74.60073992

 Ehomo(Down) = -0.58121752, Elumo(Down) = 0.0292263426
 Ehomo( Up ) = -0.56121752, Elumo( Up ) = 0.0492263426
 DIIS error norm: 2.888046576e-09

SCF iteration 16:       [wall time: Thu Sep 16 23:15:54 2021]
SCF: using a fraction 1 of Hartree-Fock exchange.
DevINFO: screened away 360 out of 231601 symmetry unique quadruples ABCD.
 Fock build F = F(D) performed in 1 seconds (with 1 seconds used for Coulomb and exchange).
 Total energy: -74.60073992 Hartree
 Fock matrix inversion D = D(Fmix) performed in 0 seconds.
  Nuclear repulsion:  17.36570202
  Kinetic:            80.37107603
  Nuclear attraction: -215.2460596
  Spin Zeeman effect: 8.881784197e-18
  Coulomb:            52.60647161
  Exchange:           -9.697930008
  Total:              -74.60073992

 Ehomo(Down) = -0.5812175199, Elumo(Down) = 0.0292263426
 Ehomo( Up ) = -0.5612175199, Elumo( Up ) = 0.0492263426
 DIIS error norm: 7.220766759e-10

SCF iteration 17:       [wall time: Thu Sep 16 23:15:55 2021]
SCF: using a fraction 1 of Hartree-Fock exchange.
DevINFO: screened away 360 out of 231601 symmetry unique quadruples ABCD.
 Fock build F = F(D) performed in 1 seconds (with 1 seconds used for Coulomb and exchange).
 Total energy: -74.60073992 Hartree
 Fock matrix inversion D = D(Fmix) performed in 0 seconds.
  Nuclear repulsion:  17.36570202
  Kinetic:            80.37107603
  Nuclear attraction: -215.2460596
  Spin Zeeman effect: 1.776356839e-17
  Coulomb:            52.60647161
  Exchange:           -9.697930008
  Total:              -74.60073992

 Ehomo(Down) = -0.5812175199, Elumo(Down) = 0.0292263426
 Ehomo( Up ) = -0.5612175199, Elumo( Up ) = 0.0492263426
 DIIS error norm: 1.164139707e-10

SCF iteration 18:       [wall time: Thu Sep 16 23:15:56 2021]
SCF: using a fraction 1 of Hartree-Fock exchange.
DevINFO: screened away 360 out of 231601 symmetry unique quadruples ABCD.
 Fock build F = F(D) performed in 2 seconds (with 2 seconds used for Coulomb and exchange).
 Total energy: -74.60073992 Hartree
 Fock matrix inversion D = D(Fmix) performed in 0 seconds.
  Nuclear repulsion:  17.36570202
  Kinetic:            80.37107603
  Nuclear attraction: -215.2460596
  Spin Zeeman effect: -2.664535259e-17
  Coulomb:            52.60647161
  Exchange:           -9.697930008
  Total:              -74.60073992

 Ehomo(Down) = -0.5812175199, Elumo(Down) = 0.0292263426
 Ehomo( Up ) = -0.5612175199, Elumo( Up ) = 0.0492263426
 DIIS error norm: 3.423014556e-11

Converged SCF results:
-----------------------
(pre-RSP) Nuclear repulsion:  17.36570202439076
(pre-RSP) Kinetic:            80.37107603028308
(pre-RSP) Nuclear attraction: -215.2460595789643
(pre-RSP) Spin Zeeman effect: -2.664535259100376e-17
(pre-RSP) Coulomb:            52.60647160941812
(pre-RSP) Exchange:           -9.697930007869719
(pre-RSP) Total electronic:   -91.96644194713284
(pre-RSP) Total:              -74.60073992274208

(pre-RSP) E(LUMO, Down): 0.02922634259914467
(pre-RSP) E(HOMO, Down): -0.5812175199225664
(pre-RSP) E(GAP, Down):  0.6104438625217111

(pre-RSP) E(LUMO,  Up ): 0.04922634259995636
(pre-RSP) E(HOMO,  Up ): -0.5612175199230789
(pre-RSP) E(GAP,  Up ):  0.6104438625230353

Orbital energies (Eorb), orbital contributions to the total energy (Econtrib), and reflection symmetry properties for the molecular orbitals:

Orbital analysis (pre-RSP)
    Eorb      Econtrib  Occ  Reflection(xy)  Reflection(xz)  Reflection(yz)
---------------------------------------------------------------------------
Spin Down
  -20.5252    -27.2642   1  (0.6528,-0.0000)  (1.0000,-0.0000)  (1.0000,-0.0000)
   -1.7369    -5.52482   1  (0.7356,-0.0000)  (1.0000,0.0000)  (1.0000,0.0000)
  -1.05474    -4.85858   1  (0.9774,0.0000)  (-1.0000,0.0000)  (1.0000,0.0000)
 -0.680862    -4.23218   1  (-0.6795,0.0000)  (1.0000,-0.0000)  (0.9827,-0.0000)
 -0.581218    -4.12842   1  (0.9763,0.0000)  (1.0000,0.0000)  (-0.9827,-0.0000)
 0.0292263   -0.850039   0  (0.9219,-0.0000)  (1.0000,0.0000)  (0.9984,0.0000)
 0.0487954   -0.678186   0  (0.9448,0.0000)  (-1.0000,0.0000)  (0.9985,-0.0000)
  0.140276   -0.959821   0  (-0.3794,-0.0000)  (1.0000,0.0000)  (0.7625,0.0000)
  0.163767   -0.976871   0  (0.8200,0.0000)  (1.0000,0.0000)  (-0.7307,0.0000)
  0.201075   -0.835161   0  (0.8468,-0.0000)  (-1.0000,-0.0000)  (0.9971,0.0000)
   0.20419   -0.994212   0  (0.5747,0.0000)  (1.0000,0.0000)  (0.9685,0.0000)
  0.359294    -1.02514   0  (-0.4286,0.0000)  (-1.0000,-0.0000)  (0.8943,0.0000)
   0.38502    -1.03545   0  (0.9148,0.0000)  (1.0000,-0.0000)  (0.9993,-0.0000)
  0.405804    -1.02131   0  (0.8227,-0.0000)  (-1.0000,0.0000)  (-0.8927,0.0000)
  0.441455    -1.06797   0  (-0.1583,-0.0000)  (1.0000,0.0000)  (0.8614,0.0000)
  0.499233    -1.12841   0  (0.3113,0.0000)  (1.0000,-0.0000)  (-0.8387,-0.0000)
  0.552314   -0.910962   0  (0.6287,-0.0000)  (-1.0000,-0.0000)  (0.9986,0.0000)
  0.574507   -0.969543   0  (0.8277,0.0000)  (1.0000,-0.0000)  (0.9768,-0.0000)
  0.621454   -0.769755   0  (0.6446,0.0000)  (-1.0000,0.0000)  (0.9993,-0.0000)
  0.962373    -1.25922   0  (0.2046,0.0000)  (1.0000,-0.0000)  (0.8691,0.0000)
Spin Up
  -20.5052    -27.2542   1  (0.6528,0.0000)  (1.0000,0.0000)  (1.0000,0.0000)
   -1.7169    -5.51482   1  (0.7356,0.0000)  (1.0000,0.0000)  (1.0000,-0.0000)
  -1.03474    -4.84858   1  (0.9774,-0.0000)  (-1.0000,-0.0000)  (1.0000,-0.0000)
 -0.660862    -4.22218   1  (-0.6795,-0.0000)  (1.0000,0.0000)  (0.9827,0.0000)
 -0.561218    -4.11842   1  (0.9763,0.0000)  (1.0000,0.0000)  (-0.9827,-0.0000)
 0.0492263   -0.840039   0  (0.9219,0.0000)  (1.0000,-0.0000)  (0.9984,-0.0000)
 0.0687954   -0.668186   0  (0.9448,0.0000)  (-1.0000,-0.0000)  (0.9985,0.0000)
  0.160276   -0.949821   0  (-0.3794,0.0000)  (1.0000,0.0000)  (0.7625,-0.0000)
  0.183767   -0.966871   0  (0.8200,0.0000)  (1.0000,0.0000)  (-0.7307,-0.0000)
  0.221075   -0.825161   0  (0.8468,0.0000)  (-1.0000,-0.0000)  (0.9971,-0.0000)
   0.22419   -0.984212   0  (0.5747,-0.0000)  (1.0000,-0.0000)  (0.9685,0.0000)
  0.379294    -1.01514   0  (-0.4286,-0.0000)  (-1.0000,-0.0000)  (0.8943,-0.0000)
   0.40502    -1.02545   0  (0.9148,0.0000)  (1.0000,0.0000)  (0.9993,0.0000)
  0.425804    -1.01131   0  (0.8227,-0.0000)  (-1.0000,-0.0000)  (-0.8927,-0.0000)
  0.461455    -1.05797   0  (-0.1583,0.0000)  (1.0000,-0.0000)  (0.8614,-0.0000)
  0.519233    -1.11841   0  (0.3113,-0.0000)  (1.0000,0.0000)  (-0.8387,0.0000)
  0.572314   -0.900962   0  (0.6287,-0.0000)  (-1.0000,-0.0000)  (0.9986,-0.0000)
  0.594507   -0.959543   0  (0.8277,-0.0000)  (1.0000,0.0000)  (0.9768,0.0000)
  0.641454   -0.759755   0  (0.6446,-0.0000)  (-1.0000,0.0000)  (0.9993,0.0000)
  0.982373    -1.24922   0  (0.2046,0.0000)  (1.0000,0.0000)  (0.8691,0.0000)


Properties:
-----------
Spin-projection on field: <sigma_B> = <2 S_B> = -1.06581410364015e-14
Spin-projection squared: <sigma_B> = <4 S_B^2> = 2.664535259100376e-15
Total spin: <sigma^2> = <4 S^2> = 3.819167204710538e-14 = 4 * 9.547918011776346e-15 * (9.547918011776346e-15 + 1)
Total spin quantum number: s = 9.547918011776346e-15


(SCF) Traces of the SCF 1-electron density matrix with simple operators
(SCF) Mechanical/kinetic momentum:
(SCF)     <PIx> = 5.754861664041267e-05
(SCF)     <PIy> = 6.841829730965476e-16
(SCF)     <PIz> = -1.324879492728027e-16
(SCF)     B x pi = (-2.649758985456055e-18, 0, -1.150972332808254e-06)
(SCF) Angular momentum w.r.t. gauge origin (0, 0, 0.1173):
(SCF)     <Lx> = -1.966652640499058e-15
(SCF)     <Ly> = 0.09043827099191414
(SCF)     <Lz> = 2.427364930030808e-14
(SCF) Coordinate derivative contribution to angular momentum w.r.t. C = (0, 0, 0.1173):
(SCF)     <Lcoord_x> = -1.972648394724145e-15
(SCF)     <Lcoord_y> = -0.003252418328367647
(SCF)     <Lcoord_z> = 3.305207660307675e-14
(SCF) Dipole moment:
(SCF)     <x> = 2.163056952199979e-15
(SCF)     <y> = 1.39023845546334e-13
(SCF)     <z> = 0.6405380571130628
(SCF) Nuclear dipole moment:
(SCF)     <X> = 0
(SCF)     <Y> = 0
(SCF)     <Z> = 0
(SCF) Total dipole moment: (-2.163056952199979e-15, -1.39023845546334e-13, -0.6405380571130628)
(SCF) Coordinate derivative contribution to angular momentum w.r.t. center of charge (2.163056952199977e-16, 1.390238455463339e-14, 0.06405380571130621):
(SCF)     <Lambda_x> = -2.009078534238697e-15
(SCF)     <Lambda_y> = -0.00296583836292204
(SCF)     <Lambda_z> = 3.312859215298898e-14
(SCF) Electronic quadrupole moments w.r.t. center of electronic charge at (2.163056952199977e-16, 1.390238455463339e-14, 0.06405380571130621):
(SCF)         x         y          z
(SCF) x: 4.707022222072771  -5.995754225074192e-16  9.762976222326597e-17
(SCF) y: -5.995754225074192e-16  4.667172366095332  8.850731719256351e-13
(SCF) z: 9.762976222326597e-17  8.850731719256351e-13  4.633695137893106
(SCF) Magnetic quadrupole moments w.r.t. C = (0, 0, 0):
(SCF)         x         y          z
(SCF) Jx: -6.225197957041211e-15  -2.421908104931892e-16  4.412837222182706e-16
(SCF) Jy: -6.459369149566221e-18  -2.909911394801833e-14  -0.009245417658458769
(SCF) Jz: 3.932864652089011e-16  0.001715290295113057  3.532431190505954e-14
(SCF) Anapole moment w.r.t. C = (0, 0, 0):
(SCF)     a_x = 0.01096070795357183
(SCF)     a_y = 4.799725700936948e-17
(SCF)     a_z = 2.35731441343623e-16
(SCF) Hellmann-Feynman forces:
(SCF) H-F force on H at pos = (0, 0.7572, -0.4692):   F = (-8.905892275486807e-16, 4.745068194460487, -3.432935832463135)
(SCF) H-F force on H at pos = (0, -0.7572, -0.4692):   F = (-1.353919815362371e-15, -4.745068194460007, -3.432935832462738)
(SCF) H-F force on O at pos = (0, 0, 0.1173):   F = (-1.212126667180004e-14, -1.70890653347125e-12, 6.399163255345687)
(SCF) Total H-F force on center of mass:   Ftot = (-1.436577571471109e-14, -1.229290186833182e-12, -0.4667084095801854)
(SCF) Scaling pressure w.r.t. center of charge:   11.18791455851695
(SCF) Total H-F torque w.r.t. center of charge: (5.265531082164009e-14, 4.50529981854765e-16, -3.508339210924603e-16)
(SCF) Nuclear shielding integrals:
(SCF) H at C = (0, 0.7572, -0.4692):
(SCF)    <Lx/|r - C|^3> = -4.899208594295054e-15
(SCF)    <Ly/|r - C|^3> = 0.03221577521126013
(SCF)    <Lz/|r - C|^3> = -0.009197636362187362
(SCF) H at C = (0, -0.7572, -0.4692):
(SCF)    <Lx/|r - C|^3> = -5.176639712551686e-15
(SCF)    <Ly/|r - C|^3> = 0.03221577521111139
(SCF)    <Lz/|r - C|^3> = 0.009197636362195658
(SCF) O at C = (0, 0, 0.1173):
(SCF)    <Lx/|r - C|^3> = 9.561004064952081e-14
(SCF)    <Ly/|r - C|^3> = 0.1647891340000572
(SCF)    <Lz/|r - C|^3> = -9.995796450334758e-13
 
MULLIKEN POPULATION ANALYSIS FOR SUM OF SPIN UP AND SPIN DOWN DENSITY MATRIX

(SCF) Mulliken decomposition of traces of SCF 1-electron density matrix with simple operators

(SCF) Mulliken populations:
(SCF) Nucleus #1 (H):  0.2764182789690151   [narrow def.],   0.8458633079838495   [wide def.]
(SCF) Nucleus #2 (H):  0.2764182789670018   [narrow def.],   0.8458633079565068   [wide def.]
(SCF) Nucleus #3 (O):  7.364517312946893   [narrow def.],   8.308273384059639   [wide def.]

(SCF) Total mechanical momentum: <pi> = (5.754861664042034e-05, 6.84182973096603e-16, -1.324879492727695e-16)

(SCF) Mulliken momenta:
(SCF) Nucleus #1 (H):  (0.0001621494529094753, -1.226191282668356e-15, 1.582903334457764e-15)   [narrow def.],   (-0.001306431161181218, -5.277737837298258e-14, -1.039392035166752e-15)   [wide def.]
(SCF) Nucleus #2 (H):  (0.000162149452911063, 1.067934099998592e-14, 4.928835194588439e-15)   [narrow def.],   (-0.001306431161647858, -1.990017399018079e-14, -9.029639674668744e-15)   [wide def.]
(SCF) Nucleus #3 (O):  (0.005081771277057071, 1.017233959496137e-13, 2.047376137010596e-14)   [narrow def.],   (0.00267041093946949, 7.336173533626009e-14, 9.936543760562687e-15)   [wide def.]

(SCF) Mulliken bond momenta:
(SCF) Nucleus #1 (H):  Nuc. #2  (-0.0002629004455310221, -2.688465361597983e-14, -3.021561830646685e-15); Nuc. #3  (-0.001205680168559672, -2.46665334743344e-14, 3.992664610221691e-16) 
(SCF) Nucleus #2 (H):  Nuc. #1  (-0.0002629004455310191, -2.688465341632493e-14, -3.024317668770873e-15); Nuc. #3  (-0.001205680169027902, -3.694861573841787e-15, -1.093415720048631e-14) 
(SCF) Nucleus #3 (O):  Nuc. #1  (-0.001205680168559677, -2.467017984740504e-14, 3.966189853313716e-16); Nuc. #2  (-0.001205680169027904, -3.691480765948609e-15, -1.093383659487464e-14) 
 
MULLIKEN POPULATION ANALYSIS FOR SPIN DOWN DENSITY MATRIX:

(SCF) Mulliken decomposition of traces of SCF 1-electron density matrix with simple operators

(SCF) Mulliken populations:
(SCF) Nucleus #1 (H):  0.1382091394846367   [narrow def.],   0.4229316539910501   [wide def.]
(SCF) Nucleus #2 (H):  0.1382091394836432   [narrow def.],   0.4229316539798413   [wide def.]
(SCF) Nucleus #3 (O):  3.682258656472618   [narrow def.],   4.154136692029105   [wide def.]

(SCF) Total mechanical momentum: <pi> = (2.877430842305985e-05, -2.485355259890885e-15, -1.802560005007655e-16)

(SCF) Mulliken momenta:
(SCF) Nucleus #1 (H):  (8.107472647529191e-05, -1.861460402016915e-15, 1.33452158464272e-15)   [narrow def.],   (-0.0006532155804571374, -2.13613733498072e-14, 3.735606549810549e-15)   [wide def.]
(SCF) Nucleus #2 (H):  (8.107472648463055e-05, 2.875687311343523e-15, 7.50189511517708e-16)   [narrow def.],   (-0.000653215580641614, -1.226647142072907e-14, -9.004641119858835e-15)   [wide def.]
(SCF) Nucleus #3 (O):  (0.002540885638078273, 4.753252369377341e-14, 1.02933910994886e-14)   [narrow def.],   (0.001335205469521812, 3.114248951064544e-14, 5.088778569547521e-15)   [wide def.]

(SCF) Mulliken bond momenta:
(SCF) Nucleus #1 (H):  Nuc. #2  (-0.0001314502227511089, -9.125510864827591e-15, -1.074500306416457e-15); Nuc. #3  (-0.0006028400841813204, -1.037440208296269e-14, 3.475585271584287e-15) 
(SCF) Nucleus #2 (H):  Nuc. #1  (-0.0001314502227511064, -9.12471133251289e-15, -1.075221926105731e-15); Nuc. #3  (-0.0006028400843751381, -6.017447399559704e-15, -8.679608705270812e-15) 
(SCF) Nucleus #3 (O):  Nuc. #1  (-0.0006028400841813223, -1.037372282497514e-14, 3.475028067558018e-15); Nuc. #2  (-0.0006028400843751389, -6.016311358152829e-15, -8.6796405974991e-15) 
 
MULLIKEN POPULATION ANALYSIS FOR SPIN UP DENSITY MATRIX:

(SCF) Mulliken decomposition of traces of SCF 1-electron density matrix with simple operators

(SCF) Mulliken populations:
(SCF) Nucleus #1 (H):  0.1382091394843784   [narrow def.],   0.4229316539927994   [wide def.]
(SCF) Nucleus #2 (H):  0.1382091394833584   [narrow def.],   0.4229316539766652   [wide def.]
(SCF) Nucleus #3 (O):  3.682258656474271   [narrow def.],   4.154136692030531   [wide def.]

(SCF) Total mechanical momentum: <pi> = (2.877430821735884e-05, 3.169538232987474e-15, 4.776805122797399e-17)

(SCF) Mulliken momenta:
(SCF) Nucleus #1 (H):  (8.107472643418333e-05, 6.352691193485583e-16, 2.483817498150445e-16)   [narrow def.],   (-0.0006532155807240829, -3.141600502317538e-14, -4.774998584977303e-15)   [wide def.]
(SCF) Nucleus #2 (H):  (8.107472642643237e-05, 7.803653688642393e-15, 4.178645683070731e-15)   [narrow def.],   (-0.0006532155810062437, -7.633702569451693e-15, -2.499855480989367e-17)   [wide def.]
(SCF) Nucleus #3 (O):  (0.002540885638978801, 5.41908722558403e-14, 1.018037027061735e-14)   [narrow def.],   (0.001335205469947682, 4.221924582561467e-14, 4.84776519101515e-15)   [wide def.]

(SCF) Mulliken bond momenta:
(SCF) Nucleus #1 (H):  Nuc. #2  (-0.0001314502227799132, -1.775914275115225e-14, -1.947061524230227e-15); Nuc. #3  (-0.000602840084378353, -1.42921313913717e-14, -3.076318810562119e-15) 
(SCF) Nucleus #2 (H):  Nuc. #1  (-0.0001314502227799127, -1.775994208381202e-14, -1.949095742665139e-15); Nuc. #3  (-0.0006028400846527633, 2.322585825717936e-15, -2.254548495215485e-15) 
(SCF) Nucleus #3 (O):  Nuc. #1  (-0.0006028400843783542, -1.429645702242989e-14, -3.078409082226644e-15); Nuc. #2  (-0.0006028400846527645, 2.324830592204252e-15, -2.254195997375553e-15) 
 

Orbital symmetry properties for SCF:
                          Inversion           Rot180X           Rot180Y           Rot180Z            ReflXY            ReflXZ            ReflYZ
  can.orb. [Down] 0   (0.6528,0.0000)   (0.6528,-0.0000)   (0.6528,0.0000)   (1.0000,0.0000)   (0.6528,-0.0000)   (1.0000,0.0000)   (1.0000,0.0000) 
  can.orb. [Down] 1   (0.7356,-0.0000)   (0.7356,0.0000)   (0.7356,-0.0000)   (1.0000,-0.0000)   (0.7356,-0.0000)   (1.0000,-0.0000)   (1.0000,-0.0000) 
  can.orb. [Down] 2   (-0.9774,0.0000)   (-0.9774,-0.0000)   (0.9774,-0.0000)   (-1.0000,0.0000)   (0.9774,-0.0000)   (-1.0000,0.0000)   (1.0000,-0.0000) 
  can.orb. [Down] 3   (-0.6966,-0.0000)   (-0.6795,-0.0000)   (-0.6966,-0.0000)   (0.9827,-0.0000)   (-0.6795,-0.0000)   (1.0000,-0.0000)   (0.9827,-0.0000) 
  can.orb. [Down] 4   (-0.9887,0.0000)   (0.9763,0.0000)   (-0.9887,-0.0000)   (-0.9827,0.0000)   (0.9763,-0.0000)   (1.0000,0.0000)   (-0.9827,-0.0000) 
  can.orb. [Down] 5   (0.9203,0.0000)   (0.9219,-0.0000)   (0.9203,0.0000)   (0.9984,0.0000)   (0.9219,-0.0000)   (1.0000,0.0000)   (0.9984,0.0000) 
  can.orb. [Down] 6   (-0.9433,-0.0000)   (-0.9448,0.0000)   (0.9433,0.0000)   (-0.9985,-0.0000)   (0.9448,-0.0000)   (-1.0000,0.0000)   (0.9985,0.0000) 
  can.orb. [Down] 7   (-0.6015,0.0000)   (-0.3794,-0.0000)   (-0.6015,0.0000)   (0.7625,0.0000)   (-0.3794,0.0000)   (1.0000,-0.0000)   (0.7625,0.0000) 
  can.orb. [Down] 8   (-0.8124,0.0000)   (0.8200,-0.0000)   (-0.8124,0.0000)   (-0.7307,0.0000)   (0.8200,0.0000)   (1.0000,-0.0000)   (-0.7307,-0.0000) 
  can.orb. [Down] 9   (-0.8439,-0.0000)   (-0.8468,0.0000)   (0.8439,0.0000)   (-0.9971,-0.0000)   (0.8468,-0.0000)   (-1.0000,0.0000)   (0.9971,0.0000) 
  can.orb. [Down] 10   (0.5444,-0.0000)   (0.5747,0.0000)   (0.5444,0.0000)   (0.9685,0.0000)   (0.5747,0.0000)   (1.0000,0.0000)   (0.9685,-0.0000) 
  can.orb. [Down] 11   (0.5227,0.0000)   (0.4286,0.0000)   (-0.5227,-0.0000)   (-0.8943,-0.0000)   (-0.4286,-0.0000)   (-1.0000,0.0000)   (0.8943,0.0000) 
  can.orb. [Down] 12   (0.9147,0.0000)   (0.9148,0.0000)   (0.9147,0.0000)   (0.9993,-0.0000)   (0.9148,0.0000)   (1.0000,-0.0000)   (0.9993,-0.0000) 
  can.orb. [Down] 13   (0.8853,0.0000)   (-0.8227,-0.0000)   (-0.8853,-0.0000)   (0.8927,0.0000)   (0.8227,0.0000)   (-1.0000,0.0000)   (-0.8927,-0.0000) 
  can.orb. [Down] 14   (-0.1864,-0.0000)   (-0.1583,-0.0000)   (-0.1864,-0.0000)   (0.8614,-0.0000)   (-0.1583,-0.0000)   (1.0000,-0.0000)   (0.8614,-0.0000) 
  can.orb. [Down] 15   (-0.3225,0.0000)   (0.3113,-0.0000)   (-0.3225,-0.0000)   (-0.8387,-0.0000)   (0.3113,-0.0000)   (1.0000,-0.0000)   (-0.8387,-0.0000) 
  can.orb. [Down] 16   (-0.6279,-0.0000)   (-0.6287,0.0000)   (0.6279,0.0000)   (-0.9986,-0.0000)   (0.6287,-0.0000)   (-1.0000,-0.0000)   (0.9986,0.0000) 
  can.orb. [Down] 17   (0.8135,0.0000)   (0.8277,-0.0000)   (0.8135,-0.0000)   (0.9768,0.0000)   (0.8277,0.0000)   (1.0000,0.0000)   (0.9768,-0.0000) 
  can.orb. [Down] 18   (-0.6440,0.0000)   (-0.6446,-0.0000)   (0.6440,-0.0000)   (-0.9993,0.0000)   (0.6446,0.0000)   (-1.0000,-0.0000)   (0.9993,-0.0000) 
  can.orb. [Down] 19   (0.2722,-0.0000)   (0.2046,-0.0000)   (0.2722,0.0000)   (0.8691,-0.0000)   (0.2046,-0.0000)   (1.0000,-0.0000)   (0.8691,0.0000) 



Orbital properties for SCF:
                           Lcoord_x          Lcoord_y          Lcoord_z               x^2               y^2               z^2
  can.orb. [Down] 0   (-0.0000,-0.0000)   (-0.0000,0.0000)   (0.0000,-0.0000)   (0.0179,-0.0000)   (0.0179,-0.0000)   (0.0314,0.0000) 
  can.orb. [Down] 1   (0.0000,-0.0000)   (-0.0027,0.0000)   (-0.0000,0.0000)   (0.3500,0.0000)   (0.4928,-0.0000)   (0.4221,-0.0000) 
  can.orb. [Down] 2   (0.0000,0.0000)   (-0.0005,0.0000)   (0.0000,0.0000)   (0.2615,-0.0000)   (0.9040,0.0000)   (0.3031,0.0000) 
  can.orb. [Down] 3   (-0.0000,0.0000)   (-0.1704,0.0000)   (0.0000,-0.0000)   (0.4696,-0.0000)   (0.4734,-0.0000)   (1.1409,-0.0000) 
  can.orb. [Down] 4   (-0.0000,-0.0000)   (0.1719,0.0000)   (-0.0000,-0.0000)   (1.2545,-0.0000)   (0.4456,-0.0000)   (0.4399,0.0000) 
  can.orb. [Down] 5   (0.0000,-0.0000)   (-0.0109,0.0000)   (-0.0000,-0.0000)   (14.0546,0.0000)   (15.0465,-0.0000)   (14.7780,-0.0000) 
  can.orb. [Down] 6   (-0.0000,-0.0000)   (-0.0099,-0.0000)   (0.0000,0.0000)   (11.5952,0.0000)   (35.2840,0.0000)   (12.1183,0.0000) 
  can.orb. [Down] 7   (0.0000,0.0000)   (-0.5921,-0.0000)   (-0.0000,0.0000)   (8.5328,-0.0000)   (7.1110,0.0000)   (14.3611,-0.0000) 
  can.orb. [Down] 8   (0.0000,0.0000)   (0.4845,-0.0000)   (0.0000,-0.0000)   (14.9350,0.0000)   (5.4409,0.0000)   (6.4441,-0.0000) 
  can.orb. [Down] 9   (-0.0000,-0.0000)   (-0.0187,0.0000)   (-0.0000,0.0000)   (7.5457,0.0000)   (23.8634,-0.0000)   (8.8983,0.0000) 
  can.orb. [Down] 10   (0.0000,-0.0000)   (0.1077,0.0000)   (0.0000,0.0000)   (9.1151,-0.0000)   (9.5472,0.0000)   (13.1299,0.0000) 
  can.orb. [Down] 11   (-0.0000,-0.0000)   (-0.4142,-0.0000)   (-0.0000,0.0000)   (2.8268,0.0000)   (7.4395,-0.0000)   (6.6886,0.0000) 
  can.orb. [Down] 12   (0.0000,0.0000)   (-0.0103,0.0000)   (0.0000,-0.0000)   (2.9165,0.0000)   (7.9218,0.0000)   (4.0971,-0.0000) 
  can.orb. [Down] 13   (-0.0000,-0.0000)   (0.4137,-0.0000)   (-0.0000,-0.0000)   (5.7300,-0.0000)   (6.3735,-0.0000)   (2.5240,0.0000) 
  can.orb. [Down] 14   (0.0000,0.0000)   (-0.6718,0.0000)   (0.0000,-0.0000)   (6.1536,0.0000)   (4.3326,-0.0000)   (8.3396,-0.0000) 
  can.orb. [Down] 15   (0.0000,0.0000)   (0.5449,-0.0000)   (-0.0000,0.0000)   (8.2001,-0.0000)   (3.4023,-0.0000)   (4.5345,0.0000) 
  can.orb. [Down] 16   (-0.0000,0.0000)   (-0.0192,-0.0000)   (-0.0000,0.0000)   (4.5625,-0.0000)   (13.6848,-0.0000)   (5.6917,0.0000) 
  can.orb. [Down] 17   (0.0000,-0.0000)   (0.0754,-0.0000)   (0.0000,-0.0000)   (7.0036,-0.0000)   (6.8108,-0.0000)   (7.3580,0.0000) 
  can.orb. [Down] 18   (0.0000,-0.0000)   (-0.0146,0.0000)   (-0.0000,-0.0000)   (4.1951,0.0000)   (7.6755,-0.0000)   (4.2402,-0.0000) 
  can.orb. [Down] 19   (-0.0000,0.0000)   (-0.7617,-0.0000)   (-0.0000,-0.0000)   (2.1070,-0.0000)   (1.3759,0.0000)   (4.7019,-0.0000) 



Orbital symmetry properties for SCF:
                          Inversion           Rot180X           Rot180Y           Rot180Z            ReflXY            ReflXZ            ReflYZ
  can.orb. [ Up ] 0   (0.6528,-0.0000)   (0.6528,-0.0000)   (0.6528,0.0000)   (1.0000,0.0000)   (0.6528,-0.0000)   (1.0000,0.0000)   (1.0000,-0.0000) 
  can.orb. [ Up ] 1   (0.7356,0.0000)   (0.7356,-0.0000)   (0.7356,0.0000)   (1.0000,-0.0000)   (0.7356,0.0000)   (1.0000,-0.0000)   (1.0000,0.0000) 
  can.orb. [ Up ] 2   (-0.9774,-0.0000)   (-0.9774,-0.0000)   (0.9774,0.0000)   (-1.0000,0.0000)   (0.9774,0.0000)   (-1.0000,0.0000)   (1.0000,-0.0000) 
  can.orb. [ Up ] 3   (-0.6966,-0.0000)   (-0.6795,0.0000)   (-0.6966,0.0000)   (0.9827,-0.0000)   (-0.6795,0.0000)   (1.0000,-0.0000)   (0.9827,-0.0000) 
  can.orb. [ Up ] 4   (-0.9887,0.0000)   (0.9763,0.0000)   (-0.9887,0.0000)   (-0.9827,-0.0000)   (0.9763,-0.0000)   (1.0000,0.0000)   (-0.9827,-0.0000) 
  can.orb. [ Up ] 5   (0.9203,0.0000)   (0.9219,-0.0000)   (0.9203,-0.0000)   (0.9984,0.0000)   (0.9219,-0.0000)   (1.0000,-0.0000)   (0.9984,0.0000) 
  can.orb. [ Up ] 6   (-0.9433,-0.0000)   (-0.9448,-0.0000)   (0.9433,0.0000)   (-0.9985,-0.0000)   (0.9448,0.0000)   (-1.0000,0.0000)   (0.9985,0.0000) 
  can.orb. [ Up ] 7   (-0.6015,-0.0000)   (-0.3794,0.0000)   (-0.6015,0.0000)   (0.7625,-0.0000)   (-0.3794,-0.0000)   (1.0000,-0.0000)   (0.7625,-0.0000) 
  can.orb. [ Up ] 8   (-0.8124,0.0000)   (0.8200,0.0000)   (-0.8124,0.0000)   (-0.7307,0.0000)   (0.8200,0.0000)   (1.0000,0.0000)   (-0.7307,0.0000) 
  can.orb. [ Up ] 9   (-0.8439,-0.0000)   (-0.8468,0.0000)   (0.8439,0.0000)   (-0.9971,-0.0000)   (0.8468,-0.0000)   (-1.0000,-0.0000)   (0.9971,0.0000) 
  can.orb. [ Up ] 10   (0.5444,-0.0000)   (0.5747,0.0000)   (0.5444,-0.0000)   (0.9685,-0.0000)   (0.5747,-0.0000)   (1.0000,-0.0000)   (0.9685,-0.0000) 
  can.orb. [ Up ] 11   (0.5227,0.0000)   (0.4286,0.0000)   (-0.5227,-0.0000)   (-0.8943,0.0000)   (-0.4286,-0.0000)   (-1.0000,-0.0000)   (0.8943,-0.0000) 
  can.orb. [ Up ] 12   (0.9147,0.0000)   (0.9148,0.0000)   (0.9147,0.0000)   (0.9993,0.0000)   (0.9148,0.0000)   (1.0000,0.0000)   (0.9993,0.0000) 
  can.orb. [ Up ] 13   (0.8853,-0.0000)   (-0.8227,-0.0000)   (-0.8853,0.0000)   (0.8927,-0.0000)   (0.8227,0.0000)   (-1.0000,-0.0000)   (-0.8927,0.0000) 
  can.orb. [ Up ] 14   (-0.1864,0.0000)   (-0.1583,0.0000)   (-0.1864,0.0000)   (0.8614,-0.0000)   (-0.1583,0.0000)   (1.0000,-0.0000)   (0.8614,-0.0000) 
  can.orb. [ Up ] 15   (-0.3225,0.0000)   (0.3113,-0.0000)   (-0.3225,-0.0000)   (-0.8387,-0.0000)   (0.3113,-0.0000)   (1.0000,-0.0000)   (-0.8387,-0.0000) 
  can.orb. [ Up ] 16   (-0.6279,0.0000)   (-0.6287,0.0000)   (0.6279,-0.0000)   (-0.9986,-0.0000)   (0.6287,-0.0000)   (-1.0000,-0.0000)   (0.9986,0.0000) 
  can.orb. [ Up ] 17   (0.8135,0.0000)   (0.8277,0.0000)   (0.8135,0.0000)   (0.9768,-0.0000)   (0.8277,0.0000)   (1.0000,-0.0000)   (0.9768,-0.0000) 
  can.orb. [ Up ] 18   (-0.6440,0.0000)   (-0.6446,0.0000)   (0.6440,-0.0000)   (-0.9993,0.0000)   (0.6446,-0.0000)   (-1.0000,-0.0000)   (0.9993,-0.0000) 
  can.orb. [ Up ] 19   (0.2722,-0.0000)   (0.2046,-0.0000)   (0.2722,-0.0000)   (0.8691,0.0000)   (0.2046,0.0000)   (1.0000,0.0000)   (0.8691,-0.0000) 



Orbital properties for SCF:
                           Lcoord_x          Lcoord_y          Lcoord_z               x^2               y^2               z^2
  can.orb. [ Up ] 0   (-0.0000,0.0000)   (-0.0000,0.0000)   (0.0000,-0.0000)   (0.0179,0.0000)   (0.0179,0.0000)   (0.0314,0.0000) 
  can.orb. [ Up ] 1   (0.0000,0.0000)   (-0.0027,0.0000)   (-0.0000,-0.0000)   (0.3500,0.0000)   (0.4928,-0.0000)   (0.4221,-0.0000) 
  can.orb. [ Up ] 2   (-0.0000,-0.0000)   (-0.0005,-0.0000)   (0.0000,0.0000)   (0.2615,-0.0000)   (0.9040,0.0000)   (0.3031,-0.0000) 
  can.orb. [ Up ] 3   (0.0000,0.0000)   (-0.1704,-0.0000)   (-0.0000,-0.0000)   (0.4696,-0.0000)   (0.4734,-0.0000)   (1.1409,-0.0000) 
  can.orb. [ Up ] 4   (-0.0000,0.0000)   (0.1719,-0.0000)   (-0.0000,-0.0000)   (1.2545,0.0000)   (0.4456,0.0000)   (0.4399,0.0000) 
  can.orb. [ Up ] 5   (0.0000,0.0000)   (-0.0109,0.0000)   (-0.0000,-0.0000)   (14.0546,0.0000)   (15.0465,-0.0000)   (14.7780,-0.0000) 
  can.orb. [ Up ] 6   (-0.0000,0.0000)   (-0.0099,-0.0000)   (0.0000,-0.0000)   (11.5952,-0.0000)   (35.2840,0.0000)   (12.1183,-0.0000) 
  can.orb. [ Up ] 7   (0.0000,0.0000)   (-0.5921,-0.0000)   (-0.0000,0.0000)   (8.5328,-0.0000)   (7.1110,-0.0000)   (14.3611,-0.0000) 
  can.orb. [ Up ] 8   (0.0000,0.0000)   (0.4845,0.0000)   (0.0000,-0.0000)   (14.9350,-0.0000)   (5.4409,-0.0000)   (6.4441,0.0000) 
  can.orb. [ Up ] 9   (0.0000,0.0000)   (-0.0187,0.0000)   (-0.0000,-0.0000)   (7.5457,-0.0000)   (23.8634,0.0000)   (8.8983,0.0000) 
  can.orb. [ Up ] 10   (-0.0000,0.0000)   (0.1077,-0.0000)   (0.0000,-0.0000)   (9.1151,-0.0000)   (9.5472,0.0000)   (13.1299,0.0000) 
  can.orb. [ Up ] 11   (-0.0000,-0.0000)   (-0.4142,-0.0000)   (-0.0000,0.0000)   (2.8268,-0.0000)   (7.4395,0.0000)   (6.6886,0.0000) 
  can.orb. [ Up ] 12   (0.0000,0.0000)   (-0.0103,0.0000)   (0.0000,0.0000)   (2.9165,-0.0000)   (7.9218,-0.0000)   (4.0971,-0.0000) 
  can.orb. [ Up ] 13   (0.0000,-0.0000)   (0.4137,0.0000)   (-0.0000,-0.0000)   (5.7300,-0.0000)   (6.3735,-0.0000)   (2.5240,-0.0000) 
  can.orb. [ Up ] 14   (0.0000,-0.0000)   (-0.6718,0.0000)   (0.0000,-0.0000)   (6.1536,0.0000)   (4.3326,0.0000)   (8.3396,-0.0000) 
  can.orb. [ Up ] 15   (0.0000,0.0000)   (0.5449,-0.0000)   (-0.0000,-0.0000)   (8.2001,-0.0000)   (3.4023,0.0000)   (4.5345,-0.0000) 
  can.orb. [ Up ] 16   (0.0000,0.0000)   (-0.0192,-0.0000)   (-0.0000,-0.0000)   (4.5625,-0.0000)   (13.6848,-0.0000)   (5.6917,0.0000) 
  can.orb. [ Up ] 17   (0.0000,-0.0000)   (0.0754,-0.0000)   (0.0000,0.0000)   (7.0036,0.0000)   (6.8108,0.0000)   (7.3580,0.0000) 
  can.orb. [ Up ] 18   (-0.0000,0.0000)   (-0.0146,0.0000)   (-0.0000,-0.0000)   (4.1951,-0.0000)   (7.6755,-0.0000)   (4.2402,-0.0000) 
  can.orb. [ Up ] 19   (-0.0000,-0.0000)   (-0.7617,-0.0000)   (0.0000,-0.0000)   (2.1070,0.0000)   (1.3759,-0.0000)   (4.7019,-0.0000) 


RSP: done run scf2
Number of alpha MOs = 5
Number of beta  MOs = 5


RSP: Hartree-Fock orbitals have been obtained. 
RSP: Hartree-Fock final energy = -74.60073992274208
Entering response module
No. of electrons: (9.999999999999638,1.372493511111102e-14)
DevINFO: screened away 360 out of 231601 symmetry unique quadruples ABCD.
Recomputed final SCF electronic energy (-91.96644194711263,2.194563744122557e-14) (-49.0579003455812,2.168480550815115e-14) (42.90854160153143,-2.608319330744264e-16)
unit_vectors():   MO Single-transition excitations in total.
Constructing start guesses for RPA-solver using the 100 lowest ones.
(No spin mixing allowed for UHF excitation operator)
(spin down)5 <- 4 : 0.6104438625217111
(spin down)6 <- 4 : 0.6300129130275813
(spin down)5 <- 3 : 0.7100888200207432
(spin down)7 <- 4 : 0.7214934690509692
(spin down)6 <- 3 : 0.7296578705266135
(spin down)8 <- 4 : 0.7449847706550012
(spin down)9 <- 4 : 0.7822922149269382
(spin down)10 <- 4 : 0.7854079454979523
(spin down)7 <- 3 : 0.8211384265500014
(spin down)8 <- 3 : 0.8446297281540334
(spin down)9 <- 3 : 0.8819371724259704
(spin down)10 <- 3 : 0.8850529029969845
(spin down)11 <- 4 : 0.9405111304395531
(spin down)12 <- 4 : 0.9662374589667908
(spin down)13 <- 4 : 0.9870216804083203
(spin down)14 <- 4 : 1.022672416782915
(spin down)11 <- 3 : 1.040156087938585
(spin down)12 <- 3 : 1.065882416465823
(spin down)15 <- 4 : 1.080450319885038
(spin down)5 <- 2 : 1.083962377138477
(spin down)13 <- 3 : 1.086666637907352
(spin down)6 <- 2 : 1.103531427644347
(spin down)14 <- 3 : 1.122317374281947
(spin down)16 <- 4 : 1.133531620242104
(spin down)17 <- 4 : 1.155724089664652
(spin down)15 <- 3 : 1.18009527738407
(spin down)7 <- 2 : 1.195011983667735
(spin down)18 <- 4 : 1.202671522071686
(spin down)8 <- 2 : 1.218503285271767
(spin down)16 <- 3 : 1.233176577741136
(spin down)17 <- 3 : 1.255369047163684
(spin down)9 <- 2 : 1.255810729543704
(spin down)10 <- 2 : 1.258926460114718
(spin down)18 <- 3 : 1.302316479570718
(spin down)11 <- 2 : 1.414029645056319
(spin down)12 <- 2 : 1.439755973583556
(spin down)13 <- 2 : 1.460540195025086
(spin down)14 <- 2 : 1.49619093139968
(spin down)19 <- 4 : 1.543590286781376
(spin down)15 <- 2 : 1.553968834501804
(spin down)20 <- 4 : 1.601650516113659
(spin down)16 <- 2 : 1.607050134858869
(spin down)17 <- 2 : 1.629242604281418
(spin down)19 <- 3 : 1.643235244280408
(spin down)18 <- 2 : 1.676190036688451
(spin down)20 <- 3 : 1.701295473612691
(spin down)21 <- 4 : 1.707434179352472
(spin down)22 <- 4 : 1.713472486668512
(spin down)5 <- 1 : 1.766128488238593
(spin down)23 <- 4 : 1.776114351346709
(spin down)24 <- 4 : 1.7822700254709
(spin down)6 <- 1 : 1.785697538744463
(spin down)21 <- 3 : 1.807079136851504
(spin down)22 <- 3 : 1.813117444167544
(spin down)23 <- 3 : 1.875759308845741
(spin down)7 <- 1 : 1.877178094767851
(spin down)24 <- 3 : 1.881914982969932
(spin down)25 <- 4 : 1.898167989149384
(spin down)8 <- 1 : 1.900669396371883
(spin down)9 <- 1 : 1.93797684064382
(spin down)10 <- 1 : 1.941092571214834
(spin down)26 <- 4 : 1.967830935184266
(spin down)25 <- 3 : 1.997812946648416
(spin down)19 <- 2 : 2.017108801398141
(spin down)26 <- 3 : 2.067475892683298
(spin down)20 <- 2 : 2.075169030730425
(spin down)27 <- 4 : 2.085343382134421
(spin down)11 <- 1 : 2.096195756156435
(spin down)12 <- 1 : 2.121922084683673
(spin down)13 <- 1 : 2.142706306125202
(spin down)14 <- 1 : 2.178357042499796
(spin down)21 <- 2 : 2.180952693969238
(spin down)27 <- 3 : 2.184988339633454
(spin down)22 <- 2 : 2.186991001285278
(spin down)15 <- 1 : 2.23613494560192
(spin down)23 <- 2 : 2.249632865963474
(spin down)24 <- 2 : 2.255788540087665
(spin down)16 <- 1 : 2.289216245958985
(spin down)17 <- 1 : 2.311408715381534
(spin down)18 <- 1 : 2.358356147788567
(spin down)25 <- 2 : 2.37168650376615
(spin down)26 <- 2 : 2.441349449801032
(spin down)28 <- 4 : 2.516895623754078
(spin down)27 <- 2 : 2.558861896751186
(spin down)28 <- 3 : 2.61654058125311
(spin down)29 <- 4 : 2.642558871073874
(spin down)19 <- 1 : 2.699274912498257
(spin down)29 <- 3 : 2.742203828572906
(spin down)20 <- 1 : 2.757335141830541
(spin down)21 <- 1 : 2.863118805069353
(spin down)22 <- 1 : 2.869157112385394
(spin down)23 <- 1 : 2.931798977063591
(spin down)24 <- 1 : 2.937954651187781
(spin down)28 <- 2 : 2.990414138370843
(spin down)30 <- 4 : 3.006820429491128
(spin down)25 <- 1 : 3.053852614866265
(spin down)30 <- 3 : 3.10646538699016
(spin down)29 <- 2 : 3.116077385690639
(spin down)26 <- 1 : 3.123515560901148
(spin down)31 <- 4 : 3.19565663066671
(spin up)5 <- 4 : 0.6104438625230353
(spin up)6 <- 4 : 0.6300129130281577
(spin up)5 <- 3 : 0.7100888200207561
(spin up)7 <- 4 : 0.7214934690519434
(spin up)6 <- 3 : 0.7296578705258785
(spin up)8 <- 4 : 0.7449847706556052
(spin up)9 <- 4 : 0.7822922149273948
(spin up)10 <- 4 : 0.7854079454978787
(spin up)7 <- 3 : 0.8211384265496643
(spin up)8 <- 3 : 0.844629728153326
(spin up)9 <- 3 : 0.8819371724251156
(spin up)10 <- 3 : 0.8850529029955996
(spin up)11 <- 4 : 0.9405111304397661
(spin up)12 <- 4 : 0.9662374589672891
(spin up)13 <- 4 : 0.9870216804088618
(spin up)14 <- 4 : 1.022672416783773
(spin up)11 <- 3 : 1.040156087937487
(spin up)12 <- 3 : 1.06588241646501
(spin up)15 <- 4 : 1.080450319885504
(spin up)5 <- 2 : 1.083962377136238
(spin up)13 <- 3 : 1.086666637906583
(spin up)6 <- 2 : 1.10353142764136
(spin up)14 <- 3 : 1.122317374281494
(spin up)16 <- 4 : 1.13353162024142
(spin up)17 <- 4 : 1.155724089664541
(spin up)15 <- 3 : 1.180095277383225
(spin up)7 <- 2 : 1.195011983665146
(spin up)18 <- 4 : 1.202671522066505
(spin up)8 <- 2 : 1.218503285268808
(spin up)16 <- 3 : 1.23317657773914
(spin up)17 <- 3 : 1.255369047162262
(spin up)9 <- 2 : 1.255810729540598
(spin up)10 <- 2 : 1.258926460111082
(spin up)18 <- 3 : 1.302316479564225
(spin up)11 <- 2 : 1.414029645052969
(spin up)12 <- 2 : 1.439755973580492
(spin up)13 <- 2 : 1.460540195022065
(spin up)14 <- 2 : 1.496190931396976
(spin up)19 <- 4 : 1.543590286781677
(spin up)15 <- 2 : 1.553968834498707
(spin up)20 <- 4 : 1.601650516114226
(spin up)16 <- 2 : 1.607050134854622
(spin up)17 <- 2 : 1.629242604277744
(spin up)19 <- 3 : 1.643235244279397
(spin up)18 <- 2 : 1.676190036679707
(spin up)20 <- 3 : 1.701295473611947
(spin up)21 <- 4 : 1.707434179352847
(spin up)22 <- 4 : 1.713472486669023
(spin up)5 <- 1 : 1.766128488241655
(spin up)23 <- 4 : 1.776114351347019
(spin up)24 <- 4 : 1.782270025471458
(spin up)6 <- 1 : 1.785697538746778
(spin up)21 <- 3 : 1.807079136850568
(spin up)22 <- 3 : 1.813117444166744
(spin up)23 <- 3 : 1.87575930884474
(spin up)7 <- 1 : 1.877178094770564
(spin up)24 <- 3 : 1.881914982969179
(spin up)25 <- 4 : 1.898167989148647
(spin up)8 <- 1 : 1.900669396374225
(spin up)9 <- 1 : 1.937976840646015
(spin up)10 <- 1 : 1.941092571216499
(spin up)26 <- 4 : 1.96783093518354
(spin up)25 <- 3 : 1.997812946646368
(spin up)19 <- 2 : 2.01710880139488
(spin up)26 <- 3 : 2.067475892681261
(spin up)20 <- 2 : 2.075169030727428
(spin up)27 <- 4 : 2.08534338213485
(spin up)11 <- 1 : 2.096195756158386
(spin up)12 <- 1 : 2.121922084685909
(spin up)13 <- 1 : 2.142706306127482
(spin up)14 <- 1 : 2.178357042502393
(spin up)21 <- 2 : 2.18095269396605
(spin up)27 <- 3 : 2.184988339632571
(spin up)22 <- 2 : 2.186991001282226
(spin up)15 <- 1 : 2.236134945604124
(spin up)23 <- 2 : 2.249632865960222
(spin up)24 <- 2 : 2.255788540084661
(spin up)16 <- 1 : 2.28921624596004
(spin up)17 <- 1 : 2.311408715383162
(spin up)18 <- 1 : 2.358356147785125
(spin up)25 <- 2 : 2.37168650376185
(spin up)26 <- 2 : 2.441349449796743
(spin up)28 <- 4 : 2.516895623754372
(spin up)27 <- 2 : 2.558861896748053
(spin up)28 <- 3 : 2.616540581252092
(spin up)29 <- 4 : 2.642558871074372
(spin up)19 <- 1 : 2.699274912500297
(spin up)29 <- 3 : 2.742203828572093
(spin up)20 <- 1 : 2.757335141832846
(spin up)21 <- 1 : 2.863118805071467
(spin up)22 <- 1 : 2.869157112387643
(spin up)23 <- 1 : 2.93179897706564
(spin up)24 <- 1 : 2.937954651190078
(spin up)28 <- 2 : 2.990414138367575
(spin up)30 <- 4 : 3.006820429491645
(spin up)25 <- 1 : 3.053852614867267
(spin up)30 <- 3 : 3.106465386989365
(spin up)29 <- 2 : 3.116077385687575
(spin up)26 <- 1 : 3.123515560902161
(spin up)31 <- 4 : 3.19565663066709
Made 200 starting vectors 
DevINFO: screened away 1413 out of 231601 symmetry unique quadruples ABCD.
DevINFO: screened away 4082 out of 231601 symmetry unique quadruples ABCD.
DevINFO: screened away 967 out of 231601 symmetry unique quadruples ABCD.
DevINFO: screened away 1395 out of 231601 symmetry unique quadruples ABCD.
DevINFO: screened away 3080 out of 231601 symmetry unique quadruples ABCD.
DevINFO: screened away 1443 out of 231601 symmetry unique quadruples ABCD.
DevINFO: screened away 3382 out of 231601 symmetry unique quadruples ABCD.
DevINFO: screened away 1159 out of 231601 symmetry unique quadruples ABCD.
DevINFO: screened away 895 out of 231601 symmetry unique quadruples ABCD.
DevINFO: screened away 942 out of 231601 symmetry unique quadruples ABCD.
DevINFO: screened away 2467 out of 231601 symmetry unique quadruples ABCD.
DevINFO: screened away 749 out of 231601 symmetry unique quadruples ABCD.
DevINFO: screened away 3802 out of 231601 symmetry unique quadruples ABCD.
DevINFO: screened away 1433 out of 231601 symmetry unique quadruples ABCD.
DevINFO: screened away 4287 out of 231601 symmetry unique quadruples ABCD.
DevINFO: screened away 1231 out of 231601 symmetry unique quadruples ABCD.
DevINFO: screened away 2825 out of 231601 symmetry unique quadruples ABCD.
DevINFO: screened away 910 out of 231601 symmetry unique quadruples ABCD.
DevINFO: screened away 1365 out of 231601 symmetry unique quadruples ABCD.
DevINFO: screened away 3167 out of 231601 symmetry unique quadruples ABCD.
DevINFO: screened away 3217 out of 231601 symmetry unique quadruples ABCD.
DevINFO: screened away 34090 out of 231601 symmetry unique quadruples ABCD.
DevINFO: screened away 777 out of 231601 symmetry unique quadruples ABCD.
DevINFO: screened away 3224 out of 231601 symmetry unique quadruples ABCD.
DevINFO: screened away 1021 out of 231601 symmetry unique quadruples ABCD.
DevINFO: screened away 861 out of 231601 symmetry unique quadruples ABCD.
DevINFO: screened away 3239 out of 231601 symmetry unique quadruples ABCD.
DevINFO: screened away 3724 out of 231601 symmetry unique quadruples ABCD.
DevINFO: screened away 3282 out of 231601 symmetry unique quadruples ABCD.
DevINFO: screened away 2365 out of 231601 symmetry unique quadruples ABCD.
DevINFO: screened away 656 out of 231601 symmetry unique quadruples ABCD.
DevINFO: screened away 30027 out of 231601 symmetry unique quadruples ABCD.
DevINFO: screened away 2876 out of 231601 symmetry unique quadruples ABCD.
DevINFO: screened away 2664 out of 231601 symmetry unique quadruples ABCD.
DevINFO: screened away 32426 out of 231601 symmetry unique quadruples ABCD.
DevINFO: screened away 3216 out of 231601 symmetry unique quadruples ABCD.
DevINFO: screened away 34142 out of 231601 symmetry unique quadruples ABCD.
DevINFO: screened away 3020 out of 231601 symmetry unique quadruples ABCD.
DevINFO: screened away 1090 out of 231601 symmetry unique quadruples ABCD.
DevINFO: screened away 3163 out of 231601 symmetry unique quadruples ABCD.
DevINFO: screened away 1354 out of 231601 symmetry unique quadruples ABCD.
DevINFO: screened away 29576 out of 231601 symmetry unique quadruples ABCD.
DevINFO: screened away 2677 out of 231601 symmetry unique quadruples ABCD.
DevINFO: screened away 692 out of 231601 symmetry unique quadruples ABCD.
DevINFO: screened away 29530 out of 231601 symmetry unique quadruples ABCD.
DevINFO: screened away 850 out of 231601 symmetry unique quadruples ABCD.
DevINFO: screened away 3417 out of 231601 symmetry unique quadruples ABCD.
DevINFO: screened away 1229 out of 231601 symmetry unique quadruples ABCD.
DevINFO: screened away 787 out of 231601 symmetry unique quadruples ABCD.
DevINFO: screened away 1108 out of 231601 symmetry unique quadruples ABCD.
DevINFO: screened away 4031 out of 231601 symmetry unique quadruples ABCD.
DevINFO: screened away 2705 out of 231601 symmetry unique quadruples ABCD.
DevINFO: screened away 2477 out of 231601 symmetry unique quadruples ABCD.
DevINFO: screened away 766 out of 231601 symmetry unique quadruples ABCD.
DevINFO: screened away 648 out of 231601 symmetry unique quadruples ABCD.
DevINFO: screened away 739 out of 231601 symmetry unique quadruples ABCD.
DevINFO: screened away 3000 out of 231601 symmetry unique quadruples ABCD.
DevINFO: screened away 3158 out of 231601 symmetry unique quadruples ABCD.
DevINFO: screened away 778 out of 231601 symmetry unique quadruples ABCD.
DevINFO: screened away 2191 out of 231601 symmetry unique quadruples ABCD.
DevINFO: screened away 628 out of 231601 symmetry unique quadruples ABCD.
DevINFO: screened away 874 out of 231601 symmetry unique quadruples ABCD.
DevINFO: screened away 2402 out of 231601 symmetry unique quadruples ABCD.
DevINFO: screened away 2785 out of 231601 symmetry unique quadruples ABCD.
DevINFO: screened away 540 out of 231601 symmetry unique quadruples ABCD.
DevINFO: screened away 3163 out of 231601 symmetry unique quadruples ABCD.
DevINFO: screened away 1441 out of 231601 symmetry unique quadruples ABCD.
DevINFO: screened away 2503 out of 231601 symmetry unique quadruples ABCD.
DevINFO: screened away 782 out of 231601 symmetry unique quadruples ABCD.
DevINFO: screened away 2830 out of 231601 symmetry unique quadruples ABCD.
DevINFO: screened away 598 out of 231601 symmetry unique quadruples ABCD.
DevINFO: screened away 29951 out of 231601 symmetry unique quadruples ABCD.
DevINFO: screened away 835 out of 231601 symmetry unique quadruples ABCD.
DevINFO: screened away 2990 out of 231601 symmetry unique quadruples ABCD.
DevINFO: screened away 699 out of 231601 symmetry unique quadruples ABCD.
DevINFO: screened away 3334 out of 231601 symmetry unique quadruples ABCD.
DevINFO: screened away 33814 out of 231601 symmetry unique quadruples ABCD.
DevINFO: screened away 1988 out of 231601 symmetry unique quadruples ABCD.
DevINFO: screened away 520 out of 231601 symmetry unique quadruples ABCD.
DevINFO: screened away 2363 out of 231601 symmetry unique quadruples ABCD.
DevINFO: screened away 30162 out of 231601 symmetry unique quadruples ABCD.
DevINFO: screened away 2556 out of 231601 symmetry unique quadruples ABCD.
DevINFO: screened away 1132 out of 231601 symmetry unique quadruples ABCD.
DevINFO: screened away 3381 out of 231601 symmetry unique quadruples ABCD.
DevINFO: screened away 661 out of 231601 symmetry unique quadruples ABCD.
DevINFO: screened away 3390 out of 231601 symmetry unique quadruples ABCD.
DevINFO: screened away 524 out of 231601 symmetry unique quadruples ABCD.
DevINFO: screened away 2664 out of 231601 symmetry unique quadruples ABCD.
DevINFO: screened away 662 out of 231601 symmetry unique quadruples ABCD.
DevINFO: screened away 2071 out of 231601 symmetry unique quadruples ABCD.
DevINFO: screened away 601 out of 231601 symmetry unique quadruples ABCD.
DevINFO: screened away 483 out of 231601 symmetry unique quadruples ABCD.
DevINFO: screened away 2668 out of 231601 symmetry unique quadruples ABCD.
DevINFO: screened away 3153 out of 231601 symmetry unique quadruples ABCD.
DevINFO: screened away 4307 out of 231601 symmetry unique quadruples ABCD.
DevINFO: screened away 2101 out of 231601 symmetry unique quadruples ABCD.
DevINFO: screened away 3387 out of 231601 symmetry unique quadruples ABCD.
DevINFO: screened away 33099 out of 231601 symmetry unique quadruples ABCD.
DevINFO: screened away 458 out of 231601 symmetry unique quadruples ABCD.
DevINFO: screened away 1148 out of 231601 symmetry unique quadruples ABCD.
DevINFO: screened away 1413 out of 231601 symmetry unique quadruples ABCD.
DevINFO: screened away 4141 out of 231601 symmetry unique quadruples ABCD.
DevINFO: screened away 967 out of 231601 symmetry unique quadruples ABCD.
DevINFO: screened away 1395 out of 231601 symmetry unique quadruples ABCD.
DevINFO: screened away 3155 out of 231601 symmetry unique quadruples ABCD.
DevINFO: screened away 1443 out of 231601 symmetry unique quadruples ABCD.
DevINFO: screened away 3500 out of 231601 symmetry unique quadruples ABCD.
DevINFO: screened away 1159 out of 231601 symmetry unique quadruples ABCD.
DevINFO: screened away 895 out of 231601 symmetry unique quadruples ABCD.
DevINFO: screened away 942 out of 231601 symmetry unique quadruples ABCD.
DevINFO: screened away 2621 out of 231601 symmetry unique quadruples ABCD.
DevINFO: screened away 749 out of 231601 symmetry unique quadruples ABCD.
DevINFO: screened away 3805 out of 231601 symmetry unique quadruples ABCD.
DevINFO: screened away 1433 out of 231601 symmetry unique quadruples ABCD.
DevINFO: screened away 4354 out of 231601 symmetry unique quadruples ABCD.
DevINFO: screened away 1231 out of 231601 symmetry unique quadruples ABCD.
DevINFO: screened away 2831 out of 231601 symmetry unique quadruples ABCD.
DevINFO: screened away 910 out of 231601 symmetry unique quadruples ABCD.
DevINFO: screened away 1365 out of 231601 symmetry unique quadruples ABCD.
DevINFO: screened away 3294 out of 231601 symmetry unique quadruples ABCD.
DevINFO: screened away 3293 out of 231601 symmetry unique quadruples ABCD.
DevINFO: screened away 35506 out of 231601 symmetry unique quadruples ABCD.
DevINFO: screened away 777 out of 231601 symmetry unique quadruples ABCD.
DevINFO: screened away 3263 out of 231601 symmetry unique quadruples ABCD.
DevINFO: screened away 1021 out of 231601 symmetry unique quadruples ABCD.
DevINFO: screened away 861 out of 231601 symmetry unique quadruples ABCD.
DevINFO: screened away 3323 out of 231601 symmetry unique quadruples ABCD.
DevINFO: screened away 3624 out of 231601 symmetry unique quadruples ABCD.
DevINFO: screened away 3382 out of 231601 symmetry unique quadruples ABCD.
DevINFO: screened away 2412 out of 231601 symmetry unique quadruples ABCD.
DevINFO: screened away 656 out of 231601 symmetry unique quadruples ABCD.
DevINFO: screened away 32013 out of 231601 symmetry unique quadruples ABCD.
DevINFO: screened away 2980 out of 231601 symmetry unique quadruples ABCD.
DevINFO: screened away 2515 out of 231601 symmetry unique quadruples ABCD.
DevINFO: screened away 33148 out of 231601 symmetry unique quadruples ABCD.
DevINFO: screened away 3336 out of 231601 symmetry unique quadruples ABCD.
DevINFO: screened away 35836 out of 231601 symmetry unique quadruples ABCD.
DevINFO: screened away 3144 out of 231601 symmetry unique quadruples ABCD.
DevINFO: screened away 1090 out of 231601 symmetry unique quadruples ABCD.
DevINFO: screened away 3286 out of 231601 symmetry unique quadruples ABCD.
DevINFO: screened away 1354 out of 231601 symmetry unique quadruples ABCD.
DevINFO: screened away 30758 out of 231601 symmetry unique quadruples ABCD.
DevINFO: screened away 2787 out of 231601 symmetry unique quadruples ABCD.
DevINFO: screened away 692 out of 231601 symmetry unique quadruples ABCD.
DevINFO: screened away 28897 out of 231601 symmetry unique quadruples ABCD.
DevINFO: screened away 850 out of 231601 symmetry unique quadruples ABCD.
DevINFO: screened away 3502 out of 231601 symmetry unique quadruples ABCD.
DevINFO: screened away 1229 out of 231601 symmetry unique quadruples ABCD.
DevINFO: screened away 787 out of 231601 symmetry unique quadruples ABCD.
DevINFO: screened away 1108 out of 231601 symmetry unique quadruples ABCD.
DevINFO: screened away 4124 out of 231601 symmetry unique quadruples ABCD.
DevINFO: screened away 2786 out of 231601 symmetry unique quadruples ABCD.
DevINFO: screened away 2536 out of 231601 symmetry unique quadruples ABCD.
DevINFO: screened away 766 out of 231601 symmetry unique quadruples ABCD.
DevINFO: screened away 648 out of 231601 symmetry unique quadruples ABCD.
DevINFO: screened away 739 out of 231601 symmetry unique quadruples ABCD.
DevINFO: screened away 3124 out of 231601 symmetry unique quadruples ABCD.
DevINFO: screened away 3060 out of 231601 symmetry unique quadruples ABCD.
DevINFO: screened away 778 out of 231601 symmetry unique quadruples ABCD.
DevINFO: screened away 2345 out of 231601 symmetry unique quadruples ABCD.
DevINFO: screened away 628 out of 231601 symmetry unique quadruples ABCD.
DevINFO: screened away 874 out of 231601 symmetry unique quadruples ABCD.
DevINFO: screened away 2289 out of 231601 symmetry unique quadruples ABCD.
DevINFO: screened away 2912 out of 231601 symmetry unique quadruples ABCD.
DevINFO: screened away 540 out of 231601 symmetry unique quadruples ABCD.
DevINFO: screened away 3264 out of 231601 symmetry unique quadruples ABCD.
DevINFO: screened away 1441 out of 231601 symmetry unique quadruples ABCD.
DevINFO: screened away 2513 out of 231601 symmetry unique quadruples ABCD.
DevINFO: screened away 782 out of 231601 symmetry unique quadruples ABCD.
DevINFO: screened away 2953 out of 231601 symmetry unique quadruples ABCD.
DevINFO: screened away 598 out of 231601 symmetry unique quadruples ABCD.
DevINFO: screened away 31196 out of 231601 symmetry unique quadruples ABCD.
DevINFO: screened away 835 out of 231601 symmetry unique quadruples ABCD.
DevINFO: screened away 3108 out of 231601 symmetry unique quadruples ABCD.
DevINFO: screened away 699 out of 231601 symmetry unique quadruples ABCD.
DevINFO: screened away 3426 out of 231601 symmetry unique quadruples ABCD.
DevINFO: screened away 35698 out of 231601 symmetry unique quadruples ABCD.
DevINFO: screened away 2079 out of 231601 symmetry unique quadruples ABCD.
DevINFO: screened away 520 out of 231601 symmetry unique quadruples ABCD.
DevINFO: screened away 2205 out of 231601 symmetry unique quadruples ABCD.
DevINFO: screened away 30537 out of 231601 symmetry unique quadruples ABCD.
DevINFO: screened away 2683 out of 231601 symmetry unique quadruples ABCD.
DevINFO: screened away 1132 out of 231601 symmetry unique quadruples ABCD.
DevINFO: screened away 3472 out of 231601 symmetry unique quadruples ABCD.
DevINFO: screened away 661 out of 231601 symmetry unique quadruples ABCD.
DevINFO: screened away 3329 out of 231601 symmetry unique quadruples ABCD.
DevINFO: screened away 524 out of 231601 symmetry unique quadruples ABCD.
DevINFO: screened away 2561 out of 231601 symmetry unique quadruples ABCD.
DevINFO: screened away 662 out of 231601 symmetry unique quadruples ABCD.
DevINFO: screened away 2155 out of 231601 symmetry unique quadruples ABCD.
DevINFO: screened away 601 out of 231601 symmetry unique quadruples ABCD.
DevINFO: screened away 483 out of 231601 symmetry unique quadruples ABCD.
DevINFO: screened away 2791 out of 231601 symmetry unique quadruples ABCD.
DevINFO: screened away 3246 out of 231601 symmetry unique quadruples ABCD.
DevINFO: screened away 4299 out of 231601 symmetry unique quadruples ABCD.
DevINFO: screened away 1958 out of 231601 symmetry unique quadruples ABCD.
DevINFO: screened away 3366 out of 231601 symmetry unique quadruples ABCD.
DevINFO: screened away 33865 out of 231601 symmetry unique quadruples ABCD.
DevINFO: screened away 458 out of 231601 symmetry unique quadruples ABCD.
DevINFO: screened away 1148 out of 231601 symmetry unique quadruples ABCD.
The Davidson solver is about to start.
-------
Davidson step #0, 400 RPA trial vectors already in subspace.
DevINFO: screened away 527 out of 231601 symmetry unique quadruples ABCD.
DevINFO: screened away 434 out of 231601 symmetry unique quadruples ABCD.
DevINFO: screened away 1124 out of 231601 symmetry unique quadruples ABCD.
DevINFO: screened away 932 out of 231601 symmetry unique quadruples ABCD.
DevINFO: screened away 445 out of 231601 symmetry unique quadruples ABCD.
DevINFO: screened away 385 out of 231601 symmetry unique quadruples ABCD.
-------
Davidson step #1, 412 RPA trial vectors already in subspace.
DevINFO: screened away 133 out of 231601 symmetry unique quadruples ABCD.
DevINFO: screened away 99 out of 231601 symmetry unique quadruples ABCD.
DevINFO: screened away 134 out of 231601 symmetry unique quadruples ABCD.
DevINFO: screened away 134 out of 231601 symmetry unique quadruples ABCD.
DevINFO: screened away 76 out of 231601 symmetry unique quadruples ABCD.
DevINFO: screened away 78 out of 231601 symmetry unique quadruples ABCD.
-------
Davidson step #2, 424 RPA trial vectors already in subspace.
DevINFO: screened away 22 out of 231601 symmetry unique quadruples ABCD.
DevINFO: screened away 94 out of 231601 symmetry unique quadruples ABCD.
DevINFO: screened away 30 out of 231601 symmetry unique quadruples ABCD.
DevINFO: screened away 14 out of 231601 symmetry unique quadruples ABCD.
DevINFO: screened away 79 out of 231601 symmetry unique quadruples ABCD.
DevINFO: screened away 88 out of 231601 symmetry unique quadruples ABCD.
-------
Davidson step #3, 436 RPA trial vectors already in subspace.
DevINFO: screened away 88 out of 231601 symmetry unique quadruples ABCD.
DevINFO: screened away 129 out of 231601 symmetry unique quadruples ABCD.
DevINFO: screened away 96 out of 231601 symmetry unique quadruples ABCD.
DevINFO: screened away 70 out of 231601 symmetry unique quadruples ABCD.
DevINFO: screened away 118 out of 231601 symmetry unique quadruples ABCD.
DevINFO: screened away 125 out of 231601 symmetry unique quadruples ABCD.
-------
Davidson step #4, 448 RPA trial vectors already in subspace.
DevINFO: screened away 104 out of 231601 symmetry unique quadruples ABCD.
DevINFO: screened away 151 out of 231601 symmetry unique quadruples ABCD.
DevINFO: screened away 192 out of 231601 symmetry unique quadruples ABCD.
DevINFO: screened away 96 out of 231601 symmetry unique quadruples ABCD.
DevINFO: screened away 110 out of 231601 symmetry unique quadruples ABCD.
DevINFO: screened away 108 out of 231601 symmetry unique quadruples ABCD.
-------
Davidson step #5, 460 RPA trial vectors already in subspace.
DevINFO: screened away 68 out of 231601 symmetry unique quadruples ABCD.
DevINFO: screened away 61 out of 231601 symmetry unique quadruples ABCD.
DevINFO: screened away 171 out of 231601 symmetry unique quadruples ABCD.
DevINFO: screened away 118 out of 231601 symmetry unique quadruples ABCD.
DevINFO: screened away 91 out of 231601 symmetry unique quadruples ABCD.
DevINFO: screened away 108 out of 231601 symmetry unique quadruples ABCD.
-------
Davidson step #6, 472 RPA trial vectors already in subspace.
DevINFO: screened away 109 out of 231601 symmetry unique quadruples ABCD.
DevINFO: screened away 61 out of 231601 symmetry unique quadruples ABCD.
DevINFO: screened away 185 out of 231601 symmetry unique quadruples ABCD.
DevINFO: screened away 172 out of 231601 symmetry unique quadruples ABCD.
DevINFO: screened away 109 out of 231601 symmetry unique quadruples ABCD.
DevINFO: screened away 167 out of 231601 symmetry unique quadruples ABCD.
-------
Davidson step #7, 484 RPA trial vectors already in subspace.
DevINFO: screened away 92 out of 231601 symmetry unique quadruples ABCD.
DevINFO: screened away 102 out of 231601 symmetry unique quadruples ABCD.
DevINFO: screened away 28 out of 231601 symmetry unique quadruples ABCD.
DevINFO: screened away 72 out of 231601 symmetry unique quadruples ABCD.
DevINFO: screened away 125 out of 231601 symmetry unique quadruples ABCD.
DevINFO: screened away 124 out of 231601 symmetry unique quadruples ABCD.
-------
Davidson step #8, 496 RPA trial vectors already in subspace.
DevINFO: screened away 30 out of 231601 symmetry unique quadruples ABCD.
DevINFO: screened away 74 out of 231601 symmetry unique quadruples ABCD.
DevINFO: screened away 18 out of 231601 symmetry unique quadruples ABCD.
DevINFO: screened away 18 out of 231601 symmetry unique quadruples ABCD.
DevINFO: screened away 109 out of 231601 symmetry unique quadruples ABCD.
DevINFO: screened away 172 out of 231601 symmetry unique quadruples ABCD.
-------
Davidson step #9, 508 RPA trial vectors already in subspace.
DevINFO: screened away 220 out of 231601 symmetry unique quadruples ABCD.
DevINFO: screened away 154 out of 231601 symmetry unique quadruples ABCD.
DevINFO: screened away 135 out of 231601 symmetry unique quadruples ABCD.
DevINFO: screened away 116 out of 231601 symmetry unique quadruples ABCD.
DevINFO: screened away 112 out of 231601 symmetry unique quadruples ABCD.
DevINFO: screened away 209 out of 231601 symmetry unique quadruples ABCD.
-------
Davidson step #10, 520 RPA trial vectors already in subspace.
DevINFO: screened away 82 out of 231601 symmetry unique quadruples ABCD.
DevINFO: screened away 104 out of 231601 symmetry unique quadruples ABCD.
DevINFO: screened away 64 out of 231601 symmetry unique quadruples ABCD.
DevINFO: screened away 102 out of 231601 symmetry unique quadruples ABCD.
DevINFO: screened away 136 out of 231601 symmetry unique quadruples ABCD.
DevINFO: screened away 122 out of 231601 symmetry unique quadruples ABCD.
-------
Davidson step #11, 532 RPA trial vectors already in subspace.
DevINFO: screened away 118 out of 231601 symmetry unique quadruples ABCD.
DevINFO: screened away 184 out of 231601 symmetry unique quadruples ABCD.
DevINFO: screened away 113 out of 231601 symmetry unique quadruples ABCD.
DevINFO: screened away 124 out of 231601 symmetry unique quadruples ABCD.
DevINFO: screened away 193 out of 231601 symmetry unique quadruples ABCD.
DevINFO: screened away 131 out of 231601 symmetry unique quadruples ABCD.
-------
Davidson step #12, 544 RPA trial vectors already in subspace.
DevINFO: screened away 140 out of 231601 symmetry unique quadruples ABCD.
DevINFO: screened away 153 out of 231601 symmetry unique quadruples ABCD.
DevINFO: screened away 165 out of 231601 symmetry unique quadruples ABCD.
DevINFO: screened away 149 out of 231601 symmetry unique quadruples ABCD.
DevINFO: screened away 180 out of 231601 symmetry unique quadruples ABCD.
DevINFO: screened away 151 out of 231601 symmetry unique quadruples ABCD.
-------
Davidson step #13, 556 RPA trial vectors already in subspace.
DevINFO: screened away 149 out of 231601 symmetry unique quadruples ABCD.
DevINFO: screened away 155 out of 231601 symmetry unique quadruples ABCD.
DevINFO: screened away 165 out of 231601 symmetry unique quadruples ABCD.
DevINFO: screened away 169 out of 231601 symmetry unique quadruples ABCD.
DevINFO: screened away 156 out of 231601 symmetry unique quadruples ABCD.
DevINFO: screened away 153 out of 231601 symmetry unique quadruples ABCD.
-------
Davidson step #14, 568 RPA trial vectors already in subspace.
DevINFO: screened away 229 out of 231601 symmetry unique quadruples ABCD.
DevINFO: screened away 171 out of 231601 symmetry unique quadruples ABCD.
DevINFO: screened away 186 out of 231601 symmetry unique quadruples ABCD.
DevINFO: screened away 179 out of 231601 symmetry unique quadruples ABCD.
DevINFO: screened away 202 out of 231601 symmetry unique quadruples ABCD.
DevINFO: screened away 176 out of 231601 symmetry unique quadruples ABCD.
-------
Davidson step #15, 580 RPA trial vectors already in subspace.
DevINFO: screened away 214 out of 231601 symmetry unique quadruples ABCD.
DevINFO: screened away 175 out of 231601 symmetry unique quadruples ABCD.
DevINFO: screened away 176 out of 231601 symmetry unique quadruples ABCD.
DevINFO: screened away 176 out of 231601 symmetry unique quadruples ABCD.
DevINFO: screened away 192 out of 231601 symmetry unique quadruples ABCD.
DevINFO: screened away 186 out of 231601 symmetry unique quadruples ABCD.
-------
Davidson step #16, 592 RPA trial vectors already in subspace.
DevINFO: screened away 201 out of 231601 symmetry unique quadruples ABCD.
DevINFO: screened away 189 out of 231601 symmetry unique quadruples ABCD.
DevINFO: screened away 169 out of 231601 symmetry unique quadruples ABCD.
DevINFO: screened away 157 out of 231601 symmetry unique quadruples ABCD.
DevINFO: screened away 184 out of 231601 symmetry unique quadruples ABCD.
DevINFO: screened away 200 out of 231601 symmetry unique quadruples ABCD.
-------
Davidson step #17, 604 RPA trial vectors already in subspace.
DevINFO: screened away 203 out of 231601 symmetry unique quadruples ABCD.
DevINFO: screened away 177 out of 231601 symmetry unique quadruples ABCD.
DevINFO: screened away 171 out of 231601 symmetry unique quadruples ABCD.
DevINFO: screened away 174 out of 231601 symmetry unique quadruples ABCD.
DevINFO: screened away 218 out of 231601 symmetry unique quadruples ABCD.
DevINFO: screened away 238 out of 231601 symmetry unique quadruples ABCD.
-------
Davidson step #18, 616 RPA trial vectors already in subspace.
DevINFO: screened away 210 out of 231601 symmetry unique quadruples ABCD.
DevINFO: screened away 167 out of 231601 symmetry unique quadruples ABCD.
DevINFO: screened away 206 out of 231601 symmetry unique quadruples ABCD.
DevINFO: screened away 200 out of 231601 symmetry unique quadruples ABCD.
DevINFO: screened away 234 out of 231601 symmetry unique quadruples ABCD.
DevINFO: screened away 242 out of 231601 symmetry unique quadruples ABCD.
-------
Davidson step #19, 628 RPA trial vectors already in subspace.
DevINFO: screened away 191 out of 231601 symmetry unique quadruples ABCD.
DevINFO: screened away 211 out of 231601 symmetry unique quadruples ABCD.
DevINFO: screened away 212 out of 231601 symmetry unique quadruples ABCD.
DevINFO: screened away 178 out of 231601 symmetry unique quadruples ABCD.
DevINFO: screened away 189 out of 231601 symmetry unique quadruples ABCD.
DevINFO: screened away 214 out of 231601 symmetry unique quadruples ABCD.
-------
Davidson step #20, 640 RPA trial vectors already in subspace.
DevINFO: screened away 217 out of 231601 symmetry unique quadruples ABCD.
DevINFO: screened away 200 out of 231601 symmetry unique quadruples ABCD.
DevINFO: screened away 212 out of 231601 symmetry unique quadruples ABCD.
DevINFO: screened away 182 out of 231601 symmetry unique quadruples ABCD.
DevINFO: screened away 193 out of 231601 symmetry unique quadruples ABCD.
DevINFO: screened away 217 out of 231601 symmetry unique quadruples ABCD.
-------
Davidson step #21, 652 RPA trial vectors already in subspace.
DevINFO: screened away 213 out of 231601 symmetry unique quadruples ABCD.
DevINFO: screened away 198 out of 231601 symmetry unique quadruples ABCD.
DevINFO: screened away 211 out of 231601 symmetry unique quadruples ABCD.
DevINFO: screened away 178 out of 231601 symmetry unique quadruples ABCD.
DevINFO: screened away 188 out of 231601 symmetry unique quadruples ABCD.
DevINFO: screened away 207 out of 231601 symmetry unique quadruples ABCD.
-------
Davidson step #22, 664 RPA trial vectors already in subspace.
DevINFO: screened away 187 out of 231601 symmetry unique quadruples ABCD.
DevINFO: screened away 175 out of 231601 symmetry unique quadruples ABCD.
DevINFO: screened away 222 out of 231601 symmetry unique quadruples ABCD.
DevINFO: screened away 179 out of 231601 symmetry unique quadruples ABCD.
DevINFO: screened away 238 out of 231601 symmetry unique quadruples ABCD.
-------
Davidson step #23, 674 RPA trial vectors already in subspace.
DevINFO: screened away 168 out of 231601 symmetry unique quadruples ABCD.
DevINFO: screened away 194 out of 231601 symmetry unique quadruples ABCD.
DevINFO: screened away 263 out of 231601 symmetry unique quadruples ABCD.
-------
Davidson step #24, 680 RPA trial vectors already in subspace.
DevINFO: screened away 219 out of 231601 symmetry unique quadruples ABCD.
DevINFO: screened away 203 out of 231601 symmetry unique quadruples ABCD.
DevINFO: screened away 223 out of 231601 symmetry unique quadruples ABCD.
-------
Davidson step #25, 686 RPA trial vectors already in subspace.
DevINFO: screened away 196 out of 231601 symmetry unique quadruples ABCD.
-------
Davidson step #26, 688 RPA trial vectors already in subspace.
The Davidson solver converged to a solution. 27 iterations and 0 restarts were needed.
==============================================================================================================
The Final eigenvalues from the Davidson method
==============================================================================================================
(RSP) 	 Excitation Energy 	0.3870987332150045	0.4023930359440646	0.4588122139453456	0.4616975261687584	0.4680893259722793	0.4929057620385937	
==============================================================================================================
Root: 0	 with energy 0.3870987332150045
==============================================================================================================
5 Up <-- Up 4 C^2 :  0.3514695406215706 C : (0.5456178569992793,-0.2318850895273011)
5 Down <-- Down 4 C^2 :  0.3514695420127567 C : (-0.5456178581573392,0.2318850898021564)
==============================================================================================================
Root: 1	 with energy 0.4023930359440646
==============================================================================================================
5 Up <-- Up 4 C^2 :  0.3840274629226831 C : (0.5785898488002299,0.2219487548692489)
5 Down <-- Down 4 C^2 :  0.384027471650806 C : (0.578589854935347,0.2219487585383163)
==============================================================================================================
Root: 2	 with energy 0.4588122139453456
==============================================================================================================
6 Up <-- Up 4 C^2 :  0.393633941157926 C : (-0.6238278207721296,-0.06687892933220242)
6 Down <-- Down 4 C^2 :  0.3936339425711114 C : (0.6236573833626242,0.06845006025122316)
==============================================================================================================
Root: 3	 with energy 0.4616975261687584
==============================================================================================================
6 Up <-- Up 4 C^2 :  0.4048438649465678 C : (0.01458055174227424,-0.6361063373819337)
6 Down <-- Down 4 C^2 :  0.4048438656632955 C : (0.01618277650120998,-0.6360675934269935)
==============================================================================================================
Root: 4	 with energy 0.4680893259722793
==============================================================================================================
7 Up <-- Up 4 C^2 :  0.1118135304292716 C : (0.2206158159730751,-0.2512811018994578)
7 Down <-- Down 4 C^2 :  0.1118135298695781 C : (-0.2206158126684504,0.2512811036871199)
8 Up <-- Up 4 C^2 :  0.2516574747509583 C : (0.3309743790960422,-0.3769793563750505)
8 Down <-- Down 4 C^2 :  0.2516574772630082 C : (-0.3309744041067501,0.3769793377483567)
==============================================================================================================
Root: 5	 with energy 0.4929057620385937
==============================================================================================================
7 Up <-- Up 4 C^2 :  0.2590545137836979 C : (-0.4160804931984656,0.2931408142231636)
7 Down <-- Down 4 C^2 :  0.2590545028000697 C : (0.4160804955683934,-0.2931407921249271)
==============================================================================================================
==============================================================================================================
(RSP) Transition Dipole Moment, <1| coordinate |2>  |  Roots  |              Dipole Moment
==============================================================================================================
(RSP) Transition Dipole Moment, <1|x|2>             |    0    |     (9.998933980506468e-07,4.932105624361942e-06)
(RSP) Transition Dipole Moment, <1|x|2>             |    1    |     (-0.1943629704798451,0.5071909181774147)
(RSP) Transition Dipole Moment, <1|x|2>             |    2    |     (3.416058937914218e-07,1.314022877199954e-07)
(RSP) Transition Dipole Moment, <1|x|2>             |    3    |     (6.692923455165768e-07,5.72373899734165e-07)
(RSP) Transition Dipole Moment, <1|x|2>             |    4    |     (1.754057564655856e-07,-5.462584603767753e-07)
(RSP) Transition Dipole Moment, <1|x|2>             |    5    |     (-1.690981318865957e-06,-9.321504559917936e-07)

(RSP) Transition Dipole Moment, <1|y|2>             |    0    |     (-8.466351346650868e-06,1.192141790051987e-05)
(RSP) Transition Dipole Moment, <1|y|2>             |    1    |     (-1.82952222584245e-06,-4.967405354012171e-06)
(RSP) Transition Dipole Moment, <1|y|2>             |    2    |     (3.67935779530642e-06,-2.643818761551049e-06)
(RSP) Transition Dipole Moment, <1|y|2>             |    3    |     (0.0008767909570798219,-0.0269320328806897)
(RSP) Transition Dipole Moment, <1|y|2>             |    4    |     (3.559430992531945e-05,-1.240135896232088e-05)
(RSP) Transition Dipole Moment, <1|y|2>             |    5    |     (9.446121876667659e-06,9.216086015926806e-06)

(RSP) Transition Dipole Moment, <1|z|2>             |    0    |     (2.720214392626801e-06,2.088733536296417e-06)
(RSP) Transition Dipole Moment, <1|z|2>             |    1    |     (-0.01950178287189652,-0.007369242752038249)
(RSP) Transition Dipole Moment, <1|z|2>             |    2    |     (-8.998241109752774e-08,-2.231406762677189e-07)
(RSP) Transition Dipole Moment, <1|z|2>             |    3    |     (-1.599108887751797e-07,-3.27987543219116e-07)
(RSP) Transition Dipole Moment, <1|z|2>             |    4    |     (-1.259963414143504e-06,9.656788162144429e-08)
(RSP) Transition Dipole Moment, <1|z|2>             |    5    |     (9.172078727905015e-07,1.103681512722459e-07)


==============================================================================================================
(RSP) Transition Moment, <1| pi_coordinate |2>      |  Roots  |              Dipole Moment
==============================================================================================================
(RSP) Transition Moment, <1|pi_x|2>                 |    0    |     (1.57328918628495e-05,2.516504478719323e-05)
(RSP) Transition Moment, <1|pi_x|2>                 |    1    |     (0.203814722927766,0.08521421438375203)
(RSP) Transition Moment, <1|pi_x|2>                 |    2    |     (-2.39386376990426e-05,-1.384333782851104e-05)
(RSP) Transition Moment, <1|pi_x|2>                 |    3    |     (-3.01122769721042e-06,-1.929239719417006e-06)
(RSP) Transition Moment, <1|pi_x|2>                 |    4    |     (-2.940406214969894e-05,-1.820269251826935e-06)
(RSP) Transition Moment, <1|pi_x|2>                 |    5    |     (-1.605657054927098e-06,3.611861121013309e-06)

(RSP) Transition Moment, <1|pi_y|2>                 |    0    |     (-0.0002829957408677811,0.0002293997387986208)
(RSP) Transition Moment, <1|pi_y|2>                 |    1    |     (0.0002308132772023179,-0.0003395787449753687)
(RSP) Transition Moment, <1|pi_y|2>                 |    2    |     (-0.0001582656366606406,9.400756227651563e-05)
(RSP) Transition Moment, <1|pi_y|2>                 |    3    |     (-0.01169131203153159,-0.0004139462825940651)
(RSP) Transition Moment, <1|pi_y|2>                 |    4    |     (-7.287881335505256e-05,8.78750631072957e-05)
(RSP) Transition Moment, <1|pi_y|2>                 |    5    |     (-5.988862453069773e-05,0.0002769949903885865)

(RSP) Transition Moment, <1|pi_z|2>                 |    0    |     (4.976705328412646e-06,-3.381207333050394e-06)
(RSP) Transition Moment, <1|pi_z|2>                 |    1    |     (-0.002701310124893027,0.00740958825899863)
(RSP) Transition Moment, <1|pi_z|2>                 |    2    |     (9.176465794497974e-06,-1.820287647476047e-07)
(RSP) Transition Moment, <1|pi_z|2>                 |    3    |     (-1.286274029427966e-05,-5.784848283245964e-06)
(RSP) Transition Moment, <1|pi_z|2>                 |    4    |     (2.184779583156391e-05,6.415961195617155e-05)
(RSP) Transition Moment, <1|pi_z|2>                 |    5    |     (-5.704597415721286e-06,2.050228913699624e-05)


==============================================================================================================
(RSP) Electric Dipole Oscillator Strength
(length gauge):            	6.474539519989345e-11	0.07925914626148541	6.337512295183187e-12	0.0002234933546441978	4.439591969618208e-10	5.873702761492214e-11	
(magnetic-velocity gauge): 	2.301356588878733e-07	0.0809561248387779	5.046998821901107e-08	0.00019761616280569	2.634118655857266e-08	1.092587241305772e-07	
(mixed gauge):             	(-9.063367739877151e-10,-3.518023108154333e-09)	(0.0800665795454583,-0.002402612821862939)	(4.803836953033964e-11,5.610910595562312e-10)	(0.0002101558315135619,-5.983860417530069e-07)	(-1.416483895512213e-09,2.472890827253444e-09)	(-2.120198211151164e-09,-1.322315498160418e-09)	

