
Running the London Hartree-Fock program at /home/sangita.sen/packages/london/london.x.
Founded by Erik Tellgren, Alessandro Soncini and Trygve Helgaker.
Programming by:
  Erik Tellgren (main programmer)
  Kai Kaarvann Lange
  Andrew M. Teale
  Ulf Ekstrom
  Stella Stopkowicz
  Jon H. Austad


Basis file /home/sangita.sen/packages/london/baslib/aug-cc-pVDZ opened for reading.
User input successfully read from file_y3.inp.

london-input{
  analysis{
    analysis-only = no
    xml-print-potential-basis-overlap = no
    xml-print-potential-basis-kinetic = no
    export-operators = no
    # decypher-density-matrix-file = binary-file, plain-text-file
    # density-matrix-binary-to-text = binary-input-file, text-output-file
    # density-matrix-text-to-binary = text-input-file, binary-output-file
    # density-matrix-for-plotting = filename
    # density-plot-data = {filename,(x0,y0,z0),(x1,y1,z1),(x2,y2,z2),(x3,y3,z3),(N1xN2xN3),precision=N,scolon={y/n},fields{rho,grad(rho),jp,j,A,B,rho2nu,rho2omega,tau_p,tau_pi,laplacian(rho),grad(rho)^2,jp^2,tau_tensor}}
    # streamline-data = {filename,(x0,y0,z0),(x1,y1,z1),(x2,y2,z2),(x3,y3,z3),(N1xN2xN3),precision=N,scolon={y/n},fields{rho,grad(rho),jp,j,A,B,rho2nu,rho2omega,tau_p,tau_pi,laplacian(rho),grad(rho)^2,jp^2,tau_tensor}}
    # vortexline-data = {filename,(x0,y0,z0),(x1,y1,z1),(x2,y2,z2),(x3,y3,z3),(N1xN2xN3),precision=N,scolon={y/n},fields{rho,grad(rho),jp,j,A,B,rho2nu,rho2omega,tau_p,tau_pi,laplacian(rho),grad(rho)^2,jp^2,tau_tensor}}
    # current-through-plane = {density_matrix_file,(x0,y0,z0),(x1,y1,z1),(x2,y2,z2),(x3,y3,z3),(N1xN2xN3),precision=N,scolon={y/n},fields{rho,grad(rho),jp,j,A,B,rho2nu,rho2omega,tau_p,tau_pi,laplacian(rho),grad(rho)^2,jp^2,tau_tensor}}
    # linearly-combine-density-matrices = file : 0.6 * infile1, 0.4 * infile2, ...
    # spin-rotate-2c-density-matrix = file : infile, angle_degrees, (ux, uy, uz)
    linear-dependence-tol = 1e-06
    # overlap-for-ci-state-files = file1, file2
  }

  scf{
    spin-symmetry-constraint = Unrestricted Hartree-Fock
    linear-dependence-tol = 1e-10
    uhf-spin-projection = 0
    disable-spin-zeeman-in-fock-matrix = no
    noisy-init-guess = no
    # density-matrix-input-file = 
    # density-matrix-output-file = 
    # density-plot-data = {filename,(x0,y0,z0),(x1,y1,z1),(x2,y2,z2),(x3,y3,z3),(N1xN2xN3),precision=N,scolon={y/n},fields{rho,grad(rho),jp,j,A,B,rho2nu,rho2omega,tau_p,tau_pi,laplacian(rho),grad(rho)^2,jp^2,tau_tensor}}
    # molecular-orbitals-to-plot = (1,2,3,...)
    min-scf-iterations = 0
    max-scf-iterations = 160
    use-density-fitting = no
    use-admm = no
    analyze-using-dft-grid = no

    diis{
      convergence-tolerance = 1e-10
      subspace-dimension = 7
      diagonalization-temperature = 0
    }
  }

  casscf{
    max-active-orbitals = 2000
    number-of-frozen-orbitals = 0
    number-of-states-in-casscf-optimization = 1
    number-of-ci-states = 1
    spin-projection = default
    num-1exc-init-vec = 0
    num-2exc-init-vec = 0
    use-noisy-init-vec = no
    ci-max-subspace-dim = default
    ci-convergence-tol = 1e-06
    # density-matrix-input-file = 
    # density-matrix-output-file = 
    # ci-states-output-file = 
    # density-plot-data = {filename,(x0,y0,z0),(x1,y1,z1),(x2,y2,z2),(x3,y3,z3),(N1xN2xN3),precision=N,scolon={y/n},fields{rho,grad(rho),jp,j,A,B,rho2nu,rho2omega,tau_p,tau_pi,laplacian(rho),grad(rho)^2,jp^2,tau_tensor}}
    # analysis-weights = (w0, w1, ...)
  }

  mp2{
    spin-projection = default
    number-of-weights = 8
    basis-functions-per-block = 20
    cs-tolerance = 0
    print-mp2-components = 0
    # density-matrix-input-file = 
    # density-matrix-output-file = 
    #property-request = relaxed-density-matrix
  }

  rsp{
    number-of-roots-requested = 10
    root-selection-method = energy
    excitation-basis = MObasis
    starting-guess = UnitGuess
    solver_choice = GenEig
    method_choice = RPA
    precondition = false
    initial-subspace-dimension = 100
    maximum-subspace-dimension = 800
    convergence-tolerance = 1e-10
    max-rsp-iterations = 200
    # density-matrix-input-file = 
    # density-matrix-output-file = 
  }

  coupled-cluster{
    truncation-level = CCSD
    property-request = off
    spin-projection = default
    max-it = 150
    write-t-amplitudes = yes
    read-t-amplitudes = no
    # density-matrix-output-file = 
    # memory-in-gb = 
    # interface = 
    # molecular-orbitals-to-freeze = (1,3,5,...)
    diis{
      convergence-tolerance = 1e-06
      subspace-dimension = 7
      diagonalization-temperature = 0
    }
  }

  finite-difference{
    run-finite-difference = false
    run-type = gradient
    use-ref-density = false
    step-size = 0.0005
  }

  system{
    molecular-charge = 0
    correlation-model = RSP

    hamiltonian{
      electron-mass = 1
      speed-of-light = 137.036
      adiabatic-connection-lambda = 1
      nuclear-charge-distribution = point charge

      magnetic-field = (0, 0.3, 0)
      gauge-origin = (0, 0, 0.1173)

      linear-magnetic-field = {(0, 0, 0), (0, 0, 0), (0, 0, 0)}
      linear-magnetic-origin = (0, 0, 0)

      electric-field = (0, 0, 0)
      electric-origin = (0, 0, 0)
      linear-electric-field = {(0, 0, 0), (0, 0, 0), (0, 0, 0)}

      include-basis-expanded-scalar-potential = no
      scalar-potential-coefficients = (empty)
      include-basis-expanded-vector-potential = no
      vector-potential-coefficients-x = (empty)
      vector-potential-coefficients-y = (empty)
      vector-potential-coefficients-z = (empty)
      include-repulsion-from-external-density = no
      external-charge-density-scale-factor = 1
      include-coulomb-distance-to-external-density = no
      external-charge-density-distance-factor = 1
      # external-charge-density-file = filename
      # lieb-ref-density-file = filename
      # potential-plot-data = {filename,(x0,y0,z0),(x1,y1,z1),(x2,y2,z2),(x3,y3,z3),(N1xN2xN3),precision=N,scolon={y/n},fields{rho,grad(rho),jp,j,A,B,rho2nu,rho2omega,tau_p,tau_pi,laplacian(rho),grad(rho)^2,jp^2,tau_tensor}}

      integral{
        use-coulomb-integral-permutation-symmetry = yes
        use-cauchy-schwarz-screening = yes
        cauchy-schwarz-tol = 1e-15
        boys-function-tol = 1e-17
      }

      dft{
        # xc-functional = 0.7 * lda + 0.54 * lyp
        # xc-fun-parameter = {param1 = 0.1, param2 = 0.2, param3 = 0.3}
        jp-functional = none
        vrg-functional = none
        tau-correction = none
        vrg-hard-rs-cutoff = 62035.049
        vrg-soft-density-cutoff = 1e-14
        exact-exchange-fraction = default
        # gridfile = 
        radial-grid-type = LMG
        allow-grid-pruning = yes
        gc2-radial-grid-threshold = 1e-13
        lebedev-angular-target-degree = 35
        lebedev-angular-minimal-degree = 15
        weight-screen-threshold = 1e-20
        becke-hardness = 3
        allow-becke-atom-size-correction = yes
      }
    }

    # data on state flags lost, output incomplete here
    use-london-orbitals = yes
    gto-contraction-type = all, normalizedprimitive
    basis = aug-cc-pVDZ
    # density-fitting-basis = 
    # admm-basis = 
    # scalar-potential-basis = 
    # vector-potential-basis = 
    # if you really want to: # orbital-wave-vector-offset = (0, 0, 0)
    charge = 2
    He            0            0            0
  }
}

Basis set information:
The orbital basis consists of 11 basis functions formed from linear combinations of 11 primitive basis functions.
The density-fitting basis consists of 0 basis functions formed from linear combinations of 0 primitive basis functions.
The scalar potential basis consists of 0 basis functions formed from linear combinations of 0 primitive basis functions.
The vector potential basis consists of 0 basis functions formed from linear combinations of 0 primitive basis functions.
UHF Spin type 2

RSP: Running Hartree-Fock to determine orbital space.
RSP: run scf2


SCF: Running SCF optimization.

SCF: The SCF basis contains 11 basis functions.
 Fock build F = F(D) performed in 0 seconds (with 0 seconds used for Coulomb and exchange).
SCF-SD: Initial density by diagonalizing the one-electron part of the Fock matrix.
Initial trace: Tr(D) = (2,2.4187e-34)

SCF iteration 1:       [wall time: Tue Dec 14 18:53:49 2021]
SCF: using a fraction 1 of Hartree-Fock exchange.
DevINFO: screened away 102 out of 637 symmetry unique quadruples ABCD.
 Fock build F = F(D) performed in 0 seconds (with 0 seconds used for Coulomb and exchange).
 Total energy: -2.727275962 Hartree
 Fock matrix inversion D = D(Fmix) performed in 0 seconds.
  Nuclear repulsion:  0
  Kinetic:            4.014027884
  Nuclear attraction: -7.992245338
  Spin Zeeman effect: 0
  Coulomb:            2.501882983
  Exchange:           -1.250941492
  Total:              -2.727275962

 Ehomo(Down) = -0.9376065086, Elumo(Down) = 0.1321950771
 Ehomo( Up ) = -0.6376065086, Elumo( Up ) = 0.4321950771
 DIIS error norm: 1.061905113

SCF iteration 2:       [wall time: Tue Dec 14 18:53:49 2021]
SCF: using a fraction 1 of Hartree-Fock exchange.
DevINFO: screened away 98 out of 637 symmetry unique quadruples ABCD.
 Fock build F = F(D) performed in 0 seconds (with 0 seconds used for Coulomb and exchange).
 Total energy: -2.836802382 Hartree
 Fock matrix inversion D = D(Fmix) performed in 0 seconds.
  Nuclear repulsion:  0
  Kinetic:            2.983344774
  Nuclear attraction: -6.87276711
  Spin Zeeman effect: -6.661338148e-17
  Coulomb:            2.105239907
  Exchange:           -1.052619954
  Total:              -2.836802382

 Ehomo(Down) = -1.048595972, Elumo(Down) = 0.1315544164
 Ehomo( Up ) = -0.7485959719, Elumo( Up ) = 0.4315544164
 DIIS error norm: 0.09143765147

SCF iteration 3:       [wall time: Tue Dec 14 18:53:49 2021]
SCF: using a fraction 1 of Hartree-Fock exchange.
DevINFO: screened away 102 out of 637 symmetry unique quadruples ABCD.
 Fock build F = F(D) performed in 0 seconds (with 0 seconds used for Coulomb and exchange).
 Total energy: -2.838014757 Hartree
 Fock matrix inversion D = D(Fmix) performed in 0 seconds.
  Nuclear repulsion:  0
  Kinetic:            2.897415886
  Nuclear attraction: -6.767510854
  Spin Zeeman effect: -6.661338148e-17
  Coulomb:            2.064160422
  Exchange:           -1.032080211
  Total:              -2.838014757

 Ehomo(Down) = -1.05346957, Elumo(Down) = 0.1310818808
 Ehomo( Up ) = -0.7534695696, Elumo( Up ) = 0.4310818808
 DIIS error norm: 0.01002285692

SCF iteration 4:       [wall time: Tue Dec 14 18:53:49 2021]
SCF: using a fraction 1 of Hartree-Fock exchange.
DevINFO: screened away 93 out of 637 symmetry unique quadruples ABCD.
 Fock build F = F(D) performed in 0 seconds (with 0 seconds used for Coulomb and exchange).
 Total energy: -2.838026722 Hartree
 Fock matrix inversion D = D(Fmix) performed in 0 seconds.
  Nuclear repulsion:  0
  Kinetic:            2.893275326
  Nuclear attraction: -6.7618953
  Spin Zeeman effect: 0
  Coulomb:            2.061186502
  Exchange:           -1.030593251
  Total:              -2.838026722

 Ehomo(Down) = -1.053773382, Elumo(Down) = 0.1310986437
 Ehomo( Up ) = -0.7537733822, Elumo( Up ) = 0.4310986437
 DIIS error norm: 0.0005668932435

SCF iteration 5:       [wall time: Tue Dec 14 18:53:49 2021]
SCF: using a fraction 1 of Hartree-Fock exchange.
DevINFO: screened away 99 out of 637 symmetry unique quadruples ABCD.
 Fock build F = F(D) performed in 0 seconds (with 0 seconds used for Coulomb and exchange).
 Total energy: -2.838026803 Hartree
 Fock matrix inversion D = D(Fmix) performed in 0 seconds.
  Nuclear repulsion:  0
  Kinetic:            2.893030102
  Nuclear attraction: -6.76156475
  Spin Zeeman effect: 6.661338148e-17
  Coulomb:            2.06101569
  Exchange:           -1.030507845
  Total:              -2.838026803

 Ehomo(Down) = -1.053759088, Elumo(Down) = 0.1310936647
 Ehomo( Up ) = -0.7537590875, Elumo( Up ) = 0.4310936647
 DIIS error norm: 2.975729394e-05

SCF iteration 6:       [wall time: Tue Dec 14 18:53:49 2021]
SCF: using a fraction 1 of Hartree-Fock exchange.
DevINFO: screened away 94 out of 637 symmetry unique quadruples ABCD.
 Fock build F = F(D) performed in 0 seconds (with 0 seconds used for Coulomb and exchange).
 Total energy: -2.838026803 Hartree
 Fock matrix inversion D = D(Fmix) performed in 0 seconds.
  Nuclear repulsion:  0
  Kinetic:            2.893036972
  Nuclear attraction: -6.761571904
  Spin Zeeman effect: 3.330669074e-17
  Coulomb:            2.061016257
  Exchange:           -1.030508128
  Total:              -2.838026803

 Ehomo(Down) = -1.053759366, Elumo(Down) = 0.1310937394
 Ehomo( Up ) = -0.7537593658, Elumo( Up ) = 0.4310937394
 DIIS error norm: 2.236404404e-07

SCF iteration 7:       [wall time: Tue Dec 14 18:53:49 2021]
SCF: using a fraction 1 of Hartree-Fock exchange.
DevINFO: screened away 102 out of 637 symmetry unique quadruples ABCD.
 Fock build F = F(D) performed in 0 seconds (with 0 seconds used for Coulomb and exchange).
 Total energy: -2.838026803 Hartree
 Fock matrix inversion D = D(Fmix) performed in 0 seconds.
  Nuclear repulsion:  0
  Kinetic:            2.893036739
  Nuclear attraction: -6.761571614
  Spin Zeeman effect: -6.661338148e-17
  Coulomb:            2.061016145
  Exchange:           -1.030508072
  Total:              -2.838026803

 Ehomo(Down) = -1.053759365, Elumo(Down) = 0.1310937389
 Ehomo( Up ) = -0.7537593653, Elumo( Up ) = 0.4310937389
 DIIS error norm: 1.448753261e-09

SCF iteration 8:       [wall time: Tue Dec 14 18:53:49 2021]
SCF: using a fraction 1 of Hartree-Fock exchange.
DevINFO: screened away 93 out of 637 symmetry unique quadruples ABCD.
 Fock build F = F(D) performed in 0 seconds (with 0 seconds used for Coulomb and exchange).
 Total energy: -2.838026803 Hartree
 Fock matrix inversion D = D(Fmix) performed in 0 seconds.
  Nuclear repulsion:  0
  Kinetic:            2.89303674
  Nuclear attraction: -6.761571616
  Spin Zeeman effect: -3.330669074e-17
  Coulomb:            2.061016145
  Exchange:           -1.030508073
  Total:              -2.838026803

 Ehomo(Down) = -1.053759365, Elumo(Down) = 0.1310937389
 Ehomo( Up ) = -0.7537593653, Elumo( Up ) = 0.4310937389
 DIIS error norm: 2.695191894e-14

Converged SCF results:
-----------------------
(pre-RSP) Nuclear repulsion:  0
(pre-RSP) Kinetic:            2.89303674026483
(pre-RSP) Nuclear attraction: -6.761571616215944
(pre-RSP) Spin Zeeman effect: -3.330669073875469e-17
(pre-RSP) Coulomb:            2.061016145441577
(pre-RSP) Exchange:           -1.030508072720788
(pre-RSP) Total electronic:   -2.838026803230325
(pre-RSP) Total:              -2.838026803230325

(pre-RSP) E(LUMO, Down): 0.1310937389035882
(pre-RSP) E(HOMO, Down): -1.053759365254769
(pre-RSP) E(GAP, Down):  1.184853104158357

(pre-RSP) E(LUMO,  Up ): 0.4310937389035741
(pre-RSP) E(HOMO,  Up ): -0.7537593652547702
(pre-RSP) E(GAP,  Up ):  1.184853104158344

Orbital energies (Eorb), orbital contributions to the total energy (Econtrib), and reflection symmetry properties for the molecular orbitals:

Orbital analysis (pre-RSP)
    Eorb      Econtrib  Occ  Reflection(xy)  Reflection(xz)  Reflection(yz)
---------------------------------------------------------------------------
Spin Down
  -1.05376    -1.49401   1  (1.0000,-0.0000)  (1.0000,-0.0000)  (0.9998,0.0000)
  0.131094   -0.109631   0  (1.0000,0.0000)  (1.0000,0.0000)  (0.9971,0.0000)
  0.278493   -0.129668   0  (0.0000,0.0000)  (1.0000,0.0000)  (0.0006,-0.0000)
  0.405495  -0.00189826   0  (1.0000,-0.0000)  (-1.0000,0.0000)  (0.9994,-0.0000)
  0.578493    0.170332   0  (-0.0000,-0.0000)  (1.0000,0.0000)  (0.0006,0.0000)
   1.33069    0.752005   0  (1.0000,0.0000)  (1.0000,-0.0000)  (0.9990,-0.0000)
   2.74618     1.97293   0  (0.0000,0.0000)  (1.0000,0.0000)  (0.0002,-0.0000)
   2.88856     2.11454   0  (1.0000,0.0000)  (-1.0000,-0.0000)  (0.9998,0.0000)
   3.04618     2.27293   0  (-0.0000,-0.0000)  (1.0000,0.0000)  (0.0002,-0.0000)
   8.66751     7.59957   0  (1.0000,-0.0000)  (1.0000,-0.0000)  (0.9998,0.0000)
   62.3465     60.9035   0  (1.0000,-0.0000)  (1.0000,-0.0000)  (1.0000,0.0000)
Spin Up
 -0.753759    -1.34401   1  (1.0000,-0.0000)  (1.0000,-0.0000)  (0.9998,0.0000)
  0.431094   0.0403689   0  (1.0000,0.0000)  (1.0000,0.0000)  (0.9971,0.0000)
  0.578493   0.0203317   0  (0.0000,0.0000)  (1.0000,-0.0000)  (0.0006,0.0000)
  0.705495    0.148102   0  (1.0000,0.0000)  (-1.0000,0.0000)  (0.9994,-0.0000)
  0.878493    0.320332   0  (-0.0000,0.0000)  (1.0000,0.0000)  (0.0006,-0.0000)
   1.63069    0.902005   0  (1.0000,-0.0000)  (1.0000,-0.0000)  (0.9990,-0.0000)
   3.04618     2.12293   0  (0.0000,0.0000)  (1.0000,0.0000)  (0.0002,-0.0000)
   3.18856     2.26454   0  (1.0000,-0.0000)  (-1.0000,0.0000)  (0.9998,-0.0000)
   3.34618     2.42293   0  (-0.0000,-0.0000)  (1.0000,0.0000)  (0.0002,-0.0000)
   8.96751     7.74957   0  (1.0000,-0.0000)  (1.0000,-0.0000)  (0.9998,0.0000)
   62.6465     61.0535   0  (1.0000,-0.0000)  (1.0000,-0.0000)  (1.0000,-0.0000)


Properties:
-----------
Spin-projection on field: <sigma_B> = <2 S_B> = 0
Spin-projection squared: <sigma_B> = <4 S_B^2> = -8.881784197001252e-16
Total spin: <sigma^2> = <4 S^2> = -2.664535259100376e-15 = 4 * -6.661338147750939e-16 * (-6.661338147750939e-16 + 1)
Total spin quantum number: s = -6.661338147750939e-16


(SCF) Traces of the SCF 1-electron density matrix with simple operators
(SCF) Mechanical/kinetic momentum:
(SCF)     <PIx> = -1.081638242476363e-17
(SCF)     <PIy> = -1.414082774340257e-18
(SCF)     <PIz> = 1.829645596491358e-17
(SCF)     B x pi = (5.488936789474074e-18, -0, 3.244914727429088e-18)
(SCF) Angular momentum w.r.t. gauge origin (0, 0, 0.1173):
(SCF)     <Lx> = -1.658719094301148e-19
(SCF)     <Ly> = 0.2331294613544989
(SCF)     <Lz> = 5.260258259272992e-33
(SCF) Coordinate derivative contribution to angular momentum w.r.t. C = (0, 0, 0.1173):
(SCF)     <Lcoord_x> = -1.658719094301145e-19
(SCF)     <Lcoord_y> = -0.004127787000000064
(SCF)     <Lcoord_z> = 1.08934531564163e-18
(SCF) Dipole moment:
(SCF)     <x> = -3.560396231370825e-16
(SCF)     <y> = -6.191220890262117e-17
(SCF)     <z> = -1.879216442241233e-15
(SCF) Nuclear dipole moment:
(SCF)     <X> = 0
(SCF)     <Y> = 0
(SCF)     <Z> = 0
(SCF) Total dipole moment: (3.560396231370825e-16, 6.191220890262117e-17, 1.879216442241233e-15)
(SCF) Coordinate derivative contribution to angular momentum w.r.t. center of charge (-1.780198115685411e-16, -3.095610445131056e-17, -9.396082211206158e-16):
(SCF)     <Lambda_x> = -2.050350861330998e-33
(SCF)     <Lambda_y> = -1.090448782192627e-31
(SCF)     <Lambda_z> = 1.714469796788362e-33
(SCF) Electronic quadrupole moments w.r.t. center of electronic charge at (-1.780198115685411e-16, -3.095610445131056e-17, -9.396082211206158e-16):
(SCF)         x         y          z
(SCF) x: 0.7770982045149964  -8.57465242051012e-33  2.002777914213379e-31
(SCF) y: -8.57465242051012e-33  0.7770982045149964  -2.283428724037361e-32
(SCF) z: 2.002777914213379e-31  -2.283428724037361e-32  0.7770982045149963
(SCF) Magnetic quadrupole moments w.r.t. C = (0, 0, 0):
(SCF)         x         y          z
(SCF) Jx: -2.174412076540813e-18  -7.259949035315044e-18  -2.045660523428669e-19
(SCF) Jy: 4.596423413434839e-17  4.348824153081625e-18  2.317849823848873e-16
(SCF) Jz: 2.045660523428669e-19  -2.782204172962344e-17  -2.174412076540813e-18
(SCF) Anapole moment w.r.t. C = (0, 0, 0):
(SCF)     a_x = -2.596070241145108e-16
(SCF)     a_y = -4.091321046857338e-19
(SCF)     a_z = 5.322418316966343e-17
(SCF) Hellmann-Feynman forces:
(SCF) H-F force on He at pos = (0, 0, 0):   F = (6.652375226837974e-16, 1.257979318763079e-16, 3.438952278382841e-15)
(SCF) Total H-F force on center of mass:   Ftot = (6.652375226837974e-16, 1.257979318763079e-16, 3.438952278382841e-15)
(SCF) Scaling pressure w.r.t. center of charge:   3.353587505165405e-30
(SCF) Total H-F torque w.r.t. center of charge: (-1.174420505825836e-32, 1.286100872068945e-32, 1.801361891201787e-33)
(SCF) Nuclear shielding integrals:
(SCF) He at C = (0, 0, 0):
(SCF)    <Lx/|r - C|^3> = -1.4871867266321e-33
(SCF)    <Ly/|r - C|^3> = 0.3380785808107957
(SCF)    <Lz/|r - C|^3> = 4.68848632083826e-33
 
MULLIKEN POPULATION ANALYSIS FOR SUM OF SPIN UP AND SPIN DOWN DENSITY MATRIX

(SCF) Mulliken decomposition of traces of SCF 1-electron density matrix with simple operators

(SCF) Mulliken populations:
(SCF) Nucleus #1 (He):  2.000000000000001   [narrow def.],   2.000000000000001   [wide def.]

(SCF) Total mechanical momentum: <pi> = (-1.081638242476364e-17, -1.414082774340257e-18, 1.829645596491358e-17)

(SCF) Mulliken momenta:
(SCF) Nucleus #1 (He):  (-1.081638242476364e-17, -1.414082774340257e-18, 1.829645596491358e-17)   [narrow def.],   (-1.081638242476364e-17, -1.414082774340257e-18, 1.829645596491358e-17)   [wide def.]

(SCF) Mulliken bond momenta:
(SCF) Nucleus #1 (He):   
 
MULLIKEN POPULATION ANALYSIS FOR SPIN DOWN DENSITY MATRIX:

(SCF) Mulliken decomposition of traces of SCF 1-electron density matrix with simple operators

(SCF) Mulliken populations:
(SCF) Nucleus #1 (He):  1.000000000000001   [narrow def.],   1.000000000000001   [wide def.]

(SCF) Total mechanical momentum: <pi> = (-6.446733669354762e-17, -1.47460123380153e-18, 1.359042207498041e-17)

(SCF) Mulliken momenta:
(SCF) Nucleus #1 (He):  (-6.446733669354762e-17, -1.47460123380153e-18, 1.359042207498041e-17)   [narrow def.],   (-6.446733669354762e-17, -1.47460123380153e-18, 1.359042207498041e-17)   [wide def.]

(SCF) Mulliken bond momenta:
(SCF) Nucleus #1 (He):   
 
MULLIKEN POPULATION ANALYSIS FOR SPIN UP DENSITY MATRIX:

(SCF) Mulliken decomposition of traces of SCF 1-electron density matrix with simple operators

(SCF) Mulliken populations:
(SCF) Nucleus #1 (He):  1.000000000000001   [narrow def.],   1.000000000000001   [wide def.]

(SCF) Total mechanical momentum: <pi> = (5.3650954268784e-17, 6.051845946127304e-20, 4.706033889933171e-18)

(SCF) Mulliken momenta:
(SCF) Nucleus #1 (He):  (5.3650954268784e-17, 6.051845946127304e-20, 4.706033889933171e-18)   [narrow def.],   (5.3650954268784e-17, 6.051845946127304e-20, 4.706033889933171e-18)   [wide def.]

(SCF) Mulliken bond momenta:
(SCF) Nucleus #1 (He):   
 

Orbital symmetry properties for SCF:
                          Inversion           Rot180X           Rot180Y           Rot180Z            ReflXY            ReflXZ            ReflYZ
  can.orb. [Down] 0   (0.9998,0.0000)   (1.0000,0.0000)   (0.9998,0.0000)   (0.9998,0.0000)   (1.0000,0.0000)   (1.0000,0.0000)   (0.9998,0.0000) 
  can.orb. [Down] 1   (0.9971,0.0000)   (1.0000,0.0000)   (0.9971,0.0000)   (0.9971,0.0000)   (1.0000,0.0000)   (1.0000,0.0000)   (0.9971,0.0000) 
  can.orb. [Down] 2   (-0.9987,0.0000)   (0.0000,0.0000)   (-0.9987,0.0000)   (0.0006,-0.0000)   (0.0000,0.0000)   (1.0000,-0.0000)   (0.0006,-0.0000) 
  can.orb. [Down] 3   (-0.9994,-0.0000)   (-1.0000,-0.0000)   (0.9994,0.0000)   (-0.9994,-0.0000)   (1.0000,0.0000)   (-1.0000,-0.0000)   (0.9994,0.0000) 
  can.orb. [Down] 4   (-0.9987,0.0000)   (-0.0000,-0.0000)   (-0.9987,0.0000)   (0.0006,0.0000)   (-0.0000,-0.0000)   (1.0000,-0.0000)   (0.0006,0.0000) 
  can.orb. [Down] 5   (0.9990,-0.0000)   (1.0000,-0.0000)   (0.9990,-0.0000)   (0.9990,-0.0000)   (1.0000,-0.0000)   (1.0000,-0.0000)   (0.9990,-0.0000) 
  can.orb. [Down] 6   (-0.9996,0.0000)   (0.0000,-0.0000)   (-0.9996,0.0000)   (0.0002,0.0000)   (0.0000,-0.0000)   (1.0000,-0.0000)   (0.0002,0.0000) 
  can.orb. [Down] 7   (-0.9998,0.0000)   (-1.0000,0.0000)   (0.9998,-0.0000)   (-0.9998,0.0000)   (1.0000,-0.0000)   (-1.0000,0.0000)   (0.9998,-0.0000) 
  can.orb. [Down] 8   (-0.9996,0.0000)   (-0.0000,-0.0000)   (-0.9996,0.0000)   (0.0002,-0.0000)   (-0.0000,-0.0000)   (1.0000,-0.0000)   (0.0002,-0.0000) 
  can.orb. [Down] 9   (0.9998,0.0000)   (1.0000,-0.0000)   (0.9998,0.0000)   (0.9998,0.0000)   (1.0000,-0.0000)   (1.0000,-0.0000)   (0.9998,0.0000) 
  can.orb. [Down] 10   (1.0000,0.0000)   (1.0000,0.0000)   (1.0000,0.0000)   (1.0000,0.0000)   (1.0000,0.0000)   (1.0000,0.0000)   (1.0000,0.0000) 



Orbital properties for SCF:
                           Lcoord_x          Lcoord_y          Lcoord_z               x^2               y^2               z^2
  can.orb. [Down] 0   (-0.0000,0.0000)   (-0.0021,0.0000)   (0.0000,-0.0000)   (0.3885,0.0000)   (0.3885,0.0000)   (0.3885,0.0000) 
  can.orb. [Down] 1   (-0.0000,0.0000)   (-0.0021,-0.0000)   (0.0000,-0.0000)   (4.7682,-0.0000)   (4.7682,-0.0000)   (4.7682,0.0000) 
  can.orb. [Down] 2   (0.0000,0.0000)   (-1.0021,-0.0000)   (0.0000,-0.0000)   (2.0420,0.0000)   (1.0210,0.0000)   (2.0420,-0.0000) 
  can.orb. [Down] 3   (-0.0000,0.0000)   (-0.0021,0.0000)   (-0.0000,0.0000)   (1.0232,-0.0000)   (3.0697,-0.0000)   (1.0232,0.0000) 
  can.orb. [Down] 4   (0.0000,-0.0000)   (0.9979,-0.0000)   (-0.0000,-0.0000)   (2.0420,-0.0000)   (1.0210,-0.0000)   (2.0420,0.0000) 
  can.orb. [Down] 5   (-0.0000,0.0000)   (-0.0021,-0.0000)   (-0.0000,-0.0000)   (1.6666,-0.0000)   (1.6666,-0.0000)   (1.6666,-0.0000) 
  can.orb. [Down] 6   (0.0000,0.0000)   (-1.0021,0.0000)   (0.0000,-0.0000)   (0.6796,-0.0000)   (0.3398,0.0000)   (0.6796,0.0000) 
  can.orb. [Down] 7   (-0.0000,0.0000)   (-0.0021,-0.0000)   (-0.0000,0.0000)   (0.3376,-0.0000)   (1.0127,0.0000)   (0.3376,-0.0000) 
  can.orb. [Down] 8   (0.0000,-0.0000)   (0.9979,-0.0000)   (-0.0000,0.0000)   (0.6796,0.0000)   (0.3398,-0.0000)   (0.6796,0.0000) 
  can.orb. [Down] 9   (0.0000,0.0000)   (-0.0021,-0.0000)   (-0.0000,0.0000)   (0.3198,0.0000)   (0.3198,0.0000)   (0.3198,0.0000) 
  can.orb. [Down] 10   (0.0000,0.0000)   (-0.0021,-0.0000)   (-0.0000,-0.0000)   (0.0464,0.0000)   (0.0464,-0.0000)   (0.0464,-0.0000) 



Orbital symmetry properties for SCF:
                          Inversion           Rot180X           Rot180Y           Rot180Z            ReflXY            ReflXZ            ReflYZ
  can.orb. [ Up ] 0   (0.9998,-0.0000)   (1.0000,-0.0000)   (0.9998,-0.0000)   (0.9998,-0.0000)   (1.0000,-0.0000)   (1.0000,-0.0000)   (0.9998,-0.0000) 
  can.orb. [ Up ] 1   (0.9971,0.0000)   (1.0000,0.0000)   (0.9971,0.0000)   (0.9971,0.0000)   (1.0000,0.0000)   (1.0000,0.0000)   (0.9971,0.0000) 
  can.orb. [ Up ] 2   (-0.9987,-0.0000)   (0.0000,-0.0000)   (-0.9987,-0.0000)   (0.0006,-0.0000)   (0.0000,-0.0000)   (1.0000,0.0000)   (0.0006,-0.0000) 
  can.orb. [ Up ] 3   (-0.9994,-0.0000)   (-1.0000,0.0000)   (0.9994,0.0000)   (-0.9994,-0.0000)   (1.0000,-0.0000)   (-1.0000,0.0000)   (0.9994,0.0000) 
  can.orb. [ Up ] 4   (-0.9987,0.0000)   (-0.0000,0.0000)   (-0.9987,0.0000)   (0.0006,-0.0000)   (-0.0000,0.0000)   (1.0000,0.0000)   (0.0006,-0.0000) 
  can.orb. [ Up ] 5   (0.9990,-0.0000)   (1.0000,-0.0000)   (0.9990,-0.0000)   (0.9990,-0.0000)   (1.0000,-0.0000)   (1.0000,-0.0000)   (0.9990,-0.0000) 
  can.orb. [ Up ] 6   (-0.9996,-0.0000)   (0.0000,-0.0000)   (-0.9996,-0.0000)   (0.0002,-0.0000)   (0.0000,-0.0000)   (1.0000,0.0000)   (0.0002,-0.0000) 
  can.orb. [ Up ] 7   (-0.9998,0.0000)   (-1.0000,0.0000)   (0.9998,-0.0000)   (-0.9998,0.0000)   (1.0000,-0.0000)   (-1.0000,0.0000)   (0.9998,-0.0000) 
  can.orb. [ Up ] 8   (-0.9996,-0.0000)   (-0.0000,-0.0000)   (-0.9996,-0.0000)   (0.0002,-0.0000)   (-0.0000,-0.0000)   (1.0000,-0.0000)   (0.0002,-0.0000) 
  can.orb. [ Up ] 9   (0.9998,0.0000)   (1.0000,-0.0000)   (0.9998,0.0000)   (0.9998,0.0000)   (1.0000,-0.0000)   (1.0000,-0.0000)   (0.9998,0.0000) 
  can.orb. [ Up ] 10   (1.0000,-0.0000)   (1.0000,-0.0000)   (1.0000,-0.0000)   (1.0000,-0.0000)   (1.0000,-0.0000)   (1.0000,-0.0000)   (1.0000,-0.0000) 



Orbital properties for SCF:
                           Lcoord_x          Lcoord_y          Lcoord_z               x^2               y^2               z^2
  can.orb. [ Up ] 0   (0.0000,0.0000)   (-0.0021,-0.0000)   (0.0000,0.0000)   (0.3885,-0.0000)   (0.3885,-0.0000)   (0.3885,0.0000) 
  can.orb. [ Up ] 1   (0.0000,0.0000)   (-0.0021,-0.0000)   (-0.0000,0.0000)   (4.7682,0.0000)   (4.7682,-0.0000)   (4.7682,0.0000) 
  can.orb. [ Up ] 2   (0.0000,0.0000)   (-1.0021,-0.0000)   (0.0000,0.0000)   (2.0420,0.0000)   (1.0210,-0.0000)   (2.0420,-0.0000) 
  can.orb. [ Up ] 3   (-0.0000,-0.0000)   (-0.0021,0.0000)   (0.0000,0.0000)   (1.0232,-0.0000)   (3.0697,0.0000)   (1.0232,0.0000) 
  can.orb. [ Up ] 4   (-0.0000,0.0000)   (0.9979,0.0000)   (-0.0000,0.0000)   (2.0420,0.0000)   (1.0210,-0.0000)   (2.0420,-0.0000) 
  can.orb. [ Up ] 5   (0.0000,0.0000)   (-0.0021,-0.0000)   (-0.0000,-0.0000)   (1.6666,0.0000)   (1.6666,-0.0000)   (1.6666,-0.0000) 
  can.orb. [ Up ] 6   (0.0000,0.0000)   (-1.0021,0.0000)   (-0.0000,-0.0000)   (0.6796,0.0000)   (0.3398,-0.0000)   (0.6796,0.0000) 
  can.orb. [ Up ] 7   (-0.0000,0.0000)   (-0.0021,0.0000)   (-0.0000,0.0000)   (0.3376,-0.0000)   (1.0127,-0.0000)   (0.3376,-0.0000) 
  can.orb. [ Up ] 8   (0.0000,-0.0000)   (0.9979,0.0000)   (0.0000,0.0000)   (0.6796,0.0000)   (0.3398,0.0000)   (0.6796,0.0000) 
  can.orb. [ Up ] 9   (0.0000,0.0000)   (-0.0021,0.0000)   (-0.0000,0.0000)   (0.3198,-0.0000)   (0.3198,-0.0000)   (0.3198,0.0000) 
  can.orb. [ Up ] 10   (-0.0000,0.0000)   (-0.0021,0.0000)   (-0.0000,-0.0000)   (0.0464,-0.0000)   (0.0464,-0.0000)   (0.0464,-0.0000) 


RSP: done run scf2
Number of alpha MOs = 1
Number of beta  MOs = 1


RSP: Hartree-Fock orbitals have been obtained. 
RSP: Hartree-Fock final energy = -2.838026803230325
Entering response module
No. of electrons: (2.000000000000003,-1.041528875116402e-32)
DevINFO: screened away 98 out of 637 symmetry unique quadruples ABCD.
Recomputed final SCF electronic energy (-2.838026803230327,-1.521352691032097e-32) (-1.807518730509541,-1.534331361200374e-32) (1.030508072720786,-1.297867016827751e-34)
unit_vectors():   MO Single-transition excitations in total.
Constructing start guesses for RPA-solver using the 100 lowest ones.
(No spin mixing allowed for UHF excitation operator)
(spin down)1 <- 0 : 1.184853104158357
(spin down)2 <- 0 : 1.332252638827859
(spin down)3 <- 0 : 1.459254816202602
(spin down)4 <- 0 : 1.632252638827859
(spin down)5 <- 0 : 2.384451339026895
(spin down)6 <- 0 : 3.799937778642011
(spin down)7 <- 0 : 3.94231731224385
(spin down)8 <- 0 : 4.099937778642011
(spin down)9 <- 0 : 9.721270616084343
(spin down)10 <- 0 : 63.40021092499779
(spin up)1 <- 0 : 1.184853104158344
(spin up)2 <- 0 : 1.332252638827859
(spin up)3 <- 0 : 1.459254816202604
(spin up)4 <- 0 : 1.632252638827861
(spin up)5 <- 0 : 2.384451339026897
(spin up)6 <- 0 : 3.79993777864201
(spin up)7 <- 0 : 3.942317312243849
(spin up)8 <- 0 : 4.099937778642011
(spin up)9 <- 0 : 9.721270616084354
(spin up)10 <- 0 : 63.4002109249978
Made 20 starting vectors 
DevINFO: screened away 95 out of 637 symmetry unique quadruples ABCD.
DevINFO: screened away 136 out of 637 symmetry unique quadruples ABCD.
DevINFO: screened away 176 out of 637 symmetry unique quadruples ABCD.
DevINFO: screened away 143 out of 637 symmetry unique quadruples ABCD.
DevINFO: screened away 91 out of 637 symmetry unique quadruples ABCD.
DevINFO: screened away 155 out of 637 symmetry unique quadruples ABCD.
DevINFO: screened away 168 out of 637 symmetry unique quadruples ABCD.
DevINFO: screened away 155 out of 637 symmetry unique quadruples ABCD.
DevINFO: screened away 95 out of 637 symmetry unique quadruples ABCD.
DevINFO: screened away 102 out of 637 symmetry unique quadruples ABCD.
DevINFO: screened away 85 out of 637 symmetry unique quadruples ABCD.
DevINFO: screened away 121 out of 637 symmetry unique quadruples ABCD.
DevINFO: screened away 165 out of 637 symmetry unique quadruples ABCD.
DevINFO: screened away 131 out of 637 symmetry unique quadruples ABCD.
DevINFO: screened away 100 out of 637 symmetry unique quadruples ABCD.
DevINFO: screened away 146 out of 637 symmetry unique quadruples ABCD.
DevINFO: screened away 169 out of 637 symmetry unique quadruples ABCD.
DevINFO: screened away 145 out of 637 symmetry unique quadruples ABCD.
DevINFO: screened away 98 out of 637 symmetry unique quadruples ABCD.
DevINFO: screened away 102 out of 637 symmetry unique quadruples ABCD.
The Davidson solver is about to start.
-------
Davidson step #0, 40 RPA trial vectors already in subspace.
The Davidson solver converged to a solution. 1 iterations and 0 restarts were needed.
==============================================================================================================
The Final eigenvalues from the Davidson method
==============================================================================================================
(RSP) 	 Excitation Energy 	0.8123644132180776	0.8177058914072349	0.9129110893089052	0.9147480353487081	0.9406031757540886	1.041943427854629	1.112364413218079	1.214748035348712	1.660659805577577	1.965557036889094	
==============================================================================================================
Root: 0	 with energy 0.8123644132180776
==============================================================================================================
2 Up <-- Up 0 C^2 :  0.4965523093293117 C : (-0.04773354417883966,0.703046099547845)
2 Down <-- Down 0 C^2 :  0.4965523093293114 C : (0.139110682733634,-0.6907970232120964)
==============================================================================================================
Root: 1	 with energy 0.8177058914072349
==============================================================================================================
1 Up <-- Up 0 C^2 :  0.4790507953052396 C : (-0.1492410466402473,-0.6758534643715036)
1 Down <-- Down 0 C^2 :  0.4790507953052567 C : (-0.149241046640249,-0.6758534643715158)
==============================================================================================================
Root: 2	 with energy 0.9129110893089052
==============================================================================================================
1 Up <-- Up 0 C^2 :  0.4991806424079714 C : (0.7056405899789298,0.03538361459997185)
1 Down <-- Down 0 C^2 :  0.499180642407954 C : (-0.7056405899789173,-0.03538361459997272)
==============================================================================================================
Root: 3	 with energy 0.9147480353487081
==============================================================================================================
2 Up <-- Up 0 C^2 :  0.4995575422093635 C : (0.0851648524656793,-0.7016441335277184)
2 Down <-- Down 0 C^2 :  0.4995575422093628 C : (0.1760385898511758,-0.6845202386289044)
==============================================================================================================
Root: 4	 with energy 0.9406031757540886
==============================================================================================================
3 Up <-- Up 0 C^2 :  0.4966253436219574 C : (0.3979076882018147,-0.5816311677445122)
3 Down <-- Down 0 C^2 :  0.4966253436219555 C : (0.3763487268557415,-0.5958078376591046)
==============================================================================================================
Root: 5	 with energy 1.041943427854629
==============================================================================================================
3 Up <-- Up 0 C^2 :  0.4995563701978162 C : (0.6582222359526907,-0.2574875886237173)
3 Down <-- Down 0 C^2 :  0.499556370197821 C : (-0.6483549770671162,0.2814110763813683)
==============================================================================================================
Root: 6	 with energy 1.112364413218079
==============================================================================================================
4 Up <-- Up 0 C^2 :  0.4965523093293178 C : (0.4485897709121087,0.5434330931792245)
4 Down <-- Down 0 C^2 :  0.4965523093293053 C : (-0.2625112989941668,-0.6539419907221898)
==============================================================================================================
Root: 7	 with energy 1.214748035348712
==============================================================================================================
4 Up <-- Up 0 C^2 :  0.4995575422093582 C : (0.4299494756596908,-0.5609821660171697)
4 Down <-- Down 0 C^2 :  0.499557542209368 C : (0.5799195525084223,-0.4040431348603753)
==============================================================================================================
Root: 8	 with energy 1.660659805577577
==============================================================================================================
5 Up <-- Up 0 C^2 :  0.4788666168959621 C : (0.6915624573015955,0.0246573426577347)
5 Down <-- Down 0 C^2 :  0.4788666168959575 C : (-0.6915624573015923,-0.02465734265773241)
==============================================================================================================
Root: 9	 with energy 1.965557036889094
==============================================================================================================
5 Up <-- Up 0 C^2 :  0.4985394497095249 C : (0.6176892599725988,-0.3420517911428446)
5 Down <-- Down 0 C^2 :  0.4985394497095235 C : (0.617689259972599,-0.3420517911428423)
==============================================================================================================
==============================================================================================================
(RSP) Transition Dipole Moment, <1| coordinate |2>  |  Roots  |              Dipole Moment
==============================================================================================================
(RSP) Transition Dipole Moment, <1|x|2>             |    0    |     (-1.668803983889688e-15,-3.135512682828079e-16)
(RSP) Transition Dipole Moment, <1|x|2>             |    1    |     (-2.373237416128778e-16,-2.36606008706811e-16)
(RSP) Transition Dipole Moment, <1|x|2>             |    2    |     (4.797697372920972e-15,-5.341953432010391e-14)
(RSP) Transition Dipole Moment, <1|x|2>             |    3    |     (-0.5496114670873952,-0.08598370186679283)
(RSP) Transition Dipole Moment, <1|x|2>             |    4    |     (6.206653161331509e-16,1.523080435738653e-16)
(RSP) Transition Dipole Moment, <1|x|2>             |    5    |     (-6.171500280737924e-16,1.156201153807811e-15)
(RSP) Transition Dipole Moment, <1|x|2>             |    6    |     (1.778091562876227e-16,-1.725182496858935e-15)
(RSP) Transition Dipole Moment, <1|x|2>             |    7    |     (-0.4217807170800295,-0.3627216404353795)
(RSP) Transition Dipole Moment, <1|x|2>             |    8    |     (3.745754605279464e-17,2.135381935644351e-17)
(RSP) Transition Dipole Moment, <1|x|2>             |    9    |     (3.123565992647458e-17,-6.339909593683808e-17)

(RSP) Transition Dipole Moment, <1|y|2>             |    0    |     (1.111324970476152e-15,9.402251123862275e-16)
(RSP) Transition Dipole Moment, <1|y|2>             |    1    |     (2.385403970472944e-18,6.203329969991019e-18)
(RSP) Transition Dipole Moment, <1|y|2>             |    2    |     (-1.300636931897362e-16,-5.626920874099766e-17)
(RSP) Transition Dipole Moment, <1|y|2>             |    3    |     (1.309611505453408e-15,1.140190554783539e-15)
(RSP) Transition Dipole Moment, <1|y|2>             |    4    |     (9.39352762241441e-16,-1.504005253671892e-15)
(RSP) Transition Dipole Moment, <1|y|2>             |    5    |     (-0.653585598793194,0.4352789354093335)
(RSP) Transition Dipole Moment, <1|y|2>             |    6    |     (-4.564977865813616e-16,-2.108271366453724e-15)
(RSP) Transition Dipole Moment, <1|y|2>             |    7    |     (-4.92219827814224e-16,3.745397745829675e-16)
(RSP) Transition Dipole Moment, <1|y|2>             |    8    |     (1.061434577759726e-16,-1.405894314896881e-17)
(RSP) Transition Dipole Moment, <1|y|2>             |    9    |     (-4.180786700037337e-17,1.832770848510774e-17)

(RSP) Transition Dipole Moment, <1|z|2>             |    0    |     (6.052080795823661e-16,-1.210982152982011e-15)
(RSP) Transition Dipole Moment, <1|z|2>             |    1    |     (-1.696930840663888e-16,-1.016034896824857e-15)
(RSP) Transition Dipole Moment, <1|z|2>             |    2    |     (5.289589645519914e-14,4.923644517670576e-15)
(RSP) Transition Dipole Moment, <1|z|2>             |    3    |     (0.08598370186679208,-0.5496114670873952)
(RSP) Transition Dipole Moment, <1|z|2>             |    4    |     (3.992174933524708e-16,3.246255024480671e-16)
(RSP) Transition Dipole Moment, <1|z|2>             |    5    |     (1.257634403505467e-17,-6.555248526683555e-16)
(RSP) Transition Dipole Moment, <1|z|2>             |    6    |     (1.931589939454147e-16,-3.095022900063791e-15)
(RSP) Transition Dipole Moment, <1|z|2>             |    7    |     (-0.3627216404353796,0.4217807170800288)
(RSP) Transition Dipole Moment, <1|z|2>             |    8    |     (-1.096523184810969e-16,-5.165791804538306e-17)
(RSP) Transition Dipole Moment, <1|z|2>             |    9    |     (7.310593957924728e-16,-4.377168997133001e-16)


==============================================================================================================
(RSP) Transition Moment, <1| pi_coordinate |2>      |  Roots  |              Dipole Moment
==============================================================================================================
(RSP) Transition Moment, <1|pi_x|2>                 |    0    |     (-2.764715539838036e-16,-7.32920668600201e-16)
(RSP) Transition Moment, <1|pi_x|2>                 |    1    |     (-1.593772174437073e-16,2.046313371880603e-16)
(RSP) Transition Moment, <1|pi_x|2>                 |    2    |     (-4.814828004539657e-14,-4.226185121579043e-15)
(RSP) Transition Moment, <1|pi_x|2>                 |    3    |     (-0.07761819497754517,0.4961387924466567)
(RSP) Transition Moment, <1|pi_x|2>                 |    4    |     (3.761139338431499e-16,-6.391169557867555e-16)
(RSP) Transition Moment, <1|pi_x|2>                 |    5    |     (1.148494451358954e-15,4.750951397948206e-16)
(RSP) Transition Moment, <1|pi_x|2>                 |    6    |     (-3.142559996949235e-15,-2.340141969092713e-15)
(RSP) Transition Moment, <1|pi_x|2>                 |    7    |     (-0.4362483007017838,0.507279138002584)
(RSP) Transition Moment, <1|pi_x|2>                 |    8    |     (3.936701366909017e-17,-2.116690038638587e-16)
(RSP) Transition Moment, <1|pi_x|2>                 |    9    |     (7.079343377033515e-18,-4.89449085742633e-17)

(RSP) Transition Moment, <1|pi_y|2>                 |    0    |     (1.106729344116871e-15,-1.264736198322066e-15)
(RSP) Transition Moment, <1|pi_y|2>                 |    1    |     (1.866552376177408e-16,-1.321695705041477e-17)
(RSP) Transition Moment, <1|pi_y|2>                 |    2    |     (2.569639423398394e-17,7.79295414297495e-17)
(RSP) Transition Moment, <1|pi_y|2>                 |    3    |     (8.532661641725031e-16,-1.34735121137394e-15)
(RSP) Transition Moment, <1|pi_y|2>                 |    4    |     (1.926410420072244e-15,2.91325123746855e-16)
(RSP) Transition Moment, <1|pi_y|2>                 |    5    |     (0.457218949624495,0.6865292497761267)
(RSP) Transition Moment, <1|pi_y|2>                 |    6    |     (-2.025128091842029e-15,5.325487792694894e-16)
(RSP) Transition Moment, <1|pi_y|2>                 |    7    |     (6.635541712950108e-16,6.180613970790585e-16)
(RSP) Transition Moment, <1|pi_y|2>                 |    8    |     (-1.729185487528667e-17,-7.203942669859383e-17)
(RSP) Transition Moment, <1|pi_y|2>                 |    9    |     (3.22243548125741e-17,6.413101713860719e-17)

(RSP) Transition Moment, <1|pi_z|2>                 |    0    |     (5.887217796596289e-16,-2.777997016450984e-16)
(RSP) Transition Moment, <1|pi_z|2>                 |    1    |     (-7.65518560955408e-16,-2.81119789637812e-17)
(RSP) Transition Moment, <1|pi_z|2>                 |    2    |     (4.581478547219339e-15,-4.816237641599464e-14)
(RSP) Transition Moment, <1|pi_z|2>                 |    3    |     (-0.4961387924466563,-0.07761819497754416)
(RSP) Transition Moment, <1|pi_z|2>                 |    4    |     (2.134274560120195e-16,-1.856659762675725e-16)
(RSP) Transition Moment, <1|pi_z|2>                 |    5    |     (-7.935264040799254e-16,-7.798400645710235e-17)
(RSP) Transition Moment, <1|pi_z|2>                 |    6    |     (-4.951768162175796e-15,1.25583137638996e-15)
(RSP) Transition Moment, <1|pi_z|2>                 |    7    |     (0.507279138002583,0.4362483007017834)
(RSP) Transition Moment, <1|pi_z|2>                 |    8    |     (-1.526257856611219e-16,-3.643050624225526e-17)
(RSP) Transition Moment, <1|pi_z|2>                 |    9    |     (-3.368896864908613e-16,-5.549015221876703e-16)


==============================================================================================================
(RSP) Electric Dipole Oscillator Strength
(length gauge):            	3.701696687064224e-30	6.397031960204922e-31	3.468394355247727e-27	0.3774445073461095	2.393894599668394e-30	0.4283373073613677	1.281261841687985e-29	0.5012308920423816	3.101593539990313e-32	9.60663169974221e-31	
(magnetic-velocity gauge): 	3.169171096405569e-30	5.618147918895965e-31	3.415249486186637e-27	0.3675741308965903	3.136911049209836e-30	0.4353221492999157	2.74693074762371e-29	0.4913443673821458	3.069624422090399e-32	1.455082943304493e-31	
(mixed gauge):             	(5.099265137840054e-31,-9.497959439014382e-31)	(5.736573715936889e-31,-9.882413985794684e-32)	(3.441661995434087e-27,2.717899593073486e-32)	(0.3724766257759511,-1.017704439239724e-16)	(-1.715746964396274e-30,-1.021636477554728e-30)	(0.4318156056303306,-7.401486830834369e-17)	(1.695565054140705e-29,1.042133501669014e-30)	(0.4962630104722218,-1.665334536937734e-16)	(1.369899830912164e-32,-9.833150903850377e-33)	(3.716533752111266e-31,1.628418354709562e-34)	

