
Running the London Hartree-Fock program at /home/sangita.sen/packages/london/london.x.
Founded by Erik Tellgren, Alessandro Soncini and Trygve Helgaker.
Programming by:
  Erik Tellgren (main programmer)
  Kai Kaarvann Lange
  Andrew M. Teale
  Ulf Ekstrom
  Stella Stopkowicz
  Jon H. Austad


Basis file /home/sangita.sen/packages/london/baslib/aug-cc-pVDZ opened for reading.
User input successfully read from file_y8.inp.

london-input{
  analysis{
    analysis-only = no
    xml-print-potential-basis-overlap = no
    xml-print-potential-basis-kinetic = no
    export-operators = no
    # decypher-density-matrix-file = binary-file, plain-text-file
    # density-matrix-binary-to-text = binary-input-file, text-output-file
    # density-matrix-text-to-binary = text-input-file, binary-output-file
    # density-matrix-for-plotting = filename
    # density-plot-data = {filename,(x0,y0,z0),(x1,y1,z1),(x2,y2,z2),(x3,y3,z3),(N1xN2xN3),precision=N,scolon={y/n},fields{rho,grad(rho),jp,j,A,B,rho2nu,rho2omega,tau_p,tau_pi,laplacian(rho),grad(rho)^2,jp^2,tau_tensor}}
    # streamline-data = {filename,(x0,y0,z0),(x1,y1,z1),(x2,y2,z2),(x3,y3,z3),(N1xN2xN3),precision=N,scolon={y/n},fields{rho,grad(rho),jp,j,A,B,rho2nu,rho2omega,tau_p,tau_pi,laplacian(rho),grad(rho)^2,jp^2,tau_tensor}}
    # vortexline-data = {filename,(x0,y0,z0),(x1,y1,z1),(x2,y2,z2),(x3,y3,z3),(N1xN2xN3),precision=N,scolon={y/n},fields{rho,grad(rho),jp,j,A,B,rho2nu,rho2omega,tau_p,tau_pi,laplacian(rho),grad(rho)^2,jp^2,tau_tensor}}
    # current-through-plane = {density_matrix_file,(x0,y0,z0),(x1,y1,z1),(x2,y2,z2),(x3,y3,z3),(N1xN2xN3),precision=N,scolon={y/n},fields{rho,grad(rho),jp,j,A,B,rho2nu,rho2omega,tau_p,tau_pi,laplacian(rho),grad(rho)^2,jp^2,tau_tensor}}
    # linearly-combine-density-matrices = file : 0.6 * infile1, 0.4 * infile2, ...
    # spin-rotate-2c-density-matrix = file : infile, angle_degrees, (ux, uy, uz)
    linear-dependence-tol = 1e-06
    # overlap-for-ci-state-files = file1, file2
  }

  scf{
    spin-symmetry-constraint = Unrestricted Hartree-Fock
    linear-dependence-tol = 1e-10
    uhf-spin-projection = 0
    disable-spin-zeeman-in-fock-matrix = no
    noisy-init-guess = no
    # density-matrix-input-file = 
    # density-matrix-output-file = 
    # density-plot-data = {filename,(x0,y0,z0),(x1,y1,z1),(x2,y2,z2),(x3,y3,z3),(N1xN2xN3),precision=N,scolon={y/n},fields{rho,grad(rho),jp,j,A,B,rho2nu,rho2omega,tau_p,tau_pi,laplacian(rho),grad(rho)^2,jp^2,tau_tensor}}
    # molecular-orbitals-to-plot = (1,2,3,...)
    min-scf-iterations = 0
    max-scf-iterations = 160
    use-density-fitting = no
    use-admm = no
    analyze-using-dft-grid = no

    diis{
      convergence-tolerance = 1e-10
      subspace-dimension = 7
      diagonalization-temperature = 0
    }
  }

  casscf{
    max-active-orbitals = 2000
    number-of-frozen-orbitals = 0
    number-of-states-in-casscf-optimization = 1
    number-of-ci-states = 1
    spin-projection = default
    num-1exc-init-vec = 0
    num-2exc-init-vec = 0
    use-noisy-init-vec = no
    ci-max-subspace-dim = default
    ci-convergence-tol = 1e-06
    # density-matrix-input-file = 
    # density-matrix-output-file = 
    # ci-states-output-file = 
    # density-plot-data = {filename,(x0,y0,z0),(x1,y1,z1),(x2,y2,z2),(x3,y3,z3),(N1xN2xN3),precision=N,scolon={y/n},fields{rho,grad(rho),jp,j,A,B,rho2nu,rho2omega,tau_p,tau_pi,laplacian(rho),grad(rho)^2,jp^2,tau_tensor}}
    # analysis-weights = (w0, w1, ...)
  }

  mp2{
    spin-projection = default
    number-of-weights = 8
    basis-functions-per-block = 20
    cs-tolerance = 0
    print-mp2-components = 0
    # density-matrix-input-file = 
    # density-matrix-output-file = 
    #property-request = relaxed-density-matrix
  }

  rsp{
    number-of-roots-requested = 10
    root-selection-method = energy
    excitation-basis = MObasis
    starting-guess = UnitGuess
    solver_choice = GenEig
    method_choice = RPA
    precondition = false
    initial-subspace-dimension = 100
    maximum-subspace-dimension = 800
    convergence-tolerance = 1e-10
    max-rsp-iterations = 200
    # density-matrix-input-file = 
    # density-matrix-output-file = 
  }

  coupled-cluster{
    truncation-level = CCSD
    property-request = off
    spin-projection = default
    max-it = 150
    write-t-amplitudes = yes
    read-t-amplitudes = no
    # density-matrix-output-file = 
    # memory-in-gb = 
    # interface = 
    # molecular-orbitals-to-freeze = (1,3,5,...)
    diis{
      convergence-tolerance = 1e-06
      subspace-dimension = 7
      diagonalization-temperature = 0
    }
  }

  finite-difference{
    run-finite-difference = false
    run-type = gradient
    use-ref-density = false
    step-size = 0.0005
  }

  system{
    molecular-charge = 0
    correlation-model = RSP

    hamiltonian{
      electron-mass = 1
      speed-of-light = 137.036
      adiabatic-connection-lambda = 1
      nuclear-charge-distribution = point charge

      magnetic-field = (0, 0.8, 0)
      gauge-origin = (0, 0, 0.1173)

      linear-magnetic-field = {(0, 0, 0), (0, 0, 0), (0, 0, 0)}
      linear-magnetic-origin = (0, 0, 0)

      electric-field = (0, 0, 0)
      electric-origin = (0, 0, 0)
      linear-electric-field = {(0, 0, 0), (0, 0, 0), (0, 0, 0)}

      include-basis-expanded-scalar-potential = no
      scalar-potential-coefficients = (empty)
      include-basis-expanded-vector-potential = no
      vector-potential-coefficients-x = (empty)
      vector-potential-coefficients-y = (empty)
      vector-potential-coefficients-z = (empty)
      include-repulsion-from-external-density = no
      external-charge-density-scale-factor = 1
      include-coulomb-distance-to-external-density = no
      external-charge-density-distance-factor = 1
      # external-charge-density-file = filename
      # lieb-ref-density-file = filename
      # potential-plot-data = {filename,(x0,y0,z0),(x1,y1,z1),(x2,y2,z2),(x3,y3,z3),(N1xN2xN3),precision=N,scolon={y/n},fields{rho,grad(rho),jp,j,A,B,rho2nu,rho2omega,tau_p,tau_pi,laplacian(rho),grad(rho)^2,jp^2,tau_tensor}}

      integral{
        use-coulomb-integral-permutation-symmetry = yes
        use-cauchy-schwarz-screening = yes
        cauchy-schwarz-tol = 1e-15
        boys-function-tol = 1e-17
      }

      dft{
        # xc-functional = 0.7 * lda + 0.54 * lyp
        # xc-fun-parameter = {param1 = 0.1, param2 = 0.2, param3 = 0.3}
        jp-functional = none
        vrg-functional = none
        tau-correction = none
        vrg-hard-rs-cutoff = 62035.049
        vrg-soft-density-cutoff = 1e-14
        exact-exchange-fraction = default
        # gridfile = 
        radial-grid-type = LMG
        allow-grid-pruning = yes
        gc2-radial-grid-threshold = 1e-13
        lebedev-angular-target-degree = 35
        lebedev-angular-minimal-degree = 15
        weight-screen-threshold = 1e-20
        becke-hardness = 3
        allow-becke-atom-size-correction = yes
      }
    }

    # data on state flags lost, output incomplete here
    use-london-orbitals = yes
    gto-contraction-type = all, normalizedprimitive
    basis = aug-cc-pVDZ
    # density-fitting-basis = 
    # admm-basis = 
    # scalar-potential-basis = 
    # vector-potential-basis = 
    # if you really want to: # orbital-wave-vector-offset = (0, 0, 0)
    charge = 2
    He            0            0            0
  }
}

Basis set information:
The orbital basis consists of 11 basis functions formed from linear combinations of 11 primitive basis functions.
The density-fitting basis consists of 0 basis functions formed from linear combinations of 0 primitive basis functions.
The scalar potential basis consists of 0 basis functions formed from linear combinations of 0 primitive basis functions.
The vector potential basis consists of 0 basis functions formed from linear combinations of 0 primitive basis functions.
UHF Spin type 2

RSP: Running Hartree-Fock to determine orbital space.
RSP: run scf2


SCF: Running SCF optimization.

SCF: The SCF basis contains 11 basis functions.
 Fock build F = F(D) performed in 0 seconds (with 0 seconds used for Coulomb and exchange).
SCF-SD: Initial density by diagonalizing the one-electron part of the Fock matrix.
Initial trace: Tr(D) = (2,2.76852e-34)

SCF iteration 1:       [wall time: Tue Dec 14 18:54:04 2021]
SCF: using a fraction 1 of Hartree-Fock exchange.
DevINFO: screened away 100 out of 637 symmetry unique quadruples ABCD.
 Fock build F = F(D) performed in 0 seconds (with 0 seconds used for Coulomb and exchange).
 Total energy: -2.633505037 Hartree
 Fock matrix inversion D = D(Fmix) performed in 0 seconds.
  Nuclear repulsion:  0
  Kinetic:            4.213437282
  Nuclear attraction: -8.124022987
  Spin Zeeman effect: -8.881784197e-17
  Coulomb:            2.554161337
  Exchange:           -1.277080668
  Total:              -2.633505037

 Ehomo(Down) = -1.124535817, Elumo(Down) = 0.09313913914
 Ehomo( Up ) = -0.3245358167, Elumo( Up ) = 0.8931391391
 DIIS error norm: 1.070656543

SCF iteration 2:       [wall time: Tue Dec 14 18:54:04 2021]
SCF: using a fraction 1 of Hartree-Fock exchange.
DevINFO: screened away 102 out of 637 symmetry unique quadruples ABCD.
 Fock build F = F(D) performed in 0 seconds (with 0 seconds used for Coulomb and exchange).
 Total energy: -2.735841046 Hartree
 Fock matrix inversion D = D(Fmix) performed in 0 seconds.
  Nuclear repulsion:  0
  Kinetic:            3.245440785
  Nuclear attraction: -7.073384231
  Spin Zeeman effect: -8.881784197e-17
  Coulomb:            2.184204801
  Exchange:           -1.0921024
  Total:              -2.735841046

 Ehomo(Down) = -1.228308779, Elumo(Down) = 0.06612538168
 Ehomo( Up ) = -0.4283087789, Elumo( Up ) = 0.8661253817
 DIIS error norm: 0.09139057802

SCF iteration 3:       [wall time: Tue Dec 14 18:54:04 2021]
SCF: using a fraction 1 of Hartree-Fock exchange.
DevINFO: screened away 102 out of 637 symmetry unique quadruples ABCD.
 Fock build F = F(D) performed in 0 seconds (with 0 seconds used for Coulomb and exchange).
 Total energy: -2.736922594 Hartree
 Fock matrix inversion D = D(Fmix) performed in 0 seconds.
  Nuclear repulsion:  0
  Kinetic:            3.165705785
  Nuclear attraction: -6.975951983
  Spin Zeeman effect: -8.881784197e-17
  Coulomb:            2.146647208
  Exchange:           -1.073323604
  Total:              -2.736922594

 Ehomo(Down) = -1.232223438, Elumo(Down) = 0.06406239416
 Ehomo( Up ) = -0.432223438, Elumo( Up ) = 0.8640623942
 DIIS error norm: 0.008760611291

SCF iteration 4:       [wall time: Tue Dec 14 18:54:04 2021]
SCF: using a fraction 1 of Hartree-Fock exchange.
DevINFO: screened away 100 out of 637 symmetry unique quadruples ABCD.
 Fock build F = F(D) performed in 0 seconds (with 0 seconds used for Coulomb and exchange).
 Total energy: -2.736928963 Hartree
 Fock matrix inversion D = D(Fmix) performed in 0 seconds.
  Nuclear repulsion:  0
  Kinetic:            3.162522077
  Nuclear attraction: -6.971662802
  Spin Zeeman effect: 1.776356839e-16
  Coulomb:            2.144423523
  Exchange:           -1.072211762
  Total:              -2.736928963

 Ehomo(Down) = -1.232378157, Elumo(Down) = 0.06404668879
 Ehomo( Up ) = -0.4323781565, Elumo( Up ) = 0.8640466888
 DIIS error norm: 0.0001940764014

SCF iteration 5:       [wall time: Tue Dec 14 18:54:04 2021]
SCF: using a fraction 1 of Hartree-Fock exchange.
DevINFO: screened away 102 out of 637 symmetry unique quadruples ABCD.
 Fock build F = F(D) performed in 0 seconds (with 0 seconds used for Coulomb and exchange).
 Total energy: -2.736928969 Hartree
 Fock matrix inversion D = D(Fmix) performed in 0 seconds.
  Nuclear repulsion:  0
  Kinetic:            3.162418936
  Nuclear attraction: -6.971530422
  Spin Zeeman effect: 0
  Coulomb:            2.144365034
  Exchange:           -1.072182517
  Total:              -2.736928969

 Ehomo(Down) = -1.232372923, Elumo(Down) = 0.06404469668
 Ehomo( Up ) = -0.432372923, Elumo( Up ) = 0.8640446967
 DIIS error norm: 1.195223026e-05

SCF iteration 6:       [wall time: Tue Dec 14 18:54:04 2021]
SCF: using a fraction 1 of Hartree-Fock exchange.
DevINFO: screened away 100 out of 637 symmetry unique quadruples ABCD.
 Fock build F = F(D) performed in 0 seconds (with 0 seconds used for Coulomb and exchange).
 Total energy: -2.736928969 Hartree
 Fock matrix inversion D = D(Fmix) performed in 0 seconds.
  Nuclear repulsion:  0
  Kinetic:            3.162421716
  Nuclear attraction: -6.971533525
  Spin Zeeman effect: 8.881784197e-17
  Coulomb:            2.144365679
  Exchange:           -1.072182839
  Total:              -2.736928969

 Ehomo(Down) = -1.232373078, Elumo(Down) = 0.06404471446
 Ehomo( Up ) = -0.4323730777, Elumo( Up ) = 0.8640447145
 DIIS error norm: 1.200364522e-07

SCF iteration 7:       [wall time: Tue Dec 14 18:54:04 2021]
SCF: using a fraction 1 of Hartree-Fock exchange.
DevINFO: screened away 100 out of 637 symmetry unique quadruples ABCD.
 Fock build F = F(D) performed in 0 seconds (with 0 seconds used for Coulomb and exchange).
 Total energy: -2.736928969 Hartree
 Fock matrix inversion D = D(Fmix) performed in 0 seconds.
  Nuclear repulsion:  0
  Kinetic:            3.162421607
  Nuclear attraction: -6.971533391
  Spin Zeeman effect: 0
  Coulomb:            2.144365629
  Exchange:           -1.072182814
  Total:              -2.736928969

 Ehomo(Down) = -1.232373077, Elumo(Down) = 0.06404471437
 Ehomo( Up ) = -0.4323730775, Elumo( Up ) = 0.8640447144
 DIIS error norm: 5.715884179e-10

SCF iteration 8:       [wall time: Tue Dec 14 18:54:04 2021]
SCF: using a fraction 1 of Hartree-Fock exchange.
DevINFO: screened away 100 out of 637 symmetry unique quadruples ABCD.
 Fock build F = F(D) performed in 0 seconds (with 0 seconds used for Coulomb and exchange).
 Total energy: -2.736928969 Hartree
 Fock matrix inversion D = D(Fmix) performed in 0 seconds.
  Nuclear repulsion:  0
  Kinetic:            3.162421608
  Nuclear attraction: -6.971533392
  Spin Zeeman effect: -8.881784197e-17
  Coulomb:            2.144365629
  Exchange:           -1.072182815
  Total:              -2.736928969

 Ehomo(Down) = -1.232373077, Elumo(Down) = 0.06404471437
 Ehomo( Up ) = -0.4323730775, Elumo( Up ) = 0.8640447144
 DIIS error norm: 1.253743942e-14

Converged SCF results:
-----------------------
(pre-RSP) Nuclear repulsion:  0
(pre-RSP) Kinetic:            3.16242160759368
(pre-RSP) Nuclear attraction: -6.971533391622735
(pre-RSP) Spin Zeeman effect: -8.881784197001253e-17
(pre-RSP) Coulomb:            2.144365629115626
(pre-RSP) Exchange:           -1.072182814557813
(pre-RSP) Total electronic:   -2.736928969471242
(pre-RSP) Total:              -2.736928969471242

(pre-RSP) E(LUMO, Down): 0.06404471437409306
(pre-RSP) E(HOMO, Down): -1.232373077456715
(pre-RSP) E(GAP, Down):  1.296417791830808

(pre-RSP) E(LUMO,  Up ): 0.8640447143740981
(pre-RSP) E(HOMO,  Up ): -0.4323730774567137
(pre-RSP) E(GAP,  Up ):  1.296417791830812

Orbital energies (Eorb), orbital contributions to the total energy (Econtrib), and reflection symmetry properties for the molecular orbitals:

Orbital analysis (pre-RSP)
    Eorb      Econtrib  Occ  Reflection(xy)  Reflection(xz)  Reflection(yz)
---------------------------------------------------------------------------
Spin Down
  -1.23237    -1.56846   1  (1.0000,-0.0000)  (1.0000,-0.0000)  (0.9985,0.0000)
 0.0640447   -0.233428   0  (-0.0000,0.0000)  (1.0000,0.0000)  (0.0044,-0.0000)
  0.303677   0.0129397   0  (1.0000,-0.0000)  (-1.0000,0.0000)  (0.9956,0.0000)
  0.479847    0.288816   0  (1.0000,-0.0000)  (1.0000,-0.0000)  (0.9835,-0.0000)
  0.864045    0.566572   0  (0.0000,0.0000)  (1.0000,-0.0000)  (0.0044,0.0000)
   1.38273     1.00458   0  (1.0000,0.0000)  (1.0000,0.0000)  (0.9883,0.0000)
   2.36978     1.71838   0  (-0.0000,0.0000)  (1.0000,-0.0000)  (0.0016,-0.0000)
   2.71242     2.05428   0  (1.0000,-0.0000)  (-1.0000,0.0000)  (0.9985,-0.0000)
   3.16978     2.51838   0  (0.0000,-0.0000)  (1.0000,0.0000)  (0.0016,-0.0000)
   8.51355     7.54815   0  (1.0000,-0.0000)  (1.0000,-0.0000)  (0.9985,0.0000)
     62.19     60.8285   0  (1.0000,-0.0000)  (1.0000,-0.0000)  (0.9998,-0.0000)
Spin Up
 -0.432373    -1.16846   1  (1.0000,0.0000)  (1.0000,0.0000)  (0.9985,-0.0000)
  0.864045    0.166572   0  (0.0000,0.0000)  (1.0000,-0.0000)  (0.0044,0.0000)
   1.10368     0.41294   0  (1.0000,-0.0000)  (-1.0000,-0.0000)  (0.9956,0.0000)
   1.27985    0.688816   0  (1.0000,-0.0000)  (1.0000,-0.0000)  (0.9835,-0.0000)
   1.66404    0.966572   0  (-0.0000,-0.0000)  (1.0000,0.0000)  (0.0044,0.0000)
   2.18273     1.40458   0  (1.0000,0.0000)  (1.0000,0.0000)  (0.9883,-0.0000)
   3.16978     2.11838   0  (-0.0000,0.0000)  (1.0000,0.0000)  (0.0016,0.0000)
   3.51242     2.45428   0  (1.0000,0.0000)  (-1.0000,-0.0000)  (0.9985,0.0000)
   3.96978     2.91838   0  (0.0000,-0.0000)  (1.0000,-0.0000)  (0.0016,0.0000)
   9.31355     7.94815   0  (1.0000,-0.0000)  (1.0000,-0.0000)  (0.9985,-0.0000)
     62.99     61.2285   0  (1.0000,-0.0000)  (1.0000,0.0000)  (0.9998,-0.0000)


Properties:
-----------
Spin-projection on field: <sigma_B> = <2 S_B> = -2.220446049250313e-16
Spin-projection squared: <sigma_B> = <4 S_B^2> = -1.998401444325282e-15
Total spin: <sigma^2> = <4 S^2> = -4.218847493575595e-15 = 4 * -1.054711873393899e-15 * (-1.054711873393899e-15 + 1)
Total spin quantum number: s = -1.054711873393899e-15


(SCF) Traces of the SCF 1-electron density matrix with simple operators
(SCF) Mechanical/kinetic momentum:
(SCF)     <PIx> = -1.000919898435436e-16
(SCF)     <PIy> = 3.458017799038634e-19
(SCF)     <PIz> = -3.254513128813174e-17
(SCF)     B x pi = (-2.603610503050539e-17, 0, 8.007359187483489e-17)
(SCF) Angular momentum w.r.t. gauge origin (0, 0, 0.1173):
(SCF)     <Lx> = 4.056254878272472e-20
(SCF)     <Ly> = 0.5614916328891036
(SCF)     <Lz> = 5.203648563682315e-33
(SCF) Coordinate derivative contribution to angular momentum w.r.t. C = (0, 0, 0.1173):
(SCF)     <Lcoord_x> = 4.056254878271874e-20
(SCF)     <Lcoord_y> = -0.01100743200000001
(SCF)     <Lcoord_z> = 7.352972718430989e-19
(SCF) Dipole moment:
(SCF)     <x> = 2.243597009704609e-16
(SCF)     <y> = -1.567129735385964e-17
(SCF)     <z> = -1.11798520748954e-16
(SCF) Nuclear dipole moment:
(SCF)     <X> = 0
(SCF)     <Y> = 0
(SCF)     <Z> = 0
(SCF) Total dipole moment: (-2.243597009704609e-16, 1.567129735385964e-17, 1.11798520748954e-16)
(SCF) Coordinate derivative contribution to angular momentum w.r.t. center of charge (1.121798504852304e-16, -7.835648676929816e-18, -5.589926037447697e-17):
(SCF)     <Lambda_x> = -4.020261761386491e-33
(SCF)     <Lambda_y> = -8.449618888254645e-33
(SCF)     <Lambda_z> = 4.770414606604856e-33
(SCF) Electronic quadrupole moments w.r.t. center of electronic charge at (1.121798504852304e-16, -7.835648676929816e-18, -5.589926037447697e-17):
(SCF)         x         y          z
(SCF) x: 0.7018645411113796  -1.321446375085328e-32  8.289118625287449e-33
(SCF) y: -1.321446375085328e-32  0.7018645411113796  -1.841270183376532e-33
(SCF) z: 8.289118625287449e-33  -1.841270183376532e-33  0.7018645411113797
(SCF) Magnetic quadrupole moments w.r.t. C = (0, 0, 0):
(SCF)         x         y          z
(SCF) Jx: -2.005821972570756e-18  1.106001060468235e-17  4.788973047444558e-20
(SCF) Jy: -6.841784562197158e-17  4.011643945141513e-18  4.186653703653535e-17
(SCF) Jz: -4.788973047444557e-20  -1.800320045612433e-17  -2.005821972570756e-18
(SCF) Anapole moment w.r.t. C = (0, 0, 0):
(SCF)     a_x = -5.986973749265968e-17
(SCF)     a_y = 9.577946094889114e-20
(SCF)     a_z = -7.947785622665392e-17
(SCF) Hellmann-Feynman forces:
(SCF) H-F force on He at pos = (0, 0, 0):   F = (-4.981854008263291e-16, -6.777124307845413e-18, 3.680837691399799e-16)
(SCF) Total H-F force on center of mass:   Ftot = (-4.981854008263291e-16, -6.777124307845413e-18, 3.680837691399799e-16)
(SCF) Scaling pressure w.r.t. center of charge:   7.640887106428061e-32
(SCF) Total H-F torque w.r.t. center of charge: (3.263011334935472e-33, 1.344338675260885e-32, 4.663862568424495e-33)
(SCF) Nuclear shielding integrals:
(SCF) He at C = (0, 0, 0):
(SCF)    <Lx/|r - C|^3> = -1.145064757879866e-33
(SCF)    <Ly/|r - C|^3> = 0.9295377855496975
(SCF)    <Lz/|r - C|^3> = 3.248905583052963e-33
 
MULLIKEN POPULATION ANALYSIS FOR SUM OF SPIN UP AND SPIN DOWN DENSITY MATRIX

(SCF) Mulliken decomposition of traces of SCF 1-electron density matrix with simple operators

(SCF) Mulliken populations:
(SCF) Nucleus #1 (He):  2.000000000000001   [narrow def.],   2.000000000000001   [wide def.]

(SCF) Total mechanical momentum: <pi> = (-1.000919898435436e-16, 3.458017799038635e-19, -3.254513128813174e-17)

(SCF) Mulliken momenta:
(SCF) Nucleus #1 (He):  (-1.000919898435436e-16, 3.458017799038635e-19, -3.254513128813174e-17)   [narrow def.],   (-1.000919898435436e-16, 3.458017799038635e-19, -3.254513128813174e-17)   [wide def.]

(SCF) Mulliken bond momenta:
(SCF) Nucleus #1 (He):   
 
MULLIKEN POPULATION ANALYSIS FOR SPIN DOWN DENSITY MATRIX:

(SCF) Mulliken decomposition of traces of SCF 1-electron density matrix with simple operators

(SCF) Mulliken populations:
(SCF) Nucleus #1 (He):  1.000000000000001   [narrow def.],   1.000000000000001   [wide def.]

(SCF) Total mechanical momentum: <pi> = (7.924844431747718e-18, -1.696480842049472e-19, -2.522439723528741e-17)

(SCF) Mulliken momenta:
(SCF) Nucleus #1 (He):  (7.924844431747718e-18, -1.696480842049472e-19, -2.522439723528741e-17)   [narrow def.],   (7.924844431747718e-18, -1.696480842049472e-19, -2.522439723528741e-17)   [wide def.]

(SCF) Mulliken bond momenta:
(SCF) Nucleus #1 (He):   
 
MULLIKEN POPULATION ANALYSIS FOR SPIN UP DENSITY MATRIX:

(SCF) Mulliken decomposition of traces of SCF 1-electron density matrix with simple operators

(SCF) Mulliken populations:
(SCF) Nucleus #1 (He):  1   [narrow def.],   1   [wide def.]

(SCF) Total mechanical momentum: <pi> = (-1.080168342752913e-16, 5.154498641088106e-19, -7.320734052844324e-18)

(SCF) Mulliken momenta:
(SCF) Nucleus #1 (He):  (-1.080168342752913e-16, 5.154498641088106e-19, -7.320734052844324e-18)   [narrow def.],   (-1.080168342752913e-16, 5.154498641088106e-19, -7.320734052844324e-18)   [wide def.]

(SCF) Mulliken bond momenta:
(SCF) Nucleus #1 (He):   
 

Orbital symmetry properties for SCF:
                          Inversion           Rot180X           Rot180Y           Rot180Z            ReflXY            ReflXZ            ReflYZ
  can.orb. [Down] 0   (0.9985,-0.0000)   (1.0000,0.0000)   (0.9985,-0.0000)   (0.9985,-0.0000)   (1.0000,0.0000)   (1.0000,0.0000)   (0.9985,-0.0000) 
  can.orb. [Down] 1   (-0.9913,0.0000)   (-0.0000,-0.0000)   (-0.9913,0.0000)   (0.0044,0.0000)   (-0.0000,-0.0000)   (1.0000,-0.0000)   (0.0044,0.0000) 
  can.orb. [Down] 2   (-0.9956,0.0000)   (-1.0000,-0.0000)   (0.9956,-0.0000)   (-0.9956,0.0000)   (1.0000,0.0000)   (-1.0000,-0.0000)   (0.9956,-0.0000) 
  can.orb. [Down] 3   (0.9835,0.0000)   (1.0000,-0.0000)   (0.9835,0.0000)   (0.9835,0.0000)   (1.0000,-0.0000)   (1.0000,-0.0000)   (0.9835,0.0000) 
  can.orb. [Down] 4   (-0.9913,0.0000)   (0.0000,-0.0000)   (-0.9913,0.0000)   (0.0044,-0.0000)   (0.0000,-0.0000)   (1.0000,0.0000)   (0.0044,-0.0000) 
  can.orb. [Down] 5   (0.9883,0.0000)   (1.0000,-0.0000)   (0.9883,0.0000)   (0.9883,0.0000)   (1.0000,-0.0000)   (1.0000,-0.0000)   (0.9883,0.0000) 
  can.orb. [Down] 6   (-0.9968,0.0000)   (-0.0000,-0.0000)   (-0.9968,0.0000)   (0.0016,0.0000)   (-0.0000,-0.0000)   (1.0000,-0.0000)   (0.0016,0.0000) 
  can.orb. [Down] 7   (-0.9985,-0.0000)   (-1.0000,0.0000)   (0.9985,0.0000)   (-0.9985,-0.0000)   (1.0000,-0.0000)   (-1.0000,0.0000)   (0.9985,0.0000) 
  can.orb. [Down] 8   (-0.9968,0.0000)   (0.0000,-0.0000)   (-0.9968,0.0000)   (0.0016,-0.0000)   (0.0000,-0.0000)   (1.0000,-0.0000)   (0.0016,-0.0000) 
  can.orb. [Down] 9   (0.9985,-0.0000)   (1.0000,-0.0000)   (0.9985,-0.0000)   (0.9985,-0.0000)   (1.0000,-0.0000)   (1.0000,-0.0000)   (0.9985,-0.0000) 
  can.orb. [Down] 10   (0.9998,-0.0000)   (1.0000,-0.0000)   (0.9998,-0.0000)   (0.9998,-0.0000)   (1.0000,-0.0000)   (1.0000,-0.0000)   (0.9998,-0.0000) 



Orbital properties for SCF:
                           Lcoord_x          Lcoord_y          Lcoord_z               x^2               y^2               z^2
  can.orb. [Down] 0   (-0.0000,0.0000)   (-0.0055,-0.0000)   (0.0000,0.0000)   (0.3509,-0.0000)   (0.3509,0.0000)   (0.3509,-0.0000) 
  can.orb. [Down] 1   (-0.0000,-0.0000)   (-1.0055,-0.0000)   (-0.0000,0.0000)   (1.9857,-0.0000)   (0.9929,-0.0000)   (1.9857,-0.0000) 
  can.orb. [Down] 2   (-0.0000,0.0000)   (-0.0055,0.0000)   (0.0000,0.0000)   (1.0113,0.0000)   (3.0340,0.0000)   (1.0113,0.0000) 
  can.orb. [Down] 3   (0.0000,-0.0000)   (-0.0055,0.0000)   (0.0000,0.0000)   (3.7691,-0.0000)   (3.7691,-0.0000)   (3.7691,-0.0000) 
  can.orb. [Down] 4   (0.0000,-0.0000)   (0.9945,0.0000)   (-0.0000,0.0000)   (1.9857,-0.0000)   (0.9929,0.0000)   (1.9857,-0.0000) 
  can.orb. [Down] 5   (-0.0000,0.0000)   (-0.0055,0.0000)   (-0.0000,0.0000)   (2.6861,0.0000)   (2.6861,0.0000)   (2.6861,-0.0000) 
  can.orb. [Down] 6   (-0.0000,0.0000)   (-1.0055,-0.0000)   (0.0000,0.0000)   (0.7359,0.0000)   (0.3679,-0.0000)   (0.7359,0.0000) 
  can.orb. [Down] 7   (0.0000,-0.0000)   (-0.0055,-0.0000)   (-0.0000,0.0000)   (0.3495,0.0000)   (1.0485,-0.0000)   (0.3495,0.0000) 
  can.orb. [Down] 8   (-0.0000,-0.0000)   (0.9945,-0.0000)   (0.0000,-0.0000)   (0.7359,-0.0000)   (0.3679,-0.0000)   (0.7359,0.0000) 
  can.orb. [Down] 9   (-0.0000,-0.0000)   (-0.0055,0.0000)   (0.0000,0.0000)   (0.3369,0.0000)   (0.3369,-0.0000)   (0.3369,-0.0000) 
  can.orb. [Down] 10   (0.0000,-0.0000)   (-0.0055,0.0000)   (0.0000,-0.0000)   (0.0466,-0.0000)   (0.0466,-0.0000)   (0.0466,-0.0000) 



Orbital symmetry properties for SCF:
                          Inversion           Rot180X           Rot180Y           Rot180Z            ReflXY            ReflXZ            ReflYZ
  can.orb. [ Up ] 0   (0.9985,0.0000)   (1.0000,0.0000)   (0.9985,0.0000)   (0.9985,0.0000)   (1.0000,0.0000)   (1.0000,-0.0000)   (0.9985,0.0000) 
  can.orb. [ Up ] 1   (-0.9913,-0.0000)   (0.0000,0.0000)   (-0.9913,-0.0000)   (0.0044,-0.0000)   (0.0000,0.0000)   (1.0000,0.0000)   (0.0044,-0.0000) 
  can.orb. [ Up ] 2   (-0.9956,-0.0000)   (-1.0000,-0.0000)   (0.9956,0.0000)   (-0.9956,-0.0000)   (1.0000,0.0000)   (-1.0000,-0.0000)   (0.9956,0.0000) 
  can.orb. [ Up ] 3   (0.9835,0.0000)   (1.0000,0.0000)   (0.9835,0.0000)   (0.9835,0.0000)   (1.0000,0.0000)   (1.0000,0.0000)   (0.9835,0.0000) 
  can.orb. [ Up ] 4   (-0.9913,0.0000)   (-0.0000,0.0000)   (-0.9913,0.0000)   (0.0044,-0.0000)   (-0.0000,0.0000)   (1.0000,0.0000)   (0.0044,-0.0000) 
  can.orb. [ Up ] 5   (0.9883,-0.0000)   (1.0000,0.0000)   (0.9883,-0.0000)   (0.9883,-0.0000)   (1.0000,0.0000)   (1.0000,0.0000)   (0.9883,-0.0000) 
  can.orb. [ Up ] 6   (-0.9968,0.0000)   (-0.0000,-0.0000)   (-0.9968,0.0000)   (0.0016,-0.0000)   (-0.0000,-0.0000)   (1.0000,-0.0000)   (0.0016,-0.0000) 
  can.orb. [ Up ] 7   (-0.9985,0.0000)   (-1.0000,0.0000)   (0.9985,-0.0000)   (-0.9985,0.0000)   (1.0000,-0.0000)   (-1.0000,0.0000)   (0.9985,-0.0000) 
  can.orb. [ Up ] 8   (-0.9968,0.0000)   (0.0000,-0.0000)   (-0.9968,0.0000)   (0.0016,0.0000)   (0.0000,-0.0000)   (1.0000,0.0000)   (0.0016,0.0000) 
  can.orb. [ Up ] 9   (0.9985,0.0000)   (1.0000,-0.0000)   (0.9985,0.0000)   (0.9985,0.0000)   (1.0000,-0.0000)   (1.0000,-0.0000)   (0.9985,0.0000) 
  can.orb. [ Up ] 10   (0.9998,-0.0000)   (1.0000,0.0000)   (0.9998,-0.0000)   (0.9998,-0.0000)   (1.0000,0.0000)   (1.0000,0.0000)   (0.9998,-0.0000) 



Orbital properties for SCF:
                           Lcoord_x          Lcoord_y          Lcoord_z               x^2               y^2               z^2
  can.orb. [ Up ] 0   (0.0000,0.0000)   (-0.0055,0.0000)   (-0.0000,-0.0000)   (0.3509,-0.0000)   (0.3509,-0.0000)   (0.3509,0.0000) 
  can.orb. [ Up ] 1   (-0.0000,0.0000)   (-1.0055,0.0000)   (-0.0000,0.0000)   (1.9857,-0.0000)   (0.9929,-0.0000)   (1.9857,0.0000) 
  can.orb. [ Up ] 2   (0.0000,0.0000)   (-0.0055,0.0000)   (0.0000,0.0000)   (1.0113,0.0000)   (3.0340,-0.0000)   (1.0113,0.0000) 
  can.orb. [ Up ] 3   (-0.0000,0.0000)   (-0.0055,-0.0000)   (-0.0000,-0.0000)   (3.7691,0.0000)   (3.7691,0.0000)   (3.7691,0.0000) 
  can.orb. [ Up ] 4   (-0.0000,0.0000)   (0.9945,0.0000)   (-0.0000,-0.0000)   (1.9857,-0.0000)   (0.9929,-0.0000)   (1.9857,-0.0000) 
  can.orb. [ Up ] 5   (0.0000,-0.0000)   (-0.0055,-0.0000)   (0.0000,-0.0000)   (2.6861,0.0000)   (2.6861,0.0000)   (2.6861,0.0000) 
  can.orb. [ Up ] 6   (-0.0000,0.0000)   (-1.0055,-0.0000)   (0.0000,-0.0000)   (0.7359,0.0000)   (0.3679,-0.0000)   (0.7359,-0.0000) 
  can.orb. [ Up ] 7   (0.0000,-0.0000)   (-0.0055,0.0000)   (-0.0000,0.0000)   (0.3495,0.0000)   (1.0485,-0.0000)   (0.3495,0.0000) 
  can.orb. [ Up ] 8   (-0.0000,0.0000)   (0.9945,-0.0000)   (-0.0000,0.0000)   (0.7359,-0.0000)   (0.3679,-0.0000)   (0.7359,-0.0000) 
  can.orb. [ Up ] 9   (-0.0000,0.0000)   (-0.0055,0.0000)   (-0.0000,-0.0000)   (0.3369,0.0000)   (0.3369,0.0000)   (0.3369,0.0000) 
  can.orb. [ Up ] 10   (-0.0000,0.0000)   (-0.0055,0.0000)   (-0.0000,-0.0000)   (0.0466,-0.0000)   (0.0466,-0.0000)   (0.0466,0.0000) 


RSP: done run scf2
Number of alpha MOs = 1
Number of beta  MOs = 1


RSP: Hartree-Fock orbitals have been obtained. 
RSP: Hartree-Fock final energy = -2.736928969471242
Entering response module
No. of electrons: (2.000000000000003,6.515336039926315e-33)
DevINFO: screened away 102 out of 637 symmetry unique quadruples ABCD.
Recomputed final SCF electronic energy (-2.736928969471232,2.065296763576465e-35) (-1.664746154913418,-7.443046925751801e-35) (1.072182814557815,-9.508343689328266e-35)
unit_vectors():   MO Single-transition excitations in total.
Constructing start guesses for RPA-solver using the 100 lowest ones.
(No spin mixing allowed for UHF excitation operator)
(spin down)1 <- 0 : 1.296417791830808
(spin down)2 <- 0 : 1.536050046937915
(spin down)3 <- 0 : 1.712220563974624
(spin down)4 <- 0 : 2.096417791830808
(spin down)5 <- 0 : 2.61509977309379
(spin down)6 <- 0 : 3.602153931569941
(spin down)7 <- 0 : 3.944791621185207
(spin down)8 <- 0 : 4.402153931569941
(spin down)9 <- 0 : 9.745919920220999
(spin down)10 <- 0 : 63.42234807070106
(spin up)1 <- 0 : 1.296417791830812
(spin up)2 <- 0 : 1.536050046937914
(spin up)3 <- 0 : 1.712220563974608
(spin up)4 <- 0 : 2.096417791830811
(spin up)5 <- 0 : 2.615099773093797
(spin up)6 <- 0 : 3.602153931569945
(spin up)7 <- 0 : 3.944791621185208
(spin up)8 <- 0 : 4.402153931569942
(spin up)9 <- 0 : 9.74591992022099
(spin up)10 <- 0 : 63.42234807070106
Made 20 starting vectors 
DevINFO: screened away 141 out of 637 symmetry unique quadruples ABCD.
DevINFO: screened away 148 out of 637 symmetry unique quadruples ABCD.
DevINFO: screened away 92 out of 637 symmetry unique quadruples ABCD.
DevINFO: screened away 122 out of 637 symmetry unique quadruples ABCD.
DevINFO: screened away 88 out of 637 symmetry unique quadruples ABCD.
DevINFO: screened away 142 out of 637 symmetry unique quadruples ABCD.
DevINFO: screened away 175 out of 637 symmetry unique quadruples ABCD.
DevINFO: screened away 147 out of 637 symmetry unique quadruples ABCD.
DevINFO: screened away 102 out of 637 symmetry unique quadruples ABCD.
DevINFO: screened away 102 out of 637 symmetry unique quadruples ABCD.
DevINFO: screened away 150 out of 637 symmetry unique quadruples ABCD.
DevINFO: screened away 158 out of 637 symmetry unique quadruples ABCD.
DevINFO: screened away 97 out of 637 symmetry unique quadruples ABCD.
DevINFO: screened away 144 out of 637 symmetry unique quadruples ABCD.
DevINFO: screened away 100 out of 637 symmetry unique quadruples ABCD.
DevINFO: screened away 158 out of 637 symmetry unique quadruples ABCD.
DevINFO: screened away 165 out of 637 symmetry unique quadruples ABCD.
DevINFO: screened away 161 out of 637 symmetry unique quadruples ABCD.
DevINFO: screened away 102 out of 637 symmetry unique quadruples ABCD.
DevINFO: screened away 102 out of 637 symmetry unique quadruples ABCD.
The Davidson solver is about to start.
-------
Davidson step #0, 40 RPA trial vectors already in subspace.
The Davidson solver converged to a solution. 1 iterations and 0 restarts were needed.
==============================================================================================================
The Final eigenvalues from the Davidson method
==============================================================================================================
(RSP) 	 Excitation Energy 	0.7570087477245646	0.8666558599316754	1.007514807297224	1.108349842621966	1.210149525679171	1.400993193045677	1.55700874772456	1.666655859931675	2.032321232205905	2.223163981349551	
==============================================================================================================
Root: 0	 with energy 0.7570087477245646
==============================================================================================================
1 Up <-- Up 0 C^2 :  0.4952626185534783 C : (-0.1548846697576114,0.6864935233689784)
1 Down <-- Down 0 C^2 :  0.4952626185534643 C : (0.1947954172306146,-0.6762524410154948)
==============================================================================================================
Root: 1	 with energy 0.8666558599316754
==============================================================================================================
1 Up <-- Up 0 C^2 :  0.4995004628776548 C : (0.6881790866760067,-0.1609658583036542)
1 Down <-- Down 0 C^2 :  0.4995004628776665 C : (0.6964198921699699,-0.1204151014932677)
==============================================================================================================
Root: 2	 with energy 1.007514807297224
==============================================================================================================
2 Up <-- Up 0 C^2 :  0.4960058049126684 C : (0.6801188855708429,-0.182877298762157)
2 Down <-- Down 0 C^2 :  0.4960058049126836 C : (-0.6793359842918221,0.1857644351293996)
==============================================================================================================
Root: 3	 with energy 1.108349842621966
==============================================================================================================
2 Up <-- Up 0 C^2 :  0.4995338893615028 C : (-0.5501640710351192,-0.4436816249334282)
2 Down <-- Down 0 C^2 :  0.4995338893614914 C : (-0.5520436335951,-0.4413408161144972)
==============================================================================================================
Root: 4	 with energy 1.210149525679171
==============================================================================================================
3 Up <-- Up 0 C^2 :  0.4521895432885296 C : (-0.4961170029533393,-0.4539355269959886)
3 Down <-- Down 0 C^2 :  0.4521895432885248 C : (-0.4961170029533356,-0.4539355269959875)
==============================================================================================================
Root: 5	 with energy 1.400993193045677
==============================================================================================================
3 Up <-- Up 0 C^2 :  0.4961120503952138 C : (-0.568497725920921,-0.4158393752615972)
3 Down <-- Down 0 C^2 :  0.4961120503952247 C : (0.5684977259209284,0.4158393752616001)
==============================================================================================================
Root: 6	 with energy 1.55700874772456
==============================================================================================================
4 Up <-- Up 0 C^2 :  0.4952626185534672 C : (0.4908373778608446,-0.5043226021587351)
4 Down <-- Down 0 C^2 :  0.4952626185534755 C : (0.4109815120468076,-0.5712764788692033)
==============================================================================================================
Root: 7	 with energy 1.666655859931675
==============================================================================================================
4 Up <-- Up 0 C^2 :  0.4995004628776619 C : (0.4484842640874958,0.5462255282788961)
4 Down <-- Down 0 C^2 :  0.4995004628776595 C : (-0.5242296303516437,-0.4740081829874231)
==============================================================================================================
Root: 8	 with energy 2.032321232205905
==============================================================================================================
5 Up <-- Up 0 C^2 :  0.4532271737753008 C : (0.6046411036262314,0.2960343047367211)
5 Down <-- Down 0 C^2 :  0.4532271737753183 C : (-0.6046411036262425,-0.2960343047367281)
==============================================================================================================
Root: 9	 with energy 2.223163981349551
==============================================================================================================
5 Up <-- Up 0 C^2 :  0.4962126285021692 C : (-0.4670909690475025,0.5272937086069153)
5 Down <-- Down 0 C^2 :  0.4962126285021727 C : (-0.4670909690475041,0.5272937086069172)
==============================================================================================================
==============================================================================================================
(RSP) Transition Dipole Moment, <1| coordinate |2>  |  Roots  |              Dipole Moment
==============================================================================================================
(RSP) Transition Dipole Moment, <1|x|2>             |    0    |     (-3.028827189055505e-15,2.603169416137696e-15)
(RSP) Transition Dipole Moment, <1|x|2>             |    1    |     (0.2824275648813702,0.4385125219531818)
(RSP) Transition Dipole Moment, <1|x|2>             |    2    |     (3.560073567717116e-16,5.14841527821715e-17)
(RSP) Transition Dipole Moment, <1|x|2>             |    3    |     (-3.660069681933244e-17,-3.002034091273206e-16)
(RSP) Transition Dipole Moment, <1|x|2>             |    4    |     (5.340279600999941e-17,-2.859836310410803e-16)
(RSP) Transition Dipole Moment, <1|x|2>             |    5    |     (1.236331483897626e-15,-2.11122618939377e-15)
(RSP) Transition Dipole Moment, <1|x|2>             |    6    |     (-2.223048134464278e-15,-1.703498453409225e-15)
(RSP) Transition Dipole Moment, <1|x|2>             |    7    |     (-0.4246549491721946,0.3028642195078856)
(RSP) Transition Dipole Moment, <1|x|2>             |    8    |     (4.941580260683925e-17,-3.856914239513437e-16)
(RSP) Transition Dipole Moment, <1|x|2>             |    9    |     (-9.459827066267177e-16,-8.595379415576319e-16)

(RSP) Transition Dipole Moment, <1|y|2>             |    0    |     (-9.989544611993846e-17,1.347979759928014e-16)
(RSP) Transition Dipole Moment, <1|y|2>             |    1    |     (3.425729096048702e-16,6.682289356917643e-18)
(RSP) Transition Dipole Moment, <1|y|2>             |    2    |     (7.223388553967425e-15,2.860125331016761e-15)
(RSP) Transition Dipole Moment, <1|y|2>             |    3    |     (0.5531347366557954,0.4714451094207051)
(RSP) Transition Dipole Moment, <1|y|2>             |    4    |     (2.776689263364373e-17,-3.016621049104934e-16)
(RSP) Transition Dipole Moment, <1|y|2>             |    5    |     (1.199509245644216e-16,1.585937457810788e-16)
(RSP) Transition Dipole Moment, <1|y|2>             |    6    |     (-1.713345948932641e-16,-1.252876519598106e-16)
(RSP) Transition Dipole Moment, <1|y|2>             |    7    |     (1.181965262089232e-16,8.955458679882732e-17)
(RSP) Transition Dipole Moment, <1|y|2>             |    8    |     (1.021937838403108e-17,9.435793366222169e-17)
(RSP) Transition Dipole Moment, <1|y|2>             |    9    |     (1.811484542823309e-16,-2.051774670036728e-16)

(RSP) Transition Dipole Moment, <1|z|2>             |    0    |     (-2.591851793519401e-15,-2.653703394845087e-15)
(RSP) Transition Dipole Moment, <1|z|2>             |    1    |     (-0.4385125219531817,0.2824275648813701)
(RSP) Transition Dipole Moment, <1|z|2>             |    2    |     (-5.070585283128641e-16,1.972815359585794e-16)
(RSP) Transition Dipole Moment, <1|z|2>             |    3    |     (3.552990731519467e-16,3.660669369522796e-16)
(RSP) Transition Dipole Moment, <1|z|2>             |    4    |     (-2.009591670355938e-16,1.05113498923564e-16)
(RSP) Transition Dipole Moment, <1|z|2>             |    5    |     (-2.000756111428918e-15,-1.225581874194621e-15)
(RSP) Transition Dipole Moment, <1|z|2>             |    6    |     (-1.364174406725859e-15,1.987068899868995e-15)
(RSP) Transition Dipole Moment, <1|z|2>             |    7    |     (0.3028642195078862,0.4246549491721954)
(RSP) Transition Dipole Moment, <1|z|2>             |    8    |     (-3.593088573232325e-16,-4.826011631965857e-17)
(RSP) Transition Dipole Moment, <1|z|2>             |    9    |     (-9.26667163353291e-16,8.70259902828168e-16)


==============================================================================================================
(RSP) Transition Moment, <1| pi_coordinate |2>      |  Roots  |              Dipole Moment
==============================================================================================================
(RSP) Transition Moment, <1|pi_x|2>                 |    0    |     (1.574559710046386e-15,3.510429794073566e-15)
(RSP) Transition Moment, <1|pi_x|2>                 |    1    |     (0.3465272613031903,-0.2231837078196817)
(RSP) Transition Moment, <1|pi_x|2>                 |    2    |     (5.075309312693932e-17,-3.465966585493556e-16)
(RSP) Transition Moment, <1|pi_x|2>                 |    3    |     (-3.651106268309994e-16,1.345845040778067e-16)
(RSP) Transition Moment, <1|pi_x|2>                 |    4    |     (-6.845790291165007e-16,-3.259027463212209e-16)
(RSP) Transition Moment, <1|pi_x|2>                 |    5    |     (-3.268714101446656e-15,-1.792778989829982e-15)
(RSP) Transition Moment, <1|pi_x|2>                 |    6    |     (-1.976500560441075e-15,3.256075964408467e-15)
(RSP) Transition Moment, <1|pi_x|2>                 |    7    |     (0.481624811434627,0.675300503150106)
(RSP) Transition Moment, <1|pi_x|2>                 |    8    |     (-1.636421120539151e-17,-8.612900029037494e-18)
(RSP) Transition Moment, <1|pi_x|2>                 |    9    |     (-1.529661740708808e-15,1.490105685299493e-15)

(RSP) Transition Moment, <1|pi_y|2>                 |    0    |     (2.557700447343721e-16,1.80569581426716e-16)
(RSP) Transition Moment, <1|pi_y|2>                 |    1    |     (3.340736824067154e-17,-6.532493924388449e-16)
(RSP) Transition Moment, <1|pi_y|2>                 |    2    |     (3.486143665409891e-15,-7.579874228280659e-15)
(RSP) Transition Moment, <1|pi_y|2>                 |    3    |     (0.5514608498483785,-0.6470152004157528)
(RSP) Transition Moment, <1|pi_y|2>                 |    4    |     (-1.387892445586647e-16,-2.391188674270118e-16)
(RSP) Transition Moment, <1|pi_y|2>                 |    5    |     (2.816888319571686e-16,-1.534822963270462e-16)
(RSP) Transition Moment, <1|pi_y|2>                 |    6    |     (-3.57046430183115e-16,1.211163731630169e-16)
(RSP) Transition Moment, <1|pi_y|2>                 |    7    |     (3.150826956296518e-16,-6.528740715939911e-17)
(RSP) Transition Moment, <1|pi_y|2>                 |    8    |     (3.291584236189531e-16,-5.560056189630084e-17)
(RSP) Transition Moment, <1|pi_y|2>                 |    9    |     (-4.544513458840531e-16,-4.219481870870602e-16)

(RSP) Transition Moment, <1|pi_z|2>                 |    0    |     (-2.59167687310935e-15,1.557781681427173e-15)
(RSP) Transition Moment, <1|pi_z|2>                 |    1    |     (0.2231837078196816,0.3465272613031903)
(RSP) Transition Moment, <1|pi_z|2>                 |    2    |     (9.279072795134062e-17,4.180235449892362e-16)
(RSP) Transition Moment, <1|pi_z|2>                 |    3    |     (3.998149037092697e-16,-1.676700711996385e-16)
(RSP) Transition Moment, <1|pi_z|2>                 |    4    |     (-2.740117931814186e-16,4.282665831013862e-16)
(RSP) Transition Moment, <1|pi_z|2>                 |    5    |     (-1.85428588512496e-15,3.290828935199169e-15)
(RSP) Transition Moment, <1|pi_z|2>                 |    6    |     (2.926912184841868e-15,1.997534082587293e-15)
(RSP) Transition Moment, <1|pi_z|2>                 |    7    |     (0.6753005031501067,-0.4816248114346274)
(RSP) Transition Moment, <1|pi_z|2>                 |    8    |     (1.713501136027227e-17,1.005345676671468e-16)
(RSP) Transition Moment, <1|pi_z|2>                 |    9    |     (1.341464652847449e-15,1.357311864635757e-15)


==============================================================================================================
(RSP) Electric Dipole Oscillator Strength
(length gauge):            	1.500808811768562e-29	0.3143748618771262	4.08265683002526e-29	0.3903006149871661	1.838160302355492e-31	1.076934847569577e-29	1.42189330907244e-29	0.6045706606126574	3.951368265394311e-31	4.927517933587849e-30	
(magnetic-velocity gauge): 	2.11744379115057e-29	0.261375736501798	4.626152018782481e-29	0.4347229912983606	5.012031125237882e-31	1.345206869981003e-29	1.164955725488057e-29	0.5503981516395603	4.007879126979193e-32	2.574909536578501e-30	
(mixed gauge):             	(1.713261814087233e-29,-4.634210789060526e-30)	(0.2866530325337321,4.718447854656915e-16)	(4.338630452480648e-29,-2.358681466838016e-30)	(0.4119134021281786,3.700743415417185e-17)	(2.12634210276566e-31,-1.500037013810298e-31)	(1.202484908661088e-29,3.800074492417806e-31)	(1.28078834846735e-29,7.536302051922687e-31)	(0.576848831269263,-1.850371707708596e-17)	(4.91067227723462e-32,6.91857325851698e-33)	(3.546196123301978e-30,-7.240341897725161e-32)	

