
Running the London Hartree-Fock program at /home/sangita.sen/packages/london/london.x.
Founded by Erik Tellgren, Alessandro Soncini and Trygve Helgaker.
Programming by:
  Erik Tellgren (main programmer)
  Kai Kaarvann Lange
  Andrew M. Teale
  Ulf Ekstrom
  Stella Stopkowicz
  Jon H. Austad


Basis file /home/sangita.sen/packages/london/baslib/aug-cc-pVDZ opened for reading.
User input successfully read from file_y10.inp.

london-input{
  analysis{
    analysis-only = no
    xml-print-potential-basis-overlap = no
    xml-print-potential-basis-kinetic = no
    export-operators = no
    # decypher-density-matrix-file = binary-file, plain-text-file
    # density-matrix-binary-to-text = binary-input-file, text-output-file
    # density-matrix-text-to-binary = text-input-file, binary-output-file
    # density-matrix-for-plotting = filename
    # density-plot-data = {filename,(x0,y0,z0),(x1,y1,z1),(x2,y2,z2),(x3,y3,z3),(N1xN2xN3),precision=N,scolon={y/n},fields{rho,grad(rho),jp,j,A,B,rho2nu,rho2omega,tau_p,tau_pi,laplacian(rho),grad(rho)^2,jp^2,tau_tensor}}
    # streamline-data = {filename,(x0,y0,z0),(x1,y1,z1),(x2,y2,z2),(x3,y3,z3),(N1xN2xN3),precision=N,scolon={y/n},fields{rho,grad(rho),jp,j,A,B,rho2nu,rho2omega,tau_p,tau_pi,laplacian(rho),grad(rho)^2,jp^2,tau_tensor}}
    # vortexline-data = {filename,(x0,y0,z0),(x1,y1,z1),(x2,y2,z2),(x3,y3,z3),(N1xN2xN3),precision=N,scolon={y/n},fields{rho,grad(rho),jp,j,A,B,rho2nu,rho2omega,tau_p,tau_pi,laplacian(rho),grad(rho)^2,jp^2,tau_tensor}}
    # current-through-plane = {density_matrix_file,(x0,y0,z0),(x1,y1,z1),(x2,y2,z2),(x3,y3,z3),(N1xN2xN3),precision=N,scolon={y/n},fields{rho,grad(rho),jp,j,A,B,rho2nu,rho2omega,tau_p,tau_pi,laplacian(rho),grad(rho)^2,jp^2,tau_tensor}}
    # linearly-combine-density-matrices = file : 0.6 * infile1, 0.4 * infile2, ...
    # spin-rotate-2c-density-matrix = file : infile, angle_degrees, (ux, uy, uz)
    linear-dependence-tol = 1e-06
    # overlap-for-ci-state-files = file1, file2
  }

  scf{
    spin-symmetry-constraint = Unrestricted Hartree-Fock
    linear-dependence-tol = 1e-10
    uhf-spin-projection = 0
    disable-spin-zeeman-in-fock-matrix = no
    noisy-init-guess = no
    # density-matrix-input-file = 
    # density-matrix-output-file = 
    # density-plot-data = {filename,(x0,y0,z0),(x1,y1,z1),(x2,y2,z2),(x3,y3,z3),(N1xN2xN3),precision=N,scolon={y/n},fields{rho,grad(rho),jp,j,A,B,rho2nu,rho2omega,tau_p,tau_pi,laplacian(rho),grad(rho)^2,jp^2,tau_tensor}}
    # molecular-orbitals-to-plot = (1,2,3,...)
    min-scf-iterations = 0
    max-scf-iterations = 160
    use-density-fitting = no
    use-admm = no
    analyze-using-dft-grid = no

    diis{
      convergence-tolerance = 1e-10
      subspace-dimension = 7
      diagonalization-temperature = 0
    }
  }

  casscf{
    max-active-orbitals = 2000
    number-of-frozen-orbitals = 0
    number-of-states-in-casscf-optimization = 1
    number-of-ci-states = 1
    spin-projection = default
    num-1exc-init-vec = 0
    num-2exc-init-vec = 0
    use-noisy-init-vec = no
    ci-max-subspace-dim = default
    ci-convergence-tol = 1e-06
    # density-matrix-input-file = 
    # density-matrix-output-file = 
    # ci-states-output-file = 
    # density-plot-data = {filename,(x0,y0,z0),(x1,y1,z1),(x2,y2,z2),(x3,y3,z3),(N1xN2xN3),precision=N,scolon={y/n},fields{rho,grad(rho),jp,j,A,B,rho2nu,rho2omega,tau_p,tau_pi,laplacian(rho),grad(rho)^2,jp^2,tau_tensor}}
    # analysis-weights = (w0, w1, ...)
  }

  mp2{
    spin-projection = default
    number-of-weights = 8
    basis-functions-per-block = 20
    cs-tolerance = 0
    print-mp2-components = 0
    # density-matrix-input-file = 
    # density-matrix-output-file = 
    #property-request = relaxed-density-matrix
  }

  rsp{
    number-of-roots-requested = 10
    root-selection-method = energy
    excitation-basis = MObasis
    starting-guess = UnitGuess
    solver_choice = GenEig
    method_choice = RPA
    precondition = false
    initial-subspace-dimension = 100
    maximum-subspace-dimension = 800
    convergence-tolerance = 1e-10
    max-rsp-iterations = 200
    # density-matrix-input-file = 
    # density-matrix-output-file = 
  }

  coupled-cluster{
    truncation-level = CCSD
    property-request = off
    spin-projection = default
    max-it = 150
    write-t-amplitudes = yes
    read-t-amplitudes = no
    # density-matrix-output-file = 
    # memory-in-gb = 
    # interface = 
    # molecular-orbitals-to-freeze = (1,3,5,...)
    diis{
      convergence-tolerance = 1e-06
      subspace-dimension = 7
      diagonalization-temperature = 0
    }
  }

  finite-difference{
    run-finite-difference = false
    run-type = gradient
    use-ref-density = false
    step-size = 0.0005
  }

  system{
    molecular-charge = 0
    correlation-model = RSP

    hamiltonian{
      electron-mass = 1
      speed-of-light = 137.036
      adiabatic-connection-lambda = 1
      nuclear-charge-distribution = point charge

      magnetic-field = (0, 1, 0)
      gauge-origin = (0, 0, 0.1173)

      linear-magnetic-field = {(0, 0, 0), (0, 0, 0), (0, 0, 0)}
      linear-magnetic-origin = (0, 0, 0)

      electric-field = (0, 0, 0)
      electric-origin = (0, 0, 0)
      linear-electric-field = {(0, 0, 0), (0, 0, 0), (0, 0, 0)}

      include-basis-expanded-scalar-potential = no
      scalar-potential-coefficients = (empty)
      include-basis-expanded-vector-potential = no
      vector-potential-coefficients-x = (empty)
      vector-potential-coefficients-y = (empty)
      vector-potential-coefficients-z = (empty)
      include-repulsion-from-external-density = no
      external-charge-density-scale-factor = 1
      include-coulomb-distance-to-external-density = no
      external-charge-density-distance-factor = 1
      # external-charge-density-file = filename
      # lieb-ref-density-file = filename
      # potential-plot-data = {filename,(x0,y0,z0),(x1,y1,z1),(x2,y2,z2),(x3,y3,z3),(N1xN2xN3),precision=N,scolon={y/n},fields{rho,grad(rho),jp,j,A,B,rho2nu,rho2omega,tau_p,tau_pi,laplacian(rho),grad(rho)^2,jp^2,tau_tensor}}

      integral{
        use-coulomb-integral-permutation-symmetry = yes
        use-cauchy-schwarz-screening = yes
        cauchy-schwarz-tol = 1e-15
        boys-function-tol = 1e-17
      }

      dft{
        # xc-functional = 0.7 * lda + 0.54 * lyp
        # xc-fun-parameter = {param1 = 0.1, param2 = 0.2, param3 = 0.3}
        jp-functional = none
        vrg-functional = none
        tau-correction = none
        vrg-hard-rs-cutoff = 62035.049
        vrg-soft-density-cutoff = 1e-14
        exact-exchange-fraction = default
        # gridfile = 
        radial-grid-type = LMG
        allow-grid-pruning = yes
        gc2-radial-grid-threshold = 1e-13
        lebedev-angular-target-degree = 35
        lebedev-angular-minimal-degree = 15
        weight-screen-threshold = 1e-20
        becke-hardness = 3
        allow-becke-atom-size-correction = yes
      }
    }

    # data on state flags lost, output incomplete here
    use-london-orbitals = yes
    gto-contraction-type = all, normalizedprimitive
    basis = aug-cc-pVDZ
    # density-fitting-basis = 
    # admm-basis = 
    # scalar-potential-basis = 
    # vector-potential-basis = 
    # if you really want to: # orbital-wave-vector-offset = (0, 0, 0)
    charge = 2
    He            0            0            0
  }
}

Basis set information:
The orbital basis consists of 11 basis functions formed from linear combinations of 11 primitive basis functions.
The density-fitting basis consists of 0 basis functions formed from linear combinations of 0 primitive basis functions.
The scalar potential basis consists of 0 basis functions formed from linear combinations of 0 primitive basis functions.
The vector potential basis consists of 0 basis functions formed from linear combinations of 0 primitive basis functions.
UHF Spin type 2

RSP: Running Hartree-Fock to determine orbital space.
RSP: run scf2


SCF: Running SCF optimization.

SCF: The SCF basis contains 11 basis functions.
 Fock build F = F(D) performed in 0 seconds (with 0 seconds used for Coulomb and exchange).
SCF-SD: Initial density by diagonalizing the one-electron part of the Fock matrix.
Initial trace: Tr(D) = (2,1.20371e-34)

SCF iteration 1:       [wall time: Tue Dec 14 18:54:03 2021]
SCF: using a fraction 1 of Hartree-Fock exchange.
DevINFO: screened away 91 out of 637 symmetry unique quadruples ABCD.
 Fock build F = F(D) performed in 0 seconds (with 0 seconds used for Coulomb and exchange).
 Total energy: -2.575626667 Hartree
 Fock matrix inversion D = D(Fmix) performed in 0 seconds.
  Nuclear repulsion:  0
  Kinetic:            4.333754192
  Nuclear attraction: -8.201868827
  Spin Zeeman effect: 1.110223025e-16
  Coulomb:            2.584975937
  Exchange:           -1.292487968
  Total:              -2.575626667

 Ehomo(Down) = -1.186250866, Elumo(Down) = 0.07414824452
 Ehomo( Up ) = -0.1862508657, Elumo( Up ) = 1.074148245
 DIIS error norm: 1.075738847

SCF iteration 2:       [wall time: Tue Dec 14 18:54:03 2021]
SCF: using a fraction 1 of Hartree-Fock exchange.
DevINFO: screened away 98 out of 637 symmetry unique quadruples ABCD.
 Fock build F = F(D) performed in 0 seconds (with 0 seconds used for Coulomb and exchange).
 Total energy: -2.674251605 Hartree
 Fock matrix inversion D = D(Fmix) performed in 0 seconds.
  Nuclear repulsion:  0
  Kinetic:            3.397354589
  Nuclear attraction: -7.185576241
  Spin Zeeman effect: -2.220446049e-16
  Coulomb:            2.227940095
  Exchange:           -1.113970047
  Total:              -2.674251605

 Ehomo(Down) = -1.286488951, Elumo(Down) = 0.04716195231
 Ehomo( Up ) = -0.2864889514, Elumo( Up ) = 1.047161952
 DIIS error norm: 0.0912366667

SCF iteration 3:       [wall time: Tue Dec 14 18:54:03 2021]
SCF: using a fraction 1 of Hartree-Fock exchange.
DevINFO: screened away 98 out of 637 symmetry unique quadruples ABCD.
 Fock build F = F(D) performed in 0 seconds (with 0 seconds used for Coulomb and exchange).
 Total energy: -2.675287787 Hartree
 Fock matrix inversion D = D(Fmix) performed in 0 seconds.
  Nuclear repulsion:  0
  Kinetic:            3.320244269
  Nuclear attraction: -7.091350846
  Spin Zeeman effect: 2.220446049e-16
  Coulomb:            2.191637578
  Exchange:           -1.095818789
  Total:              -2.675287787

 Ehomo(Down) = -1.290137828, Elumo(Down) = 0.04519741359
 Ehomo( Up ) = -0.2901378276, Elumo( Up ) = 1.045197414
 DIIS error norm: 0.008414183934

SCF iteration 4:       [wall time: Tue Dec 14 18:54:03 2021]
SCF: using a fraction 1 of Hartree-Fock exchange.
DevINFO: screened away 96 out of 637 symmetry unique quadruples ABCD.
 Fock build F = F(D) performed in 0 seconds (with 0 seconds used for Coulomb and exchange).
 Total energy: -2.675293279 Hartree
 Fock matrix inversion D = D(Fmix) performed in 0 seconds.
  Nuclear repulsion:  0
  Kinetic:            3.317306667
  Nuclear attraction: -7.087390202
  Spin Zeeman effect: -1.110223025e-16
  Coulomb:            2.189580512
  Exchange:           -1.094790256
  Total:              -2.675293279

 Ehomo(Down) = -1.290265459, Elumo(Down) = 0.04519142069
 Ehomo( Up ) = -0.2902654594, Elumo( Up ) = 1.045191421
 DIIS error norm: 0.0001318499231

SCF iteration 5:       [wall time: Tue Dec 14 18:54:03 2021]
SCF: using a fraction 1 of Hartree-Fock exchange.
DevINFO: screened away 100 out of 637 symmetry unique quadruples ABCD.
 Fock build F = F(D) performed in 0 seconds (with 0 seconds used for Coulomb and exchange).
 Total energy: -2.675293282 Hartree
 Fock matrix inversion D = D(Fmix) performed in 0 seconds.
  Nuclear repulsion:  0
  Kinetic:            3.317224129
  Nuclear attraction: -7.087285655
  Spin Zeeman effect: -1.110223025e-16
  Coulomb:            2.18953649
  Exchange:           -1.094768245
  Total:              -2.675293282

 Ehomo(Down) = -1.290262287, Elumo(Down) = 0.04519029898
 Ehomo( Up ) = -0.2902622866, Elumo( Up ) = 1.045190299
 DIIS error norm: 6.754934153e-06

SCF iteration 6:       [wall time: Tue Dec 14 18:54:03 2021]
SCF: using a fraction 1 of Hartree-Fock exchange.
DevINFO: screened away 97 out of 637 symmetry unique quadruples ABCD.
 Fock build F = F(D) performed in 0 seconds (with 0 seconds used for Coulomb and exchange).
 Total energy: -2.675293282 Hartree
 Fock matrix inversion D = D(Fmix) performed in 0 seconds.
  Nuclear repulsion:  0
  Kinetic:            3.317225903
  Nuclear attraction: -7.08728769
  Spin Zeeman effect: -1.110223025e-16
  Coulomb:            2.18953701
  Exchange:           -1.094768505
  Total:              -2.675293282

 Ehomo(Down) = -1.290262397, Elumo(Down) = 0.04519031232
 Ehomo( Up ) = -0.2902623971, Elumo( Up ) = 1.045190312
 DIIS error norm: 9.012663508e-08

SCF iteration 7:       [wall time: Tue Dec 14 18:54:03 2021]
SCF: using a fraction 1 of Hartree-Fock exchange.
DevINFO: screened away 93 out of 637 symmetry unique quadruples ABCD.
 Fock build F = F(D) performed in 0 seconds (with 0 seconds used for Coulomb and exchange).
 Total energy: -2.675293282 Hartree
 Fock matrix inversion D = D(Fmix) performed in 0 seconds.
  Nuclear repulsion:  0
  Kinetic:            3.317225827
  Nuclear attraction: -7.087287596
  Spin Zeeman effect: -1.110223025e-16
  Coulomb:            2.189536976
  Exchange:           -1.094768488
  Total:              -2.675293282

 Ehomo(Down) = -1.290262397, Elumo(Down) = 0.04519031226
 Ehomo( Up ) = -0.2902623969, Elumo( Up ) = 1.045190312
 DIIS error norm: 4.014146319e-10

SCF iteration 8:       [wall time: Tue Dec 14 18:54:03 2021]
SCF: using a fraction 1 of Hartree-Fock exchange.
DevINFO: screened away 96 out of 637 symmetry unique quadruples ABCD.
 Fock build F = F(D) performed in 0 seconds (with 0 seconds used for Coulomb and exchange).
 Total energy: -2.675293282 Hartree
 Fock matrix inversion D = D(Fmix) performed in 0 seconds.
  Nuclear repulsion:  0
  Kinetic:            3.317225827
  Nuclear attraction: -7.087287596
  Spin Zeeman effect: 0
  Coulomb:            2.189536976
  Exchange:           -1.094768488
  Total:              -2.675293282

 Ehomo(Down) = -1.290262397, Elumo(Down) = 0.04519031226
 Ehomo( Up ) = -0.2902623969, Elumo( Up ) = 1.045190312
 DIIS error norm: 1.569426951e-14

Converged SCF results:
-----------------------
(pre-RSP) Nuclear repulsion:  0
(pre-RSP) Kinetic:            3.317225826964842
(pre-RSP) Nuclear attraction: -7.087287596498034
(pre-RSP) Spin Zeeman effect: 0
(pre-RSP) Coulomb:            2.189536975714608
(pre-RSP) Exchange:           -1.094768487857303
(pre-RSP) Total electronic:   -2.675293281675888
(pre-RSP) Total:              -2.675293281675888

(pre-RSP) E(LUMO, Down): 0.04519031226280441
(pre-RSP) E(HOMO, Down): -1.290262396909291
(pre-RSP) E(GAP, Down):  1.335452709172096

(pre-RSP) E(LUMO,  Up ): 1.045190312262806
(pre-RSP) E(HOMO,  Up ): -0.2902623969092881
(pre-RSP) E(GAP,  Up ):  1.335452709172094

Orbital energies (Eorb), orbital contributions to the total energy (Econtrib), and reflection symmetry properties for the molecular orbitals:

Orbital analysis (pre-RSP)
    Eorb      Econtrib  Occ  Reflection(xy)  Reflection(xz)  Reflection(yz)
---------------------------------------------------------------------------
Spin Down
  -1.29026    -1.58765   1  (1.0000,0.0000)  (1.0000,0.0000)  (0.9977,0.0000)
 0.0451903    -0.21281   0  (0.0000,-0.0000)  (1.0000,0.0000)  (0.0066,0.0000)
  0.298387   0.0524245   0  (1.0000,-0.0000)  (-1.0000,0.0000)  (0.9931,-0.0000)
  0.676583    0.449434   0  (1.0000,0.0000)  (1.0000,0.0000)  (0.9811,-0.0000)
   1.04519     0.78719   0  (-0.0000,-0.0000)  (1.0000,-0.0000)  (0.0066,0.0000)
   1.57382     1.33163   0  (1.0000,-0.0000)  (1.0000,-0.0000)  (0.9751,0.0000)
   2.25137      1.6516   0  (-0.0000,0.0000)  (1.0000,-0.0000)  (0.0027,0.0000)
   2.65797     2.04616   0  (1.0000,-0.0000)  (-1.0000,0.0000)  (0.9975,-0.0000)
   3.25137      2.6516   0  (0.0000,0.0000)  (1.0000,-0.0000)  (0.0027,-0.0000)
   8.47146       7.545   0  (1.0000,0.0000)  (1.0000,0.0000)  (0.9976,0.0000)
   62.1418     60.8065   0  (1.0000,0.0000)  (1.0000,-0.0000)  (0.9997,-0.0000)
Spin Up
 -0.290262    -1.08765   1  (1.0000,0.0000)  (1.0000,0.0000)  (0.9977,-0.0000)
   1.04519     0.28719   0  (0.0000,-0.0000)  (1.0000,-0.0000)  (0.0066,0.0000)
   1.29839    0.552424   0  (1.0000,-0.0000)  (-1.0000,0.0000)  (0.9931,-0.0000)
   1.67658    0.949434   0  (1.0000,-0.0000)  (1.0000,-0.0000)  (0.9811,0.0000)
   2.04519     1.28719   0  (-0.0000,-0.0000)  (1.0000,0.0000)  (0.0066,0.0000)
   2.57382     1.83163   0  (1.0000,0.0000)  (1.0000,0.0000)  (0.9751,-0.0000)
   3.25137      2.1516   0  (-0.0000,0.0000)  (1.0000,0.0000)  (0.0027,-0.0000)
   3.65797     2.54616   0  (1.0000,-0.0000)  (-1.0000,0.0000)  (0.9975,0.0000)
   4.25137      3.1516   0  (0.0000,0.0000)  (1.0000,-0.0000)  (0.0027,0.0000)
   9.47146       8.045   0  (1.0000,-0.0000)  (1.0000,-0.0000)  (0.9976,0.0000)
   63.1418     61.3065   0  (1.0000,-0.0000)  (1.0000,-0.0000)  (0.9997,0.0000)


Properties:
-----------
Spin-projection on field: <sigma_B> = <2 S_B> = 2.220446049250313e-16
Spin-projection squared: <sigma_B> = <4 S_B^2> = -1.77635683940025e-15
Total spin: <sigma^2> = <4 S^2> = -3.996802888650564e-15 = 4 * -9.992007221626409e-16 * (-9.992007221626409e-16 + 1)
Total spin quantum number: s = -9.992007221626409e-16


(SCF) Traces of the SCF 1-electron density matrix with simple operators
(SCF) Mechanical/kinetic momentum:
(SCF)     <PIx> = 3.047628412661235e-16
(SCF)     <PIy> = 3.503578231778343e-19
(SCF)     <PIz> = -9.208513728770471e-17
(SCF)     B x pi = (-9.208513728770471e-17, 0, -3.047628412661235e-16)
(SCF) Angular momentum w.r.t. gauge origin (0, 0, 0.1173):
(SCF)     <Lx> = 4.109697265875705e-20
(SCF)     <Ly> = 0.668904889392789
(SCF)     <Lz> = -3.372086206608865e-33
(SCF) Coordinate derivative contribution to angular momentum w.r.t. C = (0, 0, 0.1173):
(SCF)     <Lcoord_x> = 4.10969726587619e-20
(SCF)     <Lcoord_y> = -0.01375928999999989
(SCF)     <Lcoord_z> = -2.442482217287855e-18
(SCF) Dipole moment:
(SCF)     <x> = 1.467695000968852e-16
(SCF)     <y> = 4.164505059314358e-17
(SCF)     <z> = 1.316257748657873e-15
(SCF) Nuclear dipole moment:
(SCF)     <X> = 0
(SCF)     <Y> = 0
(SCF)     <Z> = 0
(SCF) Total dipole moment: (-1.467695000968852e-16, -4.164505059314358e-17, -1.316257748657873e-15)
(SCF) Coordinate derivative contribution to angular momentum w.r.t. center of charge (7.338475004844255e-17, 2.082252529657178e-17, 6.581288743289364e-16):
(SCF)     <Lambda_x> = 2.56828544188062e-33
(SCF)     <Lambda_y> = -1.529784486303871e-31
(SCF)     <Lambda_z> = 1.047078098283622e-32
(SCF) Electronic quadrupole moments w.r.t. center of electronic charge at (7.338475004844255e-17, 2.082252529657178e-17, 6.581288743289364e-16):
(SCF)         x         y          z
(SCF) x: 0.668904889392789  6.646034960044334e-33  5.400955855791102e-32
(SCF) y: 6.646034960044334e-33  0.668904889392789  1.07838397849667e-32
(SCF) z: 5.400955855791102e-32  1.07838397849667e-32  0.6689048893927889
(SCF) Magnetic quadrupole moments w.r.t. C = (0, 0, 0):
(SCF)         x         y          z
(SCF) Jx: 4.151250003994956e-18  1.696520053682043e-17  4.463955378369572e-20
(SCF) Jy: -6.069996026231046e-17  -8.302500007989912e-18  -4.79721259184899e-16
(SCF) Jz: -4.463955378369572e-20  8.126628881735106e-17  4.151250003994956e-18
(SCF) Anapole moment w.r.t. C = (0, 0, 0):
(SCF)     a_x = 5.609875480022501e-16
(SCF)     a_y = 8.927910756739143e-20
(SCF)     a_z = -7.766516079913088e-17
(SCF) Hellmann-Feynman forces:
(SCF) H-F force on He at pos = (0, 0, 0):   F = (-3.638456705041571e-16, -1.024684218988825e-16, -3.219526409195938e-15)
(SCF) Total H-F force on center of mass:   Ftot = (-3.638456705041571e-16, -1.024684218988825e-16, -3.219526409195938e-15)
(SCF) Scaling pressure w.r.t. center of charge:   2.14769766644965e-30
(SCF) Total H-F torque w.r.t. center of charge: (-3.987570601107183e-34, 3.193200745154352e-33, -5.656614921308781e-35)
(SCF) Nuclear shielding integrals:
(SCF) He at C = (0, 0, 0):
(SCF)    <Lx/|r - C|^3> = 1.880332860279837e-34
(SCF)    <Ly/|r - C|^3> = 1.18121459941634
(SCF)    <Lz/|r - C|^3> = 7.638602091873665e-33
 
MULLIKEN POPULATION ANALYSIS FOR SUM OF SPIN UP AND SPIN DOWN DENSITY MATRIX

(SCF) Mulliken decomposition of traces of SCF 1-electron density matrix with simple operators

(SCF) Mulliken populations:
(SCF) Nucleus #1 (He):  2.000000000000001   [narrow def.],   2.000000000000001   [wide def.]

(SCF) Total mechanical momentum: <pi> = (3.047628412661234e-16, 3.503578231778343e-19, -9.208513728770472e-17)

(SCF) Mulliken momenta:
(SCF) Nucleus #1 (He):  (3.047628412661234e-16, 3.503578231778343e-19, -9.208513728770472e-17)   [narrow def.],   (3.047628412661234e-16, 3.503578231778343e-19, -9.208513728770472e-17)   [wide def.]

(SCF) Mulliken bond momenta:
(SCF) Nucleus #1 (He):   
 
MULLIKEN POPULATION ANALYSIS FOR SPIN DOWN DENSITY MATRIX:

(SCF) Mulliken decomposition of traces of SCF 1-electron density matrix with simple operators

(SCF) Mulliken populations:
(SCF) Nucleus #1 (He):  1   [narrow def.],   1   [wide def.]

(SCF) Total mechanical momentum: <pi> = (7.277154878441639e-17, 1.643513634357577e-18, -4.671649836317004e-17)

(SCF) Mulliken momenta:
(SCF) Nucleus #1 (He):  (7.277154878441639e-17, 1.643513634357577e-18, -4.671649836317004e-17)   [narrow def.],   (7.277154878441639e-17, 1.643513634357577e-18, -4.671649836317004e-17)   [wide def.]

(SCF) Mulliken bond momenta:
(SCF) Nucleus #1 (He):   
 
MULLIKEN POPULATION ANALYSIS FOR SPIN UP DENSITY MATRIX:

(SCF) Mulliken decomposition of traces of SCF 1-electron density matrix with simple operators

(SCF) Mulliken populations:
(SCF) Nucleus #1 (He):  1.000000000000001   [narrow def.],   1.000000000000001   [wide def.]

(SCF) Total mechanical momentum: <pi> = (2.319912924817071e-16, -1.293155811179743e-18, -4.536863892453468e-17)

(SCF) Mulliken momenta:
(SCF) Nucleus #1 (He):  (2.319912924817071e-16, -1.293155811179743e-18, -4.536863892453468e-17)   [narrow def.],   (2.319912924817071e-16, -1.293155811179743e-18, -4.536863892453468e-17)   [wide def.]

(SCF) Mulliken bond momenta:
(SCF) Nucleus #1 (He):   
 

Orbital symmetry properties for SCF:
                          Inversion           Rot180X           Rot180Y           Rot180Z            ReflXY            ReflXZ            ReflYZ
  can.orb. [Down] 0   (0.9977,-0.0000)   (1.0000,0.0000)   (0.9977,-0.0000)   (0.9977,-0.0000)   (1.0000,0.0000)   (1.0000,0.0000)   (0.9977,-0.0000) 
  can.orb. [Down] 1   (-0.9867,-0.0000)   (0.0000,-0.0000)   (-0.9867,-0.0000)   (0.0066,-0.0000)   (0.0000,-0.0000)   (1.0000,0.0000)   (0.0066,-0.0000) 
  can.orb. [Down] 2   (-0.9931,-0.0000)   (-1.0000,-0.0000)   (0.9931,0.0000)   (-0.9931,-0.0000)   (1.0000,0.0000)   (-1.0000,-0.0000)   (0.9931,0.0000) 
  can.orb. [Down] 3   (0.9811,-0.0000)   (1.0000,-0.0000)   (0.9811,-0.0000)   (0.9811,-0.0000)   (1.0000,-0.0000)   (1.0000,-0.0000)   (0.9811,-0.0000) 
  can.orb. [Down] 4   (-0.9867,-0.0000)   (-0.0000,-0.0000)   (-0.9867,-0.0000)   (0.0066,0.0000)   (-0.0000,-0.0000)   (1.0000,-0.0000)   (0.0066,0.0000) 
  can.orb. [Down] 5   (0.9751,0.0000)   (1.0000,0.0000)   (0.9751,0.0000)   (0.9751,0.0000)   (1.0000,0.0000)   (1.0000,0.0000)   (0.9751,0.0000) 
  can.orb. [Down] 6   (-0.9947,0.0000)   (-0.0000,-0.0000)   (-0.9947,0.0000)   (0.0027,0.0000)   (-0.0000,-0.0000)   (1.0000,0.0000)   (0.0027,0.0000) 
  can.orb. [Down] 7   (-0.9975,0.0000)   (-1.0000,-0.0000)   (0.9975,-0.0000)   (-0.9975,0.0000)   (1.0000,0.0000)   (-1.0000,-0.0000)   (0.9975,-0.0000) 
  can.orb. [Down] 8   (-0.9947,0.0000)   (0.0000,-0.0000)   (-0.9947,0.0000)   (0.0027,-0.0000)   (0.0000,-0.0000)   (1.0000,-0.0000)   (0.0027,-0.0000) 
  can.orb. [Down] 9   (0.9976,0.0000)   (1.0000,-0.0000)   (0.9976,0.0000)   (0.9976,0.0000)   (1.0000,-0.0000)   (1.0000,-0.0000)   (0.9976,0.0000) 
  can.orb. [Down] 10   (0.9997,-0.0000)   (1.0000,-0.0000)   (0.9997,-0.0000)   (0.9997,-0.0000)   (1.0000,-0.0000)   (1.0000,-0.0000)   (0.9997,-0.0000) 



Orbital properties for SCF:
                           Lcoord_x          Lcoord_y          Lcoord_z               x^2               y^2               z^2
  can.orb. [Down] 0   (0.0000,0.0000)   (-0.0069,0.0000)   (-0.0000,0.0000)   (0.3345,0.0000)   (0.3345,-0.0000)   (0.3345,-0.0000) 
  can.orb. [Down] 1   (0.0000,0.0000)   (-1.0069,0.0000)   (0.0000,0.0000)   (1.9415,-0.0000)   (0.9707,0.0000)   (1.9415,0.0000) 
  can.orb. [Down] 2   (-0.0000,-0.0000)   (-0.0069,-0.0000)   (-0.0000,0.0000)   (1.0026,-0.0000)   (3.0078,0.0000)   (1.0026,-0.0000) 
  can.orb. [Down] 3   (0.0000,0.0000)   (-0.0069,-0.0000)   (-0.0000,-0.0000)   (2.7788,0.0000)   (2.7788,0.0000)   (2.7788,0.0000) 
  can.orb. [Down] 4   (0.0000,-0.0000)   (0.9931,-0.0000)   (0.0000,-0.0000)   (1.9415,-0.0000)   (0.9707,-0.0000)   (1.9415,0.0000) 
  can.orb. [Down] 5   (0.0000,-0.0000)   (-0.0069,0.0000)   (-0.0000,0.0000)   (3.6790,-0.0000)   (3.6790,-0.0000)   (3.6790,-0.0000) 
  can.orb. [Down] 6   (-0.0000,-0.0000)   (-1.0069,0.0000)   (-0.0000,-0.0000)   (0.7801,0.0000)   (0.3901,0.0000)   (0.7801,-0.0000) 
  can.orb. [Down] 7   (0.0000,0.0000)   (-0.0069,0.0000)   (-0.0000,-0.0000)   (0.3582,-0.0000)   (1.0746,-0.0000)   (0.3582,-0.0000) 
  can.orb. [Down] 8   (-0.0000,-0.0000)   (0.9931,-0.0000)   (0.0000,-0.0000)   (0.7801,0.0000)   (0.3901,0.0000)   (0.7801,0.0000) 
  can.orb. [Down] 9   (-0.0000,0.0000)   (-0.0069,0.0000)   (-0.0000,0.0000)   (0.3506,-0.0000)   (0.3506,0.0000)   (0.3506,-0.0000) 
  can.orb. [Down] 10   (-0.0000,0.0000)   (-0.0069,0.0000)   (-0.0000,0.0000)   (0.0468,-0.0000)   (0.0468,-0.0000)   (0.0468,-0.0000) 



Orbital symmetry properties for SCF:
                          Inversion           Rot180X           Rot180Y           Rot180Z            ReflXY            ReflXZ            ReflYZ
  can.orb. [ Up ] 0   (0.9977,0.0000)   (1.0000,0.0000)   (0.9977,0.0000)   (0.9977,0.0000)   (1.0000,0.0000)   (1.0000,0.0000)   (0.9977,0.0000) 
  can.orb. [ Up ] 1   (-0.9867,-0.0000)   (0.0000,-0.0000)   (-0.9867,-0.0000)   (0.0066,0.0000)   (0.0000,-0.0000)   (1.0000,-0.0000)   (0.0066,0.0000) 
  can.orb. [ Up ] 2   (-0.9931,-0.0000)   (-1.0000,-0.0000)   (0.9931,0.0000)   (-0.9931,-0.0000)   (1.0000,0.0000)   (-1.0000,-0.0000)   (0.9931,0.0000) 
  can.orb. [ Up ] 3   (0.9811,0.0000)   (1.0000,-0.0000)   (0.9811,0.0000)   (0.9811,0.0000)   (1.0000,-0.0000)   (1.0000,-0.0000)   (0.9811,0.0000) 
  can.orb. [ Up ] 4   (-0.9867,0.0000)   (-0.0000,-0.0000)   (-0.9867,0.0000)   (0.0066,0.0000)   (-0.0000,-0.0000)   (1.0000,0.0000)   (0.0066,0.0000) 
  can.orb. [ Up ] 5   (0.9751,0.0000)   (1.0000,0.0000)   (0.9751,0.0000)   (0.9751,0.0000)   (1.0000,0.0000)   (1.0000,0.0000)   (0.9751,0.0000) 
  can.orb. [ Up ] 6   (-0.9947,0.0000)   (-0.0000,-0.0000)   (-0.9947,0.0000)   (0.0027,-0.0000)   (-0.0000,-0.0000)   (1.0000,-0.0000)   (0.0027,-0.0000) 
  can.orb. [ Up ] 7   (-0.9975,-0.0000)   (-1.0000,-0.0000)   (0.9975,0.0000)   (-0.9975,-0.0000)   (1.0000,0.0000)   (-1.0000,-0.0000)   (0.9975,0.0000) 
  can.orb. [ Up ] 8   (-0.9947,-0.0000)   (0.0000,-0.0000)   (-0.9947,-0.0000)   (0.0027,0.0000)   (0.0000,-0.0000)   (1.0000,0.0000)   (0.0027,0.0000) 
  can.orb. [ Up ] 9   (0.9976,-0.0000)   (1.0000,0.0000)   (0.9976,-0.0000)   (0.9976,-0.0000)   (1.0000,0.0000)   (1.0000,0.0000)   (0.9976,-0.0000) 
  can.orb. [ Up ] 10   (0.9997,-0.0000)   (1.0000,0.0000)   (0.9997,-0.0000)   (0.9997,-0.0000)   (1.0000,0.0000)   (1.0000,0.0000)   (0.9997,-0.0000) 



Orbital properties for SCF:
                           Lcoord_x          Lcoord_y          Lcoord_z               x^2               y^2               z^2
  can.orb. [ Up ] 0   (-0.0000,0.0000)   (-0.0069,-0.0000)   (-0.0000,0.0000)   (0.3345,0.0000)   (0.3345,0.0000)   (0.3345,-0.0000) 
  can.orb. [ Up ] 1   (-0.0000,-0.0000)   (-1.0069,0.0000)   (-0.0000,0.0000)   (1.9415,0.0000)   (0.9707,0.0000)   (1.9415,-0.0000) 
  can.orb. [ Up ] 2   (-0.0000,-0.0000)   (-0.0069,0.0000)   (0.0000,-0.0000)   (1.0026,-0.0000)   (3.0078,-0.0000)   (1.0026,-0.0000) 
  can.orb. [ Up ] 3   (-0.0000,0.0000)   (-0.0069,0.0000)   (-0.0000,0.0000)   (2.7788,0.0000)   (2.7788,0.0000)   (2.7788,0.0000) 
  can.orb. [ Up ] 4   (0.0000,0.0000)   (0.9931,-0.0000)   (-0.0000,0.0000)   (1.9415,-0.0000)   (0.9707,0.0000)   (1.9415,-0.0000) 
  can.orb. [ Up ] 5   (-0.0000,0.0000)   (-0.0069,0.0000)   (0.0000,-0.0000)   (3.6790,0.0000)   (3.6790,0.0000)   (3.6790,0.0000) 
  can.orb. [ Up ] 6   (-0.0000,0.0000)   (-1.0069,0.0000)   (-0.0000,-0.0000)   (0.7801,-0.0000)   (0.3901,0.0000)   (0.7801,-0.0000) 
  can.orb. [ Up ] 7   (0.0000,0.0000)   (-0.0069,0.0000)   (0.0000,-0.0000)   (0.3582,-0.0000)   (1.0746,0.0000)   (0.3582,0.0000) 
  can.orb. [ Up ] 8   (0.0000,-0.0000)   (0.9931,0.0000)   (0.0000,-0.0000)   (0.7801,0.0000)   (0.3901,-0.0000)   (0.7801,-0.0000) 
  can.orb. [ Up ] 9   (0.0000,-0.0000)   (-0.0069,0.0000)   (0.0000,0.0000)   (0.3506,0.0000)   (0.3506,0.0000)   (0.3506,0.0000) 
  can.orb. [ Up ] 10   (0.0000,-0.0000)   (-0.0069,0.0000)   (0.0000,-0.0000)   (0.0468,0.0000)   (0.0468,0.0000)   (0.0468,0.0000) 


RSP: done run scf2
Number of alpha MOs = 1
Number of beta  MOs = 1


RSP: Hartree-Fock orbitals have been obtained. 
RSP: Hartree-Fock final energy = -2.675293281675888
Entering response module
No. of electrons: (2.000000000000002,1.892619554283557e-32)
DevINFO: screened away 100 out of 637 symmetry unique quadruples ABCD.
Recomputed final SCF electronic energy (-2.675293281675907,5.235131589842782e-32) (-1.5805247938186,5.265726560375992e-32) (1.094768487857306,3.059497053320997e-34)
unit_vectors():   MO Single-transition excitations in total.
Constructing start guesses for RPA-solver using the 100 lowest ones.
(No spin mixing allowed for UHF excitation operator)
(spin down)1 <- 0 : 1.335452709172096
(spin down)2 <- 0 : 1.588649275637476
(spin down)3 <- 0 : 1.966845881155255
(spin down)4 <- 0 : 2.335452709172097
(spin down)5 <- 0 : 2.864079190907198
(spin down)6 <- 0 : 3.541627875704074
(spin down)7 <- 0 : 3.948228097867395
(spin down)8 <- 0 : 4.541627875704075
(spin down)9 <- 0 : 9.761724497001296
(spin down)10 <- 0 : 63.43206028454228
(spin up)1 <- 0 : 1.335452709172094
(spin up)2 <- 0 : 1.588649275637474
(spin up)3 <- 0 : 1.966845881155265
(spin up)4 <- 0 : 2.335452709172096
(spin up)5 <- 0 : 2.864079190907187
(spin up)6 <- 0 : 3.541627875704072
(spin up)7 <- 0 : 3.948228097867394
(spin up)8 <- 0 : 4.541627875704072
(spin up)9 <- 0 : 9.761724497001275
(spin up)10 <- 0 : 63.43206028454229
Made 20 starting vectors 
DevINFO: screened away 136 out of 637 symmetry unique quadruples ABCD.
DevINFO: screened away 174 out of 637 symmetry unique quadruples ABCD.
DevINFO: screened away 90 out of 637 symmetry unique quadruples ABCD.
DevINFO: screened away 118 out of 637 symmetry unique quadruples ABCD.
DevINFO: screened away 91 out of 637 symmetry unique quadruples ABCD.
DevINFO: screened away 144 out of 637 symmetry unique quadruples ABCD.
DevINFO: screened away 162 out of 637 symmetry unique quadruples ABCD.
DevINFO: screened away 151 out of 637 symmetry unique quadruples ABCD.
DevINFO: screened away 96 out of 637 symmetry unique quadruples ABCD.
DevINFO: screened away 102 out of 637 symmetry unique quadruples ABCD.
DevINFO: screened away 133 out of 637 symmetry unique quadruples ABCD.
DevINFO: screened away 164 out of 637 symmetry unique quadruples ABCD.
DevINFO: screened away 93 out of 637 symmetry unique quadruples ABCD.
DevINFO: screened away 125 out of 637 symmetry unique quadruples ABCD.
DevINFO: screened away 85 out of 637 symmetry unique quadruples ABCD.
DevINFO: screened away 131 out of 637 symmetry unique quadruples ABCD.
DevINFO: screened away 175 out of 637 symmetry unique quadruples ABCD.
DevINFO: screened away 144 out of 637 symmetry unique quadruples ABCD.
DevINFO: screened away 101 out of 637 symmetry unique quadruples ABCD.
DevINFO: screened away 102 out of 637 symmetry unique quadruples ABCD.
The Davidson solver is about to start.
-------
Davidson step #0, 40 RPA trial vectors already in subspace.
The Davidson solver converged to a solution. 1 iterations and 0 restarts were needed.
==============================================================================================================
The Final eigenvalues from the Davidson method
==============================================================================================================
(RSP) 	 Excitation Energy 	0.7808686089087175	0.897962763325595	1.053431745437378	1.155199266051424	1.362008988723516	1.614967903914168	1.780868608908714	1.897962763325596	2.386552037865354	2.506167636479433	
==============================================================================================================
Root: 0	 with energy 0.7808686089087175
==============================================================================================================
1 Up <-- Up 0 C^2 :  0.4941466555158243 C : (-0.6883077413270861,-0.1427554158168072)
1 Down <-- Down 0 C^2 :  0.4941466555158805 C : (0.4426345220643345,-0.5460964524630778)
==============================================================================================================
Root: 1	 with energy 0.897962763325595
==============================================================================================================
1 Up <-- Up 0 C^2 :  0.4994094314964564 C : (-0.5572751464732334,0.4345731729176258)
1 Down <-- Down 0 C^2 :  0.4994094314964034 C : (0.1304638593280836,0.6945420166596298)
==============================================================================================================
Root: 2	 with energy 1.053431745437378
==============================================================================================================
2 Up <-- Up 0 C^2 :  0.4955359051746837 C : (0.6083972604173644,0.3541026386393208)
2 Down <-- Down 0 C^2 :  0.4955359051747052 C : (0.7002326765671889,0.07218104905206071)
==============================================================================================================
Root: 3	 with energy 1.155199266051424
==============================================================================================================
2 Up <-- Up 0 C^2 :  0.4995025349733108 C : (-0.3390440036910489,-0.6201223254604328)
2 Down <-- Down 0 C^2 :  0.4995025349732863 C : (0.5643075262037335,0.4255109291699909)
==============================================================================================================
Root: 4	 with energy 1.362008988723516
==============================================================================================================
3 Up <-- Up 0 C^2 :  0.4627870999569528 C : (0.5220183386320438,-0.4362154904273732)
3 Down <-- Down 0 C^2 :  0.4627870999569417 C : (0.5220183386320388,-0.4362154904273666)
==============================================================================================================
Root: 5	 with energy 1.614967903914168
==============================================================================================================
3 Up <-- Up 0 C^2 :  0.4950286698502887 C : (0.6053420970886261,0.358593942144361)
3 Down <-- Down 0 C^2 :  0.4950286698502948 C : (-0.6053420970886295,-0.3585939421443635)
==============================================================================================================
Root: 6	 with energy 1.780868608908714
==============================================================================================================
4 Up <-- Up 0 C^2 :  0.4941466555158583 C : (-0.6695544299192436,-0.2141110013319613)
4 Down <-- Down 0 C^2 :  0.4941466555158464 C : (0.5066891941167425,0.4872501575999464)
==============================================================================================================
Root: 7	 with energy 1.897962763325596
==============================================================================================================
4 Up <-- Up 0 C^2 :  0.4994094314964237 C : (-0.387775198618829,0.5907959265537901)
4 Down <-- Down 0 C^2 :  0.4994094314964361 C : (-0.6084375862058905,0.3594622861836628)
==============================================================================================================
Root: 8	 with energy 2.386552037865354
==============================================================================================================
5 Up <-- Up 0 C^2 :  0.4641020243720716 C : (-0.4336476027413001,-0.5254063008841779)
5 Down <-- Down 0 C^2 :  0.4641020243719752 C : (0.4336476027412649,0.5254063008841153)
==============================================================================================================
Root: 9	 with energy 2.506167636479433
==============================================================================================================
5 Up <-- Up 0 C^2 :  0.4955629428413262 C : (-0.3127971949078469,-0.6306511378718893)
5 Down <-- Down 0 C^2 :  0.4955629428414113 C : (-0.312797194907892,-0.6306511378719344)
==============================================================================================================
==============================================================================================================
(RSP) Transition Dipole Moment, <1| coordinate |2>  |  Roots  |              Dipole Moment
==============================================================================================================
(RSP) Transition Dipole Moment, <1|x|2>             |    0    |     (-7.619772868228125e-15,1.075181610410425e-14)
(RSP) Transition Dipole Moment, <1|x|2>             |    1    |     (-0.2124133283546018,-0.4619525786274259)
(RSP) Transition Dipole Moment, <1|x|2>             |    2    |     (1.871928409112503e-16,2.219414861094158e-16)
(RSP) Transition Dipole Moment, <1|x|2>             |    3    |     (3.256177826650566e-16,-5.17604074513371e-17)
(RSP) Transition Dipole Moment, <1|x|2>             |    4    |     (-1.533668717333149e-16,1.564417206366669e-16)
(RSP) Transition Dipole Moment, <1|x|2>             |    5    |     (-5.731026349790809e-16,1.965969874778948e-15)
(RSP) Transition Dipole Moment, <1|x|2>             |    6    |     (-4.371503159461554e-16,4.479056014972116e-15)
(RSP) Transition Dipole Moment, <1|x|2>             |    7    |     (0.3872327717525859,0.3295002085644528)
(RSP) Transition Dipole Moment, <1|x|2>             |    8    |     (3.558817656468396e-16,-8.880706851994376e-16)
(RSP) Transition Dipole Moment, <1|x|2>             |    9    |     (1.236804227990574e-16,1.548514700926092e-17)

(RSP) Transition Dipole Moment, <1|y|2>             |    0    |     (-3.106452863316954e-17,-2.123952187971617e-16)
(RSP) Transition Dipole Moment, <1|y|2>             |    1    |     (-6.067613548310162e-17,-1.417753948766987e-17)
(RSP) Transition Dipole Moment, <1|y|2>             |    2    |     (5.589279039597272e-15,3.37403716077489e-16)
(RSP) Transition Dipole Moment, <1|y|2>             |    3    |     (0.5243292002723792,0.4661457546732037)
(RSP) Transition Dipole Moment, <1|y|2>             |    4    |     (2.579344712980374e-17,-1.614184792427351e-15)
(RSP) Transition Dipole Moment, <1|y|2>             |    5    |     (1.025345271912594e-15,-1.132772077410555e-16)
(RSP) Transition Dipole Moment, <1|y|2>             |    6    |     (5.178460160603066e-16,1.437518294442808e-16)
(RSP) Transition Dipole Moment, <1|y|2>             |    7    |     (-2.055134242367299e-16,-1.081153551577838e-15)
(RSP) Transition Dipole Moment, <1|y|2>             |    8    |     (3.874764920344845e-17,-5.515479932391849e-17)
(RSP) Transition Dipole Moment, <1|y|2>             |    9    |     (1.098889304708396e-16,-4.452597287574273e-16)

(RSP) Transition Dipole Moment, <1|z|2>             |    0    |     (-1.046733217179086e-14,-7.551582266685368e-15)
(RSP) Transition Dipole Moment, <1|z|2>             |    1    |     (0.4619525786274261,-0.2124133283546018)
(RSP) Transition Dipole Moment, <1|z|2>             |    2    |     (-3.545267088344801e-16,3.165772496377626e-16)
(RSP) Transition Dipole Moment, <1|z|2>             |    3    |     (3.323705750802125e-16,-3.250030619611691e-16)
(RSP) Transition Dipole Moment, <1|z|2>             |    4    |     (2.202133142200231e-16,2.085458014855827e-17)
(RSP) Transition Dipole Moment, <1|z|2>             |    5    |     (2.415728589914393e-15,9.15726910461467e-16)
(RSP) Transition Dipole Moment, <1|z|2>             |    6    |     (4.746302983445057e-15,5.923967938717557e-16)
(RSP) Transition Dipole Moment, <1|z|2>             |    7    |     (0.3295002085644527,-0.3872327717525861)
(RSP) Transition Dipole Moment, <1|z|2>             |    8    |     (-6.308469496628025e-16,-1.639065240989079e-16)
(RSP) Transition Dipole Moment, <1|z|2>             |    9    |     (1.582875453424652e-16,6.490930745189845e-17)


==============================================================================================================
(RSP) Transition Moment, <1| pi_coordinate |2>      |  Roots  |              Dipole Moment
==============================================================================================================
(RSP) Transition Moment, <1|pi_x|2>                 |    0    |     (9.522764521374683e-15,6.519524503589835e-15)
(RSP) Transition Moment, <1|pi_x|2>                 |    1    |     (-0.3556493988560356,0.1635333928923738)
(RSP) Transition Moment, <1|pi_x|2>                 |    2    |     (5.271632083878291e-16,-1.598646085917232e-16)
(RSP) Transition Moment, <1|pi_x|2>                 |    3    |     (2.835007142835769e-17,-4.152171407107393e-16)
(RSP) Transition Moment, <1|pi_x|2>                 |    4    |     (2.466850556488716e-16,-2.738431622108165e-16)
(RSP) Transition Moment, <1|pi_x|2>                 |    5    |     (3.59928722799736e-15,1.160771542956799e-15)
(RSP) Transition Moment, <1|pi_x|2>                 |    6    |     (6.588913442628908e-15,3.483541580195926e-16)
(RSP) Transition Moment, <1|pi_x|2>                 |    7    |     (0.5831767903622567,-0.6853566677168886)
(RSP) Transition Moment, <1|pi_x|2>                 |    8    |     (-1.21466935368264e-15,-4.662060259361511e-16)
(RSP) Transition Moment, <1|pi_x|2>                 |    9    |     (3.064390228718994e-17,-4.627602724249058e-16)

(RSP) Transition Moment, <1|pi_y|2>                 |    0    |     (-2.371705856946908e-16,2.799599699614809e-17)
(RSP) Transition Moment, <1|pi_y|2>                 |    1    |     (5.17685247609287e-17,4.61671685432382e-17)
(RSP) Transition Moment, <1|pi_y|2>                 |    2    |     (1.040617245151587e-15,-9.303755682532611e-15)
(RSP) Transition Moment, <1|pi_y|2>                 |    3    |     (0.575074325868606,-0.6468540330078801)
(RSP) Transition Moment, <1|pi_y|2>                 |    4    |     (-1.782319347808556e-15,-2.644823326275551e-16)
(RSP) Transition Moment, <1|pi_y|2>                 |    5    |     (-3.506337983368842e-16,-6.832429513285138e-16)
(RSP) Transition Moment, <1|pi_y|2>                 |    6    |     (5.135249265879577e-16,-4.652662735044491e-16)
(RSP) Transition Moment, <1|pi_y|2>                 |    7    |     (-1.658521616444156e-15,1.001534789928638e-15)
(RSP) Transition Moment, <1|pi_y|2>                 |    8    |     (3.807208859789167e-16,6.696233593516474e-17)
(RSP) Transition Moment, <1|pi_y|2>                 |    9    |     (-5.993348435603744e-16,4.125046196942877e-16)

(RSP) Transition Moment, <1|pi_z|2>                 |    0    |     (-6.078037378953738e-15,8.696168785071734e-15)
(RSP) Transition Moment, <1|pi_z|2>                 |    1    |     (-0.1635333928923737,-0.3556493988560358)
(RSP) Transition Moment, <1|pi_z|2>                 |    2    |     (1.411288351418598e-16,-1.424409977948485e-17)
(RSP) Transition Moment, <1|pi_z|2>                 |    3    |     (-3.458227871084199e-16,-3.374661391786635e-16)
(RSP) Transition Moment, <1|pi_z|2>                 |    4    |     (-4.423521144702143e-16,-4.516776677301769e-16)
(RSP) Transition Moment, <1|pi_z|2>                 |    5    |     (9.126670109558664e-16,-3.601448794375324e-15)
(RSP) Transition Moment, <1|pi_z|2>                 |    6    |     (3.781697177629439e-16,-6.375108774214766e-15)
(RSP) Transition Moment, <1|pi_z|2>                 |    7    |     (-0.6853566677168887,-0.583176790362256)
(RSP) Transition Moment, <1|pi_z|2>                 |    8    |     (-6.535024805483781e-16,1.561033882033693e-15)
(RSP) Transition Moment, <1|pi_z|2>                 |    9    |     (2.590849472646028e-16,-5.562350751688008e-17)


==============================================================================================================
(RSP) Electric Dipole Oscillator Strength
(length gauge):            	1.77153059635748e-28	0.3095213075233721	2.223730574920892e-29	0.3790693781980615	2.45450552068486e-30	1.284647668726335e-29	5.15504453598235e-29	0.65421411680765	2.139461212339368e-30	4.262767349871396e-31	
(magnetic-velocity gauge): 	2.098604593731141e-28	0.2275219296474562	5.566969251750092e-29	0.4323240398471902	1.85125790702357e-30	1.184560945452249e-29	3.174493440023089e-29	0.5688969572703172	1.314614624814932e-30	2.167100096275079e-31	
(mixed gauge):             	(1.9269335935071e-28,3.008100395023086e-30)	(0.265373105560306,2.498001805406602e-16)	(3.502596527482394e-29,-1.790557137482855e-30)	(0.4048219422967934,-1.697287046338474e-32)	(1.980432287678107e-30,-1.289640101701329e-31)	(1.201165786535477e-29,7.706878328273418e-31)	(4.030758418304352e-29,2.068459857162891e-30)	(0.6100659148445846,-1.66533453693773e-16)	(1.541946689727827e-30,-9.946692307424349e-32)	(2.032402819015985e-31,1.436722553998297e-31)	

