
Running the London Hartree-Fock program at /home/sangita.sen/packages/london/london.x.
Founded by Erik Tellgren, Alessandro Soncini and Trygve Helgaker.
Programming by:
  Erik Tellgren (main programmer)
  Kai Kaarvann Lange
  Andrew M. Teale
  Ulf Ekstrom
  Stella Stopkowicz
  Jon H. Austad


Basis file /home/sangita.sen/packages/london/baslib/aug-cc-pVDZ opened for reading.
User input successfully read from file_y4.inp.

london-input{
  analysis{
    analysis-only = no
    xml-print-potential-basis-overlap = no
    xml-print-potential-basis-kinetic = no
    export-operators = no
    # decypher-density-matrix-file = binary-file, plain-text-file
    # density-matrix-binary-to-text = binary-input-file, text-output-file
    # density-matrix-text-to-binary = text-input-file, binary-output-file
    # density-matrix-for-plotting = filename
    # density-plot-data = {filename,(x0,y0,z0),(x1,y1,z1),(x2,y2,z2),(x3,y3,z3),(N1xN2xN3),precision=N,scolon={y/n},fields{rho,grad(rho),jp,j,A,B,rho2nu,rho2omega,tau_p,tau_pi,laplacian(rho),grad(rho)^2,jp^2,tau_tensor}}
    # streamline-data = {filename,(x0,y0,z0),(x1,y1,z1),(x2,y2,z2),(x3,y3,z3),(N1xN2xN3),precision=N,scolon={y/n},fields{rho,grad(rho),jp,j,A,B,rho2nu,rho2omega,tau_p,tau_pi,laplacian(rho),grad(rho)^2,jp^2,tau_tensor}}
    # vortexline-data = {filename,(x0,y0,z0),(x1,y1,z1),(x2,y2,z2),(x3,y3,z3),(N1xN2xN3),precision=N,scolon={y/n},fields{rho,grad(rho),jp,j,A,B,rho2nu,rho2omega,tau_p,tau_pi,laplacian(rho),grad(rho)^2,jp^2,tau_tensor}}
    # current-through-plane = {density_matrix_file,(x0,y0,z0),(x1,y1,z1),(x2,y2,z2),(x3,y3,z3),(N1xN2xN3),precision=N,scolon={y/n},fields{rho,grad(rho),jp,j,A,B,rho2nu,rho2omega,tau_p,tau_pi,laplacian(rho),grad(rho)^2,jp^2,tau_tensor}}
    # linearly-combine-density-matrices = file : 0.6 * infile1, 0.4 * infile2, ...
    # spin-rotate-2c-density-matrix = file : infile, angle_degrees, (ux, uy, uz)
    linear-dependence-tol = 1e-06
    # overlap-for-ci-state-files = file1, file2
  }

  scf{
    spin-symmetry-constraint = Unrestricted Hartree-Fock
    linear-dependence-tol = 1e-10
    uhf-spin-projection = 0
    disable-spin-zeeman-in-fock-matrix = no
    noisy-init-guess = no
    # density-matrix-input-file = 
    # density-matrix-output-file = 
    # density-plot-data = {filename,(x0,y0,z0),(x1,y1,z1),(x2,y2,z2),(x3,y3,z3),(N1xN2xN3),precision=N,scolon={y/n},fields{rho,grad(rho),jp,j,A,B,rho2nu,rho2omega,tau_p,tau_pi,laplacian(rho),grad(rho)^2,jp^2,tau_tensor}}
    # molecular-orbitals-to-plot = (1,2,3,...)
    min-scf-iterations = 0
    max-scf-iterations = 160
    use-density-fitting = no
    use-admm = no
    analyze-using-dft-grid = no

    diis{
      convergence-tolerance = 1e-10
      subspace-dimension = 7
      diagonalization-temperature = 0
    }
  }

  casscf{
    max-active-orbitals = 2000
    number-of-frozen-orbitals = 0
    number-of-states-in-casscf-optimization = 1
    number-of-ci-states = 1
    spin-projection = default
    num-1exc-init-vec = 0
    num-2exc-init-vec = 0
    use-noisy-init-vec = no
    ci-max-subspace-dim = default
    ci-convergence-tol = 1e-06
    # density-matrix-input-file = 
    # density-matrix-output-file = 
    # ci-states-output-file = 
    # density-plot-data = {filename,(x0,y0,z0),(x1,y1,z1),(x2,y2,z2),(x3,y3,z3),(N1xN2xN3),precision=N,scolon={y/n},fields{rho,grad(rho),jp,j,A,B,rho2nu,rho2omega,tau_p,tau_pi,laplacian(rho),grad(rho)^2,jp^2,tau_tensor}}
    # analysis-weights = (w0, w1, ...)
  }

  mp2{
    spin-projection = default
    number-of-weights = 8
    basis-functions-per-block = 20
    cs-tolerance = 0
    print-mp2-components = 0
    # density-matrix-input-file = 
    # density-matrix-output-file = 
    #property-request = relaxed-density-matrix
  }

  rsp{
    number-of-roots-requested = 10
    root-selection-method = energy
    excitation-basis = MObasis
    starting-guess = UnitGuess
    solver_choice = GenEig
    method_choice = RPA
    precondition = false
    initial-subspace-dimension = 100
    maximum-subspace-dimension = 800
    convergence-tolerance = 1e-10
    max-rsp-iterations = 200
    # density-matrix-input-file = 
    # density-matrix-output-file = 
  }

  coupled-cluster{
    truncation-level = CCSD
    property-request = off
    spin-projection = default
    max-it = 150
    write-t-amplitudes = yes
    read-t-amplitudes = no
    # density-matrix-output-file = 
    # memory-in-gb = 
    # interface = 
    # molecular-orbitals-to-freeze = (1,3,5,...)
    diis{
      convergence-tolerance = 1e-06
      subspace-dimension = 7
      diagonalization-temperature = 0
    }
  }

  finite-difference{
    run-finite-difference = false
    run-type = gradient
    use-ref-density = false
    step-size = 0.0005
  }

  system{
    molecular-charge = 0
    correlation-model = RSP

    hamiltonian{
      electron-mass = 1
      speed-of-light = 137.036
      adiabatic-connection-lambda = 1
      nuclear-charge-distribution = point charge

      magnetic-field = (0, 0.4, 0)
      gauge-origin = (0, 0, 0.1173)

      linear-magnetic-field = {(0, 0, 0), (0, 0, 0), (0, 0, 0)}
      linear-magnetic-origin = (0, 0, 0)

      electric-field = (0, 0, 0)
      electric-origin = (0, 0, 0)
      linear-electric-field = {(0, 0, 0), (0, 0, 0), (0, 0, 0)}

      include-basis-expanded-scalar-potential = no
      scalar-potential-coefficients = (empty)
      include-basis-expanded-vector-potential = no
      vector-potential-coefficients-x = (empty)
      vector-potential-coefficients-y = (empty)
      vector-potential-coefficients-z = (empty)
      include-repulsion-from-external-density = no
      external-charge-density-scale-factor = 1
      include-coulomb-distance-to-external-density = no
      external-charge-density-distance-factor = 1
      # external-charge-density-file = filename
      # lieb-ref-density-file = filename
      # potential-plot-data = {filename,(x0,y0,z0),(x1,y1,z1),(x2,y2,z2),(x3,y3,z3),(N1xN2xN3),precision=N,scolon={y/n},fields{rho,grad(rho),jp,j,A,B,rho2nu,rho2omega,tau_p,tau_pi,laplacian(rho),grad(rho)^2,jp^2,tau_tensor}}

      integral{
        use-coulomb-integral-permutation-symmetry = yes
        use-cauchy-schwarz-screening = yes
        cauchy-schwarz-tol = 1e-15
        boys-function-tol = 1e-17
      }

      dft{
        # xc-functional = 0.7 * lda + 0.54 * lyp
        # xc-fun-parameter = {param1 = 0.1, param2 = 0.2, param3 = 0.3}
        jp-functional = none
        vrg-functional = none
        tau-correction = none
        vrg-hard-rs-cutoff = 62035.049
        vrg-soft-density-cutoff = 1e-14
        exact-exchange-fraction = default
        # gridfile = 
        radial-grid-type = LMG
        allow-grid-pruning = yes
        gc2-radial-grid-threshold = 1e-13
        lebedev-angular-target-degree = 35
        lebedev-angular-minimal-degree = 15
        weight-screen-threshold = 1e-20
        becke-hardness = 3
        allow-becke-atom-size-correction = yes
      }
    }

    # data on state flags lost, output incomplete here
    use-london-orbitals = yes
    gto-contraction-type = all, normalizedprimitive
    basis = aug-cc-pVDZ
    # density-fitting-basis = 
    # admm-basis = 
    # scalar-potential-basis = 
    # vector-potential-basis = 
    # if you really want to: # orbital-wave-vector-offset = (0, 0, 0)
    charge = 2
    He            0            0            0
  }
}

Basis set information:
The orbital basis consists of 11 basis functions formed from linear combinations of 11 primitive basis functions.
The density-fitting basis consists of 0 basis functions formed from linear combinations of 0 primitive basis functions.
The scalar potential basis consists of 0 basis functions formed from linear combinations of 0 primitive basis functions.
The vector potential basis consists of 0 basis functions formed from linear combinations of 0 primitive basis functions.
UHF Spin type 2

RSP: Running Hartree-Fock to determine orbital space.
RSP: run scf2


SCF: Running SCF optimization.

SCF: The SCF basis contains 11 basis functions.
 Fock build F = F(D) performed in 0 seconds (with 0 seconds used for Coulomb and exchange).
SCF-SD: Initial density by diagonalizing the one-electron part of the Fock matrix.
Initial trace: Tr(D) = (2,-1.80556e-35)

SCF iteration 1:       [wall time: Tue Dec 14 18:53:49 2021]
SCF: using a fraction 1 of Hartree-Fock exchange.
DevINFO: screened away 102 out of 637 symmetry unique quadruples ABCD.
 Fock build F = F(D) performed in 0 seconds (with 0 seconds used for Coulomb and exchange).
 Total energy: -2.714937522 Hartree
 Fock matrix inversion D = D(Fmix) performed in 0 seconds.
  Nuclear repulsion:  0
  Kinetic:            4.040598303
  Nuclear attraction: -8.010005069
  Spin Zeeman effect: 4.440892099e-17
  Coulomb:            2.508938487
  Exchange:           -1.254469244
  Total:              -2.714937522

 Ehomo(Down) = -0.9792011353, Elumo(Down) = 0.1654627217
 Ehomo( Up ) = -0.5792011353, Elumo( Up ) = 0.5654627217
 DIIS error norm: 1.06309014

SCF iteration 2:       [wall time: Tue Dec 14 18:53:49 2021]
SCF: using a fraction 1 of Hartree-Fock exchange.
DevINFO: screened away 100 out of 637 symmetry unique quadruples ABCD.
 Fock build F = F(D) performed in 0 seconds (with 0 seconds used for Coulomb and exchange).
 Total energy: -2.8233496 Hartree
 Fock matrix inversion D = D(Fmix) performed in 0 seconds.
  Nuclear repulsion:  0
  Kinetic:            3.019747857
  Nuclear attraction: -6.901432548
  Spin Zeeman effect: -4.440892099e-17
  Coulomb:            2.116670181
  Exchange:           -1.058335091
  Total:              -2.8233496

 Ehomo(Down) = -1.089013335, Elumo(Down) = 0.1645239125
 Ehomo( Up ) = -0.6890133354, Elumo( Up ) = 0.5645239125
 DIIS error norm: 0.09143724229

SCF iteration 3:       [wall time: Tue Dec 14 18:53:49 2021]
SCF: using a fraction 1 of Hartree-Fock exchange.
DevINFO: screened away 95 out of 637 symmetry unique quadruples ABCD.
 Fock build F = F(D) performed in 0 seconds (with 0 seconds used for Coulomb and exchange).
 Total energy: -2.824534556 Hartree
 Fock matrix inversion D = D(Fmix) performed in 0 seconds.
  Nuclear repulsion:  0
  Kinetic:            2.934970109
  Nuclear attraction: -6.797660407
  Spin Zeeman effect: -4.440892099e-17
  Coulomb:            2.076311484
  Exchange:           -1.038155742
  Total:              -2.824534556

 Ehomo(Down) = -1.093673796, Elumo(Down) = 0.164032774
 Ehomo( Up ) = -0.6936737956, Elumo( Up ) = 0.564032774
 DIIS error norm: 0.009739174947

SCF iteration 4:       [wall time: Tue Dec 14 18:53:49 2021]
SCF: using a fraction 1 of Hartree-Fock exchange.
DevINFO: screened away 95 out of 637 symmetry unique quadruples ABCD.
 Fock build F = F(D) performed in 0 seconds (with 0 seconds used for Coulomb and exchange).
 Total energy: -2.824544966 Hartree
 Fock matrix inversion D = D(Fmix) performed in 0 seconds.
  Nuclear repulsion:  0
  Kinetic:            2.931054081
  Nuclear attraction: -6.792359516
  Spin Zeeman effect: 0
  Coulomb:            2.073520938
  Exchange:           -1.036760469
  Total:              -2.824544966

 Ehomo(Down) = -1.093938831, Elumo(Down) = 0.1640518541
 Ehomo( Up ) = -0.6939388308, Elumo( Up ) = 0.5640518541
 DIIS error norm: 0.0004740613779

SCF iteration 5:       [wall time: Tue Dec 14 18:53:49 2021]
SCF: using a fraction 1 of Hartree-Fock exchange.
DevINFO: screened away 102 out of 637 symmetry unique quadruples ABCD.
 Fock build F = F(D) performed in 0 seconds (with 0 seconds used for Coulomb and exchange).
 Total energy: -2.824545018 Hartree
 Fock matrix inversion D = D(Fmix) performed in 0 seconds.
  Nuclear repulsion:  0
  Kinetic:            2.930849176
  Nuclear attraction: -6.792085634
  Spin Zeeman effect: -4.440892099e-17
  Coulomb:            2.07338288
  Exchange:           -1.03669144
  Total:              -2.824545018

 Ehomo(Down) = -1.093926396, Elumo(Down) = 0.1640473286
 Ehomo( Up ) = -0.6939263957, Elumo( Up ) = 0.5640473286
 DIIS error norm: 2.656086484e-05

SCF iteration 6:       [wall time: Tue Dec 14 18:53:49 2021]
SCF: using a fraction 1 of Hartree-Fock exchange.
DevINFO: screened away 100 out of 637 symmetry unique quadruples ABCD.
 Fock build F = F(D) performed in 0 seconds (with 0 seconds used for Coulomb and exchange).
 Total energy: -2.824545018 Hartree
 Fock matrix inversion D = D(Fmix) performed in 0 seconds.
  Nuclear repulsion:  0
  Kinetic:            2.930855223
  Nuclear attraction: -6.792092006
  Spin Zeeman effect: 0
  Coulomb:            2.073383528
  Exchange:           -1.036691764
  Total:              -2.824545018

 Ehomo(Down) = -1.093926652, Elumo(Down) = 0.1640473992
 Ehomo( Up ) = -0.6939266519, Elumo( Up ) = 0.5640473992
 DIIS error norm: 2.014001739e-07

SCF iteration 7:       [wall time: Tue Dec 14 18:53:49 2021]
SCF: using a fraction 1 of Hartree-Fock exchange.
DevINFO: screened away 100 out of 637 symmetry unique quadruples ABCD.
 Fock build F = F(D) performed in 0 seconds (with 0 seconds used for Coulomb and exchange).
 Total energy: -2.824545018 Hartree
 Fock matrix inversion D = D(Fmix) performed in 0 seconds.
  Nuclear repulsion:  0
  Kinetic:            2.930855019
  Nuclear attraction: -6.792091752
  Spin Zeeman effect: -4.440892099e-17
  Coulomb:            2.073383431
  Exchange:           -1.036691715
  Total:              -2.824545018

 Ehomo(Down) = -1.093926651, Elumo(Down) = 0.1640473988
 Ehomo( Up ) = -0.6939266514, Elumo( Up ) = 0.5640473988
 DIIS error norm: 1.218603771e-09

SCF iteration 8:       [wall time: Tue Dec 14 18:53:49 2021]
SCF: using a fraction 1 of Hartree-Fock exchange.
DevINFO: screened away 94 out of 637 symmetry unique quadruples ABCD.
 Fock build F = F(D) performed in 0 seconds (with 0 seconds used for Coulomb and exchange).
 Total energy: -2.824545018 Hartree
 Fock matrix inversion D = D(Fmix) performed in 0 seconds.
  Nuclear repulsion:  0
  Kinetic:            2.93085502
  Nuclear attraction: -6.792091754
  Spin Zeeman effect: 0
  Coulomb:            2.073383431
  Exchange:           -1.036691716
  Total:              -2.824545018

 Ehomo(Down) = -1.093926651, Elumo(Down) = 0.1640473988
 Ehomo( Up ) = -0.6939266514, Elumo( Up ) = 0.5640473988
 DIIS error norm: 1.59686016e-14

Converged SCF results:
-----------------------
(pre-RSP) Nuclear repulsion:  0
(pre-RSP) Kinetic:            2.930855019845922
(pre-RSP) Nuclear attraction: -6.792091753918275
(pre-RSP) Spin Zeeman effect: 0
(pre-RSP) Coulomb:            2.073383431280441
(pre-RSP) Exchange:           -1.036691715640221
(pre-RSP) Total electronic:   -2.824545018432132
(pre-RSP) Total:              -2.824545018432132

(pre-RSP) E(LUMO, Down): 0.1640473987659292
(pre-RSP) E(HOMO, Down): -1.093926651395956
(pre-RSP) E(GAP, Down):  1.257974050161885

(pre-RSP) E(LUMO,  Up ): 0.5640473987659308
(pre-RSP) E(HOMO,  Up ): -0.6939266513959574
(pre-RSP) E(GAP,  Up ):  1.257974050161888

Orbital energies (Eorb), orbital contributions to the total energy (Econtrib), and reflection symmetry properties for the molecular orbitals:

Orbital analysis (pre-RSP)
    Eorb      Econtrib  Occ  Reflection(xy)  Reflection(xz)  Reflection(yz)
---------------------------------------------------------------------------
Spin Down
  -1.09393    -1.51227   1  (1.0000,0.0000)  (1.0000,0.0000)  (0.9996,0.0000)
  0.164047  -0.0570049   0  (1.0000,0.0000)  (1.0000,0.0000)  (0.9949,-0.0000)
  0.215509   -0.169437   0  (-0.0000,-0.0000)  (1.0000,0.0000)  (0.0011,-0.0000)
  0.374716  -0.00882724   0  (1.0000,-0.0000)  (-1.0000,0.0000)  (0.9989,-0.0000)
  0.615509    0.230563   0  (0.0000,0.0000)  (1.0000,0.0000)  (0.0011,0.0000)
   1.31272    0.764399   0  (1.0000,0.0000)  (1.0000,-0.0000)  (0.9981,-0.0000)
    2.6622     1.91303   0  (0.0000,0.0000)  (1.0000,-0.0000)  (0.0004,0.0000)
   2.84856     2.09799   0  (1.0000,0.0000)  (-1.0000,-0.0000)  (0.9996,-0.0000)
    3.0622     2.31303   0  (-0.0000,-0.0000)  (1.0000,-0.0000)  (0.0004,0.0000)
   8.63075     7.58433   0  (1.0000,-0.0000)  (1.0000,-0.0000)  (0.9996,-0.0000)
     62.31     60.8857   0  (1.0000,-0.0000)  (1.0000,-0.0000)  (0.9999,-0.0000)
Spin Up
 -0.693927    -1.31227   1  (1.0000,-0.0000)  (1.0000,0.0000)  (0.9996,-0.0000)
  0.564047    0.142995   0  (1.0000,-0.0000)  (1.0000,-0.0000)  (0.9949,0.0000)
  0.615509    0.030563   0  (-0.0000,-0.0000)  (1.0000,0.0000)  (0.0011,0.0000)
  0.774716    0.191173   0  (1.0000,0.0000)  (-1.0000,-0.0000)  (0.9989,0.0000)
   1.01551    0.430563   0  (0.0000,-0.0000)  (1.0000,-0.0000)  (0.0011,0.0000)
   1.71272    0.964399   0  (1.0000,0.0000)  (1.0000,0.0000)  (0.9981,-0.0000)
    3.0622     2.11303   0  (-0.0000,-0.0000)  (1.0000,0.0000)  (0.0004,0.0000)
   3.24856     2.29799   0  (1.0000,-0.0000)  (-1.0000,-0.0000)  (0.9996,0.0000)
    3.4622     2.51303   0  (0.0000,-0.0000)  (1.0000,0.0000)  (0.0004,0.0000)
   9.03075     7.78433   0  (1.0000,-0.0000)  (1.0000,-0.0000)  (0.9996,-0.0000)
     62.71     61.0857   0  (1.0000,-0.0000)  (1.0000,-0.0000)  (0.9999,-0.0000)


Properties:
-----------
Spin-projection on field: <sigma_B> = <2 S_B> = -2.220446049250313e-16
Spin-projection squared: <sigma_B> = <4 S_B^2> = -1.554312234475219e-15
Total spin: <sigma^2> = <4 S^2> = -5.551115123125783e-15 = 4 * -1.387778780781446e-15 * (-1.387778780781446e-15 + 1)
Total spin quantum number: s = -1.387778780781446e-15


(SCF) Traces of the SCF 1-electron density matrix with simple operators
(SCF) Mechanical/kinetic momentum:
(SCF)     <PIx> = -6.47319336652982e-17
(SCF)     <PIy> = 2.236269813943435e-19
(SCF)     <PIz> = -1.610370126827681e-17
(SCF)     B x pi = (-6.441480507310722e-18, 0, 2.589277346611928e-17)
(SCF) Angular momentum w.r.t. gauge origin (0, 0, 0.1173):
(SCF)     <Lx> = 2.623144491755698e-20
(SCF)     <Ly> = 0.3055912978879451
(SCF)     <Lz> = -1.965761751570678e-34
(SCF) Coordinate derivative contribution to angular momentum w.r.t. C = (0, 0, 0.1173):
(SCF)     <Lcoord_x> = 2.623144491755514e-20
(SCF)     <Lcoord_y> = -0.005503716000000092
(SCF)     <Lcoord_z> = 1.029462494223819e-18
(SCF) Dipole moment:
(SCF)     <x> = 3.682772867076384e-16
(SCF)     <y> = -4.388160674440788e-17
(SCF)     <z> = -2.038425328763931e-15
(SCF) Nuclear dipole moment:
(SCF)     <X> = 0
(SCF)     <Y> = 0
(SCF)     <Z> = 0
(SCF) Total dipole moment: (-3.682772867076384e-16, 4.388160674440788e-17, 2.038425328763931e-15)
(SCF) Coordinate derivative contribution to angular momentum w.r.t. center of charge (1.841386433538191e-16, -2.194080337220393e-17, -1.019212664381965e-15):
(SCF)     <Lambda_x> = -3.087211903794421e-34
(SCF)     <Lambda_y> = -8.538166204006767e-32
(SCF)     <Lambda_z> = 2.555853376059814e-33
(SCF) Electronic quadrupole moments w.r.t. center of electronic charge at (1.841386433538191e-16, -2.194080337220393e-17, -1.019212664381965e-15):
(SCF)         x         y          z
(SCF) x: 0.763978244719863  -1.093198796693889e-33  -2.871722628606454e-32
(SCF) y: -1.093198796693889e-33  0.763978244719863  8.843374688620738e-33
(SCF) z: -2.871722628606454e-32  8.843374688620738e-33  0.763978244719863
(SCF) Magnetic quadrupole moments w.r.t. C = (0, 0, 0):
(SCF)         x         y          z
(SCF) Jx: -2.122911796022565e-18  8.449040071379833e-18  3.47953587245026e-20
(SCF) Jy: -6.115433935859024e-17  4.24582359204513e-18  3.32902953345665e-16
(SCF) Jz: -3.479535872450259e-20  -4.389167671078512e-17  -2.122911796022565e-18
(SCF) Anapole moment w.r.t. C = (0, 0, 0):
(SCF)     a_x = -3.767946300564501e-16
(SCF)     a_y = 6.959071744900519e-20
(SCF)     a_z = -6.960337942997007e-17
(SCF) Hellmann-Feynman forces:
(SCF) H-F force on He at pos = (0, 0, 0):   F = (-6.917476937197647e-16, 7.910780417696541e-17, 3.878312851143137e-15)
(SCF) Total H-F force on center of mass:   Ftot = (-6.917476937197647e-16, 7.910780417696541e-17, 3.878312851143137e-15)
(SCF) Scaling pressure w.r.t. center of charge:   4.081938744961756e-30
(SCF) Total H-F torque w.r.t. center of charge: (4.465623814211503e-33, 9.109256914978588e-33, 6.106963912349082e-34)
(SCF) Nuclear shielding integrals:
(SCF) He at C = (0, 0, 0):
(SCF)    <Lx/|r - C|^3> = -2.330011606882563e-34
(SCF)    <Ly/|r - C|^3> = 0.4528061169278841
(SCF)    <Lz/|r - C|^3> = 3.105391267337616e-33
 
MULLIKEN POPULATION ANALYSIS FOR SUM OF SPIN UP AND SPIN DOWN DENSITY MATRIX

(SCF) Mulliken decomposition of traces of SCF 1-electron density matrix with simple operators

(SCF) Mulliken populations:
(SCF) Nucleus #1 (He):  2.000000000000001   [narrow def.],   2.000000000000001   [wide def.]

(SCF) Total mechanical momentum: <pi> = (-6.473193366529818e-17, 2.236269813943434e-19, -1.61037012682768e-17)

(SCF) Mulliken momenta:
(SCF) Nucleus #1 (He):  (-6.473193366529818e-17, 2.236269813943434e-19, -1.61037012682768e-17)   [narrow def.],   (-6.473193366529818e-17, 2.236269813943434e-19, -1.61037012682768e-17)   [wide def.]

(SCF) Mulliken bond momenta:
(SCF) Nucleus #1 (He):   
 
MULLIKEN POPULATION ANALYSIS FOR SPIN DOWN DENSITY MATRIX:

(SCF) Mulliken decomposition of traces of SCF 1-electron density matrix with simple operators

(SCF) Mulliken populations:
(SCF) Nucleus #1 (He):  1.000000000000001   [narrow def.],   1.000000000000001   [wide def.]

(SCF) Total mechanical momentum: <pi> = (-4.425330908817161e-17, -9.577227510084222e-20, -1.204757639203928e-17)

(SCF) Mulliken momenta:
(SCF) Nucleus #1 (He):  (-4.425330908817161e-17, -9.577227510084222e-20, -1.204757639203928e-17)   [narrow def.],   (-4.425330908817161e-17, -9.577227510084222e-20, -1.204757639203928e-17)   [wide def.]

(SCF) Mulliken bond momenta:
(SCF) Nucleus #1 (He):   
 
MULLIKEN POPULATION ANALYSIS FOR SPIN UP DENSITY MATRIX:

(SCF) Mulliken decomposition of traces of SCF 1-electron density matrix with simple operators

(SCF) Mulliken populations:
(SCF) Nucleus #1 (He):  1.000000000000001   [narrow def.],   1.000000000000001   [wide def.]

(SCF) Total mechanical momentum: <pi> = (-2.047862457712654e-17, 3.193992564951856e-19, -4.056124876237518e-18)

(SCF) Mulliken momenta:
(SCF) Nucleus #1 (He):  (-2.047862457712654e-17, 3.193992564951856e-19, -4.056124876237518e-18)   [narrow def.],   (-2.047862457712654e-17, 3.193992564951856e-19, -4.056124876237518e-18)   [wide def.]

(SCF) Mulliken bond momenta:
(SCF) Nucleus #1 (He):   
 

Orbital symmetry properties for SCF:
                          Inversion           Rot180X           Rot180Y           Rot180Z            ReflXY            ReflXZ            ReflYZ
  can.orb. [Down] 0   (0.9996,-0.0000)   (1.0000,-0.0000)   (0.9996,-0.0000)   (0.9996,-0.0000)   (1.0000,-0.0000)   (1.0000,-0.0000)   (0.9996,-0.0000) 
  can.orb. [Down] 1   (0.9949,0.0000)   (1.0000,-0.0000)   (0.9949,0.0000)   (0.9949,0.0000)   (1.0000,-0.0000)   (1.0000,-0.0000)   (0.9949,0.0000) 
  can.orb. [Down] 2   (-0.9978,0.0000)   (-0.0000,-0.0000)   (-0.9978,0.0000)   (0.0011,-0.0000)   (-0.0000,-0.0000)   (1.0000,-0.0000)   (0.0011,-0.0000) 
  can.orb. [Down] 3   (-0.9989,-0.0000)   (-1.0000,0.0000)   (0.9989,0.0000)   (-0.9989,-0.0000)   (1.0000,-0.0000)   (-1.0000,0.0000)   (0.9989,0.0000) 
  can.orb. [Down] 4   (-0.9978,-0.0000)   (0.0000,0.0000)   (-0.9978,-0.0000)   (0.0011,0.0000)   (0.0000,0.0000)   (1.0000,0.0000)   (0.0011,0.0000) 
  can.orb. [Down] 5   (0.9981,0.0000)   (1.0000,-0.0000)   (0.9981,0.0000)   (0.9981,0.0000)   (1.0000,-0.0000)   (1.0000,-0.0000)   (0.9981,0.0000) 
  can.orb. [Down] 6   (-0.9992,-0.0000)   (0.0000,0.0000)   (-0.9992,-0.0000)   (0.0004,0.0000)   (0.0000,0.0000)   (1.0000,0.0000)   (0.0004,0.0000) 
  can.orb. [Down] 7   (-0.9996,-0.0000)   (-1.0000,0.0000)   (0.9996,0.0000)   (-0.9996,-0.0000)   (1.0000,-0.0000)   (-1.0000,0.0000)   (0.9996,0.0000) 
  can.orb. [Down] 8   (-0.9992,-0.0000)   (-0.0000,0.0000)   (-0.9992,-0.0000)   (0.0004,0.0000)   (-0.0000,0.0000)   (1.0000,0.0000)   (0.0004,0.0000) 
  can.orb. [Down] 9   (0.9996,-0.0000)   (1.0000,-0.0000)   (0.9996,-0.0000)   (0.9996,-0.0000)   (1.0000,-0.0000)   (1.0000,-0.0000)   (0.9996,-0.0000) 
  can.orb. [Down] 10   (0.9999,-0.0000)   (1.0000,0.0000)   (0.9999,-0.0000)   (0.9999,-0.0000)   (1.0000,0.0000)   (1.0000,0.0000)   (0.9999,-0.0000) 



Orbital properties for SCF:
                           Lcoord_x          Lcoord_y          Lcoord_z               x^2               y^2               z^2
  can.orb. [Down] 0   (-0.0000,-0.0000)   (-0.0028,0.0000)   (0.0000,0.0000)   (0.3820,-0.0000)   (0.3820,-0.0000)   (0.3820,-0.0000) 
  can.orb. [Down] 1   (-0.0000,0.0000)   (-0.0028,0.0000)   (-0.0000,-0.0000)   (4.6882,0.0000)   (4.6882,0.0000)   (4.6882,0.0000) 
  can.orb. [Down] 2   (0.0000,-0.0000)   (-1.0028,0.0000)   (-0.0000,0.0000)   (2.0356,-0.0000)   (1.0178,-0.0000)   (2.0356,-0.0000) 
  can.orb. [Down] 3   (-0.0000,0.0000)   (-0.0028,0.0000)   (0.0000,0.0000)   (1.0218,0.0000)   (3.0655,-0.0000)   (1.0218,0.0000) 
  can.orb. [Down] 4   (0.0000,0.0000)   (0.9972,0.0000)   (-0.0000,0.0000)   (2.0356,0.0000)   (1.0178,-0.0000)   (2.0356,-0.0000) 
  can.orb. [Down] 5   (-0.0000,0.0000)   (-0.0028,-0.0000)   (-0.0000,0.0000)   (1.7513,-0.0000)   (1.7513,-0.0000)   (1.7513,-0.0000) 
  can.orb. [Down] 6   (0.0000,0.0000)   (-1.0028,0.0000)   (0.0000,-0.0000)   (0.6861,0.0000)   (0.3430,-0.0000)   (0.6861,0.0000) 
  can.orb. [Down] 7   (0.0000,0.0000)   (-0.0028,0.0000)   (-0.0000,0.0000)   (0.3390,0.0000)   (1.0170,0.0000)   (0.3390,-0.0000) 
  can.orb. [Down] 8   (-0.0000,-0.0000)   (0.9972,0.0000)   (0.0000,-0.0000)   (0.6861,0.0000)   (0.3430,0.0000)   (0.6861,0.0000) 
  can.orb. [Down] 9   (-0.0000,-0.0000)   (-0.0028,0.0000)   (0.0000,-0.0000)   (0.3217,0.0000)   (0.3217,0.0000)   (0.3217,-0.0000) 
  can.orb. [Down] 10   (0.0000,0.0000)   (-0.0028,-0.0000)   (-0.0000,0.0000)   (0.0464,-0.0000)   (0.0464,-0.0000)   (0.0464,-0.0000) 



Orbital symmetry properties for SCF:
                          Inversion           Rot180X           Rot180Y           Rot180Z            ReflXY            ReflXZ            ReflYZ
  can.orb. [ Up ] 0   (0.9996,0.0000)   (1.0000,0.0000)   (0.9996,0.0000)   (0.9996,0.0000)   (1.0000,0.0000)   (1.0000,-0.0000)   (0.9996,0.0000) 
  can.orb. [ Up ] 1   (0.9949,0.0000)   (1.0000,-0.0000)   (0.9949,0.0000)   (0.9949,0.0000)   (1.0000,-0.0000)   (1.0000,-0.0000)   (0.9949,0.0000) 
  can.orb. [ Up ] 2   (-0.9978,0.0000)   (-0.0000,0.0000)   (-0.9978,0.0000)   (0.0011,-0.0000)   (-0.0000,0.0000)   (1.0000,0.0000)   (0.0011,-0.0000) 
  can.orb. [ Up ] 3   (-0.9989,0.0000)   (-1.0000,0.0000)   (0.9989,-0.0000)   (-0.9989,0.0000)   (1.0000,-0.0000)   (-1.0000,0.0000)   (0.9989,-0.0000) 
  can.orb. [ Up ] 4   (-0.9978,-0.0000)   (0.0000,-0.0000)   (-0.9978,-0.0000)   (0.0011,-0.0000)   (0.0000,-0.0000)   (1.0000,0.0000)   (0.0011,-0.0000) 
  can.orb. [ Up ] 5   (0.9981,-0.0000)   (1.0000,0.0000)   (0.9981,-0.0000)   (0.9981,-0.0000)   (1.0000,0.0000)   (1.0000,0.0000)   (0.9981,-0.0000) 
  can.orb. [ Up ] 6   (-0.9992,-0.0000)   (-0.0000,0.0000)   (-0.9992,-0.0000)   (0.0004,0.0000)   (-0.0000,0.0000)   (1.0000,-0.0000)   (0.0004,0.0000) 
  can.orb. [ Up ] 7   (-0.9996,-0.0000)   (-1.0000,-0.0000)   (0.9996,0.0000)   (-0.9996,-0.0000)   (1.0000,0.0000)   (-1.0000,-0.0000)   (0.9996,0.0000) 
  can.orb. [ Up ] 8   (-0.9992,-0.0000)   (0.0000,-0.0000)   (-0.9992,-0.0000)   (0.0004,-0.0000)   (0.0000,-0.0000)   (1.0000,0.0000)   (0.0004,-0.0000) 
  can.orb. [ Up ] 9   (0.9996,-0.0000)   (1.0000,-0.0000)   (0.9996,-0.0000)   (0.9996,-0.0000)   (1.0000,-0.0000)   (1.0000,-0.0000)   (0.9996,-0.0000) 
  can.orb. [ Up ] 10   (0.9999,0.0000)   (1.0000,-0.0000)   (0.9999,0.0000)   (0.9999,0.0000)   (1.0000,-0.0000)   (1.0000,-0.0000)   (0.9999,0.0000) 



Orbital properties for SCF:
                           Lcoord_x          Lcoord_y          Lcoord_z               x^2               y^2               z^2
  can.orb. [ Up ] 0   (0.0000,0.0000)   (-0.0028,0.0000)   (0.0000,-0.0000)   (0.3820,-0.0000)   (0.3820,-0.0000)   (0.3820,-0.0000) 
  can.orb. [ Up ] 1   (0.0000,0.0000)   (-0.0028,-0.0000)   (-0.0000,0.0000)   (4.6882,-0.0000)   (4.6882,-0.0000)   (4.6882,-0.0000) 
  can.orb. [ Up ] 2   (0.0000,0.0000)   (-1.0028,-0.0000)   (-0.0000,0.0000)   (2.0356,-0.0000)   (1.0178,0.0000)   (2.0356,0.0000) 
  can.orb. [ Up ] 3   (-0.0000,0.0000)   (-0.0028,-0.0000)   (0.0000,0.0000)   (1.0218,0.0000)   (3.0655,-0.0000)   (1.0218,0.0000) 
  can.orb. [ Up ] 4   (0.0000,-0.0000)   (0.9972,-0.0000)   (0.0000,-0.0000)   (2.0356,0.0000)   (1.0178,-0.0000)   (2.0356,-0.0000) 
  can.orb. [ Up ] 5   (0.0000,0.0000)   (-0.0028,-0.0000)   (-0.0000,-0.0000)   (1.7513,0.0000)   (1.7513,0.0000)   (1.7513,0.0000) 
  can.orb. [ Up ] 6   (0.0000,-0.0000)   (-1.0028,-0.0000)   (-0.0000,-0.0000)   (0.6861,0.0000)   (0.3430,0.0000)   (0.6861,-0.0000) 
  can.orb. [ Up ] 7   (-0.0000,0.0000)   (-0.0028,-0.0000)   (0.0000,0.0000)   (0.3390,-0.0000)   (1.0170,0.0000)   (0.3390,-0.0000) 
  can.orb. [ Up ] 8   (-0.0000,0.0000)   (0.9972,-0.0000)   (-0.0000,0.0000)   (0.6861,0.0000)   (0.3430,0.0000)   (0.6861,0.0000) 
  can.orb. [ Up ] 9   (0.0000,-0.0000)   (-0.0028,-0.0000)   (0.0000,-0.0000)   (0.3217,-0.0000)   (0.3217,-0.0000)   (0.3217,-0.0000) 
  can.orb. [ Up ] 10   (-0.0000,-0.0000)   (-0.0028,0.0000)   (0.0000,-0.0000)   (0.0464,0.0000)   (0.0464,0.0000)   (0.0464,0.0000) 


RSP: done run scf2
Number of alpha MOs = 1
Number of beta  MOs = 1


RSP: Hartree-Fock orbitals have been obtained. 
RSP: Hartree-Fock final energy = -2.824545018432132
Entering response module
No. of electrons: (2.000000000000004,-4.621119151622418e-33)
DevINFO: screened away 98 out of 637 symmetry unique quadruples ABCD.
Recomputed final SCF electronic energy (-2.824545018432131,-1.53123661852365e-32) (-1.787853302791908,-1.573006395722537e-32) (1.036691715640223,-4.176977719888697e-34)
unit_vectors():   MO Single-transition excitations in total.
Constructing start guesses for RPA-solver using the 100 lowest ones.
(No spin mixing allowed for UHF excitation operator)
(spin down)1 <- 0 : 1.257974050161885
(spin down)2 <- 0 : 1.309435278753248
(spin down)3 <- 0 : 1.468642588503605
(spin down)4 <- 0 : 1.709435278753247
(spin down)5 <- 0 : 2.406643429580007
(spin down)6 <- 0 : 3.756124837428443
(spin down)7 <- 0 : 3.942485013858678
(spin down)8 <- 0 : 4.156124837428444
(spin down)9 <- 0 : 9.724672058773901
(spin down)10 <- 0 : 63.4039388836679
(spin up)1 <- 0 : 1.257974050161888
(spin up)2 <- 0 : 1.309435278753249
(spin up)3 <- 0 : 1.468642588503607
(spin up)4 <- 0 : 1.70943527875325
(spin up)5 <- 0 : 2.406643429580024
(spin up)6 <- 0 : 3.756124837428444
(spin up)7 <- 0 : 3.94248501385868
(spin up)8 <- 0 : 4.156124837428443
(spin up)9 <- 0 : 9.724672058773903
(spin up)10 <- 0 : 63.40393888366788
Made 20 starting vectors 
DevINFO: screened away 92 out of 637 symmetry unique quadruples ABCD.
DevINFO: screened away 138 out of 637 symmetry unique quadruples ABCD.
DevINFO: screened away 163 out of 637 symmetry unique quadruples ABCD.
DevINFO: screened away 148 out of 637 symmetry unique quadruples ABCD.
DevINFO: screened away 91 out of 637 symmetry unique quadruples ABCD.
DevINFO: screened away 163 out of 637 symmetry unique quadruples ABCD.
DevINFO: screened away 160 out of 637 symmetry unique quadruples ABCD.
DevINFO: screened away 167 out of 637 symmetry unique quadruples ABCD.
DevINFO: screened away 96 out of 637 symmetry unique quadruples ABCD.
DevINFO: screened away 102 out of 637 symmetry unique quadruples ABCD.
DevINFO: screened away 90 out of 637 symmetry unique quadruples ABCD.
DevINFO: screened away 131 out of 637 symmetry unique quadruples ABCD.
DevINFO: screened away 167 out of 637 symmetry unique quadruples ABCD.
DevINFO: screened away 144 out of 637 symmetry unique quadruples ABCD.
DevINFO: screened away 91 out of 637 symmetry unique quadruples ABCD.
DevINFO: screened away 155 out of 637 symmetry unique quadruples ABCD.
DevINFO: screened away 160 out of 637 symmetry unique quadruples ABCD.
DevINFO: screened away 158 out of 637 symmetry unique quadruples ABCD.
DevINFO: screened away 96 out of 637 symmetry unique quadruples ABCD.
DevINFO: screened away 102 out of 637 symmetry unique quadruples ABCD.
The Davidson solver is about to start.
-------
Davidson step #0, 40 RPA trial vectors already in subspace.
The Davidson solver converged to a solution. 1 iterations and 0 restarts were needed.
==============================================================================================================
The Final eigenvalues from the Davidson method
==============================================================================================================
(RSP) 	 Excitation Energy 	0.7872336401560829	0.8797334670078297	0.8902238503182466	0.9487018242407848	0.9826909055820929	1.049794765783893	1.187233640156083	1.290223850318246	1.694958637322252	1.989175789541041	
==============================================================================================================
Root: 0	 with energy 0.7872336401560829
==============================================================================================================
2 Up <-- Up 0 C^2 :  0.4964150062852579 C : (0.6977388509488207,-0.09785449484759162)
2 Down <-- Down 0 C^2 :  0.4964150062852697 C : (-0.6716342323836261,0.2128907329493872)
==============================================================================================================
Root: 1	 with energy 0.8797334670078297
==============================================================================================================
1 Up <-- Up 0 C^2 :  0.4753991210331249 C : (-0.5296452651503994,0.4414465020100263)
1 Down <-- Down 0 C^2 :  0.4753991210331414 C : (0.5296452651504058,-0.4414465020100373)
==============================================================================================================
Root: 2	 with energy 0.8902238503182466
==============================================================================================================
2 Up <-- Up 0 C^2 :  0.4995560640594675 C : (0.1586061356885024,-0.688767128847935)
2 Down <-- Down 0 C^2 :  0.4995560640594543 C : (0.04147233377349848,-0.7055750205264029)
==============================================================================================================
Root: 3	 with energy 0.9487018242407848
==============================================================================================================
3 Up <-- Up 0 C^2 :  0.4965520150242376 C : (-0.004873551855725049,-0.7046476165549325)
3 Down <-- Down 0 C^2 :  0.496552015024231 C : (-0.1155982994036925,0.6951180102681884)
==============================================================================================================
Root: 4	 with energy 0.9826909055820929
==============================================================================================================
1 Up <-- Up 0 C^2 :  0.4990051538165503 C : (-0.2196747408714996,-0.6713778087184517)
1 Down <-- Down 0 C^2 :  0.4990051538165395 C : (-0.2196747408714937,-0.6713778087184455)
==============================================================================================================
Root: 5	 with energy 1.049794765783893
==============================================================================================================
3 Up <-- Up 0 C^2 :  0.4995554058370544 C : (0.3526477426419258,-0.6125316117937167)
3 Down <-- Down 0 C^2 :  0.4995554058370642 C : (0.4521225211381261,-0.5432684711234115)
==============================================================================================================
Root: 6	 with energy 1.187233640156083
==============================================================================================================
4 Up <-- Up 0 C^2 :  0.4964150062852698 C : (0.5696864299067043,0.4145749363690759)
4 Down <-- Down 0 C^2 :  0.4964150062852581 C : (0.4167265996968711,0.5681143787921071)
==============================================================================================================
Root: 7	 with energy 1.290223850318246
==============================================================================================================
4 Up <-- Up 0 C^2 :  0.4995560640594559 C : (0.7059238088673274,-0.03503769589600468)
4 Down <-- Down 0 C^2 :  0.4995560640594659 C : (-0.6831758704886166,-0.1811816603345572)
==============================================================================================================
Root: 8	 with energy 1.694958637322252
==============================================================================================================
5 Up <-- Up 0 C^2 :  0.4753696383990691 C : (-0.6240233859045069,0.2931969512858958)
5 Down <-- Down 0 C^2 :  0.4753696383990621 C : (0.6240233859045022,-0.2931969512858937)
==============================================================================================================
Root: 9	 with energy 1.989175789541041
==============================================================================================================
5 Up <-- Up 0 C^2 :  0.4984300333058164 C : (-0.4614836741892682,0.5342872371324153)
5 Down <-- Down 0 C^2 :  0.498430033305812 C : (-0.4614836741892672,0.5342872371324121)
==============================================================================================================
==============================================================================================================
(RSP) Transition Dipole Moment, <1| coordinate |2>  |  Roots  |              Dipole Moment
==============================================================================================================
(RSP) Transition Dipole Moment, <1|x|2>             |    0    |     (-2.940789972649682e-15,2.886579864025407e-15)
(RSP) Transition Dipole Moment, <1|x|2>             |    1    |     (8.973575070029085e-16,4.616375322609576e-16)
(RSP) Transition Dipole Moment, <1|x|2>             |    2    |     (-0.268486568663983,-0.4801774284801263)
(RSP) Transition Dipole Moment, <1|x|2>             |    3    |     (3.062230953602775e-15,-1.576283807426884e-16)
(RSP) Transition Dipole Moment, <1|x|2>             |    4    |     (7.48943174835359e-16,-6.090428303450063e-16)
(RSP) Transition Dipole Moment, <1|x|2>             |    5    |     (6.402470940606757e-16,-1.802594618912289e-17)
(RSP) Transition Dipole Moment, <1|x|2>             |    6    |     (-1.850949948867253e-15,9.345822726825048e-16)
(RSP) Transition Dipole Moment, <1|x|2>             |    7    |     (-0.1664799176279269,0.5243470581602846)
(RSP) Transition Dipole Moment, <1|x|2>             |    8    |     (-2.735749829363107e-17,-3.645343662411657e-18)
(RSP) Transition Dipole Moment, <1|x|2>             |    9    |     (2.334077389673765e-17,-2.201905557132453e-16)

(RSP) Transition Dipole Moment, <1|y|2>             |    0    |     (-6.384323988517449e-17,4.060225900485483e-16)
(RSP) Transition Dipole Moment, <1|y|2>             |    1    |     (-3.197751178627086e-17,1.501972834548502e-17)
(RSP) Transition Dipole Moment, <1|y|2>             |    2    |     (-8.623974786261112e-16,-4.462039014873174e-16)
(RSP) Transition Dipole Moment, <1|y|2>             |    3    |     (-1.824929096727601e-15,8.456776945386935e-16)
(RSP) Transition Dipole Moment, <1|y|2>             |    4    |     (-3.489724037910955e-17,3.813133913783732e-17)
(RSP) Transition Dipole Moment, <1|y|2>             |    5    |     (-0.5628266540997047,0.5333747342322928)
(RSP) Transition Dipole Moment, <1|y|2>             |    6    |     (-1.854382749477277e-15,-1.023353534684758e-15)
(RSP) Transition Dipole Moment, <1|y|2>             |    7    |     (-5.325027952012972e-16,2.364674221469133e-16)
(RSP) Transition Dipole Moment, <1|y|2>             |    8    |     (-4.833860478032723e-17,2.369086055653527e-17)
(RSP) Transition Dipole Moment, <1|y|2>             |    9    |     (6.081901422973312e-18,-3.961999466031372e-18)

(RSP) Transition Dipole Moment, <1|z|2>             |    0    |     (-2.277892881435592e-15,-3.387416987413103e-15)
(RSP) Transition Dipole Moment, <1|z|2>             |    1    |     (-5.565404948467961e-16,9.959264048746968e-16)
(RSP) Transition Dipole Moment, <1|z|2>             |    2    |     (0.4801774284801268,-0.2684865686639827)
(RSP) Transition Dipole Moment, <1|z|2>             |    3    |     (-4.778595093088073e-16,2.649478144072623e-15)
(RSP) Transition Dipole Moment, <1|z|2>             |    4    |     (6.585415349829484e-16,1.522293392510251e-15)
(RSP) Transition Dipole Moment, <1|z|2>             |    5    |     (-1.035628109653392e-15,5.842846897067707e-17)
(RSP) Transition Dipole Moment, <1|z|2>             |    6    |     (1.536488321096556e-15,2.037994736101591e-15)
(RSP) Transition Dipole Moment, <1|z|2>             |    7    |     (0.5243470581602854,0.166479917627927)
(RSP) Transition Dipole Moment, <1|z|2>             |    8    |     (-3.247091090763303e-17,1.349097888999184e-17)
(RSP) Transition Dipole Moment, <1|z|2>             |    9    |     (-5.148052070866872e-16,5.060662974464633e-16)


==============================================================================================================
(RSP) Transition Moment, <1| pi_coordinate |2>      |  Roots  |              Dipole Moment
==============================================================================================================
(RSP) Transition Moment, <1|pi_x|2>                 |    0    |     (1.625869577859262e-15,2.096088060066226e-15)
(RSP) Transition Moment, <1|pi_x|2>                 |    1    |     (1.619587627393842e-16,-1.056362721846392e-15)
(RSP) Transition Moment, <1|pi_x|2>                 |    2    |     (-0.4190364287598274,0.2343001695415845)
(RSP) Transition Moment, <1|pi_x|2>                 |    3    |     (-2.21245015272275e-16,-2.487163861423569e-15)
(RSP) Transition Moment, <1|pi_x|2>                 |    4    |     (-5.189403667727878e-16,-7.990376964979993e-16)
(RSP) Transition Moment, <1|pi_x|2>                 |    5    |     (-2.347535832135015e-16,-1.002356688521586e-15)
(RSP) Transition Moment, <1|pi_x|2>                 |    6    |     (2.059929917613834e-15,3.262147496574386e-15)
(RSP) Transition Moment, <1|pi_x|2>                 |    7    |     (0.6673207620438566,0.2118739940799022)
(RSP) Transition Moment, <1|pi_x|2>                 |    8    |     (-4.545117947859809e-17,8.731740856866969e-17)
(RSP) Transition Moment, <1|pi_x|2>                 |    9    |     (-2.337042118752342e-16,5.718944267331973e-17)

(RSP) Transition Moment, <1|pi_y|2>                 |    0    |     (1.914182866482752e-16,2.674871869244298e-16)
(RSP) Transition Moment, <1|pi_y|2>                 |    1    |     (3.542113606469788e-17,4.797019255171917e-17)
(RSP) Transition Moment, <1|pi_y|2>                 |    2    |     (-4.060608177934864e-16,9.680263954056277e-16)
(RSP) Transition Moment, <1|pi_y|2>                 |    3    |     (2.053695755122042e-15,2.339057766920227e-15)
(RSP) Transition Moment, <1|pi_y|2>                 |    4    |     (4.080705537542735e-16,-2.174780708178717e-16)
(RSP) Transition Moment, <1|pi_y|2>                 |    5    |     (0.5698815881042648,0.6013493457417133)
(RSP) Transition Moment, <1|pi_y|2>                 |    6    |     (-1.069961790276702e-15,1.923055564940985e-15)
(RSP) Transition Moment, <1|pi_y|2>                 |    7    |     (1.940712070335745e-16,4.963476418329942e-16)
(RSP) Transition Moment, <1|pi_y|2>                 |    8    |     (3.739187531735736e-17,8.723034640675056e-17)
(RSP) Transition Moment, <1|pi_y|2>                 |    9    |     (3.699651217806225e-17,3.40536911379694e-17)

(RSP) Transition Moment, <1|pi_z|2>                 |    0    |     (-2.333203075188806e-15,1.382357769919018e-15)
(RSP) Transition Moment, <1|pi_z|2>                 |    1    |     (1.006032992050454e-15,3.946346041536209e-16)
(RSP) Transition Moment, <1|pi_z|2>                 |    2    |     (-0.2343001695415839,-0.4190364287598279)
(RSP) Transition Moment, <1|pi_z|2>                 |    3    |     (1.742535120853967e-15,5.842507013517481e-16)
(RSP) Transition Moment, <1|pi_z|2>                 |    4    |     (7.249948372701503e-16,-4.010755216024067e-16)
(RSP) Transition Moment, <1|pi_z|2>                 |    5    |     (-1.202323205477548e-16,9.195057136247119e-16)
(RSP) Transition Moment, <1|pi_z|2>                 |    6    |     (3.226368824882364e-15,-2.367843334599717e-15)
(RSP) Transition Moment, <1|pi_z|2>                 |    7    |     (0.2118739940799031,-0.6673207620438569)
(RSP) Transition Moment, <1|pi_z|2>                 |    8    |     (1.055365308457882e-16,7.963172711188004e-17)
(RSP) Transition Moment, <1|pi_z|2>                 |    9    |     (4.009961037460497e-16,4.286047016809595e-16)


==============================================================================================================
(RSP) Electric Dipole Oscillator Strength
(length gauge):            	1.774577301185174e-29	1.361366770506803e-30	0.3592414077882899	1.308938215687448e-29	2.414520683609118e-30	0.4208014483593494	1.210951915324082e-29	0.5206576213214879	5.532305890544017e-33	7.561637704368417e-31	
(magnetic-velocity gauge): 	1.227926606951033e-29	1.753203347635621e-30	0.3452136942749218	1.356349484330783e-29	1.226603204626251e-30	0.4358858718266987	2.00713182509842e-29	0.5065866037651787	1.42290970954792e-32	1.357066427366662e-31	
(mixed gauge):             	(1.466969945777126e-29,-1.331822797509036e-30)	(1.497554802801663e-30,3.397366838172199e-31)	(0.3521577111453322,-3.700743415417183e-17)	(1.236834826489063e-29,8.932955970129915e-31)	(1.526827580780868e-30,3.843822355685899e-32)	(0.4282772538718961,-3.067294010787728e-32)	(1.522517485570232e-29,4.108688070918121e-31)	(0.5135739246785306,1.480297366166875e-16)	(7.777610530076824e-33,7.788918986729651e-34)	(3.155663125339645e-31,4.993207786279401e-33)	

