
Running the London Hartree-Fock program at /home/sangita.sen/packages/london/london.x.
Founded by Erik Tellgren, Alessandro Soncini and Trygve Helgaker.
Programming by:
  Erik Tellgren (main programmer)
  Kai Kaarvann Lange
  Andrew M. Teale
  Ulf Ekstrom
  Stella Stopkowicz
  Jon H. Austad


Basis file /home/sangita.sen/packages/london/baslib/aug-cc-pVDZ opened for reading.
User input successfully read from file_y9.inp.

london-input{
  analysis{
    analysis-only = no
    xml-print-potential-basis-overlap = no
    xml-print-potential-basis-kinetic = no
    export-operators = no
    # decypher-density-matrix-file = binary-file, plain-text-file
    # density-matrix-binary-to-text = binary-input-file, text-output-file
    # density-matrix-text-to-binary = text-input-file, binary-output-file
    # density-matrix-for-plotting = filename
    # density-plot-data = {filename,(x0,y0,z0),(x1,y1,z1),(x2,y2,z2),(x3,y3,z3),(N1xN2xN3),precision=N,scolon={y/n},fields{rho,grad(rho),jp,j,A,B,rho2nu,rho2omega,tau_p,tau_pi,laplacian(rho),grad(rho)^2,jp^2,tau_tensor}}
    # streamline-data = {filename,(x0,y0,z0),(x1,y1,z1),(x2,y2,z2),(x3,y3,z3),(N1xN2xN3),precision=N,scolon={y/n},fields{rho,grad(rho),jp,j,A,B,rho2nu,rho2omega,tau_p,tau_pi,laplacian(rho),grad(rho)^2,jp^2,tau_tensor}}
    # vortexline-data = {filename,(x0,y0,z0),(x1,y1,z1),(x2,y2,z2),(x3,y3,z3),(N1xN2xN3),precision=N,scolon={y/n},fields{rho,grad(rho),jp,j,A,B,rho2nu,rho2omega,tau_p,tau_pi,laplacian(rho),grad(rho)^2,jp^2,tau_tensor}}
    # current-through-plane = {density_matrix_file,(x0,y0,z0),(x1,y1,z1),(x2,y2,z2),(x3,y3,z3),(N1xN2xN3),precision=N,scolon={y/n},fields{rho,grad(rho),jp,j,A,B,rho2nu,rho2omega,tau_p,tau_pi,laplacian(rho),grad(rho)^2,jp^2,tau_tensor}}
    # linearly-combine-density-matrices = file : 0.6 * infile1, 0.4 * infile2, ...
    # spin-rotate-2c-density-matrix = file : infile, angle_degrees, (ux, uy, uz)
    linear-dependence-tol = 1e-06
    # overlap-for-ci-state-files = file1, file2
  }

  scf{
    spin-symmetry-constraint = Unrestricted Hartree-Fock
    linear-dependence-tol = 1e-10
    uhf-spin-projection = 0
    disable-spin-zeeman-in-fock-matrix = no
    noisy-init-guess = no
    # density-matrix-input-file = 
    # density-matrix-output-file = 
    # density-plot-data = {filename,(x0,y0,z0),(x1,y1,z1),(x2,y2,z2),(x3,y3,z3),(N1xN2xN3),precision=N,scolon={y/n},fields{rho,grad(rho),jp,j,A,B,rho2nu,rho2omega,tau_p,tau_pi,laplacian(rho),grad(rho)^2,jp^2,tau_tensor}}
    # molecular-orbitals-to-plot = (1,2,3,...)
    min-scf-iterations = 0
    max-scf-iterations = 160
    use-density-fitting = no
    use-admm = no
    analyze-using-dft-grid = no

    diis{
      convergence-tolerance = 1e-10
      subspace-dimension = 7
      diagonalization-temperature = 0
    }
  }

  casscf{
    max-active-orbitals = 2000
    number-of-frozen-orbitals = 0
    number-of-states-in-casscf-optimization = 1
    number-of-ci-states = 1
    spin-projection = default
    num-1exc-init-vec = 0
    num-2exc-init-vec = 0
    use-noisy-init-vec = no
    ci-max-subspace-dim = default
    ci-convergence-tol = 1e-06
    # density-matrix-input-file = 
    # density-matrix-output-file = 
    # ci-states-output-file = 
    # density-plot-data = {filename,(x0,y0,z0),(x1,y1,z1),(x2,y2,z2),(x3,y3,z3),(N1xN2xN3),precision=N,scolon={y/n},fields{rho,grad(rho),jp,j,A,B,rho2nu,rho2omega,tau_p,tau_pi,laplacian(rho),grad(rho)^2,jp^2,tau_tensor}}
    # analysis-weights = (w0, w1, ...)
  }

  mp2{
    spin-projection = default
    number-of-weights = 8
    basis-functions-per-block = 20
    cs-tolerance = 0
    print-mp2-components = 0
    # density-matrix-input-file = 
    # density-matrix-output-file = 
    #property-request = relaxed-density-matrix
  }

  rsp{
    number-of-roots-requested = 10
    root-selection-method = energy
    excitation-basis = MObasis
    starting-guess = UnitGuess
    solver_choice = GenEig
    method_choice = RPA
    precondition = false
    initial-subspace-dimension = 100
    maximum-subspace-dimension = 800
    convergence-tolerance = 1e-10
    max-rsp-iterations = 200
    # density-matrix-input-file = 
    # density-matrix-output-file = 
  }

  coupled-cluster{
    truncation-level = CCSD
    property-request = off
    spin-projection = default
    max-it = 150
    write-t-amplitudes = yes
    read-t-amplitudes = no
    # density-matrix-output-file = 
    # memory-in-gb = 
    # interface = 
    # molecular-orbitals-to-freeze = (1,3,5,...)
    diis{
      convergence-tolerance = 1e-06
      subspace-dimension = 7
      diagonalization-temperature = 0
    }
  }

  finite-difference{
    run-finite-difference = false
    run-type = gradient
    use-ref-density = false
    step-size = 0.0005
  }

  system{
    molecular-charge = 0
    correlation-model = RSP

    hamiltonian{
      electron-mass = 1
      speed-of-light = 137.036
      adiabatic-connection-lambda = 1
      nuclear-charge-distribution = point charge

      magnetic-field = (0, 0.9, 0)
      gauge-origin = (0, 0, 0.1173)

      linear-magnetic-field = {(0, 0, 0), (0, 0, 0), (0, 0, 0)}
      linear-magnetic-origin = (0, 0, 0)

      electric-field = (0, 0, 0)
      electric-origin = (0, 0, 0)
      linear-electric-field = {(0, 0, 0), (0, 0, 0), (0, 0, 0)}

      include-basis-expanded-scalar-potential = no
      scalar-potential-coefficients = (empty)
      include-basis-expanded-vector-potential = no
      vector-potential-coefficients-x = (empty)
      vector-potential-coefficients-y = (empty)
      vector-potential-coefficients-z = (empty)
      include-repulsion-from-external-density = no
      external-charge-density-scale-factor = 1
      include-coulomb-distance-to-external-density = no
      external-charge-density-distance-factor = 1
      # external-charge-density-file = filename
      # lieb-ref-density-file = filename
      # potential-plot-data = {filename,(x0,y0,z0),(x1,y1,z1),(x2,y2,z2),(x3,y3,z3),(N1xN2xN3),precision=N,scolon={y/n},fields{rho,grad(rho),jp,j,A,B,rho2nu,rho2omega,tau_p,tau_pi,laplacian(rho),grad(rho)^2,jp^2,tau_tensor}}

      integral{
        use-coulomb-integral-permutation-symmetry = yes
        use-cauchy-schwarz-screening = yes
        cauchy-schwarz-tol = 1e-15
        boys-function-tol = 1e-17
      }

      dft{
        # xc-functional = 0.7 * lda + 0.54 * lyp
        # xc-fun-parameter = {param1 = 0.1, param2 = 0.2, param3 = 0.3}
        jp-functional = none
        vrg-functional = none
        tau-correction = none
        vrg-hard-rs-cutoff = 62035.049
        vrg-soft-density-cutoff = 1e-14
        exact-exchange-fraction = default
        # gridfile = 
        radial-grid-type = LMG
        allow-grid-pruning = yes
        gc2-radial-grid-threshold = 1e-13
        lebedev-angular-target-degree = 35
        lebedev-angular-minimal-degree = 15
        weight-screen-threshold = 1e-20
        becke-hardness = 3
        allow-becke-atom-size-correction = yes
      }
    }

    # data on state flags lost, output incomplete here
    use-london-orbitals = yes
    gto-contraction-type = all, normalizedprimitive
    basis = aug-cc-pVDZ
    # density-fitting-basis = 
    # admm-basis = 
    # scalar-potential-basis = 
    # vector-potential-basis = 
    # if you really want to: # orbital-wave-vector-offset = (0, 0, 0)
    charge = 2
    He            0            0            0
  }
}

Basis set information:
The orbital basis consists of 11 basis functions formed from linear combinations of 11 primitive basis functions.
The density-fitting basis consists of 0 basis functions formed from linear combinations of 0 primitive basis functions.
The scalar potential basis consists of 0 basis functions formed from linear combinations of 0 primitive basis functions.
The vector potential basis consists of 0 basis functions formed from linear combinations of 0 primitive basis functions.
UHF Spin type 2

RSP: Running Hartree-Fock to determine orbital space.
RSP: run scf2


SCF: Running SCF optimization.

SCF: The SCF basis contains 11 basis functions.
 Fock build F = F(D) performed in 0 seconds (with 0 seconds used for Coulomb and exchange).
SCF-SD: Initial density by diagonalizing the one-electron part of the Fock matrix.
Initial trace: Tr(D) = (2,1.05324e-34)

SCF iteration 1:       [wall time: Tue Dec 14 18:54:03 2021]
SCF: using a fraction 1 of Hartree-Fock exchange.
DevINFO: screened away 100 out of 637 symmetry unique quadruples ABCD.
 Fock build F = F(D) performed in 0 seconds (with 0 seconds used for Coulomb and exchange).
 Total energy: -2.605859777 Hartree
 Fock matrix inversion D = D(Fmix) performed in 0 seconds.
  Nuclear repulsion:  0
  Kinetic:            4.27116074
  Nuclear attraction: -8.161527276
  Spin Zeeman effect: 1.998401444e-16
  Coulomb:            2.569013518
  Exchange:           -1.284506759
  Total:              -2.605859777

 Ehomo(Down) = -1.156201693, Elumo(Down) = 0.07909252258
 Ehomo( Up ) = -0.2562016932, Elumo( Up ) = 0.9790925226
 DIIS error norm: 1.07311455

SCF iteration 2:       [wall time: Tue Dec 14 18:54:03 2021]
SCF: using a fraction 1 of Hartree-Fock exchange.
DevINFO: screened away 101 out of 637 symmetry unique quadruples ABCD.
 Fock build F = F(D) performed in 0 seconds (with 0 seconds used for Coulomb and exchange).
 Total energy: -2.706389142 Hartree
 Fock matrix inversion D = D(Fmix) performed in 0 seconds.
  Nuclear repulsion:  0
  Kinetic:            3.318616138
  Nuclear attraction: -7.127695272
  Spin Zeeman effect: -9.992007222e-17
  Coulomb:            2.205379983
  Exchange:           -1.102689992
  Total:              -2.706389142

 Ehomo(Down) = -1.258248763, Elumo(Down) = 0.05215495859
 Ehomo( Up ) = -0.3582487634, Elumo( Up ) = 0.9521549586
 DIIS error norm: 0.09133295787

SCF iteration 3:       [wall time: Tue Dec 14 18:54:03 2021]
SCF: using a fraction 1 of Hartree-Fock exchange.
DevINFO: screened away 100 out of 637 symmetry unique quadruples ABCD.
 Fock build F = F(D) performed in 0 seconds (with 0 seconds used for Coulomb and exchange).
 Total energy: -2.707448009 Hartree
 Fock matrix inversion D = D(Fmix) performed in 0 seconds.
  Nuclear repulsion:  0
  Kinetic:            3.240171752
  Nuclear attraction: -7.031844595
  Spin Zeeman effect: 0
  Coulomb:            2.168449669
  Exchange:           -1.084224835
  Total:              -2.707448009

 Ehomo(Down) = -1.262024769, Elumo(Down) = 0.05014913505
 Ehomo( Up ) = -0.3620247689, Elumo( Up ) = 0.9501491351
 DIIS error norm: 0.00858040837

SCF iteration 4:       [wall time: Tue Dec 14 18:54:03 2021]
SCF: using a fraction 1 of Hartree-Fock exchange.
DevINFO: screened away 98 out of 637 symmetry unique quadruples ABCD.
 Fock build F = F(D) performed in 0 seconds (with 0 seconds used for Coulomb and exchange).
 Total energy: -2.707453885 Hartree
 Fock matrix inversion D = D(Fmix) performed in 0 seconds.
  Nuclear repulsion:  0
  Kinetic:            3.237117008
  Nuclear attraction: -7.027728574
  Spin Zeeman effect: 9.992007222e-17
  Coulomb:            2.166315362
  Exchange:           -1.083157681
  Total:              -2.707453885

 Ehomo(Down) = -1.262164421, Elumo(Down) = 0.05013911149
 Ehomo( Up ) = -0.3621644212, Elumo( Up ) = 0.9501391115
 DIIS error norm: 0.0001579454431

SCF iteration 5:       [wall time: Tue Dec 14 18:54:03 2021]
SCF: using a fraction 1 of Hartree-Fock exchange.
DevINFO: screened away 102 out of 637 symmetry unique quadruples ABCD.
 Fock build F = F(D) performed in 0 seconds (with 0 seconds used for Coulomb and exchange).
 Total energy: -2.707453889 Hartree
 Fock matrix inversion D = D(Fmix) performed in 0 seconds.
  Nuclear repulsion:  0
  Kinetic:            3.2370256
  Nuclear attraction: -7.027612128
  Spin Zeeman effect: 9.992007222e-17
  Coulomb:            2.166265278
  Exchange:           -1.083132639
  Total:              -2.707453889

 Ehomo(Down) = -1.262160358, Elumo(Down) = 0.05013761529
 Ehomo( Up ) = -0.3621603579, Elumo( Up ) = 0.9501376153
 DIIS error norm: 9.075516559e-06

SCF iteration 6:       [wall time: Tue Dec 14 18:54:03 2021]
SCF: using a fraction 1 of Hartree-Fock exchange.
DevINFO: screened away 102 out of 637 symmetry unique quadruples ABCD.
 Fock build F = F(D) performed in 0 seconds (with 0 seconds used for Coulomb and exchange).
 Total energy: -2.707453889 Hartree
 Fock matrix inversion D = D(Fmix) performed in 0 seconds.
  Nuclear repulsion:  0
  Kinetic:            3.237027816
  Nuclear attraction: -7.027614636
  Spin Zeeman effect: 0
  Coulomb:            2.166265862
  Exchange:           -1.083132931
  Total:              -2.707453889

 Ehomo(Down) = -1.26216049, Elumo(Down) = 0.05013763078
 Ehomo( Up ) = -0.3621604896, Elumo( Up ) = 0.9501376308
 DIIS error norm: 1.042761289e-07

SCF iteration 7:       [wall time: Tue Dec 14 18:54:03 2021]
SCF: using a fraction 1 of Hartree-Fock exchange.
DevINFO: screened away 93 out of 637 symmetry unique quadruples ABCD.
 Fock build F = F(D) performed in 0 seconds (with 0 seconds used for Coulomb and exchange).
 Total energy: -2.707453889 Hartree
 Fock matrix inversion D = D(Fmix) performed in 0 seconds.
  Nuclear repulsion:  0
  Kinetic:            3.237027724
  Nuclear attraction: -7.027614523
  Spin Zeeman effect: 0
  Coulomb:            2.16626582
  Exchange:           -1.08313291
  Total:              -2.707453889

 Ehomo(Down) = -1.262160489, Elumo(Down) = 0.05013763071
 Ehomo( Up ) = -0.3621604894, Elumo( Up ) = 0.9501376307
 DIIS error norm: 4.781233372e-10

SCF iteration 8:       [wall time: Tue Dec 14 18:54:03 2021]
SCF: using a fraction 1 of Hartree-Fock exchange.
DevINFO: screened away 102 out of 637 symmetry unique quadruples ABCD.
 Fock build F = F(D) performed in 0 seconds (with 0 seconds used for Coulomb and exchange).
 Total energy: -2.707453889 Hartree
 Fock matrix inversion D = D(Fmix) performed in 0 seconds.
  Nuclear repulsion:  0
  Kinetic:            3.237027724
  Nuclear attraction: -7.027614524
  Spin Zeeman effect: -1.998401444e-16
  Coulomb:            2.166265821
  Exchange:           -1.08313291
  Total:              -2.707453889

 Ehomo(Down) = -1.262160489, Elumo(Down) = 0.05013763071
 Ehomo( Up ) = -0.3621604894, Elumo( Up ) = 0.9501376307
 DIIS error norm: 1.215904098e-14

Converged SCF results:
-----------------------
(pre-RSP) Nuclear repulsion:  0
(pre-RSP) Kinetic:            3.237027724357548
(pre-RSP) Nuclear attraction: -7.027614523706839
(pre-RSP) Spin Zeeman effect: -1.998401444325282e-16
(pre-RSP) Coulomb:            2.166265820579298
(pre-RSP) Exchange:           -1.083132910289649
(pre-RSP) Total electronic:   -2.707453889059643
(pre-RSP) Total:              -2.707453889059643

(pre-RSP) E(LUMO, Down): 0.05013763071101831
(pre-RSP) E(HOMO, Down): -1.262160489384997
(pre-RSP) E(GAP, Down):  1.312298120096016

(pre-RSP) E(LUMO,  Up ): 0.9501376307110174
(pre-RSP) E(HOMO,  Up ): -0.3621604893849966
(pre-RSP) E(GAP,  Up ):  1.312298120096014

Orbital energies (Eorb), orbital contributions to the total energy (Econtrib), and reflection symmetry properties for the molecular orbitals:

Orbital analysis (pre-RSP)
    Eorb      Econtrib  Occ  Reflection(xy)  Reflection(xz)  Reflection(yz)
---------------------------------------------------------------------------
Spin Down
  -1.26216    -1.57873   1  (1.0000,0.0000)  (1.0000,0.0000)  (0.9981,-0.0000)
 0.0501376   -0.227147   0  (0.0000,0.0000)  (1.0000,0.0000)  (0.0054,0.0000)
  0.298571   0.0303727   0  (1.0000,0.0000)  (-1.0000,-0.0000)  (0.9944,-0.0000)
   0.58111    0.375804   0  (1.0000,0.0000)  (1.0000,0.0000)  (0.9818,-0.0000)
  0.950138    0.672853   0  (-0.0000,0.0000)  (1.0000,0.0000)  (0.0054,0.0000)
   1.45917     1.14527   0  (1.0000,-0.0000)  (1.0000,-0.0000)  (0.9826,-0.0000)
   2.30806     1.68212   0  (0.0000,-0.0000)  (1.0000,0.0000)  (0.0021,-0.0000)
   2.68406     2.04903   0  (1.0000,0.0000)  (-1.0000,-0.0000)  (0.9980,-0.0000)
   3.20806     2.58212   0  (-0.0000,0.0000)  (1.0000,-0.0000)  (0.0021,0.0000)
   8.49115     7.54528   0  (1.0000,0.0000)  (1.0000,0.0000)  (0.9981,-0.0000)
   62.1651      60.817   0  (1.0000,0.0000)  (1.0000,0.0000)  (0.9997,-0.0000)
Spin Up
  -0.36216    -1.12873   1  (1.0000,0.0000)  (1.0000,0.0000)  (0.9981,-0.0000)
  0.950138    0.222853   0  (-0.0000,-0.0000)  (1.0000,0.0000)  (0.0054,-0.0000)
   1.19857    0.480373   0  (1.0000,0.0000)  (-1.0000,-0.0000)  (0.9944,0.0000)
   1.48111    0.825804   0  (1.0000,-0.0000)  (1.0000,-0.0000)  (0.9818,0.0000)
   1.85014     1.12285   0  (0.0000,-0.0000)  (1.0000,0.0000)  (0.0054,-0.0000)
   2.35917     1.59527   0  (1.0000,-0.0000)  (1.0000,-0.0000)  (0.9826,0.0000)
   3.20806     2.13212   0  (-0.0000,0.0000)  (1.0000,0.0000)  (0.0021,0.0000)
   3.58406     2.49903   0  (1.0000,0.0000)  (-1.0000,0.0000)  (0.9980,0.0000)
   4.10806     3.03212   0  (0.0000,0.0000)  (1.0000,-0.0000)  (0.0021,0.0000)
   9.39115     7.99528   0  (1.0000,0.0000)  (1.0000,0.0000)  (0.9981,-0.0000)
   63.0651      61.267   0  (1.0000,0.0000)  (1.0000,0.0000)  (0.9997,-0.0000)


Properties:
-----------
Spin-projection on field: <sigma_B> = <2 S_B> = 4.440892098500626e-16
Spin-projection squared: <sigma_B> = <4 S_B^2> = -1.554312234475219e-15
Total spin: <sigma^2> = <4 S^2> = -4.218847493575595e-15 = 4 * -1.054711873393899e-15 * (-1.054711873393899e-15 + 1)
Total spin quantum number: s = -1.054711873393899e-15


(SCF) Traces of the SCF 1-electron density matrix with simple operators
(SCF) Mechanical/kinetic momentum:
(SCF)     <PIx> = -2.448892197971213e-16
(SCF)     <PIy> = -2.053174563946718e-18
(SCF)     <PIz> = -1.273432554769599e-16
(SCF)     B x pi = (-1.146089299292639e-16, 0, 2.204002978174092e-16)
(SCF) Angular momentum w.r.t. gauge origin (0, 0, 0.1173):
(SCF)     <Lx> = -2.408373763509516e-19
(SCF)     <Ly> = 0.6169362749257312
(SCF)     <Lz> = 2.78588354342985e-33
(SCF) Coordinate derivative contribution to angular momentum w.r.t. C = (0, 0, 0.1173):
(SCF)     <Lcoord_x> = -2.408373763509425e-19
(SCF)     <Lcoord_y> = -0.01238336100000018
(SCF)     <Lcoord_z> = -1.329436290813739e-18
(SCF) Dipole moment:
(SCF)     <x> = 1.061906138787069e-15
(SCF)     <y> = 2.518587270652132e-17
(SCF)     <z> = -1.869647656506107e-15
(SCF) Nuclear dipole moment:
(SCF)     <X> = 0
(SCF)     <Y> = 0
(SCF)     <Z> = 0
(SCF) Total dipole moment: (-1.061906138787069e-15, -2.518587270652132e-17, 1.869647656506107e-15)
(SCF) Coordinate derivative contribution to angular momentum w.r.t. center of charge (5.309530693935342e-16, 1.259293635326065e-17, -9.348238282530529e-16):
(SCF)     <Lambda_x> = 5.145876755926108e-33
(SCF)     <Lambda_y> = -1.526694670642487e-30
(SCF)     <Lambda_z> = -1.431393823207093e-33
(SCF) Electronic quadrupole moments w.r.t. center of electronic charge at (5.309530693935342e-16, 1.259293635326065e-17, -9.348238282530529e-16):
(SCF)         x         y          z
(SCF) x: 0.6854847499174792  6.874164840738607e-33  -1.055885068921252e-31
(SCF) y: 6.874164840738607e-33  0.6854847499174792  -6.375791514015225e-33
(SCF) z: -1.055885068921252e-31  -6.375791514015225e-33  0.6854847499174792
(SCF) Magnetic quadrupole moments w.r.t. C = (0, 0, 0):
(SCF)         x         y          z
(SCF) Jx: 2.734929056701053e-18  5.290128403062378e-17  -2.650879538971778e-19
(SCF) Jy: -3.568237542240864e-16  -5.469858113402106e-18  6.239865864105676e-16
(SCF) Jz: 2.650879538971778e-19  -9.870794981698366e-17  2.734929056701053e-18
(SCF) Anapole moment w.r.t. C = (0, 0, 0):
(SCF)     a_x = -7.226945362275513e-16
(SCF)     a_y = -5.301759077943556e-19
(SCF)     a_z = -4.097250382547102e-16
(SCF) Hellmann-Feynman forces:
(SCF) H-F force on He at pos = (0, 0, 0):   F = (-2.323163672256118e-15, -3.630370770124195e-17, 4.278807001789395e-15)
(SCF) Total H-F force on center of mass:   Ftot = (-2.323163672256118e-15, -3.630370770124195e-17, 4.278807001789395e-15)
(SCF) Scaling pressure w.r.t. center of charge:   5.233878794537139e-30
(SCF) Total H-F torque w.r.t. center of charge: (-1.994517322836506e-32, 1.000969531857397e-31, -9.979887228588492e-33)
(SCF) Nuclear shielding integrals:
(SCF) He at C = (0, 0, 0):
(SCF)    <Lx/|r - C|^3> = 2.051241343486686e-33
(SCF)    <Ly/|r - C|^3> = 1.054142178556026
(SCF)    <Lz/|r - C|^3> = -1.915857187871253e-33
 
MULLIKEN POPULATION ANALYSIS FOR SUM OF SPIN UP AND SPIN DOWN DENSITY MATRIX

(SCF) Mulliken decomposition of traces of SCF 1-electron density matrix with simple operators

(SCF) Mulliken populations:
(SCF) Nucleus #1 (He):  2.000000000000001   [narrow def.],   2.000000000000001   [wide def.]

(SCF) Total mechanical momentum: <pi> = (-2.448892197971214e-16, -2.053174563946718e-18, -1.273432554769598e-16)

(SCF) Mulliken momenta:
(SCF) Nucleus #1 (He):  (-2.448892197971214e-16, -2.053174563946718e-18, -1.273432554769598e-16)   [narrow def.],   (-2.448892197971214e-16, -2.053174563946718e-18, -1.273432554769598e-16)   [wide def.]

(SCF) Mulliken bond momenta:
(SCF) Nucleus #1 (He):   
 
MULLIKEN POPULATION ANALYSIS FOR SPIN DOWN DENSITY MATRIX:

(SCF) Mulliken decomposition of traces of SCF 1-electron density matrix with simple operators

(SCF) Mulliken populations:
(SCF) Nucleus #1 (He):  1   [narrow def.],   1   [wide def.]

(SCF) Total mechanical momentum: <pi> = (-3.629081350003588e-16, 1.451524668187191e-19, -1.619404803546726e-17)

(SCF) Mulliken momenta:
(SCF) Nucleus #1 (He):  (-3.629081350003588e-16, 1.451524668187191e-19, -1.619404803546726e-17)   [narrow def.],   (-3.629081350003588e-16, 1.451524668187191e-19, -1.619404803546726e-17)   [wide def.]

(SCF) Mulliken bond momenta:
(SCF) Nucleus #1 (He):   
 
MULLIKEN POPULATION ANALYSIS FOR SPIN UP DENSITY MATRIX:

(SCF) Mulliken decomposition of traces of SCF 1-electron density matrix with simple operators

(SCF) Mulliken populations:
(SCF) Nucleus #1 (He):  1.000000000000001   [narrow def.],   1.000000000000001   [wide def.]

(SCF) Total mechanical momentum: <pi> = (1.180189152032376e-16, -2.198327030765438e-18, -1.111492074414925e-16)

(SCF) Mulliken momenta:
(SCF) Nucleus #1 (He):  (1.180189152032376e-16, -2.198327030765438e-18, -1.111492074414925e-16)   [narrow def.],   (1.180189152032376e-16, -2.198327030765438e-18, -1.111492074414925e-16)   [wide def.]

(SCF) Mulliken bond momenta:
(SCF) Nucleus #1 (He):   
 

Orbital symmetry properties for SCF:
                          Inversion           Rot180X           Rot180Y           Rot180Z            ReflXY            ReflXZ            ReflYZ
  can.orb. [Down] 0   (0.9981,0.0000)   (1.0000,0.0000)   (0.9981,0.0000)   (0.9981,0.0000)   (1.0000,0.0000)   (1.0000,0.0000)   (0.9981,0.0000) 
  can.orb. [Down] 1   (-0.9891,-0.0000)   (0.0000,0.0000)   (-0.9891,-0.0000)   (0.0054,-0.0000)   (0.0000,0.0000)   (1.0000,0.0000)   (0.0054,-0.0000) 
  can.orb. [Down] 2   (-0.9944,-0.0000)   (-1.0000,0.0000)   (0.9944,0.0000)   (-0.9944,-0.0000)   (1.0000,-0.0000)   (-1.0000,0.0000)   (0.9944,0.0000) 
  can.orb. [Down] 3   (0.9818,-0.0000)   (1.0000,0.0000)   (0.9818,-0.0000)   (0.9818,-0.0000)   (1.0000,0.0000)   (1.0000,0.0000)   (0.9818,-0.0000) 
  can.orb. [Down] 4   (-0.9891,-0.0000)   (-0.0000,0.0000)   (-0.9891,-0.0000)   (0.0054,-0.0000)   (-0.0000,0.0000)   (1.0000,0.0000)   (0.0054,-0.0000) 
  can.orb. [Down] 5   (0.9826,-0.0000)   (1.0000,-0.0000)   (0.9826,-0.0000)   (0.9826,-0.0000)   (1.0000,-0.0000)   (1.0000,-0.0000)   (0.9826,-0.0000) 
  can.orb. [Down] 6   (-0.9958,0.0000)   (0.0000,0.0000)   (-0.9958,0.0000)   (0.0021,0.0000)   (0.0000,0.0000)   (1.0000,-0.0000)   (0.0021,0.0000) 
  can.orb. [Down] 7   (-0.9980,-0.0000)   (-1.0000,0.0000)   (0.9980,0.0000)   (-0.9980,-0.0000)   (1.0000,-0.0000)   (-1.0000,0.0000)   (0.9980,0.0000) 
  can.orb. [Down] 8   (-0.9958,-0.0000)   (-0.0000,-0.0000)   (-0.9958,-0.0000)   (0.0021,-0.0000)   (-0.0000,-0.0000)   (1.0000,0.0000)   (0.0021,-0.0000) 
  can.orb. [Down] 9   (0.9981,-0.0000)   (1.0000,-0.0000)   (0.9981,-0.0000)   (0.9981,-0.0000)   (1.0000,-0.0000)   (1.0000,-0.0000)   (0.9981,-0.0000) 
  can.orb. [Down] 10   (0.9997,0.0000)   (1.0000,0.0000)   (0.9997,0.0000)   (0.9997,0.0000)   (1.0000,0.0000)   (1.0000,0.0000)   (0.9997,0.0000) 



Orbital properties for SCF:
                           Lcoord_x          Lcoord_y          Lcoord_z               x^2               y^2               z^2
  can.orb. [Down] 0   (0.0000,0.0000)   (-0.0062,-0.0000)   (-0.0000,0.0000)   (0.3427,-0.0000)   (0.3427,-0.0000)   (0.3427,-0.0000) 
  can.orb. [Down] 1   (-0.0000,0.0000)   (-1.0062,0.0000)   (-0.0000,-0.0000)   (1.9656,-0.0000)   (0.9828,0.0000)   (1.9656,-0.0000) 
  can.orb. [Down] 2   (0.0000,0.0000)   (-0.0062,-0.0000)   (0.0000,0.0000)   (1.0073,0.0000)   (3.0219,0.0000)   (1.0073,0.0000) 
  can.orb. [Down] 3   (-0.0000,0.0000)   (-0.0062,-0.0000)   (-0.0000,-0.0000)   (3.3039,0.0000)   (3.3039,0.0000)   (3.3039,0.0000) 
  can.orb. [Down] 4   (-0.0000,0.0000)   (0.9938,0.0000)   (-0.0000,0.0000)   (1.9656,0.0000)   (0.9828,0.0000)   (1.9656,0.0000) 
  can.orb. [Down] 5   (0.0000,-0.0000)   (-0.0062,-0.0000)   (-0.0000,-0.0000)   (3.1532,0.0000)   (3.1532,0.0000)   (3.1532,-0.0000) 
  can.orb. [Down] 6   (-0.0000,0.0000)   (-1.0062,0.0000)   (0.0000,-0.0000)   (0.7560,-0.0000)   (0.3780,-0.0000)   (0.7560,-0.0000) 
  can.orb. [Down] 7   (0.0000,0.0000)   (-0.0062,0.0000)   (-0.0000,-0.0000)   (0.3535,0.0000)   (1.0606,0.0000)   (0.3535,0.0000) 
  can.orb. [Down] 8   (-0.0000,-0.0000)   (0.9938,-0.0000)   (0.0000,-0.0000)   (0.7560,0.0000)   (0.3780,0.0000)   (0.7560,0.0000) 
  can.orb. [Down] 9   (0.0000,0.0000)   (-0.0062,0.0000)   (-0.0000,-0.0000)   (0.3431,-0.0000)   (0.3431,-0.0000)   (0.3431,-0.0000) 
  can.orb. [Down] 10   (0.0000,0.0000)   (-0.0062,0.0000)   (-0.0000,0.0000)   (0.0467,0.0000)   (0.0467,0.0000)   (0.0467,0.0000) 



Orbital symmetry properties for SCF:
                          Inversion           Rot180X           Rot180Y           Rot180Z            ReflXY            ReflXZ            ReflYZ
  can.orb. [ Up ] 0   (0.9981,-0.0000)   (1.0000,-0.0000)   (0.9981,-0.0000)   (0.9981,0.0000)   (1.0000,-0.0000)   (1.0000,-0.0000)   (0.9981,0.0000) 
  can.orb. [ Up ] 1   (-0.9891,0.0000)   (-0.0000,-0.0000)   (-0.9891,0.0000)   (0.0054,-0.0000)   (-0.0000,-0.0000)   (1.0000,-0.0000)   (0.0054,-0.0000) 
  can.orb. [ Up ] 2   (-0.9944,0.0000)   (-1.0000,0.0000)   (0.9944,-0.0000)   (-0.9944,0.0000)   (1.0000,-0.0000)   (-1.0000,0.0000)   (0.9944,-0.0000) 
  can.orb. [ Up ] 3   (0.9818,0.0000)   (1.0000,0.0000)   (0.9818,0.0000)   (0.9818,0.0000)   (1.0000,0.0000)   (1.0000,0.0000)   (0.9818,0.0000) 
  can.orb. [ Up ] 4   (-0.9891,0.0000)   (0.0000,-0.0000)   (-0.9891,0.0000)   (0.0054,-0.0000)   (0.0000,-0.0000)   (1.0000,0.0000)   (0.0054,-0.0000) 
  can.orb. [ Up ] 5   (0.9826,0.0000)   (1.0000,0.0000)   (0.9826,0.0000)   (0.9826,0.0000)   (1.0000,0.0000)   (1.0000,0.0000)   (0.9826,0.0000) 
  can.orb. [ Up ] 6   (-0.9958,0.0000)   (-0.0000,-0.0000)   (-0.9958,0.0000)   (0.0021,-0.0000)   (-0.0000,-0.0000)   (1.0000,-0.0000)   (0.0021,-0.0000) 
  can.orb. [ Up ] 7   (-0.9980,0.0000)   (-1.0000,-0.0000)   (0.9980,-0.0000)   (-0.9980,0.0000)   (1.0000,0.0000)   (-1.0000,-0.0000)   (0.9980,-0.0000) 
  can.orb. [ Up ] 8   (-0.9958,-0.0000)   (0.0000,-0.0000)   (-0.9958,-0.0000)   (0.0021,0.0000)   (0.0000,-0.0000)   (1.0000,0.0000)   (0.0021,0.0000) 
  can.orb. [ Up ] 9   (0.9981,-0.0000)   (1.0000,0.0000)   (0.9981,-0.0000)   (0.9981,-0.0000)   (1.0000,0.0000)   (1.0000,0.0000)   (0.9981,-0.0000) 
  can.orb. [ Up ] 10   (0.9997,-0.0000)   (1.0000,0.0000)   (0.9997,-0.0000)   (0.9997,-0.0000)   (1.0000,0.0000)   (1.0000,0.0000)   (0.9997,-0.0000) 



Orbital properties for SCF:
                           Lcoord_x          Lcoord_y          Lcoord_z               x^2               y^2               z^2
  can.orb. [ Up ] 0   (-0.0000,0.0000)   (-0.0062,-0.0000)   (-0.0000,-0.0000)   (0.3427,0.0000)   (0.3427,0.0000)   (0.3427,0.0000) 
  can.orb. [ Up ] 1   (-0.0000,0.0000)   (-1.0062,-0.0000)   (-0.0000,0.0000)   (1.9656,0.0000)   (0.9828,0.0000)   (1.9656,0.0000) 
  can.orb. [ Up ] 2   (-0.0000,0.0000)   (-0.0062,-0.0000)   (0.0000,-0.0000)   (1.0073,-0.0000)   (3.0219,-0.0000)   (1.0073,-0.0000) 
  can.orb. [ Up ] 3   (0.0000,-0.0000)   (-0.0062,0.0000)   (0.0000,0.0000)   (3.3039,-0.0000)   (3.3039,-0.0000)   (3.3039,-0.0000) 
  can.orb. [ Up ] 4   (0.0000,0.0000)   (0.9938,0.0000)   (-0.0000,0.0000)   (1.9656,0.0000)   (0.9828,-0.0000)   (1.9656,0.0000) 
  can.orb. [ Up ] 5   (-0.0000,0.0000)   (-0.0062,0.0000)   (0.0000,-0.0000)   (3.1532,-0.0000)   (3.1532,-0.0000)   (3.1532,0.0000) 
  can.orb. [ Up ] 6   (0.0000,-0.0000)   (-1.0062,0.0000)   (0.0000,0.0000)   (0.7560,0.0000)   (0.3780,0.0000)   (0.7560,-0.0000) 
  can.orb. [ Up ] 7   (0.0000,0.0000)   (-0.0062,-0.0000)   (-0.0000,-0.0000)   (0.3535,-0.0000)   (1.0606,0.0000)   (0.3535,0.0000) 
  can.orb. [ Up ] 8   (-0.0000,-0.0000)   (0.9938,-0.0000)   (0.0000,0.0000)   (0.7560,0.0000)   (0.3780,0.0000)   (0.7560,0.0000) 
  can.orb. [ Up ] 9   (0.0000,0.0000)   (-0.0062,0.0000)   (-0.0000,0.0000)   (0.3431,-0.0000)   (0.3431,-0.0000)   (0.3431,-0.0000) 
  can.orb. [ Up ] 10   (0.0000,0.0000)   (-0.0062,0.0000)   (-0.0000,0.0000)   (0.0467,-0.0000)   (0.0467,-0.0000)   (0.0467,-0.0000) 


RSP: done run scf2
Number of alpha MOs = 1
Number of beta  MOs = 1


RSP: Hartree-Fock orbitals have been obtained. 
RSP: Hartree-Fock final energy = -2.707453889059643
Entering response module
No. of electrons: (2.000000000000002,3.529933318773011e-33)
DevINFO: screened away 96 out of 637 symmetry unique quadruples ABCD.
Recomputed final SCF electronic energy (-2.707453889059647,7.666022130801596e-33) (-1.624320978769995,7.560245206778964e-33) (1.083132910289652,-1.057769240226326e-34)
unit_vectors():   MO Single-transition excitations in total.
Constructing start guesses for RPA-solver using the 100 lowest ones.
(No spin mixing allowed for UHF excitation operator)
(spin down)1 <- 0 : 1.312298120096016
(spin down)2 <- 0 : 1.560731756036159
(spin down)3 <- 0 : 1.843270983797518
(spin down)4 <- 0 : 2.212298120096017
(spin down)5 <- 0 : 2.721330342309109
(spin down)6 <- 0 : 3.570219170293253
(spin down)7 <- 0 : 3.946220933142353
(spin down)8 <- 0 : 4.470219170293253
(spin down)9 <- 0 : 9.753308041534558
(spin down)10 <- 0 : 63.42721746467731
(spin up)1 <- 0 : 1.312298120096014
(spin up)2 <- 0 : 1.560731756036158
(spin up)3 <- 0 : 1.843270983797509
(spin up)4 <- 0 : 2.212298120096015
(spin up)5 <- 0 : 2.721330342309112
(spin up)6 <- 0 : 3.570219170293253
(spin up)7 <- 0 : 3.946220933142354
(spin up)8 <- 0 : 4.470219170293253
(spin up)9 <- 0 : 9.753308041534563
(spin up)10 <- 0 : 63.42721746467729
Made 20 starting vectors 
DevINFO: screened away 124 out of 637 symmetry unique quadruples ABCD.
DevINFO: screened away 159 out of 637 symmetry unique quadruples ABCD.
DevINFO: screened away 86 out of 637 symmetry unique quadruples ABCD.
DevINFO: screened away 133 out of 637 symmetry unique quadruples ABCD.
DevINFO: screened away 83 out of 637 symmetry unique quadruples ABCD.
DevINFO: screened away 147 out of 637 symmetry unique quadruples ABCD.
DevINFO: screened away 165 out of 637 symmetry unique quadruples ABCD.
DevINFO: screened away 149 out of 637 symmetry unique quadruples ABCD.
DevINFO: screened away 85 out of 637 symmetry unique quadruples ABCD.
DevINFO: screened away 94 out of 637 symmetry unique quadruples ABCD.
DevINFO: screened away 140 out of 637 symmetry unique quadruples ABCD.
DevINFO: screened away 163 out of 637 symmetry unique quadruples ABCD.
DevINFO: screened away 88 out of 637 symmetry unique quadruples ABCD.
DevINFO: screened away 117 out of 637 symmetry unique quadruples ABCD.
DevINFO: screened away 84 out of 637 symmetry unique quadruples ABCD.
DevINFO: screened away 130 out of 637 symmetry unique quadruples ABCD.
DevINFO: screened away 176 out of 637 symmetry unique quadruples ABCD.
DevINFO: screened away 139 out of 637 symmetry unique quadruples ABCD.
DevINFO: screened away 98 out of 637 symmetry unique quadruples ABCD.
DevINFO: screened away 102 out of 637 symmetry unique quadruples ABCD.
The Davidson solver is about to start.
-------
Davidson step #0, 40 RPA trial vectors already in subspace.
The Davidson solver converged to a solution. 1 iterations and 0 restarts were needed.
==============================================================================================================
The Final eigenvalues from the Davidson method
==============================================================================================================
(RSP) 	 Excitation Energy 	0.7660016870843753	0.878917059711398	1.02908621975411	1.130263498668163	1.289426064072086	1.51321344943282	1.666001687084375	1.778917059711397	2.191616631227265	2.34504186520804	
==============================================================================================================
Root: 0	 with energy 0.7660016870843753
==============================================================================================================
1 Up <-- Up 0 C^2 :  0.4947626480654018 C : (0.5954636395699012,0.3744138111976754)
1 Down <-- Down 0 C^2 :  0.4947626480654028 C : (0.05352201276858317,0.7013544340877887)
==============================================================================================================
Root: 1	 with energy 0.878917059711398
==============================================================================================================
1 Up <-- Up 0 C^2 :  0.4994627357004621 C : (0.6131702170557648,-0.351404354862384)
1 Down <-- Down 0 C^2 :  0.4994627357004503 C : (-0.6473285051241634,-0.2835992633173898)
==============================================================================================================
Root: 2	 with energy 1.02908621975411
==============================================================================================================
2 Up <-- Up 0 C^2 :  0.4957907977749295 C : (0.6775769616557137,-0.1915209095851964)
2 Down <-- Down 0 C^2 :  0.4957907977749278 C : (0.1357930868512641,0.6909059526001587)
==============================================================================================================
Root: 3	 with energy 1.130263498668163
==============================================================================================================
2 Up <-- Up 0 C^2 :  0.4995206315547765 C : (-0.6627553578151003,-0.2455116438015823)
2 Down <-- Down 0 C^2 :  0.4995206315547721 C : (-0.2985872542080382,0.6405983790014431)
==============================================================================================================
Root: 4	 with energy 1.289426064072086
==============================================================================================================
3 Up <-- Up 0 C^2 :  0.4543733434851028 C : (-0.1034210943304535,0.6660911504686083)
3 Down <-- Down 0 C^2 :  0.4543733434851037 C : (-0.1034210943304522,0.6660911504686092)
==============================================================================================================
Root: 5	 with energy 1.51321344943282
==============================================================================================================
3 Up <-- Up 0 C^2 :  0.4951523181261063 C : (-0.04313289472358967,-0.7023474008771371)
3 Down <-- Down 0 C^2 :  0.4951523181261043 C : (0.04313289472358791,0.7023474008771358)
==============================================================================================================
Root: 6	 with energy 1.666001687084375
==============================================================================================================
4 Up <-- Up 0 C^2 :  0.4947626480654115 C : (0.5411178094065876,0.4493931067655884)
4 Down <-- Down 0 C^2 :  0.4947626480653931 C : (0.5245150408610749,-0.4686647202168071)
==============================================================================================================
Root: 7	 with energy 1.778917059711397
==============================================================================================================
4 Up <-- Up 0 C^2 :  0.4994627357004482 C : (0.2254670671156936,-0.6697964895001284)
4 Down <-- Down 0 C^2 :  0.4994627357004642 C : (0.6290611006399264,0.3220945006704532)
==============================================================================================================
Root: 8	 with energy 2.191616631227265
==============================================================================================================
5 Up <-- Up 0 C^2 :  0.4555877537802262 C : (-0.5673429906646893,0.3656633488933126)
5 Down <-- Down 0 C^2 :  0.4555877537802266 C : (0.5673429906646872,-0.3656633488933165)
==============================================================================================================
Root: 9	 with energy 2.34504186520804
==============================================================================================================
5 Up <-- Up 0 C^2 :  0.4954921765695466 C : (0.4491911241686302,-0.5419589565065502)
5 Down <-- Down 0 C^2 :  0.4954921765695451 C : (0.449191124168633,-0.5419589565065466)
==============================================================================================================
==============================================================================================================
(RSP) Transition Dipole Moment, <1| coordinate |2>  |  Roots  |              Dipole Moment
==============================================================================================================
(RSP) Transition Dipole Moment, <1|x|2>             |    0    |     (-3.139849491518021e-16,-8.829742492721948e-16)
(RSP) Transition Dipole Moment, <1|x|2>             |    1    |     (-0.02977576247166949,-0.5139508192275765)
(RSP) Transition Dipole Moment, <1|x|2>             |    2    |     (1.951434552245022e-17,-2.025101580789017e-16)
(RSP) Transition Dipole Moment, <1|x|2>             |    3    |     (-1.661633902058698e-16,3.739539890476538e-17)
(RSP) Transition Dipole Moment, <1|x|2>             |    4    |     (-8.697483286933204e-16,9.545923709590719e-17)
(RSP) Transition Dipole Moment, <1|x|2>             |    5    |     (-2.754034686011088e-16,-6.251351355344418e-16)
(RSP) Transition Dipole Moment, <1|x|2>             |    6    |     (3.214442600985024e-15,4.309053114326389e-15)
(RSP) Transition Dipole Moment, <1|x|2>             |    7    |     (0.2545165105263619,-0.4474968005304061)
(RSP) Transition Dipole Moment, <1|x|2>             |    8    |     (-1.196293186611979e-15,-1.657302841143601e-15)
(RSP) Transition Dipole Moment, <1|x|2>             |    9    |     (5.670246355170523e-16,2.889697998167926e-18)

(RSP) Transition Dipole Moment, <1|y|2>             |    0    |     (-5.110998668824471e-17,-6.152517635188558e-17)
(RSP) Transition Dipole Moment, <1|y|2>             |    1    |     (3.867187598407489e-17,1.823006782576862e-17)
(RSP) Transition Dipole Moment, <1|y|2>             |    2    |     (-2.426010781153565e-15,2.005340338229189e-15)
(RSP) Transition Dipole Moment, <1|y|2>             |    3    |     (0.3605453207312872,-0.6164189329376633)
(RSP) Transition Dipole Moment, <1|y|2>             |    4    |     (-7.775985628245482e-16,-3.189063237277802e-16)
(RSP) Transition Dipole Moment, <1|y|2>             |    5    |     (3.526672658967735e-16,-7.88290041478003e-17)
(RSP) Transition Dipole Moment, <1|y|2>             |    6    |     (-5.048412923727221e-16,5.417819227162678e-16)
(RSP) Transition Dipole Moment, <1|y|2>             |    7    |     (4.25670681947157e-16,2.871986637939291e-16)
(RSP) Transition Dipole Moment, <1|y|2>             |    8    |     (1.2801317970733e-16,-8.180285412805901e-17)
(RSP) Transition Dipole Moment, <1|y|2>             |    9    |     (-3.027888097586252e-16,-3.323640696807876e-17)

(RSP) Transition Dipole Moment, <1|z|2>             |    0    |     (9.615264830006682e-16,-2.993921112009101e-16)
(RSP) Transition Dipole Moment, <1|z|2>             |    1    |     (0.5139508192275766,-0.02977576247166953)
(RSP) Transition Dipole Moment, <1|z|2>             |    2    |     (-1.241481993994863e-16,1.941457653309505e-16)
(RSP) Transition Dipole Moment, <1|z|2>             |    3    |     (3.86838671709681e-17,1.064038649334443e-16)
(RSP) Transition Dipole Moment, <1|z|2>             |    4    |     (6.126600110004938e-17,1.287476984035892e-15)
(RSP) Transition Dipole Moment, <1|z|2>             |    5    |     (1.160068637518833e-16,9.850748312150822e-16)
(RSP) Transition Dipole Moment, <1|z|2>             |    6    |     (4.481154935153387e-15,-3.378847881792564e-15)
(RSP) Transition Dipole Moment, <1|z|2>             |    7    |     (-0.4474968005304062,-0.254516510526362)
(RSP) Transition Dipole Moment, <1|z|2>             |    8    |     (-1.714976263276435e-15,1.295606269712897e-15)
(RSP) Transition Dipole Moment, <1|z|2>             |    9    |     (1.345178027957605e-16,-5.423113428255159e-16)


==============================================================================================================
(RSP) Transition Moment, <1| pi_coordinate |2>      |  Roots  |              Dipole Moment
==============================================================================================================
(RSP) Transition Moment, <1|pi_x|2>                 |    0    |     (-3.580035573547136e-16,1.462588730682945e-15)
(RSP) Transition Moment, <1|pi_x|2>                 |    1    |     (-0.3999431713557578,0.02317072456534405)
(RSP) Transition Moment, <1|pi_x|2>                 |    2    |     (-4.157507297042734e-16,-1.183522256990277e-16)
(RSP) Transition Moment, <1|pi_x|2>                 |    3    |     (2.275110026708242e-16,2.512610810452004e-16)
(RSP) Transition Moment, <1|pi_x|2>                 |    4    |     (3.433543049591618e-16,1.717992562317469e-15)
(RSP) Transition Moment, <1|pi_x|2>                 |    5    |     (-2.336277606486491e-16,-2.000693610525905e-16)
(RSP) Transition Moment, <1|pi_x|2>                 |    6    |     (6.410236924603296e-15,-4.618267573919255e-15)
(RSP) Transition Moment, <1|pi_x|2>                 |    7    |     (-0.7509775014400175,-0.4271229937817891)
(RSP) Transition Moment, <1|pi_x|2>                 |    8    |     (-3.038648265925781e-15,1.967004376803821e-15)
(RSP) Transition Moment, <1|pi_x|2>                 |    9    |     (1.952780273076419e-16,-5.691986625045277e-16)

(RSP) Transition Moment, <1|pi_y|2>                 |    0    |     (-5.50193432515657e-17,5.93280522141624e-17)
(RSP) Transition Moment, <1|pi_y|2>                 |    1    |     (9.826388093720325e-17,2.493533588998266e-17)
(RSP) Transition Moment, <1|pi_y|2>                 |    2    |     (8.135853102331225e-16,2.873623648064205e-15)
(RSP) Transition Moment, <1|pi_y|2>                 |    3    |     (-0.7400808246145907,-0.4328755397017098)
(RSP) Transition Moment, <1|pi_y|2>                 |    4    |     (-1.024969758215121e-16,6.597294475421799e-16)
(RSP) Transition Moment, <1|pi_y|2>                 |    5    |     (-1.43108684800918e-16,-6.310653973342564e-16)
(RSP) Transition Moment, <1|pi_y|2>                 |    6    |     (5.524707893302542e-16,6.19196774073316e-16)
(RSP) Transition Moment, <1|pi_y|2>                 |    7    |     (5.704455805876836e-16,-5.470652457938869e-16)
(RSP) Transition Moment, <1|pi_y|2>                 |    8    |     (-7.424223825797394e-16,-4.426901403447477e-16)
(RSP) Transition Moment, <1|pi_y|2>                 |    9    |     (-4.840732937109317e-16,7.073978288421802e-16)

(RSP) Transition Moment, <1|pi_z|2>                 |    0    |     (-1.570792107496999e-15,-6.166941957097549e-16)
(RSP) Transition Moment, <1|pi_z|2>                 |    1    |     (-0.0231707245653441,-0.3999431713557579)
(RSP) Transition Moment, <1|pi_z|2>                 |    2    |     (9.972168690795073e-17,3.23414460850681e-16)
(RSP) Transition Moment, <1|pi_z|2>                 |    3    |     (1.628772277351623e-16,-2.229830750303741e-16)
(RSP) Transition Moment, <1|pi_z|2>                 |    4    |     (8.775199730033734e-16,-3.081513082571595e-16)
(RSP) Transition Moment, <1|pi_z|2>                 |    5    |     (-6.74624044562636e-17,3.738555513544412e-16)
(RSP) Transition Moment, <1|pi_z|2>                 |    6    |     (-4.551047039225153e-15,-6.539040142694574e-15)
(RSP) Transition Moment, <1|pi_z|2>                 |    7    |     (-0.4271229937817892,0.7509775014400167)
(RSP) Transition Moment, <1|pi_z|2>                 |    8    |     (2.268407497177183e-15,3.754776374717786e-15)
(RSP) Transition Moment, <1|pi_z|2>                 |    9    |     (-9.441145512642591e-16,-7.222757499771396e-17)


==============================================================================================================
(RSP) Electric Dipole Oscillator Strength
(length gauge):            	9.696541970783827e-31	0.31058824248941	6.861545370613772e-30	0.3842633894253429	2.693427000968387e-30	1.594986733568828e-30	6.769113119946786e-29	0.628626691227968	1.28875654407333e-29	1.13579388984985e-30	
(magnetic-velocity gauge): 	4.457413040957233e-30	0.2434684380703426	5.97360454199771e-30	0.4335867171389439	2.264644635710606e-30	2.897376928530648e-31	5.065190411840922e-29	0.5594424281233227	1.006674640164282e-29	5.667072602143089e-31	
(mixed gauge):             	(1.230004445126493e-30,1.670388948078917e-30)	(0.2749880620716279,-1.919760646747667e-16)	(5.832648380534311e-30,-2.570060259355758e-30)	(0.4081807216633559,3.700743415417191e-17)	(2.147570046977841e-30,4.055330283872583e-31)	(1.433073483458161e-31,-3.660922554655905e-31)	(5.850591323803726e-29,-1.641341978224872e-30)	(0.5930265108101868,-9.251858538542978e-17)	(1.125652807524937e-29,-8.605416941800818e-31)	(7.168765913655487e-31,-9.620858166427284e-32)	

